TMS320C2000 Assembler PC v6.2.5 Tue Aug 15 11:38:38 2017

Tools Copyright (c) 1996-2014 Texas Instruments Incorporated
C:\Users\wmj\AppData\Local\Temp\7490010                              PAGE    1

       1              ;***************************************************************
       2              ;* TMS320C2000 C/C++ Codegen                         PC v6.2.5 *
       3              ;* Date/Time created: Tue Aug 15 11:38:38 2017                 *
       4              ;***************************************************************
       5                      .compiler_opts --float_support=softlib --hll_source=on --mem_model:code=flat --mem_model:data=large -
       6        0002  FP      .set    XAR2
       7              
       8              $C$DW$CU        .dwtag  DW_TAG_compile_unit
       9                      .dwattr $C$DW$CU, DW_AT_name("D:/FOC_27/sw/drivers/drvic/FreeModbus/modbus/rtu/mbcrc.c")
      10                      .dwattr $C$DW$CU, DW_AT_producer("TMS320C2000 C/C++ Codegen PC v6.2.5 Copyright (c) 1996-2014 Texas I
      11                      .dwattr $C$DW$CU, DW_AT_TI_version(0x01)
      12                      .dwattr $C$DW$CU, DW_AT_comp_dir("D:\FOC_27\sw\solutions\instaspin_foc\boards\hvkit_rev1p1\f28x\f2802
      13 00000000               .sect   ".econst:.string:_aucCRCLo"
      14                      .clink
      15                      .align  1
      16 00000000       _aucCRCLo:
      17 00000000 0000          .bits   0,16                    ; _aucCRCLo[0] @ 0
      18 00000001 00C0          .bits   192,16                  ; _aucCRCLo[1] @ 16
      19 00000002 00C1          .bits   193,16                  ; _aucCRCLo[2] @ 32
      20 00000003 0001          .bits   1,16                    ; _aucCRCLo[3] @ 48
      21 00000004 00C3          .bits   195,16                  ; _aucCRCLo[4] @ 64
      22 00000005 0003          .bits   3,16                    ; _aucCRCLo[5] @ 80
      23 00000006 0002          .bits   2,16                    ; _aucCRCLo[6] @ 96
      24 00000007 00C2          .bits   194,16                  ; _aucCRCLo[7] @ 112
      25 00000008 00C6          .bits   198,16                  ; _aucCRCLo[8] @ 128
      26 00000009 0006          .bits   6,16                    ; _aucCRCLo[9] @ 144
      27 0000000a 0007          .bits   7,16                    ; _aucCRCLo[10] @ 160
      28 0000000b 00C7          .bits   199,16                  ; _aucCRCLo[11] @ 176
      29 0000000c 0005          .bits   5,16                    ; _aucCRCLo[12] @ 192
      30 0000000d 00C5          .bits   197,16                  ; _aucCRCLo[13] @ 208
      31 0000000e 00C4          .bits   196,16                  ; _aucCRCLo[14] @ 224
      32 0000000f 0004          .bits   4,16                    ; _aucCRCLo[15] @ 240
      33 00000010 00CC          .bits   204,16                  ; _aucCRCLo[16] @ 256
      34 00000011 000C          .bits   12,16                   ; _aucCRCLo[17] @ 272
      35 00000012 000D          .bits   13,16                   ; _aucCRCLo[18] @ 288
      36 00000013 00CD          .bits   205,16                  ; _aucCRCLo[19] @ 304
      37 00000014 000F          .bits   15,16                   ; _aucCRCLo[20] @ 320
      38 00000015 00CF          .bits   207,16                  ; _aucCRCLo[21] @ 336
      39 00000016 00CE          .bits   206,16                  ; _aucCRCLo[22] @ 352
      40 00000017 000E          .bits   14,16                   ; _aucCRCLo[23] @ 368
      41 00000018 000A          .bits   10,16                   ; _aucCRCLo[24] @ 384
      42 00000019 00CA          .bits   202,16                  ; _aucCRCLo[25] @ 400
      43 0000001a 00CB          .bits   203,16                  ; _aucCRCLo[26] @ 416
      44 0000001b 000B          .bits   11,16                   ; _aucCRCLo[27] @ 432
      45 0000001c 00C9          .bits   201,16                  ; _aucCRCLo[28] @ 448
      46 0000001d 0009          .bits   9,16                    ; _aucCRCLo[29] @ 464
      47 0000001e 0008          .bits   8,16                    ; _aucCRCLo[30] @ 480
      48 0000001f 00C8          .bits   200,16                  ; _aucCRCLo[31] @ 496
      49 00000020 00D8          .bits   216,16                  ; _aucCRCLo[32] @ 512
      50 00000021 0018          .bits   24,16                   ; _aucCRCLo[33] @ 528
      51 00000022 0019          .bits   25,16                   ; _aucCRCLo[34] @ 544
      52 00000023 00D9          .bits   217,16                  ; _aucCRCLo[35] @ 560
      53 00000024 001B          .bits   27,16                   ; _aucCRCLo[36] @ 576
      54 00000025 00DB          .bits   219,16                  ; _aucCRCLo[37] @ 592
      55 00000026 00DA          .bits   218,16                  ; _aucCRCLo[38] @ 608
TMS320C2000 Assembler PC v6.2.5 Tue Aug 15 11:38:38 2017

Tools Copyright (c) 1996-2014 Texas Instruments Incorporated
C:\Users\wmj\AppData\Local\Temp\7490010                              PAGE    2

      56 00000027 001A          .bits   26,16                   ; _aucCRCLo[39] @ 624
      57 00000028 001E          .bits   30,16                   ; _aucCRCLo[40] @ 640
      58 00000029 00DE          .bits   222,16                  ; _aucCRCLo[41] @ 656
      59 0000002a 00DF          .bits   223,16                  ; _aucCRCLo[42] @ 672
      60 0000002b 001F          .bits   31,16                   ; _aucCRCLo[43] @ 688
      61 0000002c 00DD          .bits   221,16                  ; _aucCRCLo[44] @ 704
      62 0000002d 001D          .bits   29,16                   ; _aucCRCLo[45] @ 720
      63 0000002e 001C          .bits   28,16                   ; _aucCRCLo[46] @ 736
      64 0000002f 00DC          .bits   220,16                  ; _aucCRCLo[47] @ 752
      65 00000030 0014          .bits   20,16                   ; _aucCRCLo[48] @ 768
      66 00000031 00D4          .bits   212,16                  ; _aucCRCLo[49] @ 784
      67 00000032 00D5          .bits   213,16                  ; _aucCRCLo[50] @ 800
      68 00000033 0015          .bits   21,16                   ; _aucCRCLo[51] @ 816
      69 00000034 00D7          .bits   215,16                  ; _aucCRCLo[52] @ 832
      70 00000035 0017          .bits   23,16                   ; _aucCRCLo[53] @ 848
      71 00000036 0016          .bits   22,16                   ; _aucCRCLo[54] @ 864
      72 00000037 00D6          .bits   214,16                  ; _aucCRCLo[55] @ 880
      73 00000038 00D2          .bits   210,16                  ; _aucCRCLo[56] @ 896
      74 00000039 0012          .bits   18,16                   ; _aucCRCLo[57] @ 912
      75 0000003a 0013          .bits   19,16                   ; _aucCRCLo[58] @ 928
      76 0000003b 00D3          .bits   211,16                  ; _aucCRCLo[59] @ 944
      77 0000003c 0011          .bits   17,16                   ; _aucCRCLo[60] @ 960
      78 0000003d 00D1          .bits   209,16                  ; _aucCRCLo[61] @ 976
      79 0000003e 00D0          .bits   208,16                  ; _aucCRCLo[62] @ 992
      80 0000003f 0010          .bits   16,16                   ; _aucCRCLo[63] @ 1008
      81 00000040 00F0          .bits   240,16                  ; _aucCRCLo[64] @ 1024
      82 00000041 0030          .bits   48,16                   ; _aucCRCLo[65] @ 1040
      83 00000042 0031          .bits   49,16                   ; _aucCRCLo[66] @ 1056
      84 00000043 00F1          .bits   241,16                  ; _aucCRCLo[67] @ 1072
      85 00000044 0033          .bits   51,16                   ; _aucCRCLo[68] @ 1088
      86 00000045 00F3          .bits   243,16                  ; _aucCRCLo[69] @ 1104
      87 00000046 00F2          .bits   242,16                  ; _aucCRCLo[70] @ 1120
      88 00000047 0032          .bits   50,16                   ; _aucCRCLo[71] @ 1136
      89 00000048 0036          .bits   54,16                   ; _aucCRCLo[72] @ 1152
      90 00000049 00F6          .bits   246,16                  ; _aucCRCLo[73] @ 1168
      91 0000004a 00F7          .bits   247,16                  ; _aucCRCLo[74] @ 1184
      92 0000004b 0037          .bits   55,16                   ; _aucCRCLo[75] @ 1200
      93 0000004c 00F5          .bits   245,16                  ; _aucCRCLo[76] @ 1216
      94 0000004d 0035          .bits   53,16                   ; _aucCRCLo[77] @ 1232
      95 0000004e 0034          .bits   52,16                   ; _aucCRCLo[78] @ 1248
      96 0000004f 00F4          .bits   244,16                  ; _aucCRCLo[79] @ 1264
      97 00000050 003C          .bits   60,16                   ; _aucCRCLo[80] @ 1280
      98 00000051 00FC          .bits   252,16                  ; _aucCRCLo[81] @ 1296
      99 00000052 00FD          .bits   253,16                  ; _aucCRCLo[82] @ 1312
     100 00000053 003D          .bits   61,16                   ; _aucCRCLo[83] @ 1328
     101 00000054 00FF          .bits   255,16                  ; _aucCRCLo[84] @ 1344
     102 00000055 003F          .bits   63,16                   ; _aucCRCLo[85] @ 1360
     103 00000056 003E          .bits   62,16                   ; _aucCRCLo[86] @ 1376
     104 00000057 00FE          .bits   254,16                  ; _aucCRCLo[87] @ 1392
     105 00000058 00FA          .bits   250,16                  ; _aucCRCLo[88] @ 1408
     106 00000059 003A          .bits   58,16                   ; _aucCRCLo[89] @ 1424
     107 0000005a 003B          .bits   59,16                   ; _aucCRCLo[90] @ 1440
     108 0000005b 00FB          .bits   251,16                  ; _aucCRCLo[91] @ 1456
     109 0000005c 0039          .bits   57,16                   ; _aucCRCLo[92] @ 1472
     110 0000005d 00F9          .bits   249,16                  ; _aucCRCLo[93] @ 1488
TMS320C2000 Assembler PC v6.2.5 Tue Aug 15 11:38:38 2017

Tools Copyright (c) 1996-2014 Texas Instruments Incorporated
C:\Users\wmj\AppData\Local\Temp\7490010                              PAGE    3

     111 0000005e 00F8          .bits   248,16                  ; _aucCRCLo[94] @ 1504
     112 0000005f 0038          .bits   56,16                   ; _aucCRCLo[95] @ 1520
     113 00000060 0028          .bits   40,16                   ; _aucCRCLo[96] @ 1536
     114 00000061 00E8          .bits   232,16                  ; _aucCRCLo[97] @ 1552
     115 00000062 00E9          .bits   233,16                  ; _aucCRCLo[98] @ 1568
     116 00000063 0029          .bits   41,16                   ; _aucCRCLo[99] @ 1584
     117 00000064 00EB          .bits   235,16                  ; _aucCRCLo[100] @ 1600
     118 00000065 002B          .bits   43,16                   ; _aucCRCLo[101] @ 1616
     119 00000066 002A          .bits   42,16                   ; _aucCRCLo[102] @ 1632
     120 00000067 00EA          .bits   234,16                  ; _aucCRCLo[103] @ 1648
     121 00000068 00EE          .bits   238,16                  ; _aucCRCLo[104] @ 1664
     122 00000069 002E          .bits   46,16                   ; _aucCRCLo[105] @ 1680
     123 0000006a 002F          .bits   47,16                   ; _aucCRCLo[106] @ 1696
     124 0000006b 00EF          .bits   239,16                  ; _aucCRCLo[107] @ 1712
     125 0000006c 002D          .bits   45,16                   ; _aucCRCLo[108] @ 1728
     126 0000006d 00ED          .bits   237,16                  ; _aucCRCLo[109] @ 1744
     127 0000006e 00EC          .bits   236,16                  ; _aucCRCLo[110] @ 1760
     128 0000006f 002C          .bits   44,16                   ; _aucCRCLo[111] @ 1776
     129 00000070 00E4          .bits   228,16                  ; _aucCRCLo[112] @ 1792
     130 00000071 0024          .bits   36,16                   ; _aucCRCLo[113] @ 1808
     131 00000072 0025          .bits   37,16                   ; _aucCRCLo[114] @ 1824
     132 00000073 00E5          .bits   229,16                  ; _aucCRCLo[115] @ 1840
     133 00000074 0027          .bits   39,16                   ; _aucCRCLo[116] @ 1856
     134 00000075 00E7          .bits   231,16                  ; _aucCRCLo[117] @ 1872
     135 00000076 00E6          .bits   230,16                  ; _aucCRCLo[118] @ 1888
     136 00000077 0026          .bits   38,16                   ; _aucCRCLo[119] @ 1904
     137 00000078 0022          .bits   34,16                   ; _aucCRCLo[120] @ 1920
     138 00000079 00E2          .bits   226,16                  ; _aucCRCLo[121] @ 1936
     139 0000007a 00E3          .bits   227,16                  ; _aucCRCLo[122] @ 1952
     140 0000007b 0023          .bits   35,16                   ; _aucCRCLo[123] @ 1968
     141 0000007c 00E1          .bits   225,16                  ; _aucCRCLo[124] @ 1984
     142 0000007d 0021          .bits   33,16                   ; _aucCRCLo[125] @ 2000
     143 0000007e 0020          .bits   32,16                   ; _aucCRCLo[126] @ 2016
     144 0000007f 00E0          .bits   224,16                  ; _aucCRCLo[127] @ 2032
     145 00000080 00A0          .bits   160,16                  ; _aucCRCLo[128] @ 2048
     146 00000081 0060          .bits   96,16                   ; _aucCRCLo[129] @ 2064
     147 00000082 0061          .bits   97,16                   ; _aucCRCLo[130] @ 2080
     148 00000083 00A1          .bits   161,16                  ; _aucCRCLo[131] @ 2096
     149 00000084 0063          .bits   99,16                   ; _aucCRCLo[132] @ 2112
     150 00000085 00A3          .bits   163,16                  ; _aucCRCLo[133] @ 2128
     151 00000086 00A2          .bits   162,16                  ; _aucCRCLo[134] @ 2144
     152 00000087 0062          .bits   98,16                   ; _aucCRCLo[135] @ 2160
     153 00000088 0066          .bits   102,16                  ; _aucCRCLo[136] @ 2176
     154 00000089 00A6          .bits   166,16                  ; _aucCRCLo[137] @ 2192
     155 0000008a 00A7          .bits   167,16                  ; _aucCRCLo[138] @ 2208
     156 0000008b 0067          .bits   103,16                  ; _aucCRCLo[139] @ 2224
     157 0000008c 00A5          .bits   165,16                  ; _aucCRCLo[140] @ 2240
     158 0000008d 0065          .bits   101,16                  ; _aucCRCLo[141] @ 2256
     159 0000008e 0064          .bits   100,16                  ; _aucCRCLo[142] @ 2272
     160 0000008f 00A4          .bits   164,16                  ; _aucCRCLo[143] @ 2288
     161 00000090 006C          .bits   108,16                  ; _aucCRCLo[144] @ 2304
     162 00000091 00AC          .bits   172,16                  ; _aucCRCLo[145] @ 2320
     163 00000092 00AD          .bits   173,16                  ; _aucCRCLo[146] @ 2336
     164 00000093 006D          .bits   109,16                  ; _aucCRCLo[147] @ 2352
     165 00000094 00AF          .bits   175,16                  ; _aucCRCLo[148] @ 2368
TMS320C2000 Assembler PC v6.2.5 Tue Aug 15 11:38:38 2017

Tools Copyright (c) 1996-2014 Texas Instruments Incorporated
C:\Users\wmj\AppData\Local\Temp\7490010                              PAGE    4

     166 00000095 006F          .bits   111,16                  ; _aucCRCLo[149] @ 2384
     167 00000096 006E          .bits   110,16                  ; _aucCRCLo[150] @ 2400
     168 00000097 00AE          .bits   174,16                  ; _aucCRCLo[151] @ 2416
     169 00000098 00AA          .bits   170,16                  ; _aucCRCLo[152] @ 2432
     170 00000099 006A          .bits   106,16                  ; _aucCRCLo[153] @ 2448
     171 0000009a 006B          .bits   107,16                  ; _aucCRCLo[154] @ 2464
     172 0000009b 00AB          .bits   171,16                  ; _aucCRCLo[155] @ 2480
     173 0000009c 0069          .bits   105,16                  ; _aucCRCLo[156] @ 2496
     174 0000009d 00A9          .bits   169,16                  ; _aucCRCLo[157] @ 2512
     175 0000009e 00A8          .bits   168,16                  ; _aucCRCLo[158] @ 2528
     176 0000009f 0068          .bits   104,16                  ; _aucCRCLo[159] @ 2544
     177 000000a0 0078          .bits   120,16                  ; _aucCRCLo[160] @ 2560
     178 000000a1 00B8          .bits   184,16                  ; _aucCRCLo[161] @ 2576
     179 000000a2 00B9          .bits   185,16                  ; _aucCRCLo[162] @ 2592
     180 000000a3 0079          .bits   121,16                  ; _aucCRCLo[163] @ 2608
     181 000000a4 00BB          .bits   187,16                  ; _aucCRCLo[164] @ 2624
     182 000000a5 007B          .bits   123,16                  ; _aucCRCLo[165] @ 2640
     183 000000a6 007A          .bits   122,16                  ; _aucCRCLo[166] @ 2656
     184 000000a7 00BA          .bits   186,16                  ; _aucCRCLo[167] @ 2672
     185 000000a8 00BE          .bits   190,16                  ; _aucCRCLo[168] @ 2688
     186 000000a9 007E          .bits   126,16                  ; _aucCRCLo[169] @ 2704
     187 000000aa 007F          .bits   127,16                  ; _aucCRCLo[170] @ 2720
     188 000000ab 00BF          .bits   191,16                  ; _aucCRCLo[171] @ 2736
     189 000000ac 007D          .bits   125,16                  ; _aucCRCLo[172] @ 2752
     190 000000ad 00BD          .bits   189,16                  ; _aucCRCLo[173] @ 2768
     191 000000ae 00BC          .bits   188,16                  ; _aucCRCLo[174] @ 2784
     192 000000af 007C          .bits   124,16                  ; _aucCRCLo[175] @ 2800
     193 000000b0 00B4          .bits   180,16                  ; _aucCRCLo[176] @ 2816
     194 000000b1 0074          .bits   116,16                  ; _aucCRCLo[177] @ 2832
     195 000000b2 0075          .bits   117,16                  ; _aucCRCLo[178] @ 2848
     196 000000b3 00B5          .bits   181,16                  ; _aucCRCLo[179] @ 2864
     197 000000b4 0077          .bits   119,16                  ; _aucCRCLo[180] @ 2880
     198 000000b5 00B7          .bits   183,16                  ; _aucCRCLo[181] @ 2896
     199 000000b6 00B6          .bits   182,16                  ; _aucCRCLo[182] @ 2912
     200 000000b7 0076          .bits   118,16                  ; _aucCRCLo[183] @ 2928
     201 000000b8 0072          .bits   114,16                  ; _aucCRCLo[184] @ 2944
     202 000000b9 00B2          .bits   178,16                  ; _aucCRCLo[185] @ 2960
     203 000000ba 00B3          .bits   179,16                  ; _aucCRCLo[186] @ 2976
     204 000000bb 0073          .bits   115,16                  ; _aucCRCLo[187] @ 2992
     205 000000bc 00B1          .bits   177,16                  ; _aucCRCLo[188] @ 3008
     206 000000bd 0071          .bits   113,16                  ; _aucCRCLo[189] @ 3024
     207 000000be 0070          .bits   112,16                  ; _aucCRCLo[190] @ 3040
     208 000000bf 00B0          .bits   176,16                  ; _aucCRCLo[191] @ 3056
     209 000000c0 0050          .bits   80,16                   ; _aucCRCLo[192] @ 3072
     210 000000c1 0090          .bits   144,16                  ; _aucCRCLo[193] @ 3088
     211 000000c2 0091          .bits   145,16                  ; _aucCRCLo[194] @ 3104
     212 000000c3 0051          .bits   81,16                   ; _aucCRCLo[195] @ 3120
     213 000000c4 0093          .bits   147,16                  ; _aucCRCLo[196] @ 3136
     214 000000c5 0053          .bits   83,16                   ; _aucCRCLo[197] @ 3152
     215 000000c6 0052          .bits   82,16                   ; _aucCRCLo[198] @ 3168
     216 000000c7 0092          .bits   146,16                  ; _aucCRCLo[199] @ 3184
     217 000000c8 0096          .bits   150,16                  ; _aucCRCLo[200] @ 3200
     218 000000c9 0056          .bits   86,16                   ; _aucCRCLo[201] @ 3216
     219 000000ca 0057          .bits   87,16                   ; _aucCRCLo[202] @ 3232
     220 000000cb 0097          .bits   151,16                  ; _aucCRCLo[203] @ 3248
TMS320C2000 Assembler PC v6.2.5 Tue Aug 15 11:38:38 2017

Tools Copyright (c) 1996-2014 Texas Instruments Incorporated
C:\Users\wmj\AppData\Local\Temp\7490010                              PAGE    5

     221 000000cc 0055          .bits   85,16                   ; _aucCRCLo[204] @ 3264
     222 000000cd 0095          .bits   149,16                  ; _aucCRCLo[205] @ 3280
     223 000000ce 0094          .bits   148,16                  ; _aucCRCLo[206] @ 3296
     224 000000cf 0054          .bits   84,16                   ; _aucCRCLo[207] @ 3312
     225 000000d0 009C          .bits   156,16                  ; _aucCRCLo[208] @ 3328
     226 000000d1 005C          .bits   92,16                   ; _aucCRCLo[209] @ 3344
     227 000000d2 005D          .bits   93,16                   ; _aucCRCLo[210] @ 3360
     228 000000d3 009D          .bits   157,16                  ; _aucCRCLo[211] @ 3376
     229 000000d4 005F          .bits   95,16                   ; _aucCRCLo[212] @ 3392
     230 000000d5 009F          .bits   159,16                  ; _aucCRCLo[213] @ 3408
     231 000000d6 009E          .bits   158,16                  ; _aucCRCLo[214] @ 3424
     232 000000d7 005E          .bits   94,16                   ; _aucCRCLo[215] @ 3440
     233 000000d8 005A          .bits   90,16                   ; _aucCRCLo[216] @ 3456
     234 000000d9 009A          .bits   154,16                  ; _aucCRCLo[217] @ 3472
     235 000000da 009B          .bits   155,16                  ; _aucCRCLo[218] @ 3488
     236 000000db 005B          .bits   91,16                   ; _aucCRCLo[219] @ 3504
     237 000000dc 0099          .bits   153,16                  ; _aucCRCLo[220] @ 3520
     238 000000dd 0059          .bits   89,16                   ; _aucCRCLo[221] @ 3536
     239 000000de 0058          .bits   88,16                   ; _aucCRCLo[222] @ 3552
     240 000000df 0098          .bits   152,16                  ; _aucCRCLo[223] @ 3568
     241 000000e0 0088          .bits   136,16                  ; _aucCRCLo[224] @ 3584
     242 000000e1 0048          .bits   72,16                   ; _aucCRCLo[225] @ 3600
     243 000000e2 0049          .bits   73,16                   ; _aucCRCLo[226] @ 3616
     244 000000e3 0089          .bits   137,16                  ; _aucCRCLo[227] @ 3632
     245 000000e4 004B          .bits   75,16                   ; _aucCRCLo[228] @ 3648
     246 000000e5 008B          .bits   139,16                  ; _aucCRCLo[229] @ 3664
     247 000000e6 008A          .bits   138,16                  ; _aucCRCLo[230] @ 3680
     248 000000e7 004A          .bits   74,16                   ; _aucCRCLo[231] @ 3696
     249 000000e8 004E          .bits   78,16                   ; _aucCRCLo[232] @ 3712
     250 000000e9 008E          .bits   142,16                  ; _aucCRCLo[233] @ 3728
     251 000000ea 008F          .bits   143,16                  ; _aucCRCLo[234] @ 3744
     252 000000eb 004F          .bits   79,16                   ; _aucCRCLo[235] @ 3760
     253 000000ec 008D          .bits   141,16                  ; _aucCRCLo[236] @ 3776
     254 000000ed 004D          .bits   77,16                   ; _aucCRCLo[237] @ 3792
     255 000000ee 004C          .bits   76,16                   ; _aucCRCLo[238] @ 3808
     256 000000ef 008C          .bits   140,16                  ; _aucCRCLo[239] @ 3824
     257 000000f0 0044          .bits   68,16                   ; _aucCRCLo[240] @ 3840
     258 000000f1 0084          .bits   132,16                  ; _aucCRCLo[241] @ 3856
     259 000000f2 0085          .bits   133,16                  ; _aucCRCLo[242] @ 3872
     260 000000f3 0045          .bits   69,16                   ; _aucCRCLo[243] @ 3888
     261 000000f4 0087          .bits   135,16                  ; _aucCRCLo[244] @ 3904
     262 000000f5 0047          .bits   71,16                   ; _aucCRCLo[245] @ 3920
     263 000000f6 0046          .bits   70,16                   ; _aucCRCLo[246] @ 3936
     264 000000f7 0086          .bits   134,16                  ; _aucCRCLo[247] @ 3952
     265 000000f8 0082          .bits   130,16                  ; _aucCRCLo[248] @ 3968
     266 000000f9 0042          .bits   66,16                   ; _aucCRCLo[249] @ 3984
     267 000000fa 0043          .bits   67,16                   ; _aucCRCLo[250] @ 4000
     268 000000fb 0083          .bits   131,16                  ; _aucCRCLo[251] @ 4016
     269 000000fc 0041          .bits   65,16                   ; _aucCRCLo[252] @ 4032
     270 000000fd 0081          .bits   129,16                  ; _aucCRCLo[253] @ 4048
     271 000000fe 0080          .bits   128,16                  ; _aucCRCLo[254] @ 4064
     272 000000ff 0040          .bits   64,16                   ; _aucCRCLo[255] @ 4080
     273              
     274              $C$DW$1 .dwtag  DW_TAG_variable, DW_AT_name("aucCRCLo")
     275                      .dwattr $C$DW$1, DW_AT_TI_symbol_name("_aucCRCLo")
TMS320C2000 Assembler PC v6.2.5 Tue Aug 15 11:38:38 2017

Tools Copyright (c) 1996-2014 Texas Instruments Incorporated
C:\Users\wmj\AppData\Local\Temp\7490010                              PAGE    6

     276                      .dwattr $C$DW$1, DW_AT_type(*$C$DW$T$21)
     277                      .dwattr $C$DW$1, DW_AT_location[DW_OP_addr _aucCRCLo]
     278 00000000               .sect   ".econst:.string:_aucCRCHi"
     279                      .clink
     280                      .align  1
     281 00000000       _aucCRCHi:
     282 00000000 0000          .bits   0,16                    ; _aucCRCHi[0] @ 0
     283 00000001 00C1          .bits   193,16                  ; _aucCRCHi[1] @ 16
     284 00000002 0081          .bits   129,16                  ; _aucCRCHi[2] @ 32
     285 00000003 0040          .bits   64,16                   ; _aucCRCHi[3] @ 48
     286 00000004 0001          .bits   1,16                    ; _aucCRCHi[4] @ 64
     287 00000005 00C0          .bits   192,16                  ; _aucCRCHi[5] @ 80
     288 00000006 0080          .bits   128,16                  ; _aucCRCHi[6] @ 96
     289 00000007 0041          .bits   65,16                   ; _aucCRCHi[7] @ 112
     290 00000008 0001          .bits   1,16                    ; _aucCRCHi[8] @ 128
     291 00000009 00C0          .bits   192,16                  ; _aucCRCHi[9] @ 144
     292 0000000a 0080          .bits   128,16                  ; _aucCRCHi[10] @ 160
     293 0000000b 0041          .bits   65,16                   ; _aucCRCHi[11] @ 176
     294 0000000c 0000          .bits   0,16                    ; _aucCRCHi[12] @ 192
     295 0000000d 00C1          .bits   193,16                  ; _aucCRCHi[13] @ 208
     296 0000000e 0081          .bits   129,16                  ; _aucCRCHi[14] @ 224
     297 0000000f 0040          .bits   64,16                   ; _aucCRCHi[15] @ 240
     298 00000010 0001          .bits   1,16                    ; _aucCRCHi[16] @ 256
     299 00000011 00C0          .bits   192,16                  ; _aucCRCHi[17] @ 272
     300 00000012 0080          .bits   128,16                  ; _aucCRCHi[18] @ 288
     301 00000013 0041          .bits   65,16                   ; _aucCRCHi[19] @ 304
     302 00000014 0000          .bits   0,16                    ; _aucCRCHi[20] @ 320
     303 00000015 00C1          .bits   193,16                  ; _aucCRCHi[21] @ 336
     304 00000016 0081          .bits   129,16                  ; _aucCRCHi[22] @ 352
     305 00000017 0040          .bits   64,16                   ; _aucCRCHi[23] @ 368
     306 00000018 0000          .bits   0,16                    ; _aucCRCHi[24] @ 384
     307 00000019 00C1          .bits   193,16                  ; _aucCRCHi[25] @ 400
     308 0000001a 0081          .bits   129,16                  ; _aucCRCHi[26] @ 416
     309 0000001b 0040          .bits   64,16                   ; _aucCRCHi[27] @ 432
     310 0000001c 0001          .bits   1,16                    ; _aucCRCHi[28] @ 448
     311 0000001d 00C0          .bits   192,16                  ; _aucCRCHi[29] @ 464
     312 0000001e 0080          .bits   128,16                  ; _aucCRCHi[30] @ 480
     313 0000001f 0041          .bits   65,16                   ; _aucCRCHi[31] @ 496
     314 00000020 0001          .bits   1,16                    ; _aucCRCHi[32] @ 512
     315 00000021 00C0          .bits   192,16                  ; _aucCRCHi[33] @ 528
     316 00000022 0080          .bits   128,16                  ; _aucCRCHi[34] @ 544
     317 00000023 0041          .bits   65,16                   ; _aucCRCHi[35] @ 560
     318 00000024 0000          .bits   0,16                    ; _aucCRCHi[36] @ 576
     319 00000025 00C1          .bits   193,16                  ; _aucCRCHi[37] @ 592
     320 00000026 0081          .bits   129,16                  ; _aucCRCHi[38] @ 608
     321 00000027 0040          .bits   64,16                   ; _aucCRCHi[39] @ 624
     322 00000028 0000          .bits   0,16                    ; _aucCRCHi[40] @ 640
     323 00000029 00C1          .bits   193,16                  ; _aucCRCHi[41] @ 656
     324 0000002a 0081          .bits   129,16                  ; _aucCRCHi[42] @ 672
     325 0000002b 0040          .bits   64,16                   ; _aucCRCHi[43] @ 688
     326 0000002c 0001          .bits   1,16                    ; _aucCRCHi[44] @ 704
     327 0000002d 00C0          .bits   192,16                  ; _aucCRCHi[45] @ 720
     328 0000002e 0080          .bits   128,16                  ; _aucCRCHi[46] @ 736
     329 0000002f 0041          .bits   65,16                   ; _aucCRCHi[47] @ 752
     330 00000030 0000          .bits   0,16                    ; _aucCRCHi[48] @ 768
TMS320C2000 Assembler PC v6.2.5 Tue Aug 15 11:38:38 2017

Tools Copyright (c) 1996-2014 Texas Instruments Incorporated
C:\Users\wmj\AppData\Local\Temp\7490010                              PAGE    7

     331 00000031 00C1          .bits   193,16                  ; _aucCRCHi[49] @ 784
     332 00000032 0081          .bits   129,16                  ; _aucCRCHi[50] @ 800
     333 00000033 0040          .bits   64,16                   ; _aucCRCHi[51] @ 816
     334 00000034 0001          .bits   1,16                    ; _aucCRCHi[52] @ 832
     335 00000035 00C0          .bits   192,16                  ; _aucCRCHi[53] @ 848
     336 00000036 0080          .bits   128,16                  ; _aucCRCHi[54] @ 864
     337 00000037 0041          .bits   65,16                   ; _aucCRCHi[55] @ 880
     338 00000038 0001          .bits   1,16                    ; _aucCRCHi[56] @ 896
     339 00000039 00C0          .bits   192,16                  ; _aucCRCHi[57] @ 912
     340 0000003a 0080          .bits   128,16                  ; _aucCRCHi[58] @ 928
     341 0000003b 0041          .bits   65,16                   ; _aucCRCHi[59] @ 944
     342 0000003c 0000          .bits   0,16                    ; _aucCRCHi[60] @ 960
     343 0000003d 00C1          .bits   193,16                  ; _aucCRCHi[61] @ 976
     344 0000003e 0081          .bits   129,16                  ; _aucCRCHi[62] @ 992
     345 0000003f 0040          .bits   64,16                   ; _aucCRCHi[63] @ 1008
     346 00000040 0001          .bits   1,16                    ; _aucCRCHi[64] @ 1024
     347 00000041 00C0          .bits   192,16                  ; _aucCRCHi[65] @ 1040
     348 00000042 0080          .bits   128,16                  ; _aucCRCHi[66] @ 1056
     349 00000043 0041          .bits   65,16                   ; _aucCRCHi[67] @ 1072
     350 00000044 0000          .bits   0,16                    ; _aucCRCHi[68] @ 1088
     351 00000045 00C1          .bits   193,16                  ; _aucCRCHi[69] @ 1104
     352 00000046 0081          .bits   129,16                  ; _aucCRCHi[70] @ 1120
     353 00000047 0040          .bits   64,16                   ; _aucCRCHi[71] @ 1136
     354 00000048 0000          .bits   0,16                    ; _aucCRCHi[72] @ 1152
     355 00000049 00C1          .bits   193,16                  ; _aucCRCHi[73] @ 1168
     356 0000004a 0081          .bits   129,16                  ; _aucCRCHi[74] @ 1184
     357 0000004b 0040          .bits   64,16                   ; _aucCRCHi[75] @ 1200
     358 0000004c 0001          .bits   1,16                    ; _aucCRCHi[76] @ 1216
     359 0000004d 00C0          .bits   192,16                  ; _aucCRCHi[77] @ 1232
     360 0000004e 0080          .bits   128,16                  ; _aucCRCHi[78] @ 1248
     361 0000004f 0041          .bits   65,16                   ; _aucCRCHi[79] @ 1264
     362 00000050 0000          .bits   0,16                    ; _aucCRCHi[80] @ 1280
     363 00000051 00C1          .bits   193,16                  ; _aucCRCHi[81] @ 1296
     364 00000052 0081          .bits   129,16                  ; _aucCRCHi[82] @ 1312
     365 00000053 0040          .bits   64,16                   ; _aucCRCHi[83] @ 1328
     366 00000054 0001          .bits   1,16                    ; _aucCRCHi[84] @ 1344
     367 00000055 00C0          .bits   192,16                  ; _aucCRCHi[85] @ 1360
     368 00000056 0080          .bits   128,16                  ; _aucCRCHi[86] @ 1376
     369 00000057 0041          .bits   65,16                   ; _aucCRCHi[87] @ 1392
     370 00000058 0001          .bits   1,16                    ; _aucCRCHi[88] @ 1408
     371 00000059 00C0          .bits   192,16                  ; _aucCRCHi[89] @ 1424
     372 0000005a 0080          .bits   128,16                  ; _aucCRCHi[90] @ 1440
     373 0000005b 0041          .bits   65,16                   ; _aucCRCHi[91] @ 1456
     374 0000005c 0000          .bits   0,16                    ; _aucCRCHi[92] @ 1472
     375 0000005d 00C1          .bits   193,16                  ; _aucCRCHi[93] @ 1488
     376 0000005e 0081          .bits   129,16                  ; _aucCRCHi[94] @ 1504
     377 0000005f 0040          .bits   64,16                   ; _aucCRCHi[95] @ 1520
     378 00000060 0000          .bits   0,16                    ; _aucCRCHi[96] @ 1536
     379 00000061 00C1          .bits   193,16                  ; _aucCRCHi[97] @ 1552
     380 00000062 0081          .bits   129,16                  ; _aucCRCHi[98] @ 1568
     381 00000063 0040          .bits   64,16                   ; _aucCRCHi[99] @ 1584
     382 00000064 0001          .bits   1,16                    ; _aucCRCHi[100] @ 1600
     383 00000065 00C0          .bits   192,16                  ; _aucCRCHi[101] @ 1616
     384 00000066 0080          .bits   128,16                  ; _aucCRCHi[102] @ 1632
     385 00000067 0041          .bits   65,16                   ; _aucCRCHi[103] @ 1648
TMS320C2000 Assembler PC v6.2.5 Tue Aug 15 11:38:38 2017

Tools Copyright (c) 1996-2014 Texas Instruments Incorporated
C:\Users\wmj\AppData\Local\Temp\7490010                              PAGE    8

     386 00000068 0001          .bits   1,16                    ; _aucCRCHi[104] @ 1664
     387 00000069 00C0          .bits   192,16                  ; _aucCRCHi[105] @ 1680
     388 0000006a 0080          .bits   128,16                  ; _aucCRCHi[106] @ 1696
     389 0000006b 0041          .bits   65,16                   ; _aucCRCHi[107] @ 1712
     390 0000006c 0000          .bits   0,16                    ; _aucCRCHi[108] @ 1728
     391 0000006d 00C1          .bits   193,16                  ; _aucCRCHi[109] @ 1744
     392 0000006e 0081          .bits   129,16                  ; _aucCRCHi[110] @ 1760
     393 0000006f 0040          .bits   64,16                   ; _aucCRCHi[111] @ 1776
     394 00000070 0001          .bits   1,16                    ; _aucCRCHi[112] @ 1792
     395 00000071 00C0          .bits   192,16                  ; _aucCRCHi[113] @ 1808
     396 00000072 0080          .bits   128,16                  ; _aucCRCHi[114] @ 1824
     397 00000073 0041          .bits   65,16                   ; _aucCRCHi[115] @ 1840
     398 00000074 0000          .bits   0,16                    ; _aucCRCHi[116] @ 1856
     399 00000075 00C1          .bits   193,16                  ; _aucCRCHi[117] @ 1872
     400 00000076 0081          .bits   129,16                  ; _aucCRCHi[118] @ 1888
     401 00000077 0040          .bits   64,16                   ; _aucCRCHi[119] @ 1904
     402 00000078 0000          .bits   0,16                    ; _aucCRCHi[120] @ 1920
     403 00000079 00C1          .bits   193,16                  ; _aucCRCHi[121] @ 1936
     404 0000007a 0081          .bits   129,16                  ; _aucCRCHi[122] @ 1952
     405 0000007b 0040          .bits   64,16                   ; _aucCRCHi[123] @ 1968
     406 0000007c 0001          .bits   1,16                    ; _aucCRCHi[124] @ 1984
     407 0000007d 00C0          .bits   192,16                  ; _aucCRCHi[125] @ 2000
     408 0000007e 0080          .bits   128,16                  ; _aucCRCHi[126] @ 2016
     409 0000007f 0041          .bits   65,16                   ; _aucCRCHi[127] @ 2032
     410 00000080 0001          .bits   1,16                    ; _aucCRCHi[128] @ 2048
     411 00000081 00C0          .bits   192,16                  ; _aucCRCHi[129] @ 2064
     412 00000082 0080          .bits   128,16                  ; _aucCRCHi[130] @ 2080
     413 00000083 0041          .bits   65,16                   ; _aucCRCHi[131] @ 2096
     414 00000084 0000          .bits   0,16                    ; _aucCRCHi[132] @ 2112
     415 00000085 00C1          .bits   193,16                  ; _aucCRCHi[133] @ 2128
     416 00000086 0081          .bits   129,16                  ; _aucCRCHi[134] @ 2144
     417 00000087 0040          .bits   64,16                   ; _aucCRCHi[135] @ 2160
     418 00000088 0000          .bits   0,16                    ; _aucCRCHi[136] @ 2176
     419 00000089 00C1          .bits   193,16                  ; _aucCRCHi[137] @ 2192
     420 0000008a 0081          .bits   129,16                  ; _aucCRCHi[138] @ 2208
     421 0000008b 0040          .bits   64,16                   ; _aucCRCHi[139] @ 2224
     422 0000008c 0001          .bits   1,16                    ; _aucCRCHi[140] @ 2240
     423 0000008d 00C0          .bits   192,16                  ; _aucCRCHi[141] @ 2256
     424 0000008e 0080          .bits   128,16                  ; _aucCRCHi[142] @ 2272
     425 0000008f 0041          .bits   65,16                   ; _aucCRCHi[143] @ 2288
     426 00000090 0000          .bits   0,16                    ; _aucCRCHi[144] @ 2304
     427 00000091 00C1          .bits   193,16                  ; _aucCRCHi[145] @ 2320
     428 00000092 0081          .bits   129,16                  ; _aucCRCHi[146] @ 2336
     429 00000093 0040          .bits   64,16                   ; _aucCRCHi[147] @ 2352
     430 00000094 0001          .bits   1,16                    ; _aucCRCHi[148] @ 2368
     431 00000095 00C0          .bits   192,16                  ; _aucCRCHi[149] @ 2384
     432 00000096 0080          .bits   128,16                  ; _aucCRCHi[150] @ 2400
     433 00000097 0041          .bits   65,16                   ; _aucCRCHi[151] @ 2416
     434 00000098 0001          .bits   1,16                    ; _aucCRCHi[152] @ 2432
     435 00000099 00C0          .bits   192,16                  ; _aucCRCHi[153] @ 2448
     436 0000009a 0080          .bits   128,16                  ; _aucCRCHi[154] @ 2464
     437 0000009b 0041          .bits   65,16                   ; _aucCRCHi[155] @ 2480
     438 0000009c 0000          .bits   0,16                    ; _aucCRCHi[156] @ 2496
     439 0000009d 00C1          .bits   193,16                  ; _aucCRCHi[157] @ 2512
     440 0000009e 0081          .bits   129,16                  ; _aucCRCHi[158] @ 2528
TMS320C2000 Assembler PC v6.2.5 Tue Aug 15 11:38:38 2017

Tools Copyright (c) 1996-2014 Texas Instruments Incorporated
C:\Users\wmj\AppData\Local\Temp\7490010                              PAGE    9

     441 0000009f 0040          .bits   64,16                   ; _aucCRCHi[159] @ 2544
     442 000000a0 0000          .bits   0,16                    ; _aucCRCHi[160] @ 2560
     443 000000a1 00C1          .bits   193,16                  ; _aucCRCHi[161] @ 2576
     444 000000a2 0081          .bits   129,16                  ; _aucCRCHi[162] @ 2592
     445 000000a3 0040          .bits   64,16                   ; _aucCRCHi[163] @ 2608
     446 000000a4 0001          .bits   1,16                    ; _aucCRCHi[164] @ 2624
     447 000000a5 00C0          .bits   192,16                  ; _aucCRCHi[165] @ 2640
     448 000000a6 0080          .bits   128,16                  ; _aucCRCHi[166] @ 2656
     449 000000a7 0041          .bits   65,16                   ; _aucCRCHi[167] @ 2672
     450 000000a8 0001          .bits   1,16                    ; _aucCRCHi[168] @ 2688
     451 000000a9 00C0          .bits   192,16                  ; _aucCRCHi[169] @ 2704
     452 000000aa 0080          .bits   128,16                  ; _aucCRCHi[170] @ 2720
     453 000000ab 0041          .bits   65,16                   ; _aucCRCHi[171] @ 2736
     454 000000ac 0000          .bits   0,16                    ; _aucCRCHi[172] @ 2752
     455 000000ad 00C1          .bits   193,16                  ; _aucCRCHi[173] @ 2768
     456 000000ae 0081          .bits   129,16                  ; _aucCRCHi[174] @ 2784
     457 000000af 0040          .bits   64,16                   ; _aucCRCHi[175] @ 2800
     458 000000b0 0001          .bits   1,16                    ; _aucCRCHi[176] @ 2816
     459 000000b1 00C0          .bits   192,16                  ; _aucCRCHi[177] @ 2832
     460 000000b2 0080          .bits   128,16                  ; _aucCRCHi[178] @ 2848
     461 000000b3 0041          .bits   65,16                   ; _aucCRCHi[179] @ 2864
     462 000000b4 0000          .bits   0,16                    ; _aucCRCHi[180] @ 2880
     463 000000b5 00C1          .bits   193,16                  ; _aucCRCHi[181] @ 2896
     464 000000b6 0081          .bits   129,16                  ; _aucCRCHi[182] @ 2912
     465 000000b7 0040          .bits   64,16                   ; _aucCRCHi[183] @ 2928
     466 000000b8 0000          .bits   0,16                    ; _aucCRCHi[184] @ 2944
     467 000000b9 00C1          .bits   193,16                  ; _aucCRCHi[185] @ 2960
     468 000000ba 0081          .bits   129,16                  ; _aucCRCHi[186] @ 2976
     469 000000bb 0040          .bits   64,16                   ; _aucCRCHi[187] @ 2992
     470 000000bc 0001          .bits   1,16                    ; _aucCRCHi[188] @ 3008
     471 000000bd 00C0          .bits   192,16                  ; _aucCRCHi[189] @ 3024
     472 000000be 0080          .bits   128,16                  ; _aucCRCHi[190] @ 3040
     473 000000bf 0041          .bits   65,16                   ; _aucCRCHi[191] @ 3056
     474 000000c0 0000          .bits   0,16                    ; _aucCRCHi[192] @ 3072
     475 000000c1 00C1          .bits   193,16                  ; _aucCRCHi[193] @ 3088
     476 000000c2 0081          .bits   129,16                  ; _aucCRCHi[194] @ 3104
     477 000000c3 0040          .bits   64,16                   ; _aucCRCHi[195] @ 3120
     478 000000c4 0001          .bits   1,16                    ; _aucCRCHi[196] @ 3136
     479 000000c5 00C0          .bits   192,16                  ; _aucCRCHi[197] @ 3152
     480 000000c6 0080          .bits   128,16                  ; _aucCRCHi[198] @ 3168
     481 000000c7 0041          .bits   65,16                   ; _aucCRCHi[199] @ 3184
     482 000000c8 0001          .bits   1,16                    ; _aucCRCHi[200] @ 3200
     483 000000c9 00C0          .bits   192,16                  ; _aucCRCHi[201] @ 3216
     484 000000ca 0080          .bits   128,16                  ; _aucCRCHi[202] @ 3232
     485 000000cb 0041          .bits   65,16                   ; _aucCRCHi[203] @ 3248
     486 000000cc 0000          .bits   0,16                    ; _aucCRCHi[204] @ 3264
     487 000000cd 00C1          .bits   193,16                  ; _aucCRCHi[205] @ 3280
     488 000000ce 0081          .bits   129,16                  ; _aucCRCHi[206] @ 3296
     489 000000cf 0040          .bits   64,16                   ; _aucCRCHi[207] @ 3312
     490 000000d0 0001          .bits   1,16                    ; _aucCRCHi[208] @ 3328
     491 000000d1 00C0          .bits   192,16                  ; _aucCRCHi[209] @ 3344
     492 000000d2 0080          .bits   128,16                  ; _aucCRCHi[210] @ 3360
     493 000000d3 0041          .bits   65,16                   ; _aucCRCHi[211] @ 3376
     494 000000d4 0000          .bits   0,16                    ; _aucCRCHi[212] @ 3392
     495 000000d5 00C1          .bits   193,16                  ; _aucCRCHi[213] @ 3408
TMS320C2000 Assembler PC v6.2.5 Tue Aug 15 11:38:38 2017

Tools Copyright (c) 1996-2014 Texas Instruments Incorporated
C:\Users\wmj\AppData\Local\Temp\7490010                              PAGE   10

     496 000000d6 0081          .bits   129,16                  ; _aucCRCHi[214] @ 3424
     497 000000d7 0040          .bits   64,16                   ; _aucCRCHi[215] @ 3440
     498 000000d8 0000          .bits   0,16                    ; _aucCRCHi[216] @ 3456
     499 000000d9 00C1          .bits   193,16                  ; _aucCRCHi[217] @ 3472
     500 000000da 0081          .bits   129,16                  ; _aucCRCHi[218] @ 3488
     501 000000db 0040          .bits   64,16                   ; _aucCRCHi[219] @ 3504
     502 000000dc 0001          .bits   1,16                    ; _aucCRCHi[220] @ 3520
     503 000000dd 00C0          .bits   192,16                  ; _aucCRCHi[221] @ 3536
     504 000000de 0080          .bits   128,16                  ; _aucCRCHi[222] @ 3552
     505 000000df 0041          .bits   65,16                   ; _aucCRCHi[223] @ 3568
     506 000000e0 0001          .bits   1,16                    ; _aucCRCHi[224] @ 3584
     507 000000e1 00C0          .bits   192,16                  ; _aucCRCHi[225] @ 3600
     508 000000e2 0080          .bits   128,16                  ; _aucCRCHi[226] @ 3616
     509 000000e3 0041          .bits   65,16                   ; _aucCRCHi[227] @ 3632
     510 000000e4 0000          .bits   0,16                    ; _aucCRCHi[228] @ 3648
     511 000000e5 00C1          .bits   193,16                  ; _aucCRCHi[229] @ 3664
     512 000000e6 0081          .bits   129,16                  ; _aucCRCHi[230] @ 3680
     513 000000e7 0040          .bits   64,16                   ; _aucCRCHi[231] @ 3696
     514 000000e8 0000          .bits   0,16                    ; _aucCRCHi[232] @ 3712
     515 000000e9 00C1          .bits   193,16                  ; _aucCRCHi[233] @ 3728
     516 000000ea 0081          .bits   129,16                  ; _aucCRCHi[234] @ 3744
     517 000000eb 0040          .bits   64,16                   ; _aucCRCHi[235] @ 3760
     518 000000ec 0001          .bits   1,16                    ; _aucCRCHi[236] @ 3776
     519 000000ed 00C0          .bits   192,16                  ; _aucCRCHi[237] @ 3792
     520 000000ee 0080          .bits   128,16                  ; _aucCRCHi[238] @ 3808
     521 000000ef 0041          .bits   65,16                   ; _aucCRCHi[239] @ 3824
     522 000000f0 0000          .bits   0,16                    ; _aucCRCHi[240] @ 3840
     523 000000f1 00C1          .bits   193,16                  ; _aucCRCHi[241] @ 3856
     524 000000f2 0081          .bits   129,16                  ; _aucCRCHi[242] @ 3872
     525 000000f3 0040          .bits   64,16                   ; _aucCRCHi[243] @ 3888
     526 000000f4 0001          .bits   1,16                    ; _aucCRCHi[244] @ 3904
     527 000000f5 00C0          .bits   192,16                  ; _aucCRCHi[245] @ 3920
     528 000000f6 0080          .bits   128,16                  ; _aucCRCHi[246] @ 3936
     529 000000f7 0041          .bits   65,16                   ; _aucCRCHi[247] @ 3952
     530 000000f8 0001          .bits   1,16                    ; _aucCRCHi[248] @ 3968
     531 000000f9 00C0          .bits   192,16                  ; _aucCRCHi[249] @ 3984
     532 000000fa 0080          .bits   128,16                  ; _aucCRCHi[250] @ 4000
     533 000000fb 0041          .bits   65,16                   ; _aucCRCHi[251] @ 4016
     534 000000fc 0000          .bits   0,16                    ; _aucCRCHi[252] @ 4032
     535 000000fd 00C1          .bits   193,16                  ; _aucCRCHi[253] @ 4048
     536 000000fe 0081          .bits   129,16                  ; _aucCRCHi[254] @ 4064
     537 000000ff 0040          .bits   64,16                   ; _aucCRCHi[255] @ 4080
     538              
     539              $C$DW$2 .dwtag  DW_TAG_variable, DW_AT_name("aucCRCHi")
     540                      .dwattr $C$DW$2, DW_AT_TI_symbol_name("_aucCRCHi")
     541                      .dwattr $C$DW$2, DW_AT_type(*$C$DW$T$21)
     542                      .dwattr $C$DW$2, DW_AT_location[DW_OP_addr _aucCRCHi]
     543              ;       C:\ti\ccsv6\tools\compiler\c2000_6.2.5\bin\opt2000.exe C:\\Users\\wmj\\AppData\\Local\\Temp\\749002 C
     544              ;       C:\ti\ccsv6\tools\compiler\c2000_6.2.5\bin\ac2000.exe -@C:\\Users\\wmj\\AppData\\Local\\Temp\\7490016
     545 00000000               .sect   ".text"
     546                      .clink
     547                      .global _usMBCRC16
     548              
     549              $C$DW$3 .dwtag  DW_TAG_subprogram, DW_AT_name("usMBCRC16")
     550                      .dwattr $C$DW$3, DW_AT_low_pc(_usMBCRC16)
TMS320C2000 Assembler PC v6.2.5 Tue Aug 15 11:38:38 2017

Tools Copyright (c) 1996-2014 Texas Instruments Incorporated
C:\Users\wmj\AppData\Local\Temp\7490010                              PAGE   11

     551                      .dwattr $C$DW$3, DW_AT_high_pc(0x00)
     552                      .dwattr $C$DW$3, DW_AT_TI_symbol_name("_usMBCRC16")
     553                      .dwattr $C$DW$3, DW_AT_external
     554                      .dwattr $C$DW$3, DW_AT_type(*$C$DW$T$24)
     555                      .dwattr $C$DW$3, DW_AT_TI_begin_file("D:/FOC_27/sw/drivers/drvic/FreeModbus/modbus/rtu/mbcrc.c")
     556                      .dwattr $C$DW$3, DW_AT_TI_begin_line(0x55)
     557                      .dwattr $C$DW$3, DW_AT_TI_begin_column(0x01)
     558                      .dwattr $C$DW$3, DW_AT_TI_max_frame_size(-2)
     559                      .dwpsn  file "D:/FOC_27/sw/drivers/drvic/FreeModbus/modbus/rtu/mbcrc.c",line 86,column 1,is_stmt,addr
     560              
     561                      .dwfde $C$DW$CIE, _usMBCRC16
     562              $C$DW$4 .dwtag  DW_TAG_formal_parameter, DW_AT_name("pucFrame")
     563                      .dwattr $C$DW$4, DW_AT_TI_symbol_name("_pucFrame")
     564                      .dwattr $C$DW$4, DW_AT_type(*$C$DW$T$22)
     565                      .dwattr $C$DW$4, DW_AT_location[DW_OP_reg12]
     566              $C$DW$5 .dwtag  DW_TAG_formal_parameter, DW_AT_name("usLen")
     567                      .dwattr $C$DW$5, DW_AT_TI_symbol_name("_usLen")
     568                      .dwattr $C$DW$5, DW_AT_type(*$C$DW$T$24)
     569                      .dwattr $C$DW$5, DW_AT_location[DW_OP_reg0]
     570              
     571              ;***************************************************************
     572              ;* FNAME: _usMBCRC16                    FR SIZE:   0           *
     573              ;*                                                             *
     574              ;* FUNCTION ENVIRONMENT                                        *
     575              ;*                                                             *
     576              ;* FUNCTION PROPERTIES                                         *
     577              ;*                            0 Parameter,  0 Auto,  0 SOE     *
     578              ;***************************************************************
     579              
     580              _usMBCRC16:
     581              ;* AL    assigned to _iIndex
     582              $C$DW$6 .dwtag  DW_TAG_variable, DW_AT_name("iIndex")
     583                      .dwattr $C$DW$6, DW_AT_TI_symbol_name("_iIndex")
     584                      .dwattr $C$DW$6, DW_AT_type(*$C$DW$T$10)
     585                      .dwattr $C$DW$6, DW_AT_location[DW_OP_reg0]
     586              ;* PL    assigned to _ucCRCLo
     587              $C$DW$7 .dwtag  DW_TAG_variable, DW_AT_name("ucCRCLo")
     588                      .dwattr $C$DW$7, DW_AT_TI_symbol_name("_ucCRCLo")
     589                      .dwattr $C$DW$7, DW_AT_type(*$C$DW$T$19)
     590                      .dwattr $C$DW$7, DW_AT_location[DW_OP_reg2]
     591              ;* AR7   assigned to _ucCRCHi
     592              $C$DW$8 .dwtag  DW_TAG_variable, DW_AT_name("ucCRCHi")
     593                      .dwattr $C$DW$8, DW_AT_TI_symbol_name("_ucCRCHi")
     594                      .dwattr $C$DW$8, DW_AT_type(*$C$DW$T$19)
     595                      .dwattr $C$DW$8, DW_AT_location[DW_OP_reg18]
     596              ;* AR6   assigned to _usLen
     597              $C$DW$9 .dwtag  DW_TAG_variable, DW_AT_name("usLen")
     598                      .dwattr $C$DW$9, DW_AT_TI_symbol_name("_usLen")
     599                      .dwattr $C$DW$9, DW_AT_type(*$C$DW$T$24)
     600                      .dwattr $C$DW$9, DW_AT_location[DW_OP_reg16]
     601              ;* AR4   assigned to _pucFrame
     602              $C$DW$10        .dwtag  DW_TAG_variable, DW_AT_name("pucFrame")
     603                      .dwattr $C$DW$10, DW_AT_TI_symbol_name("_pucFrame")
     604                      .dwattr $C$DW$10, DW_AT_type(*$C$DW$T$22)
     605                      .dwattr $C$DW$10, DW_AT_location[DW_OP_reg12]
TMS320C2000 Assembler PC v6.2.5 Tue Aug 15 11:38:38 2017

Tools Copyright (c) 1996-2014 Texas Instruments Incorporated
C:\Users\wmj\AppData\Local\Temp\7490010                              PAGE   12

     606              ;* AR6   assigned to $O$L1
     607                      .dwcfi  cfa_offset, -2
     608                      .dwcfi  save_reg_to_mem, 26, 0
     609                      .dwcfi  save_reg_to_reg, 78, 26
     610 00000000 88A9          MOVZ      AR6,AL                ; [CPU_] |86| 
     611 00000001 2901          CLRC      SXM                   ; [CPU_] 
     612                      .dwpsn  file "D:/FOC_27/sw/drivers/drvic/FreeModbus/modbus/rtu/mbcrc.c",line 87,column 29,is_stmt
     613 00000002 B6FF          MOVB      XAR7,#255             ; [CPU_] |87| 
     614                      .dwpsn  file "D:/FOC_27/sw/drivers/drvic/FreeModbus/modbus/rtu/mbcrc.c",line 88,column 29,is_stmt
     615 00000003 28AB          MOV       PL,#255               ; [CPU_] |88| 
         00000004 00FF 
     616                      .dwpsn  file "D:/FOC_27/sw/drivers/drvic/FreeModbus/modbus/rtu/mbcrc.c",line 96,column 5,is_stmt
     617 00000005 DE81          SUBB      XAR6,#1               ; [CPU_U] |96| 
     618 00000006 FF20          MOV       ACC,#65535            ; [CPU_] |96| 
         00000007 FFFF 
     619 00000008 58A6          MOVZ      AR0,AR6               ; [CPU_] |96| 
     620 00000009 0FA0          CMPL      ACC,XAR0              ; [CPU_] |96| 
     621 0000000a EC14          BF        $C$L2,EQ              ; [CPU_] |96| 
     622                      ; branchcc occurs ; [] |96| 
     623 0000000b       $C$L1:    
     624                      .dwpsn  file "D:/FOC_27/sw/drivers/drvic/FreeModbus/modbus/rtu/mbcrc.c",line 93,column 9,is_stmt
     625 0000000b 92AB          MOV       AL,PL                 ; [CPU_] |93| 
     626 0000000c 3B01          SETC      SXM                   ; [CPU_] 
     627                      .dwpsn  file "D:/FOC_27/sw/drivers/drvic/FreeModbus/modbus/rtu/mbcrc.c",line 94,column 9,is_stmt
     628 0000000d 8F40+         MOVL      XAR5,#_aucCRCHi       ; [CPU_U] |94| 
         0000000e 0000 
     629                      .dwpsn  file "D:/FOC_27/sw/drivers/drvic/FreeModbus/modbus/rtu/mbcrc.c",line 93,column 9,is_stmt
     630 0000000f 7084          XOR       AL,*XAR4++            ; [CPU_] |93| 
     631                      .dwpsn  file "D:/FOC_27/sw/drivers/drvic/FreeModbus/modbus/rtu/mbcrc.c",line 94,column 9,is_stmt
     632 00000010 85A9          MOV       ACC,AL                ; [CPU_] |94| 
     633 00000011 5601          ADDL      XAR5,ACC              ; [CPU_] |94| 
         00000012 00A5 
     634 00000013 93A7          MOV       AH,AR7                ; [CPU_] |94| 
     635 00000014 71C5          XOR       AH,*+XAR5[0]          ; [CPU_] |94| 
     636 00000015 27A8          MOV       PL,AH                 ; [CPU_] |94| 
     637                      .dwpsn  file "D:/FOC_27/sw/drivers/drvic/FreeModbus/modbus/rtu/mbcrc.c",line 95,column 9,is_stmt
     638 00000016 8F40+         MOVL      XAR5,#_aucCRCLo       ; [CPU_U] |95| 
         00000017 0000 
     639 00000018 85A9          MOV       ACC,AL                ; [CPU_] |95| 
     640 00000019 5601          ADDL      XAR5,ACC              ; [CPU_] |95| 
         0000001a 00A5 
     641 0000001b 80C5          MOVZ      AR7,*+XAR5[0]         ; [CPU_] |95| 
     642 0000001c 000E          BANZ      $C$L1,AR6--           ; [CPU_] |95| 
         0000001d FFEF 
     643                      ; branchcc occurs ; [] |95| 
     644 0000001e       $C$L2:    
     645                      .dwpsn  file "D:/FOC_27/sw/drivers/drvic/FreeModbus/modbus/rtu/mbcrc.c",line 97,column 5,is_stmt
     646 0000001e 5603          MOV       ACC,AR7 << #8         ; [CPU_] |97| 
         0000001f 08A7 
     647 00000020 CAAB          OR        AL,PL                 ; [CPU_] |97| 
     648              $C$DW$11        .dwtag  DW_TAG_TI_branch
     649                      .dwattr $C$DW$11, DW_AT_low_pc(0x00)
     650                      .dwattr $C$DW$11, DW_AT_TI_return
     651 00000021 0006          LRETR     ; [CPU_] 
     652                      ; return occurs ; [] 
TMS320C2000 Assembler PC v6.2.5 Tue Aug 15 11:38:38 2017

Tools Copyright (c) 1996-2014 Texas Instruments Incorporated
C:\Users\wmj\AppData\Local\Temp\7490010                              PAGE   13

     653                      .dwattr $C$DW$3, DW_AT_TI_end_file("D:/FOC_27/sw/drivers/drvic/FreeModbus/modbus/rtu/mbcrc.c")
     654                      .dwattr $C$DW$3, DW_AT_TI_end_line(0x62)
     655                      .dwattr $C$DW$3, DW_AT_TI_end_column(0x01)
     656                      .dwendentry
     657                      .dwendtag $C$DW$3
     658              
     659              
     660              ;***************************************************************
     661              ;* TYPE INFORMATION                                            *
     662              ;***************************************************************
     663              $C$DW$T$4       .dwtag  DW_TAG_base_type
     664                      .dwattr $C$DW$T$4, DW_AT_encoding(DW_ATE_boolean)
     665                      .dwattr $C$DW$T$4, DW_AT_name("bool")
     666                      .dwattr $C$DW$T$4, DW_AT_byte_size(0x01)
     667              $C$DW$T$5       .dwtag  DW_TAG_base_type
     668                      .dwattr $C$DW$T$5, DW_AT_encoding(DW_ATE_signed_char)
     669                      .dwattr $C$DW$T$5, DW_AT_name("signed char")
     670                      .dwattr $C$DW$T$5, DW_AT_byte_size(0x01)
     671              $C$DW$T$6       .dwtag  DW_TAG_base_type
     672                      .dwattr $C$DW$T$6, DW_AT_encoding(DW_ATE_unsigned_char)
     673                      .dwattr $C$DW$T$6, DW_AT_name("unsigned char")
     674                      .dwattr $C$DW$T$6, DW_AT_byte_size(0x01)
     675              $C$DW$T$19      .dwtag  DW_TAG_typedef, DW_AT_name("UCHAR")
     676                      .dwattr $C$DW$T$19, DW_AT_type(*$C$DW$T$6)
     677                      .dwattr $C$DW$T$19, DW_AT_language(DW_LANG_C)
     678              $C$DW$12        .dwtag  DW_TAG_TI_far_type
     679                      .dwattr $C$DW$12, DW_AT_type(*$C$DW$T$19)
     680              $C$DW$T$20      .dwtag  DW_TAG_const_type
     681                      .dwattr $C$DW$T$20, DW_AT_type(*$C$DW$12)
     682              
     683              $C$DW$T$21      .dwtag  DW_TAG_array_type
     684                      .dwattr $C$DW$T$21, DW_AT_type(*$C$DW$T$20)
     685                      .dwattr $C$DW$T$21, DW_AT_language(DW_LANG_C)
     686                      .dwattr $C$DW$T$21, DW_AT_byte_size(0x100)
     687              $C$DW$13        .dwtag  DW_TAG_subrange_type
     688                      .dwattr $C$DW$13, DW_AT_upper_bound(0xff)
     689                      .dwendtag $C$DW$T$21
     690              
     691              $C$DW$T$22      .dwtag  DW_TAG_pointer_type
     692                      .dwattr $C$DW$T$22, DW_AT_type(*$C$DW$T$19)
     693                      .dwattr $C$DW$T$22, DW_AT_address_class(0x16)
     694              $C$DW$T$7       .dwtag  DW_TAG_base_type
     695                      .dwattr $C$DW$T$7, DW_AT_encoding(DW_ATE_signed_char)
     696                      .dwattr $C$DW$T$7, DW_AT_name("wchar_t")
     697                      .dwattr $C$DW$T$7, DW_AT_byte_size(0x01)
     698              $C$DW$T$8       .dwtag  DW_TAG_base_type
     699                      .dwattr $C$DW$T$8, DW_AT_encoding(DW_ATE_signed)
     700                      .dwattr $C$DW$T$8, DW_AT_name("short")
     701                      .dwattr $C$DW$T$8, DW_AT_byte_size(0x01)
     702              $C$DW$T$9       .dwtag  DW_TAG_base_type
     703                      .dwattr $C$DW$T$9, DW_AT_encoding(DW_ATE_unsigned)
     704                      .dwattr $C$DW$T$9, DW_AT_name("unsigned short")
     705                      .dwattr $C$DW$T$9, DW_AT_byte_size(0x01)
     706              $C$DW$T$23      .dwtag  DW_TAG_typedef, DW_AT_name("uint16_t")
     707                      .dwattr $C$DW$T$23, DW_AT_type(*$C$DW$T$9)
TMS320C2000 Assembler PC v6.2.5 Tue Aug 15 11:38:38 2017

Tools Copyright (c) 1996-2014 Texas Instruments Incorporated
C:\Users\wmj\AppData\Local\Temp\7490010                              PAGE   14

     708                      .dwattr $C$DW$T$23, DW_AT_language(DW_LANG_C)
     709              $C$DW$T$24      .dwtag  DW_TAG_typedef, DW_AT_name("USHORT")
     710                      .dwattr $C$DW$T$24, DW_AT_type(*$C$DW$T$23)
     711                      .dwattr $C$DW$T$24, DW_AT_language(DW_LANG_C)
     712              $C$DW$T$10      .dwtag  DW_TAG_base_type
     713                      .dwattr $C$DW$T$10, DW_AT_encoding(DW_ATE_signed)
     714                      .dwattr $C$DW$T$10, DW_AT_name("int")
     715                      .dwattr $C$DW$T$10, DW_AT_byte_size(0x01)
     716              $C$DW$T$11      .dwtag  DW_TAG_base_type
     717                      .dwattr $C$DW$T$11, DW_AT_encoding(DW_ATE_unsigned)
     718                      .dwattr $C$DW$T$11, DW_AT_name("unsigned int")
     719                      .dwattr $C$DW$T$11, DW_AT_byte_size(0x01)
     720              $C$DW$T$12      .dwtag  DW_TAG_base_type
     721                      .dwattr $C$DW$T$12, DW_AT_encoding(DW_ATE_signed)
     722                      .dwattr $C$DW$T$12, DW_AT_name("long")
     723                      .dwattr $C$DW$T$12, DW_AT_byte_size(0x02)
     724              $C$DW$T$13      .dwtag  DW_TAG_base_type
     725                      .dwattr $C$DW$T$13, DW_AT_encoding(DW_ATE_unsigned)
     726                      .dwattr $C$DW$T$13, DW_AT_name("unsigned long")
     727                      .dwattr $C$DW$T$13, DW_AT_byte_size(0x02)
     728              $C$DW$T$14      .dwtag  DW_TAG_base_type
     729                      .dwattr $C$DW$T$14, DW_AT_encoding(DW_ATE_signed)
     730                      .dwattr $C$DW$T$14, DW_AT_name("long long")
     731                      .dwattr $C$DW$T$14, DW_AT_byte_size(0x04)
     732              $C$DW$T$15      .dwtag  DW_TAG_base_type
     733                      .dwattr $C$DW$T$15, DW_AT_encoding(DW_ATE_unsigned)
     734                      .dwattr $C$DW$T$15, DW_AT_name("unsigned long long")
     735                      .dwattr $C$DW$T$15, DW_AT_byte_size(0x04)
     736              $C$DW$T$16      .dwtag  DW_TAG_base_type
     737                      .dwattr $C$DW$T$16, DW_AT_encoding(DW_ATE_float)
     738                      .dwattr $C$DW$T$16, DW_AT_name("float")
     739                      .dwattr $C$DW$T$16, DW_AT_byte_size(0x02)
     740              $C$DW$T$17      .dwtag  DW_TAG_base_type
     741                      .dwattr $C$DW$T$17, DW_AT_encoding(DW_ATE_float)
     742                      .dwattr $C$DW$T$17, DW_AT_name("double")
     743                      .dwattr $C$DW$T$17, DW_AT_byte_size(0x02)
     744              $C$DW$T$18      .dwtag  DW_TAG_base_type
     745                      .dwattr $C$DW$T$18, DW_AT_encoding(DW_ATE_float)
     746                      .dwattr $C$DW$T$18, DW_AT_name("long double")
     747                      .dwattr $C$DW$T$18, DW_AT_byte_size(0x04)
     748                      .dwattr $C$DW$CU, DW_AT_language(DW_LANG_C)
     749              
     750              ;***************************************************************
     751              ;* DWARF CIE ENTRIES                                           *
     752              ;***************************************************************
     753              
     754              $C$DW$CIE       .dwcie 78
     755                      .dwcfi  cfa_register, 20
     756                      .dwcfi  cfa_offset, 0
     757                      .dwcfi  undefined, 0
     758                      .dwcfi  undefined, 1
     759                      .dwcfi  undefined, 2
     760                      .dwcfi  undefined, 3
     761                      .dwcfi  undefined, 20
     762                      .dwcfi  undefined, 21
TMS320C2000 Assembler PC v6.2.5 Tue Aug 15 11:38:38 2017

Tools Copyright (c) 1996-2014 Texas Instruments Incorporated
C:\Users\wmj\AppData\Local\Temp\7490010                              PAGE   15

     763                      .dwcfi  undefined, 22
     764                      .dwcfi  undefined, 23
     765                      .dwcfi  undefined, 24
     766                      .dwcfi  undefined, 25
     767                      .dwcfi  undefined, 26
     768                      .dwcfi  same_value, 28
     769                      .dwcfi  undefined, 29
     770                      .dwcfi  undefined, 30
     771                      .dwcfi  undefined, 31
     772                      .dwcfi  undefined, 32
     773                      .dwcfi  undefined, 33
     774                      .dwcfi  undefined, 34
     775                      .dwcfi  undefined, 35
     776                      .dwcfi  undefined, 36
     777                      .dwcfi  undefined, 37
     778                      .dwcfi  undefined, 38
     779                      .dwcfi  undefined, 75
     780                      .dwcfi  undefined, 76
     781                      .dwcfi  undefined, 77
     782                      .dwcfi  undefined, 4
     783                      .dwcfi  same_value, 6
     784                      .dwcfi  same_value, 8
     785                      .dwcfi  same_value, 10
     786                      .dwcfi  undefined, 12
     787                      .dwcfi  undefined, 14
     788                      .dwcfi  undefined, 16
     789                      .dwcfi  undefined, 17
     790                      .dwcfi  undefined, 18
     791                      .dwcfi  undefined, 19
     792                      .dwcfi  undefined, 5
     793                      .dwcfi  same_value, 7
     794                      .dwcfi  same_value, 9
     795                      .dwcfi  same_value, 11
     796                      .dwcfi  undefined, 13
     797                      .dwcfi  undefined, 15
     798                      .dwcfi  undefined, 78
     799                      .dwendentry
     800              
     801              ;***************************************************************
     802              ;* DWARF REGISTER MAP                                          *
     803              ;***************************************************************
     804              
     805              $C$DW$14        .dwtag  DW_TAG_TI_assign_register, DW_AT_name("AL")
     806                      .dwattr $C$DW$14, DW_AT_location[DW_OP_reg0]
     807              $C$DW$15        .dwtag  DW_TAG_TI_assign_register, DW_AT_name("AH")
     808                      .dwattr $C$DW$15, DW_AT_location[DW_OP_reg1]
     809              $C$DW$16        .dwtag  DW_TAG_TI_assign_register, DW_AT_name("PL")
     810                      .dwattr $C$DW$16, DW_AT_location[DW_OP_reg2]
     811              $C$DW$17        .dwtag  DW_TAG_TI_assign_register, DW_AT_name("PH")
     812                      .dwattr $C$DW$17, DW_AT_location[DW_OP_reg3]
     813              $C$DW$18        .dwtag  DW_TAG_TI_assign_register, DW_AT_name("SP")
     814                      .dwattr $C$DW$18, DW_AT_location[DW_OP_reg20]
     815              $C$DW$19        .dwtag  DW_TAG_TI_assign_register, DW_AT_name("XT")
     816                      .dwattr $C$DW$19, DW_AT_location[DW_OP_reg21]
     817              $C$DW$20        .dwtag  DW_TAG_TI_assign_register, DW_AT_name("T")
TMS320C2000 Assembler PC v6.2.5 Tue Aug 15 11:38:38 2017

Tools Copyright (c) 1996-2014 Texas Instruments Incorporated
C:\Users\wmj\AppData\Local\Temp\7490010                              PAGE   16

     818                      .dwattr $C$DW$20, DW_AT_location[DW_OP_reg22]
     819              $C$DW$21        .dwtag  DW_TAG_TI_assign_register, DW_AT_name("ST0")
     820                      .dwattr $C$DW$21, DW_AT_location[DW_OP_reg23]
     821              $C$DW$22        .dwtag  DW_TAG_TI_assign_register, DW_AT_name("ST1")
     822                      .dwattr $C$DW$22, DW_AT_location[DW_OP_reg24]
     823              $C$DW$23        .dwtag  DW_TAG_TI_assign_register, DW_AT_name("PC")
     824                      .dwattr $C$DW$23, DW_AT_location[DW_OP_reg25]
     825              $C$DW$24        .dwtag  DW_TAG_TI_assign_register, DW_AT_name("RPC")
     826                      .dwattr $C$DW$24, DW_AT_location[DW_OP_reg26]
     827              $C$DW$25        .dwtag  DW_TAG_TI_assign_register, DW_AT_name("FP")
     828                      .dwattr $C$DW$25, DW_AT_location[DW_OP_reg28]
     829              $C$DW$26        .dwtag  DW_TAG_TI_assign_register, DW_AT_name("DP")
     830                      .dwattr $C$DW$26, DW_AT_location[DW_OP_reg29]
     831              $C$DW$27        .dwtag  DW_TAG_TI_assign_register, DW_AT_name("SXM")
     832                      .dwattr $C$DW$27, DW_AT_location[DW_OP_reg30]
     833              $C$DW$28        .dwtag  DW_TAG_TI_assign_register, DW_AT_name("PM")
     834                      .dwattr $C$DW$28, DW_AT_location[DW_OP_reg31]
     835              $C$DW$29        .dwtag  DW_TAG_TI_assign_register, DW_AT_name("OVM")
     836                      .dwattr $C$DW$29, DW_AT_location[DW_OP_regx 0x20]
     837              $C$DW$30        .dwtag  DW_TAG_TI_assign_register, DW_AT_name("PAGE0")
     838                      .dwattr $C$DW$30, DW_AT_location[DW_OP_regx 0x21]
     839              $C$DW$31        .dwtag  DW_TAG_TI_assign_register, DW_AT_name("AMODE")
     840                      .dwattr $C$DW$31, DW_AT_location[DW_OP_regx 0x22]
     841              $C$DW$32        .dwtag  DW_TAG_TI_assign_register, DW_AT_name("INTM")
     842                      .dwattr $C$DW$32, DW_AT_location[DW_OP_regx 0x23]
     843              $C$DW$33        .dwtag  DW_TAG_TI_assign_register, DW_AT_name("IFR")
     844                      .dwattr $C$DW$33, DW_AT_location[DW_OP_regx 0x24]
     845              $C$DW$34        .dwtag  DW_TAG_TI_assign_register, DW_AT_name("IER")
     846                      .dwattr $C$DW$34, DW_AT_location[DW_OP_regx 0x25]
     847              $C$DW$35        .dwtag  DW_TAG_TI_assign_register, DW_AT_name("V")
     848                      .dwattr $C$DW$35, DW_AT_location[DW_OP_regx 0x26]
     849              $C$DW$36        .dwtag  DW_TAG_TI_assign_register, DW_AT_name("PSEUDOH")
     850                      .dwattr $C$DW$36, DW_AT_location[DW_OP_regx 0x4c]
     851              $C$DW$37        .dwtag  DW_TAG_TI_assign_register, DW_AT_name("VOL")
     852                      .dwattr $C$DW$37, DW_AT_location[DW_OP_regx 0x4d]
     853              $C$DW$38        .dwtag  DW_TAG_TI_assign_register, DW_AT_name("AR0")
     854                      .dwattr $C$DW$38, DW_AT_location[DW_OP_reg4]
     855              $C$DW$39        .dwtag  DW_TAG_TI_assign_register, DW_AT_name("AR1")
     856                      .dwattr $C$DW$39, DW_AT_location[DW_OP_reg6]
     857              $C$DW$40        .dwtag  DW_TAG_TI_assign_register, DW_AT_name("AR2")
     858                      .dwattr $C$DW$40, DW_AT_location[DW_OP_reg8]
     859              $C$DW$41        .dwtag  DW_TAG_TI_assign_register, DW_AT_name("AR3")
     860                      .dwattr $C$DW$41, DW_AT_location[DW_OP_reg10]
     861              $C$DW$42        .dwtag  DW_TAG_TI_assign_register, DW_AT_name("AR4")
     862                      .dwattr $C$DW$42, DW_AT_location[DW_OP_reg12]
     863              $C$DW$43        .dwtag  DW_TAG_TI_assign_register, DW_AT_name("AR5")
     864                      .dwattr $C$DW$43, DW_AT_location[DW_OP_reg14]
     865              $C$DW$44        .dwtag  DW_TAG_TI_assign_register, DW_AT_name("AR6")
     866                      .dwattr $C$DW$44, DW_AT_location[DW_OP_reg16]
     867              $C$DW$45        .dwtag  DW_TAG_TI_assign_register, DW_AT_name("XAR6")
     868                      .dwattr $C$DW$45, DW_AT_location[DW_OP_reg17]
     869              $C$DW$46        .dwtag  DW_TAG_TI_assign_register, DW_AT_name("AR7")
     870                      .dwattr $C$DW$46, DW_AT_location[DW_OP_reg18]
     871              $C$DW$47        .dwtag  DW_TAG_TI_assign_register, DW_AT_name("XAR7")
     872                      .dwattr $C$DW$47, DW_AT_location[DW_OP_reg19]
TMS320C2000 Assembler PC v6.2.5 Tue Aug 15 11:38:38 2017

Tools Copyright (c) 1996-2014 Texas Instruments Incorporated
C:\Users\wmj\AppData\Local\Temp\7490010                              PAGE   17

     873              $C$DW$48        .dwtag  DW_TAG_TI_assign_register, DW_AT_name("XAR0")
     874                      .dwattr $C$DW$48, DW_AT_location[DW_OP_reg5]
     875              $C$DW$49        .dwtag  DW_TAG_TI_assign_register, DW_AT_name("XAR1")
     876                      .dwattr $C$DW$49, DW_AT_location[DW_OP_reg7]
     877              $C$DW$50        .dwtag  DW_TAG_TI_assign_register, DW_AT_name("XAR2")
     878                      .dwattr $C$DW$50, DW_AT_location[DW_OP_reg9]
     879              $C$DW$51        .dwtag  DW_TAG_TI_assign_register, DW_AT_name("XAR3")
     880                      .dwattr $C$DW$51, DW_AT_location[DW_OP_reg11]
     881              $C$DW$52        .dwtag  DW_TAG_TI_assign_register, DW_AT_name("XAR4")
     882                      .dwattr $C$DW$52, DW_AT_location[DW_OP_reg13]
     883              $C$DW$53        .dwtag  DW_TAG_TI_assign_register, DW_AT_name("XAR5")
     884                      .dwattr $C$DW$53, DW_AT_location[DW_OP_reg15]
     885              $C$DW$54        .dwtag  DW_TAG_TI_assign_register, DW_AT_name("CIE_RETA")
     886                      .dwattr $C$DW$54, DW_AT_location[DW_OP_regx 0x4e]
     887                      .dwendtag $C$DW$CU
     888              

No Assembly Errors, No Assembly Warnings
