TMS320C2000 Assembler PC v6.2.5 Tue Aug 15 11:38:39 2017

Tools Copyright (c) 1996-2014 Texas Instruments Incorporated
C:\Users\wmj\AppData\Local\Temp\7527610                              PAGE    1

       1              ;***************************************************************
       2              ;* TMS320C2000 C/C++ Codegen                         PC v6.2.5 *
       3              ;* Date/Time created: Tue Aug 15 11:38:39 2017                 *
       4              ;***************************************************************
       5                      .compiler_opts --float_support=softlib --hll_source=on --mem_model:code=flat --mem_model:data=large -
       6        0002  FP      .set    XAR2
       7              
       8              $C$DW$CU        .dwtag  DW_TAG_compile_unit
       9                      .dwattr $C$DW$CU, DW_AT_name("D:/FOC_27/sw/drivers/drvic/FreeModbus/modbus/functions/mbfuncholding.c"
      10                      .dwattr $C$DW$CU, DW_AT_producer("TMS320C2000 C/C++ Codegen PC v6.2.5 Copyright (c) 1996-2014 Texas I
      11                      .dwattr $C$DW$CU, DW_AT_TI_version(0x01)
      12                      .dwattr $C$DW$CU, DW_AT_comp_dir("D:\FOC_27\sw\solutions\instaspin_foc\boards\hvkit_rev1p1\f28x\f2802
      13              
      14              $C$DW$1 .dwtag  DW_TAG_subprogram, DW_AT_name("prveMBError2Exception")
      15                      .dwattr $C$DW$1, DW_AT_TI_symbol_name("_prveMBError2Exception")
      16                      .dwattr $C$DW$1, DW_AT_type(*$C$DW$T$35)
      17                      .dwattr $C$DW$1, DW_AT_declaration
      18                      .dwattr $C$DW$1, DW_AT_external
      19              $C$DW$2 .dwtag  DW_TAG_formal_parameter
      20                      .dwattr $C$DW$2, DW_AT_type(*$C$DW$T$28)
      21                      .dwendtag $C$DW$1
      22              
      23              
      24              $C$DW$3 .dwtag  DW_TAG_subprogram, DW_AT_name("eMBRegHoldingCB")
      25                      .dwattr $C$DW$3, DW_AT_TI_symbol_name("_eMBRegHoldingCB")
      26                      .dwattr $C$DW$3, DW_AT_type(*$C$DW$T$28)
      27                      .dwattr $C$DW$3, DW_AT_declaration
      28                      .dwattr $C$DW$3, DW_AT_external
      29              $C$DW$4 .dwtag  DW_TAG_formal_parameter
      30                      .dwattr $C$DW$4, DW_AT_type(*$C$DW$T$21)
      31              $C$DW$5 .dwtag  DW_TAG_formal_parameter
      32                      .dwattr $C$DW$5, DW_AT_type(*$C$DW$T$23)
      33              $C$DW$6 .dwtag  DW_TAG_formal_parameter
      34                      .dwattr $C$DW$6, DW_AT_type(*$C$DW$T$23)
      35              $C$DW$7 .dwtag  DW_TAG_formal_parameter
      36                      .dwattr $C$DW$7, DW_AT_type(*$C$DW$T$25)
      37                      .dwendtag $C$DW$3
      38              
      39              ;       C:\ti\ccsv6\tools\compiler\c2000_6.2.5\bin\opt2000.exe C:\\Users\\wmj\\AppData\\Local\\Temp\\752762 C
      40              ;       C:\ti\ccsv6\tools\compiler\c2000_6.2.5\bin\ac2000.exe -@C:\\Users\\wmj\\AppData\\Local\\Temp\\7527616
      41 00000000               .sect   ".text"
      42                      .clink
      43                      .global _eMBFuncWriteMultipleHoldingRegister
      44              
      45              $C$DW$8 .dwtag  DW_TAG_subprogram, DW_AT_name("eMBFuncWriteMultipleHoldingRegister")
      46                      .dwattr $C$DW$8, DW_AT_low_pc(_eMBFuncWriteMultipleHoldingRegister)
      47                      .dwattr $C$DW$8, DW_AT_high_pc(0x00)
      48                      .dwattr $C$DW$8, DW_AT_TI_symbol_name("_eMBFuncWriteMultipleHoldingRegister")
      49                      .dwattr $C$DW$8, DW_AT_external
      50                      .dwattr $C$DW$8, DW_AT_type(*$C$DW$T$35)
      51                      .dwattr $C$DW$8, DW_AT_TI_begin_file("D:/FOC_27/sw/drivers/drvic/FreeModbus/modbus/functions/mbfuncho
      52                      .dwattr $C$DW$8, DW_AT_TI_begin_line(0x6e)
      53                      .dwattr $C$DW$8, DW_AT_TI_begin_column(0x01)
      54                      .dwattr $C$DW$8, DW_AT_TI_max_frame_size(-4)
      55                      .dwpsn  file "D:/FOC_27/sw/drivers/drvic/FreeModbus/modbus/functions/mbfuncholding.c",line 111,column
TMS320C2000 Assembler PC v6.2.5 Tue Aug 15 11:38:39 2017

Tools Copyright (c) 1996-2014 Texas Instruments Incorporated
C:\Users\wmj\AppData\Local\Temp\7527610                              PAGE    2

      56              
      57                      .dwfde $C$DW$CIE, _eMBFuncWriteMultipleHoldingRegister
      58              $C$DW$9 .dwtag  DW_TAG_formal_parameter, DW_AT_name("pucFrame")
      59                      .dwattr $C$DW$9, DW_AT_TI_symbol_name("_pucFrame")
      60                      .dwattr $C$DW$9, DW_AT_type(*$C$DW$T$21)
      61                      .dwattr $C$DW$9, DW_AT_location[DW_OP_reg12]
      62              $C$DW$10        .dwtag  DW_TAG_formal_parameter, DW_AT_name("usLen")
      63                      .dwattr $C$DW$10, DW_AT_TI_symbol_name("_usLen")
      64                      .dwattr $C$DW$10, DW_AT_type(*$C$DW$T$33)
      65                      .dwattr $C$DW$10, DW_AT_location[DW_OP_reg14]
      66              
      67              ;***************************************************************
      68              ;* FNAME: _eMBFuncWriteMultipleHoldingRegister FR SIZE:   2           *
      69              ;*                                                             *
      70              ;* FUNCTION ENVIRONMENT                                        *
      71              ;*                                                             *
      72              ;* FUNCTION PROPERTIES                                         *
      73              ;*                            0 Parameter,  0 Auto,  2 SOE     *
      74              ;***************************************************************
      75              
      76              _eMBFuncWriteMultipleHoldingRegister:
      77              ;* AL    assigned to _eRegStatus
      78              $C$DW$11        .dwtag  DW_TAG_variable, DW_AT_name("eRegStatus")
      79                      .dwattr $C$DW$11, DW_AT_TI_symbol_name("_eRegStatus")
      80                      .dwattr $C$DW$11, DW_AT_type(*$C$DW$T$28)
      81                      .dwattr $C$DW$11, DW_AT_location[DW_OP_reg0]
      82              ;* AL    assigned to _eStatus
      83              $C$DW$12        .dwtag  DW_TAG_variable, DW_AT_name("eStatus")
      84                      .dwattr $C$DW$12, DW_AT_TI_symbol_name("_eStatus")
      85                      .dwattr $C$DW$12, DW_AT_type(*$C$DW$T$35)
      86                      .dwattr $C$DW$12, DW_AT_location[DW_OP_reg0]
      87              ;* AR6   assigned to _usRegCount
      88              $C$DW$13        .dwtag  DW_TAG_variable, DW_AT_name("usRegCount")
      89                      .dwattr $C$DW$13, DW_AT_TI_symbol_name("_usRegCount")
      90                      .dwattr $C$DW$13, DW_AT_type(*$C$DW$T$23)
      91                      .dwattr $C$DW$13, DW_AT_location[DW_OP_reg16]
      92              ;* AR7   assigned to _usRegAddress
      93              $C$DW$14        .dwtag  DW_TAG_variable, DW_AT_name("usRegAddress")
      94                      .dwattr $C$DW$14, DW_AT_TI_symbol_name("_usRegAddress")
      95                      .dwattr $C$DW$14, DW_AT_type(*$C$DW$T$23)
      96                      .dwattr $C$DW$14, DW_AT_location[DW_OP_reg18]
      97              ;* AR1   assigned to _usLen
      98              $C$DW$15        .dwtag  DW_TAG_variable, DW_AT_name("usLen")
      99                      .dwattr $C$DW$15, DW_AT_TI_symbol_name("_usLen")
     100                      .dwattr $C$DW$15, DW_AT_type(*$C$DW$T$39)
     101                      .dwattr $C$DW$15, DW_AT_location[DW_OP_reg6]
     102              ;* AR4   assigned to _pucFrame
     103              $C$DW$16        .dwtag  DW_TAG_variable, DW_AT_name("pucFrame")
     104                      .dwattr $C$DW$16, DW_AT_TI_symbol_name("_pucFrame")
     105                      .dwattr $C$DW$16, DW_AT_type(*$C$DW$T$38)
     106                      .dwattr $C$DW$16, DW_AT_location[DW_OP_reg12]
     107                      .dwcfi  cfa_offset, -2
     108                      .dwcfi  save_reg_to_mem, 26, 0
     109                      .dwcfi  save_reg_to_reg, 78, 26
     110 00000000 B2BD          MOVL      *SP++,XAR1            ; [CPU_] 
TMS320C2000 Assembler PC v6.2.5 Tue Aug 15 11:38:39 2017

Tools Copyright (c) 1996-2014 Texas Instruments Incorporated
C:\Users\wmj\AppData\Local\Temp\7527610                              PAGE    3

     111                      .dwcfi  save_reg_to_mem, 7, 2
     112                      .dwcfi  cfa_offset, -4
     113 00000001 8BA5          MOVL      XAR1,XAR5             ; [CPU_] |111| 
     114                      .dwpsn  file "D:/FOC_27/sw/drivers/drvic/FreeModbus/modbus/functions/mbfuncholding.c",line 119,column
     115 00000002 92C1          MOV       AL,*+XAR1[0]          ; [CPU_] |119| 
     116 00000003 5206          CMPB      AL,#6                 ; [CPU_] |119| 
     117 00000004 6824          B         $C$L2,LO              ; [CPU_] |119| 
     118                      ; branchcc occurs ; [] |119| 
     119                      .dwpsn  file "D:/FOC_27/sw/drivers/drvic/FreeModbus/modbus/functions/mbfuncholding.c",line 121,column
     120 00000005 5603          MOV       ACC,*+XAR4[1] << #8   ; [CPU_] |121| 
         00000006 08CC 
     121                      .dwpsn  file "D:/FOC_27/sw/drivers/drvic/FreeModbus/modbus/functions/mbfuncholding.c",line 122,column
     122 00000007 CAD4          OR        AL,*+XAR4[2]          ; [CPU_] |122| 
     123 00000008 80A9          MOVZ      AR7,AL                ; [CPU_] |122| 
     124                      .dwpsn  file "D:/FOC_27/sw/drivers/drvic/FreeModbus/modbus/functions/mbfuncholding.c",line 125,column
     125 00000009 5603          MOV       ACC,*+XAR4[3] << #8   ; [CPU_] |125| 
         0000000a 08DC 
     126 0000000b 93A9          MOV       AH,AL                 ; [CPU_] |125| 
     127                      .dwpsn  file "D:/FOC_27/sw/drivers/drvic/FreeModbus/modbus/functions/mbfuncholding.c",line 126,column
     128 0000000c CBE4          OR        AH,*+XAR4[4]          ; [CPU_] |126| 
     129 0000000d 88A8          MOVZ      AR6,AH                ; [CPU_] |126| 
     130 0000000e EC1A          BF        $C$L2,EQ              ; [CPU_] |126| 
     131                      ; branchcc occurs ; [] |126| 
     132 0000000f 5378          CMPB      AH,#120               ; [CPU_] |126| 
     133 00000010 6618          B         $C$L2,HI              ; [CPU_] |126| 
     134                      ; branchcc occurs ; [] |126| 
     135 00000011 5603          MOV       ACC,AR6 << #1         ; [CPU_] |126| 
         00000012 01A6 
     136 00000013 27EC          MOV       PL,*+XAR4[5]          ; [CPU_] |126| 
     137 00000014 2BAA          MOV       PH,#0                 ; [CPU_] |126| 
     138 00000015 0EA9          MOVU      ACC,AL                ; [CPU_] |126| 
     139 00000016 0FAB          CMPL      ACC,P                 ; [CPU_] |126| 
     140 00000017 ED11          BF        $C$L2,NEQ             ; [CPU_] |126| 
     141                      ; branchcc occurs ; [] |126| 
     142                      .dwpsn  file "D:/FOC_27/sw/drivers/drvic/FreeModbus/modbus/functions/mbfuncholding.c",line 135,column
     143 00000018 DF01          ADDB      XAR7,#1               ; [CPU_] |135| 
     144 00000019 D501          MOVB      XAR5,#1               ; [CPU_] |135| 
     145 0000001a DC06          ADDB      XAR4,#6               ; [CPU_] |135| 
     146 0000001b 93A6          MOV       AH,AR6                ; [CPU_] |135| 
     147 0000001c 92A7          MOV       AL,AR7                ; [CPU_] |135| 
     148              $C$DW$17        .dwtag  DW_TAG_TI_branch
     149                      .dwattr $C$DW$17, DW_AT_low_pc(0x00)
     150                      .dwattr $C$DW$17, DW_AT_name("_eMBRegHoldingCB")
     151                      .dwattr $C$DW$17, DW_AT_TI_call
     152 0000001d 7640!         LCR       #_eMBRegHoldingCB     ; [CPU_] |135| 
         0000001e 0000 
     153                      ; call occurs [#_eMBRegHoldingCB] ; [] |135| 
     154 0000001f 5200          CMPB      AL,#0                 ; [CPU_] |135| 
     155 00000020 ED05          BF        $C$L1,NEQ             ; [CPU_] |135| 
     156                      ; branchcc occurs ; [] |135| 
     157                      .dwpsn  file "D:/FOC_27/sw/drivers/drvic/FreeModbus/modbus/functions/mbfuncholding.c",line 150,column
     158 00000021 56BF          MOVB      *+XAR1[0],#5,UNC      ; [CPU_] |150| 
         00000022 05C1 
     159                      .dwpsn  file "D:/FOC_27/sw/drivers/drvic/FreeModbus/modbus/functions/mbfuncholding.c",line 116,column
     160 00000023 9A00          MOVB      AL,#0                 ; [CPU_] |116| 
TMS320C2000 Assembler PC v6.2.5 Tue Aug 15 11:38:39 2017

Tools Copyright (c) 1996-2014 Texas Instruments Incorporated
C:\Users\wmj\AppData\Local\Temp\7527610                              PAGE    4

     161                      .dwpsn  file "D:/FOC_27/sw/drivers/drvic/FreeModbus/modbus/functions/mbfuncholding.c",line 150,column
     162 00000024 6F05          B         $C$L3,UNC             ; [CPU_] |150| 
     163                      ; branch occurs ; [] |150| 
     164 00000025       $C$L1:    
     165                      .dwpsn  file "D:/FOC_27/sw/drivers/drvic/FreeModbus/modbus/functions/mbfuncholding.c",line 142,column
     166              $C$DW$18        .dwtag  DW_TAG_TI_branch
     167                      .dwattr $C$DW$18, DW_AT_low_pc(0x00)
     168                      .dwattr $C$DW$18, DW_AT_name("_prveMBError2Exception")
     169                      .dwattr $C$DW$18, DW_AT_TI_call
     170 00000025 7640!         LCR       #_prveMBError2Exception ; [CPU_] |142| 
         00000026 0000 
     171                      ; call occurs [#_prveMBError2Exception] ; [] |142| 
     172                      .dwpsn  file "D:/FOC_27/sw/drivers/drvic/FreeModbus/modbus/functions/mbfuncholding.c",line 143,column
     173 00000027 6F02          B         $C$L3,UNC             ; [CPU_] |143| 
     174                      ; branch occurs ; [] |143| 
     175 00000028       $C$L2:    
     176                      .dwpsn  file "D:/FOC_27/sw/drivers/drvic/FreeModbus/modbus/functions/mbfuncholding.c",line 161,column
     177 00000028 9A03          MOVB      AL,#3                 ; [CPU_] |161| 
     178 00000029       $C$L3:    
     179 00000029 8BBE          MOVL      XAR1,*--SP            ; [CPU_] 
     180                      .dwcfi  cfa_offset, -2
     181                      .dwcfi  restore_reg, 7
     182              $C$DW$19        .dwtag  DW_TAG_TI_branch
     183                      .dwattr $C$DW$19, DW_AT_low_pc(0x00)
     184                      .dwattr $C$DW$19, DW_AT_TI_return
     185 0000002a 0006          LRETR     ; [CPU_] 
     186                      ; return occurs ; [] 
     187                      .dwattr $C$DW$8, DW_AT_TI_end_file("D:/FOC_27/sw/drivers/drvic/FreeModbus/modbus/functions/mbfunchold
     188                      .dwattr $C$DW$8, DW_AT_TI_end_line(0xa4)
     189                      .dwattr $C$DW$8, DW_AT_TI_end_column(0x01)
     190                      .dwendentry
     191                      .dwendtag $C$DW$8
     192              
     193 0000002b               .sect   ".text"
     194                      .clink
     195                      .global _eMBFuncWriteHoldingRegister
     196              
     197              $C$DW$20        .dwtag  DW_TAG_subprogram, DW_AT_name("eMBFuncWriteHoldingRegister")
     198                      .dwattr $C$DW$20, DW_AT_low_pc(_eMBFuncWriteHoldingRegister)
     199                      .dwattr $C$DW$20, DW_AT_high_pc(0x00)
     200                      .dwattr $C$DW$20, DW_AT_TI_symbol_name("_eMBFuncWriteHoldingRegister")
     201                      .dwattr $C$DW$20, DW_AT_external
     202                      .dwattr $C$DW$20, DW_AT_type(*$C$DW$T$35)
     203                      .dwattr $C$DW$20, DW_AT_TI_begin_file("D:/FOC_27/sw/drivers/drvic/FreeModbus/modbus/functions/mbfunch
     204                      .dwattr $C$DW$20, DW_AT_TI_begin_line(0x4d)
     205                      .dwattr $C$DW$20, DW_AT_TI_begin_column(0x01)
     206                      .dwattr $C$DW$20, DW_AT_TI_max_frame_size(-2)
     207                      .dwpsn  file "D:/FOC_27/sw/drivers/drvic/FreeModbus/modbus/functions/mbfuncholding.c",line 78,column 
     208              
     209                      .dwfde $C$DW$CIE, _eMBFuncWriteHoldingRegister
     210              $C$DW$21        .dwtag  DW_TAG_formal_parameter, DW_AT_name("pucFrame")
     211                      .dwattr $C$DW$21, DW_AT_TI_symbol_name("_pucFrame")
     212                      .dwattr $C$DW$21, DW_AT_type(*$C$DW$T$21)
     213                      .dwattr $C$DW$21, DW_AT_location[DW_OP_reg12]
     214              $C$DW$22        .dwtag  DW_TAG_formal_parameter, DW_AT_name("usLen")
TMS320C2000 Assembler PC v6.2.5 Tue Aug 15 11:38:39 2017

Tools Copyright (c) 1996-2014 Texas Instruments Incorporated
C:\Users\wmj\AppData\Local\Temp\7527610                              PAGE    5

     215                      .dwattr $C$DW$22, DW_AT_TI_symbol_name("_usLen")
     216                      .dwattr $C$DW$22, DW_AT_type(*$C$DW$T$33)
     217                      .dwattr $C$DW$22, DW_AT_location[DW_OP_reg14]
     218              
     219              ;***************************************************************
     220              ;* FNAME: _eMBFuncWriteHoldingRegister  FR SIZE:   0           *
     221              ;*                                                             *
     222              ;* FUNCTION ENVIRONMENT                                        *
     223              ;*                                                             *
     224              ;* FUNCTION PROPERTIES                                         *
     225              ;*                            0 Parameter,  0 Auto,  0 SOE     *
     226              ;***************************************************************
     227              
     228              _eMBFuncWriteHoldingRegister:
     229              ;* AL    assigned to _eRegStatus
     230              $C$DW$23        .dwtag  DW_TAG_variable, DW_AT_name("eRegStatus")
     231                      .dwattr $C$DW$23, DW_AT_TI_symbol_name("_eRegStatus")
     232                      .dwattr $C$DW$23, DW_AT_type(*$C$DW$T$28)
     233                      .dwattr $C$DW$23, DW_AT_location[DW_OP_reg0]
     234              ;* AL    assigned to _eStatus
     235              $C$DW$24        .dwtag  DW_TAG_variable, DW_AT_name("eStatus")
     236                      .dwattr $C$DW$24, DW_AT_TI_symbol_name("_eStatus")
     237                      .dwattr $C$DW$24, DW_AT_type(*$C$DW$T$35)
     238                      .dwattr $C$DW$24, DW_AT_location[DW_OP_reg0]
     239              ;* AL    assigned to _usRegAddress
     240              $C$DW$25        .dwtag  DW_TAG_variable, DW_AT_name("usRegAddress")
     241                      .dwattr $C$DW$25, DW_AT_TI_symbol_name("_usRegAddress")
     242                      .dwattr $C$DW$25, DW_AT_type(*$C$DW$T$23)
     243                      .dwattr $C$DW$25, DW_AT_location[DW_OP_reg0]
     244              ;* AR5   assigned to _usLen
     245              $C$DW$26        .dwtag  DW_TAG_variable, DW_AT_name("usLen")
     246                      .dwattr $C$DW$26, DW_AT_TI_symbol_name("_usLen")
     247                      .dwattr $C$DW$26, DW_AT_type(*$C$DW$T$39)
     248                      .dwattr $C$DW$26, DW_AT_location[DW_OP_reg14]
     249              ;* AR4   assigned to _pucFrame
     250              $C$DW$27        .dwtag  DW_TAG_variable, DW_AT_name("pucFrame")
     251                      .dwattr $C$DW$27, DW_AT_TI_symbol_name("_pucFrame")
     252                      .dwattr $C$DW$27, DW_AT_type(*$C$DW$T$38)
     253                      .dwattr $C$DW$27, DW_AT_location[DW_OP_reg12]
     254                      .dwcfi  cfa_offset, -2
     255                      .dwcfi  save_reg_to_mem, 26, 0
     256                      .dwcfi  save_reg_to_reg, 78, 26
     257                      .dwpsn  file "D:/FOC_27/sw/drivers/drvic/FreeModbus/modbus/functions/mbfuncholding.c",line 83,column 
     258 0000002b 92C5          MOV       AL,*+XAR5[0]          ; [CPU_] |83| 
     259 0000002c 5205          CMPB      AL,#5                 ; [CPU_] |83| 
     260 0000002d ED11          BF        $C$L5,NEQ             ; [CPU_] |83| 
     261                      ; branchcc occurs ; [] |83| 
     262                      .dwpsn  file "D:/FOC_27/sw/drivers/drvic/FreeModbus/modbus/functions/mbfuncholding.c",line 85,column 
     263 0000002e 5603          MOV       ACC,*+XAR4[1] << #8   ; [CPU_] |85| 
         0000002f 08CC 
     264                      .dwpsn  file "D:/FOC_27/sw/drivers/drvic/FreeModbus/modbus/functions/mbfuncholding.c",line 90,column 
     265 00000030 D501          MOVB      XAR5,#1               ; [CPU_] |90| 
     266                      .dwpsn  file "D:/FOC_27/sw/drivers/drvic/FreeModbus/modbus/functions/mbfuncholding.c",line 86,column 
     267 00000031 CAD4          OR        AL,*+XAR4[2]          ; [CPU_] |86| 
     268                      .dwpsn  file "D:/FOC_27/sw/drivers/drvic/FreeModbus/modbus/functions/mbfuncholding.c",line 90,column 
TMS320C2000 Assembler PC v6.2.5 Tue Aug 15 11:38:39 2017

Tools Copyright (c) 1996-2014 Texas Instruments Incorporated
C:\Users\wmj\AppData\Local\Temp\7527610                              PAGE    6

     269 00000032 9B01          MOVB      AH,#1                 ; [CPU_] |90| 
     270 00000033 9C01          ADDB      AL,#1                 ; [CPU_] |90| 
     271 00000034 DC03          ADDB      XAR4,#3               ; [CPU_] |90| 
     272              $C$DW$28        .dwtag  DW_TAG_TI_branch
     273                      .dwattr $C$DW$28, DW_AT_low_pc(0x00)
     274                      .dwattr $C$DW$28, DW_AT_name("_eMBRegHoldingCB")
     275                      .dwattr $C$DW$28, DW_AT_TI_call
     276 00000035 7640!         LCR       #_eMBRegHoldingCB     ; [CPU_] |90| 
         00000036 0000 
     277                      ; call occurs [#_eMBRegHoldingCB] ; [] |90| 
     278 00000037 5200          CMPB      AL,#0                 ; [CPU_] |90| 
     279 00000038 ED03          BF        $C$L4,NEQ             ; [CPU_] |90| 
     280                      ; branchcc occurs ; [] |90| 
     281                      .dwpsn  file "D:/FOC_27/sw/drivers/drvic/FreeModbus/modbus/functions/mbfuncholding.c",line 80,column 
     282 00000039 9A00          MOVB      AL,#0                 ; [CPU_] |80| 
     283              $C$DW$29        .dwtag  DW_TAG_TI_branch
     284                      .dwattr $C$DW$29, DW_AT_low_pc(0x00)
     285                      .dwattr $C$DW$29, DW_AT_TI_return
     286 0000003a 0006          LRETR     ; [CPU_] 
     287                      ; return occurs ; [] 
     288 0000003b       $C$L4:    
     289                      .dwpsn  file "D:/FOC_27/sw/drivers/drvic/FreeModbus/modbus/functions/mbfuncholding.c",line 96,column 
     290              $C$DW$30        .dwtag  DW_TAG_TI_branch
     291                      .dwattr $C$DW$30, DW_AT_low_pc(0x00)
     292                      .dwattr $C$DW$30, DW_AT_name("_prveMBError2Exception")
     293                      .dwattr $C$DW$30, DW_AT_TI_call
     294 0000003b 7640!         LCR       #_prveMBError2Exception ; [CPU_] |96| 
         0000003c 0000 
     295                      ; call occurs [#_prveMBError2Exception] ; [] |96| 
     296              $C$DW$31        .dwtag  DW_TAG_TI_branch
     297                      .dwattr $C$DW$31, DW_AT_low_pc(0x00)
     298                      .dwattr $C$DW$31, DW_AT_TI_return
     299 0000003d 0006          LRETR     ; [CPU_] 
     300                      ; return occurs ; [] 
     301 0000003e       $C$L5:    
     302                      .dwpsn  file "D:/FOC_27/sw/drivers/drvic/FreeModbus/modbus/functions/mbfuncholding.c",line 102,column
     303 0000003e 9A03          MOVB      AL,#3                 ; [CPU_] |102| 
     304              $C$DW$32        .dwtag  DW_TAG_TI_branch
     305                      .dwattr $C$DW$32, DW_AT_low_pc(0x00)
     306                      .dwattr $C$DW$32, DW_AT_TI_return
     307 0000003f 0006          LRETR     ; [CPU_] 
     308                      ; return occurs ; [] 
     309                      .dwattr $C$DW$20, DW_AT_TI_end_file("D:/FOC_27/sw/drivers/drvic/FreeModbus/modbus/functions/mbfunchol
     310                      .dwattr $C$DW$20, DW_AT_TI_end_line(0x69)
     311                      .dwattr $C$DW$20, DW_AT_TI_end_column(0x01)
     312                      .dwendentry
     313                      .dwendtag $C$DW$20
     314              
     315 00000040               .sect   ".text"
     316                      .clink
     317                      .global _eMBFuncReadWriteMultipleHoldingRegister
     318              
     319              $C$DW$33        .dwtag  DW_TAG_subprogram, DW_AT_name("eMBFuncReadWriteMultipleHoldingRegister")
     320                      .dwattr $C$DW$33, DW_AT_low_pc(_eMBFuncReadWriteMultipleHoldingRegister)
     321                      .dwattr $C$DW$33, DW_AT_high_pc(0x00)
TMS320C2000 Assembler PC v6.2.5 Tue Aug 15 11:38:39 2017

Tools Copyright (c) 1996-2014 Texas Instruments Incorporated
C:\Users\wmj\AppData\Local\Temp\7527610                              PAGE    7

     322                      .dwattr $C$DW$33, DW_AT_TI_symbol_name("_eMBFuncReadWriteMultipleHoldingRegister")
     323                      .dwattr $C$DW$33, DW_AT_external
     324                      .dwattr $C$DW$33, DW_AT_type(*$C$DW$T$35)
     325                      .dwattr $C$DW$33, DW_AT_TI_begin_file("D:/FOC_27/sw/drivers/drvic/FreeModbus/modbus/functions/mbfunch
     326                      .dwattr $C$DW$33, DW_AT_TI_begin_line(0xeb)
     327                      .dwattr $C$DW$33, DW_AT_TI_begin_column(0x01)
     328                      .dwattr $C$DW$33, DW_AT_TI_max_frame_size(-10)
     329                      .dwpsn  file "D:/FOC_27/sw/drivers/drvic/FreeModbus/modbus/functions/mbfuncholding.c",line 236,column
     330              
     331                      .dwfde $C$DW$CIE, _eMBFuncReadWriteMultipleHoldingRegister
     332              $C$DW$34        .dwtag  DW_TAG_formal_parameter, DW_AT_name("pucFrame")
     333                      .dwattr $C$DW$34, DW_AT_TI_symbol_name("_pucFrame")
     334                      .dwattr $C$DW$34, DW_AT_type(*$C$DW$T$21)
     335                      .dwattr $C$DW$34, DW_AT_location[DW_OP_reg12]
     336              $C$DW$35        .dwtag  DW_TAG_formal_parameter, DW_AT_name("usLen")
     337                      .dwattr $C$DW$35, DW_AT_TI_symbol_name("_usLen")
     338                      .dwattr $C$DW$35, DW_AT_type(*$C$DW$T$33)
     339                      .dwattr $C$DW$35, DW_AT_location[DW_OP_reg14]
     340              
     341              ;***************************************************************
     342              ;* FNAME: _eMBFuncReadWriteMultipleHoldingRegister FR SIZE:   8           *
     343              ;*                                                             *
     344              ;* FUNCTION ENVIRONMENT                                        *
     345              ;*                                                             *
     346              ;* FUNCTION PROPERTIES                                         *
     347              ;*                            0 Parameter,  2 Auto,  6 SOE     *
     348              ;***************************************************************
     349              
     350              _eMBFuncReadWriteMultipleHoldingRegister:
     351              ;* AL    assigned to _eRegStatus
     352              $C$DW$36        .dwtag  DW_TAG_variable, DW_AT_name("eRegStatus")
     353                      .dwattr $C$DW$36, DW_AT_TI_symbol_name("_eRegStatus")
     354                      .dwattr $C$DW$36, DW_AT_type(*$C$DW$T$28)
     355                      .dwattr $C$DW$36, DW_AT_location[DW_OP_reg0]
     356              ;* AR1   assigned to _eStatus
     357              $C$DW$37        .dwtag  DW_TAG_variable, DW_AT_name("eStatus")
     358                      .dwattr $C$DW$37, DW_AT_TI_symbol_name("_eStatus")
     359                      .dwattr $C$DW$37, DW_AT_type(*$C$DW$T$35)
     360                      .dwattr $C$DW$37, DW_AT_location[DW_OP_reg6]
     361              ;* AR4   assigned to _pucFrameCur
     362              $C$DW$38        .dwtag  DW_TAG_variable, DW_AT_name("pucFrameCur")
     363                      .dwattr $C$DW$38, DW_AT_TI_symbol_name("_pucFrameCur")
     364                      .dwattr $C$DW$38, DW_AT_type(*$C$DW$T$21)
     365                      .dwattr $C$DW$38, DW_AT_location[DW_OP_reg12]
     366              ;* AR6   assigned to _usRegWriteCount
     367              $C$DW$39        .dwtag  DW_TAG_variable, DW_AT_name("usRegWriteCount")
     368                      .dwattr $C$DW$39, DW_AT_TI_symbol_name("_usRegWriteCount")
     369                      .dwattr $C$DW$39, DW_AT_type(*$C$DW$T$23)
     370                      .dwattr $C$DW$39, DW_AT_location[DW_OP_reg16]
     371              ;* AR7   assigned to _usRegWriteAddress
     372              $C$DW$40        .dwtag  DW_TAG_variable, DW_AT_name("usRegWriteAddress")
     373                      .dwattr $C$DW$40, DW_AT_TI_symbol_name("_usRegWriteAddress")
     374                      .dwattr $C$DW$40, DW_AT_type(*$C$DW$T$23)
     375                      .dwattr $C$DW$40, DW_AT_location[DW_OP_reg18]
     376              $C$DW$41        .dwtag  DW_TAG_variable, DW_AT_name("usRegReadCount")
TMS320C2000 Assembler PC v6.2.5 Tue Aug 15 11:38:39 2017

Tools Copyright (c) 1996-2014 Texas Instruments Incorporated
C:\Users\wmj\AppData\Local\Temp\7527610                              PAGE    8

     377                      .dwattr $C$DW$41, DW_AT_TI_symbol_name("_usRegReadCount")
     378                      .dwattr $C$DW$41, DW_AT_type(*$C$DW$T$23)
     379                      .dwattr $C$DW$41, DW_AT_location[DW_OP_breg20 -1]
     380              $C$DW$42        .dwtag  DW_TAG_variable, DW_AT_name("usRegReadAddress")
     381                      .dwattr $C$DW$42, DW_AT_TI_symbol_name("_usRegReadAddress")
     382                      .dwattr $C$DW$42, DW_AT_type(*$C$DW$T$23)
     383                      .dwattr $C$DW$42, DW_AT_location[DW_OP_breg20 -2]
     384              ;* AR3   assigned to _usLen
     385              $C$DW$43        .dwtag  DW_TAG_variable, DW_AT_name("usLen")
     386                      .dwattr $C$DW$43, DW_AT_TI_symbol_name("_usLen")
     387                      .dwattr $C$DW$43, DW_AT_type(*$C$DW$T$39)
     388                      .dwattr $C$DW$43, DW_AT_location[DW_OP_reg10]
     389              ;* AR2   assigned to _pucFrame
     390              $C$DW$44        .dwtag  DW_TAG_variable, DW_AT_name("pucFrame")
     391                      .dwattr $C$DW$44, DW_AT_TI_symbol_name("_pucFrame")
     392                      .dwattr $C$DW$44, DW_AT_type(*$C$DW$T$38)
     393                      .dwattr $C$DW$44, DW_AT_location[DW_OP_reg8]
     394              ;* AR2   assigned to $O$U66
     395                      .dwcfi  cfa_offset, -2
     396                      .dwcfi  save_reg_to_mem, 26, 0
     397                      .dwcfi  save_reg_to_reg, 78, 26
     398 00000040 B2BD          MOVL      *SP++,XAR1            ; [CPU_] 
     399                      .dwcfi  save_reg_to_mem, 7, 2
     400                      .dwcfi  cfa_offset, -4
     401 00000041 AABD          MOVL      *SP++,XAR2            ; [CPU_] 
     402                      .dwcfi  save_reg_to_mem, 9, 4
     403                      .dwcfi  cfa_offset, -6
     404 00000042 A2BD          MOVL      *SP++,XAR3            ; [CPU_] 
     405                      .dwcfi  save_reg_to_mem, 11, 6
     406                      .dwcfi  cfa_offset, -8
     407 00000043 FE02          ADDB      SP,#2                 ; [CPU_U] 
     408                      .dwcfi  cfa_offset, -10
     409 00000044 82A5          MOVL      XAR3,XAR5             ; [CPU_] |236| 
     410                      .dwpsn  file "D:/FOC_27/sw/drivers/drvic/FreeModbus/modbus/functions/mbfuncholding.c",line 244,column
     411 00000045 D100          MOVB      XAR1,#0               ; [CPU_] |244| 
     412                      .dwpsn  file "D:/FOC_27/sw/drivers/drvic/FreeModbus/modbus/functions/mbfuncholding.c",line 236,column
     413 00000046 86A4          MOVL      XAR2,XAR4             ; [CPU_] |236| 
     414                      .dwpsn  file "D:/FOC_27/sw/drivers/drvic/FreeModbus/modbus/functions/mbfuncholding.c",line 247,column
     415 00000047 92C3          MOV       AL,*+XAR3[0]          ; [CPU_] |247| 
     416 00000048 520A          CMPB      AL,#10                ; [CPU_] |247| 
     417 00000049 6849          B         $C$L8,LO              ; [CPU_] |247| 
     418                      ; branchcc occurs ; [] |247| 
     419                      .dwpsn  file "D:/FOC_27/sw/drivers/drvic/FreeModbus/modbus/functions/mbfuncholding.c",line 249,column
     420 0000004a 5603          MOV       ACC,*+XAR2[1] << #8   ; [CPU_] |249| 
         0000004b 08CA 
     421                      .dwpsn  file "D:/FOC_27/sw/drivers/drvic/FreeModbus/modbus/functions/mbfuncholding.c",line 250,column
     422 0000004c CAD2          OR        AL,*+XAR2[2]          ; [CPU_] |250| 
     423 0000004d 9642          MOV       *-SP[2],AL            ; [CPU_] |250| 
     424                      .dwpsn  file "D:/FOC_27/sw/drivers/drvic/FreeModbus/modbus/functions/mbfuncholding.c",line 261,column
     425 0000004e D008          MOVB      XAR0,#8               ; [CPU_] |261| 
     426                      .dwpsn  file "D:/FOC_27/sw/drivers/drvic/FreeModbus/modbus/functions/mbfuncholding.c",line 253,column
     427 0000004f 5603          MOV       ACC,*+XAR2[3] << #8   ; [CPU_] |253| 
         00000050 08DA 
     428                      .dwpsn  file "D:/FOC_27/sw/drivers/drvic/FreeModbus/modbus/functions/mbfuncholding.c",line 254,column
     429 00000051 CAE2          OR        AL,*+XAR2[4]          ; [CPU_] |254| 
TMS320C2000 Assembler PC v6.2.5 Tue Aug 15 11:38:39 2017

Tools Copyright (c) 1996-2014 Texas Instruments Incorporated
C:\Users\wmj\AppData\Local\Temp\7527610                              PAGE    9

     430 00000052 9641          MOV       *-SP[1],AL            ; [CPU_] |254| 
     431                      .dwpsn  file "D:/FOC_27/sw/drivers/drvic/FreeModbus/modbus/functions/mbfuncholding.c",line 256,column
     432 00000053 5603          MOV       ACC,*+XAR2[5] << #8   ; [CPU_] |256| 
         00000054 08EA 
     433                      .dwpsn  file "D:/FOC_27/sw/drivers/drvic/FreeModbus/modbus/functions/mbfuncholding.c",line 257,column
     434 00000055 CAF2          OR        AL,*+XAR2[6]          ; [CPU_] |257| 
     435 00000056 80A9          MOVZ      AR7,AL                ; [CPU_] |257| 
     436                      .dwpsn  file "D:/FOC_27/sw/drivers/drvic/FreeModbus/modbus/functions/mbfuncholding.c",line 260,column
     437 00000057 5603          MOV       ACC,*+XAR2[7] << #8   ; [CPU_] |260| 
         00000058 08FA 
     438 00000059 93A9          MOV       AH,AL                 ; [CPU_] |260| 
     439                      .dwpsn  file "D:/FOC_27/sw/drivers/drvic/FreeModbus/modbus/functions/mbfuncholding.c",line 261,column
     440 0000005a CB92          OR        AH,*+XAR2[AR0]        ; [CPU_] |261| 
     441 0000005b 88A8          MOVZ      AR6,AH                ; [CPU_] |261| 
     442 0000005c 9341          MOV       AH,*-SP[1]            ; [CPU_] |261| 
     443                      .dwpsn  file "D:/FOC_27/sw/drivers/drvic/FreeModbus/modbus/functions/mbfuncholding.c",line 265,column
     444 0000005d 9DFF          ADDB      AH,#-1                ; [CPU_] |265| 
     445 0000005e 537D          CMPB      AH,#125               ; [CPU_] |265| 
     446 0000005f 6732          B         $C$L7,HIS             ; [CPU_] |265| 
     447                      ; branchcc occurs ; [] |265| 
     448 00000060 93A6          MOV       AH,AR6                ; [CPU_] 
     449 00000061 9DFF          ADDB      AH,#-1                ; [CPU_] |265| 
     450 00000062 5379          CMPB      AH,#121               ; [CPU_] |265| 
     451 00000063 672E          B         $C$L7,HIS             ; [CPU_] |265| 
     452                      ; branchcc occurs ; [] |265| 
     453 00000064 D009          MOVB      XAR0,#9               ; [CPU_] |265| 
     454 00000065 5603          MOV       ACC,AR6 << #1         ; [CPU_] |265| 
         00000066 01A6 
     455 00000067 2BAA          MOV       PH,#0                 ; [CPU_] |265| 
     456 00000068 2792          MOV       PL,*+XAR2[AR0]        ; [CPU_] |265| 
     457 00000069 5CA9          MOVZ      AR4,AL                ; [CPU_] |265| 
     458 0000006a A9A9          MOVL      ACC,P                 ; [CPU_] |265| 
     459 0000006b 0FA4          CMPL      ACC,XAR4              ; [CPU_] |265| 
     460 0000006c ED25          BF        $C$L7,NEQ             ; [CPU_] |265| 
     461                      ; branchcc occurs ; [] |265| 
     462                      .dwpsn  file "D:/FOC_27/sw/drivers/drvic/FreeModbus/modbus/functions/mbfuncholding.c",line 270,column
     463 0000006d DF01          ADDB      XAR7,#1               ; [CPU_] |270| 
     464 0000006e 8AA2          MOVL      XAR4,XAR2             ; [CPU_] |270| 
     465 0000006f D501          MOVB      XAR5,#1               ; [CPU_] |270| 
     466 00000070 93A6          MOV       AH,AR6                ; [CPU_] |270| 
     467 00000071 92A7          MOV       AL,AR7                ; [CPU_] |270| 
     468 00000072 DC0A          ADDB      XAR4,#10              ; [CPU_] |270| 
     469              $C$DW$45        .dwtag  DW_TAG_TI_branch
     470                      .dwattr $C$DW$45, DW_AT_low_pc(0x00)
     471                      .dwattr $C$DW$45, DW_AT_name("_eMBRegHoldingCB")
     472                      .dwattr $C$DW$45, DW_AT_TI_call
     473 00000073 7640!         LCR       #_eMBRegHoldingCB     ; [CPU_] |270| 
         00000074 0000 
     474                      ; call occurs [#_eMBRegHoldingCB] ; [] |270| 
     475 00000075 5200          CMPB      AL,#0                 ; [CPU_] |270| 
     476 00000076 ED17          BF        $C$L6,NEQ             ; [CPU_] |270| 
     477                      ; branchcc occurs ; [] |270| 
     478                      .dwpsn  file "D:/FOC_27/sw/drivers/drvic/FreeModbus/modbus/functions/mbfuncholding.c",line 276,column
     479 00000077 8AA2          MOVL      XAR4,XAR2             ; [CPU_] |276| 
     480                      .dwpsn  file "D:/FOC_27/sw/drivers/drvic/FreeModbus/modbus/functions/mbfuncholding.c",line 277,column
TMS320C2000 Assembler PC v6.2.5 Tue Aug 15 11:38:39 2017

Tools Copyright (c) 1996-2014 Texas Instruments Incorporated
C:\Users\wmj\AppData\Local\Temp\7527610                              PAGE   10

     481 00000078 2BC3          MOV       *+XAR3[0],#0          ; [CPU_] |277| 
     482                      .dwpsn  file "D:/FOC_27/sw/drivers/drvic/FreeModbus/modbus/functions/mbfuncholding.c",line 280,column
     483 00000079 56BF          MOVB      *XAR4++,#23,UNC       ; [CPU_] |280| 
         0000007a 1784 
     484                      .dwpsn  file "D:/FOC_27/sw/drivers/drvic/FreeModbus/modbus/functions/mbfuncholding.c",line 281,column
     485 0000007b 0AC3          INC       *+XAR3[0]             ; [CPU_] |281| 
     486 0000007c 9241          MOV       AL,*-SP[1]            ; [CPU_] |281| 
     487                      .dwpsn  file "D:/FOC_27/sw/drivers/drvic/FreeModbus/modbus/functions/mbfuncholding.c",line 284,column
     488 0000007d 5603          MOV       ACC,AL << #1          ; [CPU_] |284| 
         0000007e 01A9 
     489 0000007f 5AA9          MOVZ      AR2,AL                ; [CPU_] |284| 
     490 00000080 9684          MOV       *XAR4++,AL            ; [CPU_] |284| 
     491                      .dwpsn  file "D:/FOC_27/sw/drivers/drvic/FreeModbus/modbus/functions/mbfuncholding.c",line 285,column
     492 00000081 0AC3          INC       *+XAR3[0]             ; [CPU_] |285| 
     493                      .dwpsn  file "D:/FOC_27/sw/drivers/drvic/FreeModbus/modbus/functions/mbfuncholding.c",line 288,column
     494 00000082 0A42          INC       *-SP[2]               ; [CPU_] |288| 
     495 00000083 9341          MOV       AH,*-SP[1]            ; [CPU_] |288| 
     496                      .dwpsn  file "D:/FOC_27/sw/drivers/drvic/FreeModbus/modbus/functions/mbfuncholding.c",line 285,column
     497 00000084 9242          MOV       AL,*-SP[2]            ; [CPU_] |285| 
     498                      .dwpsn  file "D:/FOC_27/sw/drivers/drvic/FreeModbus/modbus/functions/mbfuncholding.c",line 288,column
     499 00000085 D500          MOVB      XAR5,#0               ; [CPU_] |288| 
     500              $C$DW$46        .dwtag  DW_TAG_TI_branch
     501                      .dwattr $C$DW$46, DW_AT_low_pc(0x00)
     502                      .dwattr $C$DW$46, DW_AT_name("_eMBRegHoldingCB")
     503                      .dwattr $C$DW$46, DW_AT_TI_call
     504 00000086 7640!         LCR       #_eMBRegHoldingCB     ; [CPU_] |288| 
         00000087 0000 
     505                      ; call occurs [#_eMBRegHoldingCB] ; [] |288| 
     506 00000088 5200          CMPB      AL,#0                 ; [CPU_] |288| 
     507 00000089 ED04          BF        $C$L6,NEQ             ; [CPU_] |288| 
     508                      ; branchcc occurs ; [] |288| 
     509 0000008a 92A2          MOV       AL,AR2                ; [CPU_] 
     510                      .dwpsn  file "D:/FOC_27/sw/drivers/drvic/FreeModbus/modbus/functions/mbfuncholding.c",line 292,column
     511 0000008b 72C3          ADD       *+XAR3[0],AL          ; [CPU_] |292| 
     512 0000008c 6F06          B         $C$L8,UNC             ; [CPU_] |292| 
     513                      ; branch occurs ; [] |292| 
     514 0000008d       $C$L6:    
     515                      .dwpsn  file "D:/FOC_27/sw/drivers/drvic/FreeModbus/modbus/functions/mbfuncholding.c",line 297,column
     516              $C$DW$47        .dwtag  DW_TAG_TI_branch
     517                      .dwattr $C$DW$47, DW_AT_low_pc(0x00)
     518                      .dwattr $C$DW$47, DW_AT_name("_prveMBError2Exception")
     519                      .dwattr $C$DW$47, DW_AT_TI_call
     520 0000008d 7640!         LCR       #_prveMBError2Exception ; [CPU_] |297| 
         0000008e 0000 
     521                      ; call occurs [#_prveMBError2Exception] ; [] |297| 
     522 0000008f 59A9          MOVZ      AR1,AL                ; [CPU_] |297| 
     523 00000090 6F02          B         $C$L8,UNC             ; [CPU_] |297| 
     524                      ; branch occurs ; [] |297| 
     525 00000091       $C$L7:    
     526                      .dwpsn  file "D:/FOC_27/sw/drivers/drvic/FreeModbus/modbus/functions/mbfuncholding.c",line 302,column
     527 00000091 D103          MOVB      XAR1,#3               ; [CPU_] |302| 
     528 00000092       $C$L8:    
     529 00000092 FE82          SUBB      SP,#2                 ; [CPU_U] 
     530                      .dwcfi  cfa_offset, -8
     531                      .dwpsn  file "D:/FOC_27/sw/drivers/drvic/FreeModbus/modbus/functions/mbfuncholding.c",line 305,column
TMS320C2000 Assembler PC v6.2.5 Tue Aug 15 11:38:39 2017

Tools Copyright (c) 1996-2014 Texas Instruments Incorporated
C:\Users\wmj\AppData\Local\Temp\7527610                              PAGE   11

     532 00000093 92A1          MOV       AL,AR1                ; [CPU_] |305| 
     533 00000094 82BE          MOVL      XAR3,*--SP            ; [CPU_] 
     534                      .dwcfi  cfa_offset, -6
     535                      .dwcfi  restore_reg, 11
     536 00000095 86BE          MOVL      XAR2,*--SP            ; [CPU_] 
     537                      .dwcfi  cfa_offset, -4
     538                      .dwcfi  restore_reg, 9
     539 00000096 8BBE          MOVL      XAR1,*--SP            ; [CPU_] 
     540                      .dwcfi  cfa_offset, -2
     541                      .dwcfi  restore_reg, 7
     542              $C$DW$48        .dwtag  DW_TAG_TI_branch
     543                      .dwattr $C$DW$48, DW_AT_low_pc(0x00)
     544                      .dwattr $C$DW$48, DW_AT_TI_return
     545 00000097 0006          LRETR     ; [CPU_] 
     546                      ; return occurs ; [] 
     547                      .dwattr $C$DW$33, DW_AT_TI_end_file("D:/FOC_27/sw/drivers/drvic/FreeModbus/modbus/functions/mbfunchol
     548                      .dwattr $C$DW$33, DW_AT_TI_end_line(0x132)
     549                      .dwattr $C$DW$33, DW_AT_TI_end_column(0x01)
     550                      .dwendentry
     551                      .dwendtag $C$DW$33
     552              
     553 00000098               .sect   ".text"
     554                      .clink
     555                      .global _eMBFuncReadHoldingRegister
     556              
     557              $C$DW$49        .dwtag  DW_TAG_subprogram, DW_AT_name("eMBFuncReadHoldingRegister")
     558                      .dwattr $C$DW$49, DW_AT_low_pc(_eMBFuncReadHoldingRegister)
     559                      .dwattr $C$DW$49, DW_AT_high_pc(0x00)
     560                      .dwattr $C$DW$49, DW_AT_TI_symbol_name("_eMBFuncReadHoldingRegister")
     561                      .dwattr $C$DW$49, DW_AT_external
     562                      .dwattr $C$DW$49, DW_AT_type(*$C$DW$T$35)
     563                      .dwattr $C$DW$49, DW_AT_TI_begin_file("D:/FOC_27/sw/drivers/drvic/FreeModbus/modbus/functions/mbfunch
     564                      .dwattr $C$DW$49, DW_AT_TI_begin_line(0xaa)
     565                      .dwattr $C$DW$49, DW_AT_TI_begin_column(0x01)
     566                      .dwattr $C$DW$49, DW_AT_TI_max_frame_size(-6)
     567                      .dwpsn  file "D:/FOC_27/sw/drivers/drvic/FreeModbus/modbus/functions/mbfuncholding.c",line 171,column
     568              
     569                      .dwfde $C$DW$CIE, _eMBFuncReadHoldingRegister
     570              $C$DW$50        .dwtag  DW_TAG_formal_parameter, DW_AT_name("pucFrame")
     571                      .dwattr $C$DW$50, DW_AT_TI_symbol_name("_pucFrame")
     572                      .dwattr $C$DW$50, DW_AT_type(*$C$DW$T$21)
     573                      .dwattr $C$DW$50, DW_AT_location[DW_OP_reg12]
     574              $C$DW$51        .dwtag  DW_TAG_formal_parameter, DW_AT_name("usLen")
     575                      .dwattr $C$DW$51, DW_AT_TI_symbol_name("_usLen")
     576                      .dwattr $C$DW$51, DW_AT_type(*$C$DW$T$33)
     577                      .dwattr $C$DW$51, DW_AT_location[DW_OP_reg14]
     578              
     579              ;***************************************************************
     580              ;* FNAME: _eMBFuncReadHoldingRegister   FR SIZE:   4           *
     581              ;*                                                             *
     582              ;* FUNCTION ENVIRONMENT                                        *
     583              ;*                                                             *
     584              ;* FUNCTION PROPERTIES                                         *
     585              ;*                            0 Parameter,  0 Auto,  4 SOE     *
     586              ;***************************************************************
TMS320C2000 Assembler PC v6.2.5 Tue Aug 15 11:38:39 2017

Tools Copyright (c) 1996-2014 Texas Instruments Incorporated
C:\Users\wmj\AppData\Local\Temp\7527610                              PAGE   12

     587              
     588              _eMBFuncReadHoldingRegister:
     589              ;* AL    assigned to _eRegStatus
     590              $C$DW$52        .dwtag  DW_TAG_variable, DW_AT_name("eRegStatus")
     591                      .dwattr $C$DW$52, DW_AT_TI_symbol_name("_eRegStatus")
     592                      .dwattr $C$DW$52, DW_AT_type(*$C$DW$T$28)
     593                      .dwattr $C$DW$52, DW_AT_location[DW_OP_reg0]
     594              ;* AL    assigned to _eStatus
     595              $C$DW$53        .dwtag  DW_TAG_variable, DW_AT_name("eStatus")
     596                      .dwattr $C$DW$53, DW_AT_TI_symbol_name("_eStatus")
     597                      .dwattr $C$DW$53, DW_AT_type(*$C$DW$T$35)
     598                      .dwattr $C$DW$53, DW_AT_location[DW_OP_reg0]
     599              ;* AR4   assigned to _pucFrameCur
     600              $C$DW$54        .dwtag  DW_TAG_variable, DW_AT_name("pucFrameCur")
     601                      .dwattr $C$DW$54, DW_AT_TI_symbol_name("_pucFrameCur")
     602                      .dwattr $C$DW$54, DW_AT_type(*$C$DW$T$21)
     603                      .dwattr $C$DW$54, DW_AT_location[DW_OP_reg12]
     604              ;* AR6   assigned to _usRegCount
     605              $C$DW$55        .dwtag  DW_TAG_variable, DW_AT_name("usRegCount")
     606                      .dwattr $C$DW$55, DW_AT_TI_symbol_name("_usRegCount")
     607                      .dwattr $C$DW$55, DW_AT_type(*$C$DW$T$23)
     608                      .dwattr $C$DW$55, DW_AT_location[DW_OP_reg16]
     609              ;* AR7   assigned to _usRegAddress
     610              $C$DW$56        .dwtag  DW_TAG_variable, DW_AT_name("usRegAddress")
     611                      .dwattr $C$DW$56, DW_AT_TI_symbol_name("_usRegAddress")
     612                      .dwattr $C$DW$56, DW_AT_type(*$C$DW$T$23)
     613                      .dwattr $C$DW$56, DW_AT_location[DW_OP_reg18]
     614              ;* AR2   assigned to _usLen
     615              $C$DW$57        .dwtag  DW_TAG_variable, DW_AT_name("usLen")
     616                      .dwattr $C$DW$57, DW_AT_TI_symbol_name("_usLen")
     617                      .dwattr $C$DW$57, DW_AT_type(*$C$DW$T$39)
     618                      .dwattr $C$DW$57, DW_AT_location[DW_OP_reg8]
     619              ;* AR4   assigned to _pucFrame
     620              $C$DW$58        .dwtag  DW_TAG_variable, DW_AT_name("pucFrame")
     621                      .dwattr $C$DW$58, DW_AT_TI_symbol_name("_pucFrame")
     622                      .dwattr $C$DW$58, DW_AT_type(*$C$DW$T$38)
     623                      .dwattr $C$DW$58, DW_AT_location[DW_OP_reg12]
     624              ;* AR1   assigned to $O$U29
     625                      .dwcfi  cfa_offset, -2
     626                      .dwcfi  save_reg_to_mem, 26, 0
     627                      .dwcfi  save_reg_to_reg, 78, 26
     628 00000098 B2BD          MOVL      *SP++,XAR1            ; [CPU_] 
     629                      .dwcfi  save_reg_to_mem, 7, 2
     630                      .dwcfi  cfa_offset, -4
     631 00000099 AABD          MOVL      *SP++,XAR2            ; [CPU_] 
     632                      .dwcfi  save_reg_to_mem, 9, 4
     633                      .dwcfi  cfa_offset, -6
     634 0000009a 86A5          MOVL      XAR2,XAR5             ; [CPU_] |171| 
     635                      .dwpsn  file "D:/FOC_27/sw/drivers/drvic/FreeModbus/modbus/functions/mbfuncholding.c",line 179,column
     636 0000009b 92C2          MOV       AL,*+XAR2[0]          ; [CPU_] |179| 
     637 0000009c 5205          CMPB      AL,#5                 ; [CPU_] |179| 
     638 0000009d ED22          BF        $C$L10,NEQ            ; [CPU_] |179| 
     639                      ; branchcc occurs ; [] |179| 
     640                      .dwpsn  file "D:/FOC_27/sw/drivers/drvic/FreeModbus/modbus/functions/mbfuncholding.c",line 186,column
     641 0000009e 88E4          MOVZ      AR6,*+XAR4[4]         ; [CPU_] |186| 
TMS320C2000 Assembler PC v6.2.5 Tue Aug 15 11:38:39 2017

Tools Copyright (c) 1996-2014 Texas Instruments Incorporated
C:\Users\wmj\AppData\Local\Temp\7527610                              PAGE   13

     642                      .dwpsn  file "D:/FOC_27/sw/drivers/drvic/FreeModbus/modbus/functions/mbfuncholding.c",line 181,column
     643 0000009f 5603          MOV       ACC,*+XAR4[1] << #8   ; [CPU_] |181| 
         000000a0 08CC 
     644                      .dwpsn  file "D:/FOC_27/sw/drivers/drvic/FreeModbus/modbus/functions/mbfuncholding.c",line 182,column
     645 000000a1 CAD4          OR        AL,*+XAR4[2]          ; [CPU_] |182| 
     646 000000a2 80A9          MOVZ      AR7,AL                ; [CPU_] |182| 
     647                      .dwpsn  file "D:/FOC_27/sw/drivers/drvic/FreeModbus/modbus/functions/mbfuncholding.c",line 186,column
     648 000000a3 93A6          MOV       AH,AR6                ; [CPU_] |186| 
     649 000000a4 EC1B          BF        $C$L10,EQ             ; [CPU_] |186| 
     650                      ; branchcc occurs ; [] |186| 
     651 000000a5 537D          CMPB      AH,#125               ; [CPU_] |186| 
     652 000000a6 6619          B         $C$L10,HI             ; [CPU_] |186| 
     653                      ; branchcc occurs ; [] |186| 
     654                      .dwpsn  file "D:/FOC_27/sw/drivers/drvic/FreeModbus/modbus/functions/mbfuncholding.c",line 195,column
     655 000000a7 2BC2          MOV       *+XAR2[0],#0          ; [CPU_] |195| 
     656                      .dwpsn  file "D:/FOC_27/sw/drivers/drvic/FreeModbus/modbus/functions/mbfuncholding.c",line 202,column
     657 000000a8 5603          MOV       ACC,AR6 << #1         ; [CPU_] |202| 
         000000a9 01A6 
     658                      .dwpsn  file "D:/FOC_27/sw/drivers/drvic/FreeModbus/modbus/functions/mbfuncholding.c",line 198,column
     659 000000aa 56BF          MOVB      *XAR4++,#3,UNC        ; [CPU_] |198| 
         000000ab 0384 
     660                      .dwpsn  file "D:/FOC_27/sw/drivers/drvic/FreeModbus/modbus/functions/mbfuncholding.c",line 202,column
     661 000000ac 59A9          MOVZ      AR1,AL                ; [CPU_] |202| 
     662                      .dwpsn  file "D:/FOC_27/sw/drivers/drvic/FreeModbus/modbus/functions/mbfuncholding.c",line 206,column
     663 000000ad D500          MOVB      XAR5,#0               ; [CPU_] |206| 
     664                      .dwpsn  file "D:/FOC_27/sw/drivers/drvic/FreeModbus/modbus/functions/mbfuncholding.c",line 199,column
     665 000000ae 0AC2          INC       *+XAR2[0]             ; [CPU_] |199| 
     666                      .dwpsn  file "D:/FOC_27/sw/drivers/drvic/FreeModbus/modbus/functions/mbfuncholding.c",line 206,column
     667 000000af 93A6          MOV       AH,AR6                ; [CPU_] |206| 
     668                      .dwpsn  file "D:/FOC_27/sw/drivers/drvic/FreeModbus/modbus/functions/mbfuncholding.c",line 202,column
     669 000000b0 9684          MOV       *XAR4++,AL            ; [CPU_] |202| 
     670                      .dwpsn  file "D:/FOC_27/sw/drivers/drvic/FreeModbus/modbus/functions/mbfuncholding.c",line 203,column
     671 000000b1 92A7          MOV       AL,AR7                ; [CPU_] |203| 
     672 000000b2 0AC2          INC       *+XAR2[0]             ; [CPU_] |203| 
     673                      .dwpsn  file "D:/FOC_27/sw/drivers/drvic/FreeModbus/modbus/functions/mbfuncholding.c",line 206,column
     674 000000b3 9C01          ADDB      AL,#1                 ; [CPU_] |206| 
     675              $C$DW$59        .dwtag  DW_TAG_TI_branch
     676                      .dwattr $C$DW$59, DW_AT_low_pc(0x00)
     677                      .dwattr $C$DW$59, DW_AT_name("_eMBRegHoldingCB")
     678                      .dwattr $C$DW$59, DW_AT_TI_call
     679 000000b4 7640!         LCR       #_eMBRegHoldingCB     ; [CPU_] |206| 
         000000b5 0000 
     680                      ; call occurs [#_eMBRegHoldingCB] ; [] |206| 
     681 000000b6 5200          CMPB      AL,#0                 ; [CPU_] |206| 
     682 000000b7 ED05          BF        $C$L9,NEQ             ; [CPU_] |206| 
     683                      ; branchcc occurs ; [] |206| 
     684 000000b8 92A1          MOV       AL,AR1                ; [CPU_] 
     685                      .dwpsn  file "D:/FOC_27/sw/drivers/drvic/FreeModbus/modbus/functions/mbfuncholding.c",line 214,column
     686 000000b9 72C2          ADD       *+XAR2[0],AL          ; [CPU_] |214| 
     687                      .dwpsn  file "D:/FOC_27/sw/drivers/drvic/FreeModbus/modbus/functions/mbfuncholding.c",line 176,column
     688 000000ba 9A00          MOVB      AL,#0                 ; [CPU_] |176| 
     689                      .dwpsn  file "D:/FOC_27/sw/drivers/drvic/FreeModbus/modbus/functions/mbfuncholding.c",line 214,column
     690 000000bb 6F05          B         $C$L11,UNC            ; [CPU_] |214| 
     691                      ; branch occurs ; [] |214| 
     692 000000bc       $C$L9:    
TMS320C2000 Assembler PC v6.2.5 Tue Aug 15 11:38:39 2017

Tools Copyright (c) 1996-2014 Texas Instruments Incorporated
C:\Users\wmj\AppData\Local\Temp\7527610                              PAGE   14

     693                      .dwpsn  file "D:/FOC_27/sw/drivers/drvic/FreeModbus/modbus/functions/mbfuncholding.c",line 210,column
     694              $C$DW$60        .dwtag  DW_TAG_TI_branch
     695                      .dwattr $C$DW$60, DW_AT_low_pc(0x00)
     696                      .dwattr $C$DW$60, DW_AT_name("_prveMBError2Exception")
     697                      .dwattr $C$DW$60, DW_AT_TI_call
     698 000000bc 7640!         LCR       #_prveMBError2Exception ; [CPU_] |210| 
         000000bd 0000 
     699                      ; call occurs [#_prveMBError2Exception] ; [] |210| 
     700                      .dwpsn  file "D:/FOC_27/sw/drivers/drvic/FreeModbus/modbus/functions/mbfuncholding.c",line 211,column
     701 000000be 6F02          B         $C$L11,UNC            ; [CPU_] |211| 
     702                      ; branch occurs ; [] |211| 
     703 000000bf       $C$L10:    
     704                      .dwpsn  file "D:/FOC_27/sw/drivers/drvic/FreeModbus/modbus/functions/mbfuncholding.c",line 225,column
     705 000000bf 9A03          MOVB      AL,#3                 ; [CPU_] |225| 
     706 000000c0       $C$L11:    
     707 000000c0 86BE          MOVL      XAR2,*--SP            ; [CPU_] 
     708                      .dwcfi  cfa_offset, -4
     709                      .dwcfi  restore_reg, 9
     710 000000c1 8BBE          MOVL      XAR1,*--SP            ; [CPU_] 
     711                      .dwcfi  cfa_offset, -2
     712                      .dwcfi  restore_reg, 7
     713              $C$DW$61        .dwtag  DW_TAG_TI_branch
     714                      .dwattr $C$DW$61, DW_AT_low_pc(0x00)
     715                      .dwattr $C$DW$61, DW_AT_TI_return
     716 000000c2 0006          LRETR     ; [CPU_] 
     717                      ; return occurs ; [] 
     718                      .dwattr $C$DW$49, DW_AT_TI_end_file("D:/FOC_27/sw/drivers/drvic/FreeModbus/modbus/functions/mbfunchol
     719                      .dwattr $C$DW$49, DW_AT_TI_end_line(0xe4)
     720                      .dwattr $C$DW$49, DW_AT_TI_end_column(0x01)
     721                      .dwendentry
     722                      .dwendtag $C$DW$49
     723              
     724              ;**************************************************************
     725              ;* UNDEFINED EXTERNAL REFERENCES                              *
     726              ;**************************************************************
     727                      .global _prveMBError2Exception
     728                      .global _eMBRegHoldingCB
     729              
     730              ;***************************************************************
     731              ;* TYPE INFORMATION                                            *
     732              ;***************************************************************
     733              
     734              $C$DW$T$19      .dwtag  DW_TAG_enumeration_type
     735                      .dwattr $C$DW$T$19, DW_AT_byte_size(0x01)
     736              $C$DW$62        .dwtag  DW_TAG_enumerator, DW_AT_name("MB_ENOERR"), DW_AT_const_value(0x00)
     737              $C$DW$63        .dwtag  DW_TAG_enumerator, DW_AT_name("MB_ENOREG"), DW_AT_const_value(0x01)
     738              $C$DW$64        .dwtag  DW_TAG_enumerator, DW_AT_name("MB_EINVAL"), DW_AT_const_value(0x02)
     739              $C$DW$65        .dwtag  DW_TAG_enumerator, DW_AT_name("MB_EPORTERR"), DW_AT_const_value(0x03)
     740              $C$DW$66        .dwtag  DW_TAG_enumerator, DW_AT_name("MB_ENORES"), DW_AT_const_value(0x04)
     741              $C$DW$67        .dwtag  DW_TAG_enumerator, DW_AT_name("MB_EIO"), DW_AT_const_value(0x05)
     742              $C$DW$68        .dwtag  DW_TAG_enumerator, DW_AT_name("MB_EILLSTATE"), DW_AT_const_value(0x06)
     743              $C$DW$69        .dwtag  DW_TAG_enumerator, DW_AT_name("MB_ETIMEDOUT"), DW_AT_const_value(0x07)
     744                      .dwendtag $C$DW$T$19
     745              
     746              $C$DW$T$28      .dwtag  DW_TAG_typedef, DW_AT_name("eMBErrorCode")
TMS320C2000 Assembler PC v6.2.5 Tue Aug 15 11:38:39 2017

Tools Copyright (c) 1996-2014 Texas Instruments Incorporated
C:\Users\wmj\AppData\Local\Temp\7527610                              PAGE   15

     747                      .dwattr $C$DW$T$28, DW_AT_type(*$C$DW$T$19)
     748                      .dwattr $C$DW$T$28, DW_AT_language(DW_LANG_C)
     749              
     750              $C$DW$T$24      .dwtag  DW_TAG_enumeration_type
     751                      .dwattr $C$DW$T$24, DW_AT_byte_size(0x01)
     752              $C$DW$70        .dwtag  DW_TAG_enumerator, DW_AT_name("MB_REG_READ"), DW_AT_const_value(0x00)
     753              $C$DW$71        .dwtag  DW_TAG_enumerator, DW_AT_name("MB_REG_WRITE"), DW_AT_const_value(0x01)
     754                      .dwendtag $C$DW$T$24
     755              
     756              $C$DW$T$25      .dwtag  DW_TAG_typedef, DW_AT_name("eMBRegisterMode")
     757                      .dwattr $C$DW$T$25, DW_AT_type(*$C$DW$T$24)
     758                      .dwattr $C$DW$T$25, DW_AT_language(DW_LANG_C)
     759              
     760              $C$DW$T$30      .dwtag  DW_TAG_enumeration_type
     761                      .dwattr $C$DW$T$30, DW_AT_byte_size(0x01)
     762              $C$DW$72        .dwtag  DW_TAG_enumerator, DW_AT_name("MB_EX_NONE"), DW_AT_const_value(0x00)
     763              $C$DW$73        .dwtag  DW_TAG_enumerator, DW_AT_name("MB_EX_ILLEGAL_FUNCTION"), DW_AT_const_value(0x01)
     764              $C$DW$74        .dwtag  DW_TAG_enumerator, DW_AT_name("MB_EX_ILLEGAL_DATA_ADDRESS"), DW_AT_const_value(0x02)
     765              $C$DW$75        .dwtag  DW_TAG_enumerator, DW_AT_name("MB_EX_ILLEGAL_DATA_VALUE"), DW_AT_const_value(0x03)
     766              $C$DW$76        .dwtag  DW_TAG_enumerator, DW_AT_name("MB_EX_SLAVE_DEVICE_FAILURE"), DW_AT_const_value(0x04)
     767              $C$DW$77        .dwtag  DW_TAG_enumerator, DW_AT_name("MB_EX_ACKNOWLEDGE"), DW_AT_const_value(0x05)
     768              $C$DW$78        .dwtag  DW_TAG_enumerator, DW_AT_name("MB_EX_SLAVE_BUSY"), DW_AT_const_value(0x06)
     769              $C$DW$79        .dwtag  DW_TAG_enumerator, DW_AT_name("MB_EX_MEMORY_PARITY_ERROR"), DW_AT_const_value(0x08)
     770              $C$DW$80        .dwtag  DW_TAG_enumerator, DW_AT_name("MB_EX_GATEWAY_PATH_FAILED"), DW_AT_const_value(0x0a)
     771              $C$DW$81        .dwtag  DW_TAG_enumerator, DW_AT_name("MB_EX_GATEWAY_TGT_FAILED"), DW_AT_const_value(0x0b)
     772                      .dwendtag $C$DW$T$30
     773              
     774              $C$DW$T$35      .dwtag  DW_TAG_typedef, DW_AT_name("eMBException")
     775                      .dwattr $C$DW$T$35, DW_AT_type(*$C$DW$T$30)
     776                      .dwattr $C$DW$T$35, DW_AT_language(DW_LANG_C)
     777              $C$DW$T$4       .dwtag  DW_TAG_base_type
     778                      .dwattr $C$DW$T$4, DW_AT_encoding(DW_ATE_boolean)
     779                      .dwattr $C$DW$T$4, DW_AT_name("bool")
     780                      .dwattr $C$DW$T$4, DW_AT_byte_size(0x01)
     781              $C$DW$T$5       .dwtag  DW_TAG_base_type
     782                      .dwattr $C$DW$T$5, DW_AT_encoding(DW_ATE_signed_char)
     783                      .dwattr $C$DW$T$5, DW_AT_name("signed char")
     784                      .dwattr $C$DW$T$5, DW_AT_byte_size(0x01)
     785              $C$DW$T$6       .dwtag  DW_TAG_base_type
     786                      .dwattr $C$DW$T$6, DW_AT_encoding(DW_ATE_unsigned_char)
     787                      .dwattr $C$DW$T$6, DW_AT_name("unsigned char")
     788                      .dwattr $C$DW$T$6, DW_AT_byte_size(0x01)
     789              $C$DW$T$20      .dwtag  DW_TAG_typedef, DW_AT_name("UCHAR")
     790                      .dwattr $C$DW$T$20, DW_AT_type(*$C$DW$T$6)
     791                      .dwattr $C$DW$T$20, DW_AT_language(DW_LANG_C)
     792              $C$DW$T$21      .dwtag  DW_TAG_pointer_type
     793                      .dwattr $C$DW$T$21, DW_AT_type(*$C$DW$T$20)
     794                      .dwattr $C$DW$T$21, DW_AT_address_class(0x16)
     795              $C$DW$82        .dwtag  DW_TAG_TI_far_type
     796                      .dwattr $C$DW$82, DW_AT_type(*$C$DW$T$21)
     797              $C$DW$T$38      .dwtag  DW_TAG_const_type
     798                      .dwattr $C$DW$T$38, DW_AT_type(*$C$DW$82)
     799              $C$DW$T$7       .dwtag  DW_TAG_base_type
     800                      .dwattr $C$DW$T$7, DW_AT_encoding(DW_ATE_signed_char)
     801                      .dwattr $C$DW$T$7, DW_AT_name("wchar_t")
TMS320C2000 Assembler PC v6.2.5 Tue Aug 15 11:38:39 2017

Tools Copyright (c) 1996-2014 Texas Instruments Incorporated
C:\Users\wmj\AppData\Local\Temp\7527610                              PAGE   16

     802                      .dwattr $C$DW$T$7, DW_AT_byte_size(0x01)
     803              $C$DW$T$8       .dwtag  DW_TAG_base_type
     804                      .dwattr $C$DW$T$8, DW_AT_encoding(DW_ATE_signed)
     805                      .dwattr $C$DW$T$8, DW_AT_name("short")
     806                      .dwattr $C$DW$T$8, DW_AT_byte_size(0x01)
     807              $C$DW$T$9       .dwtag  DW_TAG_base_type
     808                      .dwattr $C$DW$T$9, DW_AT_encoding(DW_ATE_unsigned)
     809                      .dwattr $C$DW$T$9, DW_AT_name("unsigned short")
     810                      .dwattr $C$DW$T$9, DW_AT_byte_size(0x01)
     811              $C$DW$T$22      .dwtag  DW_TAG_typedef, DW_AT_name("uint16_t")
     812                      .dwattr $C$DW$T$22, DW_AT_type(*$C$DW$T$9)
     813                      .dwattr $C$DW$T$22, DW_AT_language(DW_LANG_C)
     814              $C$DW$T$23      .dwtag  DW_TAG_typedef, DW_AT_name("USHORT")
     815                      .dwattr $C$DW$T$23, DW_AT_type(*$C$DW$T$22)
     816                      .dwattr $C$DW$T$23, DW_AT_language(DW_LANG_C)
     817              $C$DW$T$33      .dwtag  DW_TAG_pointer_type
     818                      .dwattr $C$DW$T$33, DW_AT_type(*$C$DW$T$23)
     819                      .dwattr $C$DW$T$33, DW_AT_address_class(0x16)
     820              $C$DW$83        .dwtag  DW_TAG_TI_far_type
     821                      .dwattr $C$DW$83, DW_AT_type(*$C$DW$T$33)
     822              $C$DW$T$39      .dwtag  DW_TAG_const_type
     823                      .dwattr $C$DW$T$39, DW_AT_type(*$C$DW$83)
     824              $C$DW$T$10      .dwtag  DW_TAG_base_type
     825                      .dwattr $C$DW$T$10, DW_AT_encoding(DW_ATE_signed)
     826                      .dwattr $C$DW$T$10, DW_AT_name("int")
     827                      .dwattr $C$DW$T$10, DW_AT_byte_size(0x01)
     828              $C$DW$T$11      .dwtag  DW_TAG_base_type
     829                      .dwattr $C$DW$T$11, DW_AT_encoding(DW_ATE_unsigned)
     830                      .dwattr $C$DW$T$11, DW_AT_name("unsigned int")
     831                      .dwattr $C$DW$T$11, DW_AT_byte_size(0x01)
     832              $C$DW$T$12      .dwtag  DW_TAG_base_type
     833                      .dwattr $C$DW$T$12, DW_AT_encoding(DW_ATE_signed)
     834                      .dwattr $C$DW$T$12, DW_AT_name("long")
     835                      .dwattr $C$DW$T$12, DW_AT_byte_size(0x02)
     836              $C$DW$T$13      .dwtag  DW_TAG_base_type
     837                      .dwattr $C$DW$T$13, DW_AT_encoding(DW_ATE_unsigned)
     838                      .dwattr $C$DW$T$13, DW_AT_name("unsigned long")
     839                      .dwattr $C$DW$T$13, DW_AT_byte_size(0x02)
     840              $C$DW$T$14      .dwtag  DW_TAG_base_type
     841                      .dwattr $C$DW$T$14, DW_AT_encoding(DW_ATE_signed)
     842                      .dwattr $C$DW$T$14, DW_AT_name("long long")
     843                      .dwattr $C$DW$T$14, DW_AT_byte_size(0x04)
     844              $C$DW$T$15      .dwtag  DW_TAG_base_type
     845                      .dwattr $C$DW$T$15, DW_AT_encoding(DW_ATE_unsigned)
     846                      .dwattr $C$DW$T$15, DW_AT_name("unsigned long long")
     847                      .dwattr $C$DW$T$15, DW_AT_byte_size(0x04)
     848              $C$DW$T$16      .dwtag  DW_TAG_base_type
     849                      .dwattr $C$DW$T$16, DW_AT_encoding(DW_ATE_float)
     850                      .dwattr $C$DW$T$16, DW_AT_name("float")
     851                      .dwattr $C$DW$T$16, DW_AT_byte_size(0x02)
     852              $C$DW$T$17      .dwtag  DW_TAG_base_type
     853                      .dwattr $C$DW$T$17, DW_AT_encoding(DW_ATE_float)
     854                      .dwattr $C$DW$T$17, DW_AT_name("double")
     855                      .dwattr $C$DW$T$17, DW_AT_byte_size(0x02)
     856              $C$DW$T$18      .dwtag  DW_TAG_base_type
TMS320C2000 Assembler PC v6.2.5 Tue Aug 15 11:38:39 2017

Tools Copyright (c) 1996-2014 Texas Instruments Incorporated
C:\Users\wmj\AppData\Local\Temp\7527610                              PAGE   17

     857                      .dwattr $C$DW$T$18, DW_AT_encoding(DW_ATE_float)
     858                      .dwattr $C$DW$T$18, DW_AT_name("long double")
     859                      .dwattr $C$DW$T$18, DW_AT_byte_size(0x04)
     860                      .dwattr $C$DW$CU, DW_AT_language(DW_LANG_C)
     861              
     862              ;***************************************************************
     863              ;* DWARF CIE ENTRIES                                           *
     864              ;***************************************************************
     865              
     866              $C$DW$CIE       .dwcie 78
     867                      .dwcfi  cfa_register, 20
     868                      .dwcfi  cfa_offset, 0
     869                      .dwcfi  undefined, 0
     870                      .dwcfi  undefined, 1
     871                      .dwcfi  undefined, 2
     872                      .dwcfi  undefined, 3
     873                      .dwcfi  undefined, 20
     874                      .dwcfi  undefined, 21
     875                      .dwcfi  undefined, 22
     876                      .dwcfi  undefined, 23
     877                      .dwcfi  undefined, 24
     878                      .dwcfi  undefined, 25
     879                      .dwcfi  undefined, 26
     880                      .dwcfi  same_value, 28
     881                      .dwcfi  undefined, 29
     882                      .dwcfi  undefined, 30
     883                      .dwcfi  undefined, 31
     884                      .dwcfi  undefined, 32
     885                      .dwcfi  undefined, 33
     886                      .dwcfi  undefined, 34
     887                      .dwcfi  undefined, 35
     888                      .dwcfi  undefined, 36
     889                      .dwcfi  undefined, 37
     890                      .dwcfi  undefined, 38
     891                      .dwcfi  undefined, 75
     892                      .dwcfi  undefined, 76
     893                      .dwcfi  undefined, 77
     894                      .dwcfi  undefined, 4
     895                      .dwcfi  same_value, 6
     896                      .dwcfi  same_value, 8
     897                      .dwcfi  same_value, 10
     898                      .dwcfi  undefined, 12
     899                      .dwcfi  undefined, 14
     900                      .dwcfi  undefined, 16
     901                      .dwcfi  undefined, 17
     902                      .dwcfi  undefined, 18
     903                      .dwcfi  undefined, 19
     904                      .dwcfi  undefined, 5
     905                      .dwcfi  same_value, 7
     906                      .dwcfi  same_value, 9
     907                      .dwcfi  same_value, 11
     908                      .dwcfi  undefined, 13
     909                      .dwcfi  undefined, 15
     910                      .dwcfi  undefined, 78
     911                      .dwendentry
TMS320C2000 Assembler PC v6.2.5 Tue Aug 15 11:38:39 2017

Tools Copyright (c) 1996-2014 Texas Instruments Incorporated
C:\Users\wmj\AppData\Local\Temp\7527610                              PAGE   18

     912              
     913              ;***************************************************************
     914              ;* DWARF REGISTER MAP                                          *
     915              ;***************************************************************
     916              
     917              $C$DW$84        .dwtag  DW_TAG_TI_assign_register, DW_AT_name("AL")
     918                      .dwattr $C$DW$84, DW_AT_location[DW_OP_reg0]
     919              $C$DW$85        .dwtag  DW_TAG_TI_assign_register, DW_AT_name("AH")
     920                      .dwattr $C$DW$85, DW_AT_location[DW_OP_reg1]
     921              $C$DW$86        .dwtag  DW_TAG_TI_assign_register, DW_AT_name("PL")
     922                      .dwattr $C$DW$86, DW_AT_location[DW_OP_reg2]
     923              $C$DW$87        .dwtag  DW_TAG_TI_assign_register, DW_AT_name("PH")
     924                      .dwattr $C$DW$87, DW_AT_location[DW_OP_reg3]
     925              $C$DW$88        .dwtag  DW_TAG_TI_assign_register, DW_AT_name("SP")
     926                      .dwattr $C$DW$88, DW_AT_location[DW_OP_reg20]
     927              $C$DW$89        .dwtag  DW_TAG_TI_assign_register, DW_AT_name("XT")
     928                      .dwattr $C$DW$89, DW_AT_location[DW_OP_reg21]
     929              $C$DW$90        .dwtag  DW_TAG_TI_assign_register, DW_AT_name("T")
     930                      .dwattr $C$DW$90, DW_AT_location[DW_OP_reg22]
     931              $C$DW$91        .dwtag  DW_TAG_TI_assign_register, DW_AT_name("ST0")
     932                      .dwattr $C$DW$91, DW_AT_location[DW_OP_reg23]
     933              $C$DW$92        .dwtag  DW_TAG_TI_assign_register, DW_AT_name("ST1")
     934                      .dwattr $C$DW$92, DW_AT_location[DW_OP_reg24]
     935              $C$DW$93        .dwtag  DW_TAG_TI_assign_register, DW_AT_name("PC")
     936                      .dwattr $C$DW$93, DW_AT_location[DW_OP_reg25]
     937              $C$DW$94        .dwtag  DW_TAG_TI_assign_register, DW_AT_name("RPC")
     938                      .dwattr $C$DW$94, DW_AT_location[DW_OP_reg26]
     939              $C$DW$95        .dwtag  DW_TAG_TI_assign_register, DW_AT_name("FP")
     940                      .dwattr $C$DW$95, DW_AT_location[DW_OP_reg28]
     941              $C$DW$96        .dwtag  DW_TAG_TI_assign_register, DW_AT_name("DP")
     942                      .dwattr $C$DW$96, DW_AT_location[DW_OP_reg29]
     943              $C$DW$97        .dwtag  DW_TAG_TI_assign_register, DW_AT_name("SXM")
     944                      .dwattr $C$DW$97, DW_AT_location[DW_OP_reg30]
     945              $C$DW$98        .dwtag  DW_TAG_TI_assign_register, DW_AT_name("PM")
     946                      .dwattr $C$DW$98, DW_AT_location[DW_OP_reg31]
     947              $C$DW$99        .dwtag  DW_TAG_TI_assign_register, DW_AT_name("OVM")
     948                      .dwattr $C$DW$99, DW_AT_location[DW_OP_regx 0x20]
     949              $C$DW$100       .dwtag  DW_TAG_TI_assign_register, DW_AT_name("PAGE0")
     950                      .dwattr $C$DW$100, DW_AT_location[DW_OP_regx 0x21]
     951              $C$DW$101       .dwtag  DW_TAG_TI_assign_register, DW_AT_name("AMODE")
     952                      .dwattr $C$DW$101, DW_AT_location[DW_OP_regx 0x22]
     953              $C$DW$102       .dwtag  DW_TAG_TI_assign_register, DW_AT_name("INTM")
     954                      .dwattr $C$DW$102, DW_AT_location[DW_OP_regx 0x23]
     955              $C$DW$103       .dwtag  DW_TAG_TI_assign_register, DW_AT_name("IFR")
     956                      .dwattr $C$DW$103, DW_AT_location[DW_OP_regx 0x24]
     957              $C$DW$104       .dwtag  DW_TAG_TI_assign_register, DW_AT_name("IER")
     958                      .dwattr $C$DW$104, DW_AT_location[DW_OP_regx 0x25]
     959              $C$DW$105       .dwtag  DW_TAG_TI_assign_register, DW_AT_name("V")
     960                      .dwattr $C$DW$105, DW_AT_location[DW_OP_regx 0x26]
     961              $C$DW$106       .dwtag  DW_TAG_TI_assign_register, DW_AT_name("PSEUDOH")
     962                      .dwattr $C$DW$106, DW_AT_location[DW_OP_regx 0x4c]
     963              $C$DW$107       .dwtag  DW_TAG_TI_assign_register, DW_AT_name("VOL")
     964                      .dwattr $C$DW$107, DW_AT_location[DW_OP_regx 0x4d]
     965              $C$DW$108       .dwtag  DW_TAG_TI_assign_register, DW_AT_name("AR0")
     966                      .dwattr $C$DW$108, DW_AT_location[DW_OP_reg4]
TMS320C2000 Assembler PC v6.2.5 Tue Aug 15 11:38:39 2017

Tools Copyright (c) 1996-2014 Texas Instruments Incorporated
C:\Users\wmj\AppData\Local\Temp\7527610                              PAGE   19

     967              $C$DW$109       .dwtag  DW_TAG_TI_assign_register, DW_AT_name("AR1")
     968                      .dwattr $C$DW$109, DW_AT_location[DW_OP_reg6]
     969              $C$DW$110       .dwtag  DW_TAG_TI_assign_register, DW_AT_name("AR2")
     970                      .dwattr $C$DW$110, DW_AT_location[DW_OP_reg8]
     971              $C$DW$111       .dwtag  DW_TAG_TI_assign_register, DW_AT_name("AR3")
     972                      .dwattr $C$DW$111, DW_AT_location[DW_OP_reg10]
     973              $C$DW$112       .dwtag  DW_TAG_TI_assign_register, DW_AT_name("AR4")
     974                      .dwattr $C$DW$112, DW_AT_location[DW_OP_reg12]
     975              $C$DW$113       .dwtag  DW_TAG_TI_assign_register, DW_AT_name("AR5")
     976                      .dwattr $C$DW$113, DW_AT_location[DW_OP_reg14]
     977              $C$DW$114       .dwtag  DW_TAG_TI_assign_register, DW_AT_name("AR6")
     978                      .dwattr $C$DW$114, DW_AT_location[DW_OP_reg16]
     979              $C$DW$115       .dwtag  DW_TAG_TI_assign_register, DW_AT_name("XAR6")
     980                      .dwattr $C$DW$115, DW_AT_location[DW_OP_reg17]
     981              $C$DW$116       .dwtag  DW_TAG_TI_assign_register, DW_AT_name("AR7")
     982                      .dwattr $C$DW$116, DW_AT_location[DW_OP_reg18]
     983              $C$DW$117       .dwtag  DW_TAG_TI_assign_register, DW_AT_name("XAR7")
     984                      .dwattr $C$DW$117, DW_AT_location[DW_OP_reg19]
     985              $C$DW$118       .dwtag  DW_TAG_TI_assign_register, DW_AT_name("XAR0")
     986                      .dwattr $C$DW$118, DW_AT_location[DW_OP_reg5]
     987              $C$DW$119       .dwtag  DW_TAG_TI_assign_register, DW_AT_name("XAR1")
     988                      .dwattr $C$DW$119, DW_AT_location[DW_OP_reg7]
     989              $C$DW$120       .dwtag  DW_TAG_TI_assign_register, DW_AT_name("XAR2")
     990                      .dwattr $C$DW$120, DW_AT_location[DW_OP_reg9]
     991              $C$DW$121       .dwtag  DW_TAG_TI_assign_register, DW_AT_name("XAR3")
     992                      .dwattr $C$DW$121, DW_AT_location[DW_OP_reg11]
     993              $C$DW$122       .dwtag  DW_TAG_TI_assign_register, DW_AT_name("XAR4")
     994                      .dwattr $C$DW$122, DW_AT_location[DW_OP_reg13]
     995              $C$DW$123       .dwtag  DW_TAG_TI_assign_register, DW_AT_name("XAR5")
     996                      .dwattr $C$DW$123, DW_AT_location[DW_OP_reg15]
     997              $C$DW$124       .dwtag  DW_TAG_TI_assign_register, DW_AT_name("CIE_RETA")
     998                      .dwattr $C$DW$124, DW_AT_location[DW_OP_regx 0x4e]
     999                      .dwendtag $C$DW$CU
    1000              

No Assembly Errors, No Assembly Warnings
