TMS320C2000 Assembler PC v6.2.5 Tue Aug 15 11:38:39 2017

Tools Copyright (c) 1996-2014 Texas Instruments Incorporated
C:\Users\wmj\AppData\Local\Temp\6882410                              PAGE    1

       1              ;***************************************************************
       2              ;* TMS320C2000 C/C++ Codegen                         PC v6.2.5 *
       3              ;* Date/Time created: Tue Aug 15 11:38:39 2017                 *
       4              ;***************************************************************
       5                      .compiler_opts --float_support=softlib --hll_source=on --mem_model:code=flat --mem_model:data=large -
       6        0002  FP      .set    XAR2
       7              
       8              $C$DW$CU        .dwtag  DW_TAG_compile_unit
       9                      .dwattr $C$DW$CU, DW_AT_name("D:/FOC_27/sw/drivers/drvic/FreeModbus/modbus/functions/mbutils.c")
      10                      .dwattr $C$DW$CU, DW_AT_producer("TMS320C2000 C/C++ Codegen PC v6.2.5 Copyright (c) 1996-2014 Texas I
      11                      .dwattr $C$DW$CU, DW_AT_TI_version(0x01)
      12                      .dwattr $C$DW$CU, DW_AT_comp_dir("D:\FOC_27\sw\solutions\instaspin_foc\boards\hvkit_rev1p1\f28x\f2802
      13              
      14              $C$DW$1 .dwtag  DW_TAG_subprogram, DW_AT_name("assert_param")
      15                      .dwattr $C$DW$1, DW_AT_TI_symbol_name("_assert_param")
      16                      .dwattr $C$DW$1, DW_AT_type(*$C$DW$T$10)
      17                      .dwattr $C$DW$1, DW_AT_declaration
      18                      .dwattr $C$DW$1, DW_AT_external
      19              ;       C:\ti\ccsv6\tools\compiler\c2000_6.2.5\bin\opt2000.exe C:\\Users\\wmj\\AppData\\Local\\Temp\\688242 C
      20              ;       C:\ti\ccsv6\tools\compiler\c2000_6.2.5\bin\ac2000.exe -@C:\\Users\\wmj\\AppData\\Local\\Temp\\6882416
      21 00000000               .sect   ".text"
      22                      .clink
      23                      .global _xMBUtilSetBits
      24              
      25              $C$DW$2 .dwtag  DW_TAG_subprogram, DW_AT_name("xMBUtilSetBits")
      26                      .dwattr $C$DW$2, DW_AT_low_pc(_xMBUtilSetBits)
      27                      .dwattr $C$DW$2, DW_AT_high_pc(0x00)
      28                      .dwattr $C$DW$2, DW_AT_TI_symbol_name("_xMBUtilSetBits")
      29                      .dwattr $C$DW$2, DW_AT_external
      30                      .dwattr $C$DW$2, DW_AT_TI_begin_file("D:/FOC_27/sw/drivers/drvic/FreeModbus/modbus/functions/mbutils.
      31                      .dwattr $C$DW$2, DW_AT_TI_begin_line(0x2f)
      32                      .dwattr $C$DW$2, DW_AT_TI_begin_column(0x01)
      33                      .dwattr $C$DW$2, DW_AT_TI_max_frame_size(-10)
      34                      .dwpsn  file "D:/FOC_27/sw/drivers/drvic/FreeModbus/modbus/functions/mbutils.c",line 49,column 1,is_s
      35              
      36                      .dwfde $C$DW$CIE, _xMBUtilSetBits
      37              $C$DW$3 .dwtag  DW_TAG_formal_parameter, DW_AT_name("ucByteBuf")
      38                      .dwattr $C$DW$3, DW_AT_TI_symbol_name("_ucByteBuf")
      39                      .dwattr $C$DW$3, DW_AT_type(*$C$DW$T$27)
      40                      .dwattr $C$DW$3, DW_AT_location[DW_OP_reg12]
      41              $C$DW$4 .dwtag  DW_TAG_formal_parameter, DW_AT_name("usBitOffset")
      42                      .dwattr $C$DW$4, DW_AT_TI_symbol_name("_usBitOffset")
      43                      .dwattr $C$DW$4, DW_AT_type(*$C$DW$T$29)
      44                      .dwattr $C$DW$4, DW_AT_location[DW_OP_reg0]
      45              $C$DW$5 .dwtag  DW_TAG_formal_parameter, DW_AT_name("ucNBits")
      46                      .dwattr $C$DW$5, DW_AT_TI_symbol_name("_ucNBits")
      47                      .dwattr $C$DW$5, DW_AT_type(*$C$DW$T$26)
      48                      .dwattr $C$DW$5, DW_AT_location[DW_OP_reg1]
      49              $C$DW$6 .dwtag  DW_TAG_formal_parameter, DW_AT_name("ucValue")
      50                      .dwattr $C$DW$6, DW_AT_TI_symbol_name("_ucValue")
      51                      .dwattr $C$DW$6, DW_AT_type(*$C$DW$T$26)
      52                      .dwattr $C$DW$6, DW_AT_location[DW_OP_reg14]
      53              
      54              ;***************************************************************
      55              ;* FNAME: _xMBUtilSetBits               FR SIZE:   8           *
TMS320C2000 Assembler PC v6.2.5 Tue Aug 15 11:38:39 2017

Tools Copyright (c) 1996-2014 Texas Instruments Incorporated
C:\Users\wmj\AppData\Local\Temp\6882410                              PAGE    2

      56              ;*                                                             *
      57              ;* FUNCTION ENVIRONMENT                                        *
      58              ;*                                                             *
      59              ;* FUNCTION PROPERTIES                                         *
      60              ;*                            0 Parameter,  1 Auto,  6 SOE     *
      61              ;***************************************************************
      62              
      63              _xMBUtilSetBits:
      64              ;* AR3   assigned to $O$C1
      65              ;* AR4   assigned to $O$C2
      66              ;* AL    assigned to $O$C3
      67              ;* PL    assigned to $O$C4
      68              ;* AR3   assigned to _ucByteBuf
      69              $C$DW$7 .dwtag  DW_TAG_variable, DW_AT_name("ucByteBuf")
      70                      .dwattr $C$DW$7, DW_AT_TI_symbol_name("_ucByteBuf")
      71                      .dwattr $C$DW$7, DW_AT_type(*$C$DW$T$32)
      72                      .dwattr $C$DW$7, DW_AT_location[DW_OP_reg10]
      73              ;* AR1   assigned to _usBitOffset
      74              $C$DW$8 .dwtag  DW_TAG_variable, DW_AT_name("usBitOffset")
      75                      .dwattr $C$DW$8, DW_AT_TI_symbol_name("_usBitOffset")
      76                      .dwattr $C$DW$8, DW_AT_type(*$C$DW$T$34)
      77                      .dwattr $C$DW$8, DW_AT_location[DW_OP_reg6]
      78              $C$DW$9 .dwtag  DW_TAG_variable, DW_AT_name("ucNBits")
      79                      .dwattr $C$DW$9, DW_AT_TI_symbol_name("_ucNBits")
      80                      .dwattr $C$DW$9, DW_AT_type(*$C$DW$T$31)
      81                      .dwattr $C$DW$9, DW_AT_location[DW_OP_breg20 -1]
      82              ;* AR2   assigned to _ucValue
      83              $C$DW$10        .dwtag  DW_TAG_variable, DW_AT_name("ucValue")
      84                      .dwattr $C$DW$10, DW_AT_TI_symbol_name("_ucValue")
      85                      .dwattr $C$DW$10, DW_AT_type(*$C$DW$T$31)
      86                      .dwattr $C$DW$10, DW_AT_location[DW_OP_reg8]
      87              ;* AR6   assigned to _usWordBuf
      88              $C$DW$11        .dwtag  DW_TAG_variable, DW_AT_name("usWordBuf")
      89                      .dwattr $C$DW$11, DW_AT_TI_symbol_name("_usWordBuf")
      90                      .dwattr $C$DW$11, DW_AT_type(*$C$DW$T$29)
      91                      .dwattr $C$DW$11, DW_AT_location[DW_OP_reg16]
      92                      .dwcfi  cfa_offset, -2
      93                      .dwcfi  save_reg_to_mem, 26, 0
      94                      .dwcfi  save_reg_to_reg, 78, 26
      95 00000000 B2BD          MOVL      *SP++,XAR1            ; [CPU_] 
      96                      .dwcfi  save_reg_to_mem, 7, 2
      97                      .dwcfi  cfa_offset, -4
      98 00000001 AABD          MOVL      *SP++,XAR2            ; [CPU_] 
      99                      .dwcfi  save_reg_to_mem, 9, 4
     100                      .dwcfi  cfa_offset, -6
     101 00000002 A2BD          MOVL      *SP++,XAR3            ; [CPU_] 
     102                      .dwcfi  save_reg_to_mem, 11, 6
     103                      .dwcfi  cfa_offset, -8
     104 00000003 FE02          ADDB      SP,#2                 ; [CPU_U] 
     105                      .dwcfi  cfa_offset, -10
     106 00000004 59A9          MOVZ      AR1,AL                ; [CPU_] |49| 
     107                      .dwpsn  file "D:/FOC_27/sw/drivers/drvic/FreeModbus/modbus/functions/mbutils.c",line 56,column 5,is_s
     108 00000005 9A00          MOVB      AL,#0                 ; [CPU_] |56| 
     109                      .dwpsn  file "D:/FOC_27/sw/drivers/drvic/FreeModbus/modbus/functions/mbutils.c",line 49,column 1,is_s
     110 00000006 5AA5          MOVZ      AR2,AR5               ; [CPU_] |49| 
TMS320C2000 Assembler PC v6.2.5 Tue Aug 15 11:38:39 2017

Tools Copyright (c) 1996-2014 Texas Instruments Incorporated
C:\Users\wmj\AppData\Local\Temp\6882410                              PAGE    3

     111 00000007 82A4          MOVL      XAR3,XAR4             ; [CPU_] |49| 
     112                      .dwpsn  file "D:/FOC_27/sw/drivers/drvic/FreeModbus/modbus/functions/mbutils.c",line 56,column 5,is_s
     113 00000008 5308          CMPB      AH,#8                 ; [CPU_] |56| 
     114                      .dwpsn  file "D:/FOC_27/sw/drivers/drvic/FreeModbus/modbus/functions/mbutils.c",line 49,column 1,is_s
     115 00000009 9741          MOV       *-SP[1],AH            ; [CPU_] |49| 
     116                      .dwpsn  file "D:/FOC_27/sw/drivers/drvic/FreeModbus/modbus/functions/mbutils.c",line 56,column 5,is_s
     117 0000000a 56B9          MOVB      AL,#1,LOS             ; [CPU_] |56| 
         0000000b 01A9 
     118              $C$DW$12        .dwtag  DW_TAG_TI_branch
     119                      .dwattr $C$DW$12, DW_AT_low_pc(0x00)
     120                      .dwattr $C$DW$12, DW_AT_name("_assert_param")
     121                      .dwattr $C$DW$12, DW_AT_TI_call
     122 0000000c 7640!         LCR       #_assert_param        ; [CPU_] |56| 
         0000000d 0000 
     123                      ; call occurs [#_assert_param] ; [] |56| 
     124                      .dwpsn  file "D:/FOC_27/sw/drivers/drvic/FreeModbus/modbus/functions/mbutils.c",line 57,column 5,is_s
     125 0000000e 9A01          MOVB      AL,#1                 ; [CPU_] |57| 
     126              $C$DW$13        .dwtag  DW_TAG_TI_branch
     127                      .dwattr $C$DW$13, DW_AT_low_pc(0x00)
     128                      .dwattr $C$DW$13, DW_AT_name("_assert_param")
     129                      .dwattr $C$DW$13, DW_AT_TI_call
     130 0000000f 7640!         LCR       #_assert_param        ; [CPU_] |57| 
         00000010 0000 
     131                      ; call occurs [#_assert_param] ; [] |57| 
     132 00000011 92A1          MOV       AL,AR1                ; [CPU_] |57| 
     133                      .dwpsn  file "D:/FOC_27/sw/drivers/drvic/FreeModbus/modbus/functions/mbutils.c",line 75,column 5,is_s
     134 00000012 B601          MOVB      XAR7,#1               ; [CPU_] |75| 
     135                      .dwpsn  file "D:/FOC_27/sw/drivers/drvic/FreeModbus/modbus/functions/mbutils.c",line 74,column 5,is_s
     136 00000013 FFC2          LSR       AL,3                  ; [CPU_] |74| 
     137 00000014 27A9          MOV       PL,AL                 ; [CPU_] |74| 
     138                      .dwpsn  file "D:/FOC_27/sw/drivers/drvic/FreeModbus/modbus/functions/mbutils.c",line 78,column 5,is_s
     139 00000015 2D41          MOV       T,*-SP[1]             ; [CPU_] |78| 
     140                      .dwpsn  file "D:/FOC_27/sw/drivers/drvic/FreeModbus/modbus/functions/mbutils.c",line 74,column 5,is_s
     141 00000016 A2A9          MOVL      ACC,XAR3              ; [CPU_] |74| 
     142 00000017 0DAB          ADDU      ACC,PL                ; [CPU_] |74| 
     143 00000018 8AA9          MOVL      XAR4,ACC              ; [CPU_] |74| 
     144                      .dwpsn  file "D:/FOC_27/sw/drivers/drvic/FreeModbus/modbus/functions/mbutils.c",line 75,column 5,is_s
     145 00000019 92AB          MOV       AL,PL                 ; [CPU_] |75| 
     146                      .dwpsn  file "D:/FOC_27/sw/drivers/drvic/FreeModbus/modbus/functions/mbutils.c",line 74,column 5,is_s
     147 0000001a 88C4          MOVZ      AR6,*+XAR4[0]         ; [CPU_] |74| 
     148                      .dwpsn  file "D:/FOC_27/sw/drivers/drvic/FreeModbus/modbus/functions/mbutils.c",line 75,column 5,is_s
     149 0000001b 72A7          ADD       AR7,AL                ; [CPU_] |75| 
     150 0000001c A2A9          MOVL      ACC,XAR3              ; [CPU_] |75| 
     151 0000001d 0DA7          ADDU      ACC,AR7               ; [CPU_] |75| 
     152 0000001e 82A9          MOVL      XAR3,ACC              ; [CPU_] |75| 
     153 0000001f 5603          MOV       ACC,*+XAR3[0] << #8   ; [CPU_] |75| 
         00000020 08C3 
     154                      .dwpsn  file "D:/FOC_27/sw/drivers/drvic/FreeModbus/modbus/functions/mbutils.c",line 78,column 5,is_s
     155 00000021 93A1          MOV       AH,AR1                ; [CPU_] |78| 
     156                      .dwpsn  file "D:/FOC_27/sw/drivers/drvic/FreeModbus/modbus/functions/mbutils.c",line 75,column 5,is_s
     157 00000022 98A6          OR        AR6,AL                ; [CPU_] |75| 
     158 00000023 92A1          MOV       AL,AR1                ; [CPU_] |75| 
     159                      .dwpsn  file "D:/FOC_27/sw/drivers/drvic/FreeModbus/modbus/functions/mbutils.c",line 78,column 5,is_s
     160 00000024 CCA9          AND       AL,AL,#0xfff8         ; [CPU_] |78| 
         00000025 FFF8 
TMS320C2000 Assembler PC v6.2.5 Tue Aug 15 11:38:39 2017

Tools Copyright (c) 1996-2014 Texas Instruments Incorporated
C:\Users\wmj\AppData\Local\Temp\6882410                              PAGE    4

     161 00000026 EBA9          SUBR      AL,AH                 ; [CPU_] |78| 
     162 00000027 9B01          MOVB      AH,#1                 ; [CPU_] |78| 
     163 00000028 FF67          LSL       AH,T                  ; [CPU_] |78| 
     164 00000029 9DFF          ADDB      AH,#-1                ; [CPU_] |78| 
     165 0000002a 2DA9          MOV       T,AL                  ; [CPU_] |78| 
     166 0000002b FF67          LSL       AH,T                  ; [CPU_] |78| 
     167 0000002c FE82          SUBB      SP,#2                 ; [CPU_U] 
     168                      .dwcfi  cfa_offset, -8
     169 0000002d FF5F          NOT       AH                    ; [CPU_] |78| 
     170 0000002e C1A6          AND       AR6,AH                ; [CPU_] |78| 
     171 0000002f 93A2          MOV       AH,AR2                ; [CPU_] |78| 
     172 00000030 FF67          LSL       AH,T                  ; [CPU_] |78| 
     173 00000031 99A6          OR        AR6,AH                ; [CPU_] |78| 
     174                      .dwpsn  file "D:/FOC_27/sw/drivers/drvic/FreeModbus/modbus/functions/mbutils.c",line 81,column 5,is_s
     175 00000032 CCA6          AND       AL,AR6,#0x00ff        ; [CPU_] |81| 
         00000033 00FF 
     176 00000034 96C4          MOV       *+XAR4[0],AL          ; [CPU_] |81| 
     177                      .dwpsn  file "D:/FOC_27/sw/drivers/drvic/FreeModbus/modbus/functions/mbutils.c",line 82,column 5,is_s
     178 00000035 92A6          MOV       AL,AR6                ; [CPU_] |82| 
     179 00000036 FFC7          LSR       AL,8                  ; [CPU_] |82| 
     180 00000037 96C3          MOV       *+XAR3[0],AL          ; [CPU_] |82| 
     181 00000038 82BE          MOVL      XAR3,*--SP            ; [CPU_] 
     182                      .dwcfi  cfa_offset, -6
     183                      .dwcfi  restore_reg, 11
     184 00000039 86BE          MOVL      XAR2,*--SP            ; [CPU_] 
     185                      .dwcfi  cfa_offset, -4
     186                      .dwcfi  restore_reg, 9
     187 0000003a 8BBE          MOVL      XAR1,*--SP            ; [CPU_] 
     188                      .dwcfi  cfa_offset, -2
     189                      .dwcfi  restore_reg, 7
     190              $C$DW$14        .dwtag  DW_TAG_TI_branch
     191                      .dwattr $C$DW$14, DW_AT_low_pc(0x00)
     192                      .dwattr $C$DW$14, DW_AT_TI_return
     193 0000003b 0006          LRETR     ; [CPU_] 
     194                      ; return occurs ; [] 
     195                      .dwattr $C$DW$2, DW_AT_TI_end_file("D:/FOC_27/sw/drivers/drvic/FreeModbus/modbus/functions/mbutils.c"
     196                      .dwattr $C$DW$2, DW_AT_TI_end_line(0x53)
     197                      .dwattr $C$DW$2, DW_AT_TI_end_column(0x01)
     198                      .dwendentry
     199                      .dwendtag $C$DW$2
     200              
     201 0000003c               .sect   ".text"
     202                      .clink
     203                      .global _xMBUtilGetBits
     204              
     205              $C$DW$15        .dwtag  DW_TAG_subprogram, DW_AT_name("xMBUtilGetBits")
     206                      .dwattr $C$DW$15, DW_AT_low_pc(_xMBUtilGetBits)
     207                      .dwattr $C$DW$15, DW_AT_high_pc(0x00)
     208                      .dwattr $C$DW$15, DW_AT_TI_symbol_name("_xMBUtilGetBits")
     209                      .dwattr $C$DW$15, DW_AT_external
     210                      .dwattr $C$DW$15, DW_AT_type(*$C$DW$T$26)
     211                      .dwattr $C$DW$15, DW_AT_TI_begin_file("D:/FOC_27/sw/drivers/drvic/FreeModbus/modbus/functions/mbutils
     212                      .dwattr $C$DW$15, DW_AT_TI_begin_line(0x56)
     213                      .dwattr $C$DW$15, DW_AT_TI_begin_column(0x01)
     214                      .dwattr $C$DW$15, DW_AT_TI_max_frame_size(-4)
TMS320C2000 Assembler PC v6.2.5 Tue Aug 15 11:38:39 2017

Tools Copyright (c) 1996-2014 Texas Instruments Incorporated
C:\Users\wmj\AppData\Local\Temp\6882410                              PAGE    5

     215                      .dwpsn  file "D:/FOC_27/sw/drivers/drvic/FreeModbus/modbus/functions/mbutils.c",line 87,column 1,is_s
     216              
     217                      .dwfde $C$DW$CIE, _xMBUtilGetBits
     218              $C$DW$16        .dwtag  DW_TAG_formal_parameter, DW_AT_name("ucByteBuf")
     219                      .dwattr $C$DW$16, DW_AT_TI_symbol_name("_ucByteBuf")
     220                      .dwattr $C$DW$16, DW_AT_type(*$C$DW$T$27)
     221                      .dwattr $C$DW$16, DW_AT_location[DW_OP_reg12]
     222              $C$DW$17        .dwtag  DW_TAG_formal_parameter, DW_AT_name("usBitOffset")
     223                      .dwattr $C$DW$17, DW_AT_TI_symbol_name("_usBitOffset")
     224                      .dwattr $C$DW$17, DW_AT_type(*$C$DW$T$29)
     225                      .dwattr $C$DW$17, DW_AT_location[DW_OP_reg0]
     226              $C$DW$18        .dwtag  DW_TAG_formal_parameter, DW_AT_name("ucNBits")
     227                      .dwattr $C$DW$18, DW_AT_TI_symbol_name("_ucNBits")
     228                      .dwattr $C$DW$18, DW_AT_type(*$C$DW$T$26)
     229                      .dwattr $C$DW$18, DW_AT_location[DW_OP_reg1]
     230              
     231              ;***************************************************************
     232              ;* FNAME: _xMBUtilGetBits               FR SIZE:   2           *
     233              ;*                                                             *
     234              ;* FUNCTION ENVIRONMENT                                        *
     235              ;*                                                             *
     236              ;* FUNCTION PROPERTIES                                         *
     237              ;*                            0 Parameter,  0 Auto,  2 SOE     *
     238              ;***************************************************************
     239              
     240              _xMBUtilGetBits:
     241              ;* AR0   assigned to $O$C1
     242              ;* AR4   assigned to _ucByteBuf
     243              $C$DW$19        .dwtag  DW_TAG_variable, DW_AT_name("ucByteBuf")
     244                      .dwattr $C$DW$19, DW_AT_TI_symbol_name("_ucByteBuf")
     245                      .dwattr $C$DW$19, DW_AT_type(*$C$DW$T$32)
     246                      .dwattr $C$DW$19, DW_AT_location[DW_OP_reg12]
     247              ;* AR7   assigned to _usBitOffset
     248              $C$DW$20        .dwtag  DW_TAG_variable, DW_AT_name("usBitOffset")
     249                      .dwattr $C$DW$20, DW_AT_TI_symbol_name("_usBitOffset")
     250                      .dwattr $C$DW$20, DW_AT_type(*$C$DW$T$34)
     251                      .dwattr $C$DW$20, DW_AT_location[DW_OP_reg18]
     252              ;* PL    assigned to _ucNBits
     253              $C$DW$21        .dwtag  DW_TAG_variable, DW_AT_name("ucNBits")
     254                      .dwattr $C$DW$21, DW_AT_TI_symbol_name("_ucNBits")
     255                      .dwattr $C$DW$21, DW_AT_type(*$C$DW$T$31)
     256                      .dwattr $C$DW$21, DW_AT_location[DW_OP_reg2]
     257              ;* AR6   assigned to _usWordBuf
     258              $C$DW$22        .dwtag  DW_TAG_variable, DW_AT_name("usWordBuf")
     259                      .dwattr $C$DW$22, DW_AT_TI_symbol_name("_usWordBuf")
     260                      .dwattr $C$DW$22, DW_AT_type(*$C$DW$T$29)
     261                      .dwattr $C$DW$22, DW_AT_location[DW_OP_reg16]
     262                      .dwcfi  cfa_offset, -2
     263                      .dwcfi  save_reg_to_mem, 26, 0
     264                      .dwcfi  save_reg_to_reg, 78, 26
     265 0000003c 27A8          MOV       PL,AH                 ; [CPU_] |87| 
     266 0000003d 80A9          MOVZ      AR7,AL                ; [CPU_] |87| 
     267 0000003e B2BD          MOVL      *SP++,XAR1            ; [CPU_] 
     268                      .dwcfi  save_reg_to_mem, 7, 2
     269                      .dwcfi  cfa_offset, -4
TMS320C2000 Assembler PC v6.2.5 Tue Aug 15 11:38:39 2017

Tools Copyright (c) 1996-2014 Texas Instruments Incorporated
C:\Users\wmj\AppData\Local\Temp\6882410                              PAGE    6

     270 0000003f 93A7          MOV       AH,AR7                ; [CPU_] |87| 
     271                      .dwpsn  file "D:/FOC_27/sw/drivers/drvic/FreeModbus/modbus/functions/mbutils.c",line 105,column 5,is_
     272 00000040 D101          MOVB      XAR1,#1               ; [CPU_] |105| 
     273                      .dwpsn  file "D:/FOC_27/sw/drivers/drvic/FreeModbus/modbus/functions/mbutils.c",line 104,column 5,is_
     274 00000041 FFD2          LSR       AH,3                  ; [CPU_] |104| 
     275 00000042 58A8          MOVZ      AR0,AH                ; [CPU_] |104| 
     276                      .dwpsn  file "D:/FOC_27/sw/drivers/drvic/FreeModbus/modbus/functions/mbutils.c",line 105,column 5,is_
     277 00000043 73A1          ADD       AR1,AH                ; [CPU_] |105| 
     278                      .dwpsn  file "D:/FOC_27/sw/drivers/drvic/FreeModbus/modbus/functions/mbutils.c",line 104,column 5,is_
     279 00000044 8894          MOVZ      AR6,*+XAR4[AR0]       ; [CPU_] |104| 
     280                      .dwpsn  file "D:/FOC_27/sw/drivers/drvic/FreeModbus/modbus/functions/mbutils.c",line 105,column 5,is_
     281 00000045 5603          MOV       ACC,*+XAR4[AR1] << #8 ; [CPU_] |105| 
         00000046 089C 
     282 00000047 93A7          MOV       AH,AR7                ; [CPU_] |105| 
     283                      .dwpsn  file "D:/FOC_27/sw/drivers/drvic/FreeModbus/modbus/functions/mbutils.c",line 108,column 5,is_
     284 00000048 CDA8          AND       AH,AH,#0xfff8         ; [CPU_] |108| 
         00000049 FFF8 
     285 0000004a 2DA8          MOV       T,AH                  ; [CPU_] |108| 
     286                      .dwpsn  file "D:/FOC_27/sw/drivers/drvic/FreeModbus/modbus/functions/mbutils.c",line 105,column 5,is_
     287 0000004b 98A6          OR        AR6,AL                ; [CPU_] |105| 
     288                      .dwpsn  file "D:/FOC_27/sw/drivers/drvic/FreeModbus/modbus/functions/mbutils.c",line 108,column 5,is_
     289 0000004c 93A7          MOV       AH,AR7                ; [CPU_] |108| 
     290 0000004d 9A01          MOVB      AL,#1                 ; [CPU_] |108| 
     291 0000004e EBAC          SUBR      T,AH                  ; [CPU_] |108| 
     292 0000004f 93A6          MOV       AH,AR6                ; [CPU_] |108| 
     293 00000050 FF63          LSR       AH,T                  ; [CPU_] |108| 
     294 00000051 8BBE          MOVL      XAR1,*--SP            ; [CPU_] 
     295                      .dwcfi  cfa_offset, -2
     296                      .dwcfi  restore_reg, 7
     297 00000052 2DAB          MOV       T,PL                  ; [CPU_] |108| 
     298 00000053 FF66          LSL       AL,T                  ; [CPU_] |108| 
     299 00000054 9CFF          ADDB      AL,#-1                ; [CPU_] |108| 
     300 00000055 CEA8          AND       AL,AH                 ; [CPU_] |108| 
     301              $C$DW$23        .dwtag  DW_TAG_TI_branch
     302                      .dwattr $C$DW$23, DW_AT_low_pc(0x00)
     303                      .dwattr $C$DW$23, DW_AT_TI_return
     304 00000056 0006          LRETR     ; [CPU_] 
     305                      ; return occurs ; [] 
     306                      .dwattr $C$DW$15, DW_AT_TI_end_file("D:/FOC_27/sw/drivers/drvic/FreeModbus/modbus/functions/mbutils.c
     307                      .dwattr $C$DW$15, DW_AT_TI_end_line(0x72)
     308                      .dwattr $C$DW$15, DW_AT_TI_end_column(0x01)
     309                      .dwendentry
     310                      .dwendtag $C$DW$15
     311              
     312 00000057               .sect   ".text"
     313                      .clink
     314                      .global _prveMBError2Exception
     315              
     316              $C$DW$24        .dwtag  DW_TAG_subprogram, DW_AT_name("prveMBError2Exception")
     317                      .dwattr $C$DW$24, DW_AT_low_pc(_prveMBError2Exception)
     318                      .dwattr $C$DW$24, DW_AT_high_pc(0x00)
     319                      .dwattr $C$DW$24, DW_AT_TI_symbol_name("_prveMBError2Exception")
     320                      .dwattr $C$DW$24, DW_AT_external
     321                      .dwattr $C$DW$24, DW_AT_type(*$C$DW$T$23)
     322                      .dwattr $C$DW$24, DW_AT_TI_begin_file("D:/FOC_27/sw/drivers/drvic/FreeModbus/modbus/functions/mbutils
TMS320C2000 Assembler PC v6.2.5 Tue Aug 15 11:38:39 2017

Tools Copyright (c) 1996-2014 Texas Instruments Incorporated
C:\Users\wmj\AppData\Local\Temp\6882410                              PAGE    7

     323                      .dwattr $C$DW$24, DW_AT_TI_begin_line(0x75)
     324                      .dwattr $C$DW$24, DW_AT_TI_begin_column(0x01)
     325                      .dwattr $C$DW$24, DW_AT_TI_max_frame_size(-2)
     326                      .dwpsn  file "D:/FOC_27/sw/drivers/drvic/FreeModbus/modbus/functions/mbutils.c",line 118,column 1,is_
     327              
     328                      .dwfde $C$DW$CIE, _prveMBError2Exception
     329              $C$DW$25        .dwtag  DW_TAG_formal_parameter, DW_AT_name("eErrorCode")
     330                      .dwattr $C$DW$25, DW_AT_TI_symbol_name("_eErrorCode")
     331                      .dwattr $C$DW$25, DW_AT_type(*$C$DW$T$21)
     332                      .dwattr $C$DW$25, DW_AT_location[DW_OP_reg0]
     333              
     334              ;***************************************************************
     335              ;* FNAME: _prveMBError2Exception        FR SIZE:   0           *
     336              ;*                                                             *
     337              ;* FUNCTION ENVIRONMENT                                        *
     338              ;*                                                             *
     339              ;* FUNCTION PROPERTIES                                         *
     340              ;*                            0 Parameter,  0 Auto,  0 SOE     *
     341              ;***************************************************************
     342              
     343              _prveMBError2Exception:
     344              ;* AL    assigned to _eStatus
     345              $C$DW$26        .dwtag  DW_TAG_variable, DW_AT_name("eStatus")
     346                      .dwattr $C$DW$26, DW_AT_TI_symbol_name("_eStatus")
     347                      .dwattr $C$DW$26, DW_AT_type(*$C$DW$T$23)
     348                      .dwattr $C$DW$26, DW_AT_location[DW_OP_reg0]
     349              ;* AL    assigned to _eErrorCode
     350              $C$DW$27        .dwtag  DW_TAG_variable, DW_AT_name("eErrorCode")
     351                      .dwattr $C$DW$27, DW_AT_TI_symbol_name("_eErrorCode")
     352                      .dwattr $C$DW$27, DW_AT_type(*$C$DW$T$25)
     353                      .dwattr $C$DW$27, DW_AT_location[DW_OP_reg0]
     354                      .dwcfi  cfa_offset, -2
     355                      .dwcfi  save_reg_to_mem, 26, 0
     356                      .dwcfi  save_reg_to_reg, 78, 26
     357                      .dwpsn  file "D:/FOC_27/sw/drivers/drvic/FreeModbus/modbus/functions/mbutils.c",line 121,column 5,is_
     358 00000057 5200          CMPB      AL,#0                 ; [CPU_] |121| 
     359 00000058 EC0B          BF        $C$L3,EQ              ; [CPU_] |121| 
     360                      ; branchcc occurs ; [] |121| 
     361 00000059 5201          CMPB      AL,#1                 ; [CPU_] |121| 
     362 0000005a EC07          BF        $C$L2,EQ              ; [CPU_] |121| 
     363                      ; branchcc occurs ; [] |121| 
     364 0000005b 5207          CMPB      AL,#7                 ; [CPU_] |121| 
     365 0000005c EC03          BF        $C$L1,EQ              ; [CPU_] |121| 
     366                      ; branchcc occurs ; [] |121| 
     367                      .dwpsn  file "D:/FOC_27/sw/drivers/drvic/FreeModbus/modbus/functions/mbutils.c",line 136,column 13,is
     368 0000005d 9A04          MOVB      AL,#4                 ; [CPU_] |136| 
     369              $C$DW$28        .dwtag  DW_TAG_TI_branch
     370                      .dwattr $C$DW$28, DW_AT_low_pc(0x00)
     371                      .dwattr $C$DW$28, DW_AT_TI_return
     372 0000005e 0006          LRETR     ; [CPU_] 
     373                      ; return occurs ; [] 
     374 0000005f       $C$L1:    
     375                      .dwpsn  file "D:/FOC_27/sw/drivers/drvic/FreeModbus/modbus/functions/mbutils.c",line 132,column 13,is
     376 0000005f 9A06          MOVB      AL,#6                 ; [CPU_] |132| 
     377              $C$DW$29        .dwtag  DW_TAG_TI_branch
TMS320C2000 Assembler PC v6.2.5 Tue Aug 15 11:38:39 2017

Tools Copyright (c) 1996-2014 Texas Instruments Incorporated
C:\Users\wmj\AppData\Local\Temp\6882410                              PAGE    8

     378                      .dwattr $C$DW$29, DW_AT_low_pc(0x00)
     379                      .dwattr $C$DW$29, DW_AT_TI_return
     380 00000060 0006          LRETR     ; [CPU_] 
     381                      ; return occurs ; [] 
     382 00000061       $C$L2:    
     383                      .dwpsn  file "D:/FOC_27/sw/drivers/drvic/FreeModbus/modbus/functions/mbutils.c",line 128,column 13,is
     384 00000061 9A02          MOVB      AL,#2                 ; [CPU_] |128| 
     385              $C$DW$30        .dwtag  DW_TAG_TI_branch
     386                      .dwattr $C$DW$30, DW_AT_low_pc(0x00)
     387                      .dwattr $C$DW$30, DW_AT_TI_return
     388 00000062 0006          LRETR     ; [CPU_] 
     389                      ; return occurs ; [] 
     390 00000063       $C$L3:    
     391                      .dwpsn  file "D:/FOC_27/sw/drivers/drvic/FreeModbus/modbus/functions/mbutils.c",line 124,column 13,is
     392 00000063 9A00          MOVB      AL,#0                 ; [CPU_] |124| 
     393              $C$DW$31        .dwtag  DW_TAG_TI_branch
     394                      .dwattr $C$DW$31, DW_AT_low_pc(0x00)
     395                      .dwattr $C$DW$31, DW_AT_TI_return
     396 00000064 0006          LRETR     ; [CPU_] 
     397                      ; return occurs ; [] 
     398                      .dwattr $C$DW$24, DW_AT_TI_end_file("D:/FOC_27/sw/drivers/drvic/FreeModbus/modbus/functions/mbutils.c
     399                      .dwattr $C$DW$24, DW_AT_TI_end_line(0x8d)
     400                      .dwattr $C$DW$24, DW_AT_TI_end_column(0x01)
     401                      .dwendentry
     402                      .dwendtag $C$DW$24
     403              
     404              ;**************************************************************
     405              ;* UNDEFINED EXTERNAL REFERENCES                              *
     406              ;**************************************************************
     407                      .global _assert_param
     408              
     409              ;***************************************************************
     410              ;* TYPE INFORMATION                                            *
     411              ;***************************************************************
     412              
     413              $C$DW$T$19      .dwtag  DW_TAG_enumeration_type
     414                      .dwattr $C$DW$T$19, DW_AT_byte_size(0x01)
     415              $C$DW$32        .dwtag  DW_TAG_enumerator, DW_AT_name("MB_EX_NONE"), DW_AT_const_value(0x00)
     416              $C$DW$33        .dwtag  DW_TAG_enumerator, DW_AT_name("MB_EX_ILLEGAL_FUNCTION"), DW_AT_const_value(0x01)
     417              $C$DW$34        .dwtag  DW_TAG_enumerator, DW_AT_name("MB_EX_ILLEGAL_DATA_ADDRESS"), DW_AT_const_value(0x02)
     418              $C$DW$35        .dwtag  DW_TAG_enumerator, DW_AT_name("MB_EX_ILLEGAL_DATA_VALUE"), DW_AT_const_value(0x03)
     419              $C$DW$36        .dwtag  DW_TAG_enumerator, DW_AT_name("MB_EX_SLAVE_DEVICE_FAILURE"), DW_AT_const_value(0x04)
     420              $C$DW$37        .dwtag  DW_TAG_enumerator, DW_AT_name("MB_EX_ACKNOWLEDGE"), DW_AT_const_value(0x05)
     421              $C$DW$38        .dwtag  DW_TAG_enumerator, DW_AT_name("MB_EX_SLAVE_BUSY"), DW_AT_const_value(0x06)
     422              $C$DW$39        .dwtag  DW_TAG_enumerator, DW_AT_name("MB_EX_MEMORY_PARITY_ERROR"), DW_AT_const_value(0x08)
     423              $C$DW$40        .dwtag  DW_TAG_enumerator, DW_AT_name("MB_EX_GATEWAY_PATH_FAILED"), DW_AT_const_value(0x0a)
     424              $C$DW$41        .dwtag  DW_TAG_enumerator, DW_AT_name("MB_EX_GATEWAY_TGT_FAILED"), DW_AT_const_value(0x0b)
     425                      .dwendtag $C$DW$T$19
     426              
     427              $C$DW$T$23      .dwtag  DW_TAG_typedef, DW_AT_name("eMBException")
     428                      .dwattr $C$DW$T$23, DW_AT_type(*$C$DW$T$19)
     429                      .dwattr $C$DW$T$23, DW_AT_language(DW_LANG_C)
     430              
     431              $C$DW$T$20      .dwtag  DW_TAG_enumeration_type
     432                      .dwattr $C$DW$T$20, DW_AT_byte_size(0x01)
TMS320C2000 Assembler PC v6.2.5 Tue Aug 15 11:38:39 2017

Tools Copyright (c) 1996-2014 Texas Instruments Incorporated
C:\Users\wmj\AppData\Local\Temp\6882410                              PAGE    9

     433              $C$DW$42        .dwtag  DW_TAG_enumerator, DW_AT_name("MB_ENOERR"), DW_AT_const_value(0x00)
     434              $C$DW$43        .dwtag  DW_TAG_enumerator, DW_AT_name("MB_ENOREG"), DW_AT_const_value(0x01)
     435              $C$DW$44        .dwtag  DW_TAG_enumerator, DW_AT_name("MB_EINVAL"), DW_AT_const_value(0x02)
     436              $C$DW$45        .dwtag  DW_TAG_enumerator, DW_AT_name("MB_EPORTERR"), DW_AT_const_value(0x03)
     437              $C$DW$46        .dwtag  DW_TAG_enumerator, DW_AT_name("MB_ENORES"), DW_AT_const_value(0x04)
     438              $C$DW$47        .dwtag  DW_TAG_enumerator, DW_AT_name("MB_EIO"), DW_AT_const_value(0x05)
     439              $C$DW$48        .dwtag  DW_TAG_enumerator, DW_AT_name("MB_EILLSTATE"), DW_AT_const_value(0x06)
     440              $C$DW$49        .dwtag  DW_TAG_enumerator, DW_AT_name("MB_ETIMEDOUT"), DW_AT_const_value(0x07)
     441                      .dwendtag $C$DW$T$20
     442              
     443              $C$DW$T$21      .dwtag  DW_TAG_typedef, DW_AT_name("eMBErrorCode")
     444                      .dwattr $C$DW$T$21, DW_AT_type(*$C$DW$T$20)
     445                      .dwattr $C$DW$T$21, DW_AT_language(DW_LANG_C)
     446              $C$DW$50        .dwtag  DW_TAG_TI_far_type
     447                      .dwattr $C$DW$50, DW_AT_type(*$C$DW$T$21)
     448              $C$DW$T$25      .dwtag  DW_TAG_const_type
     449                      .dwattr $C$DW$T$25, DW_AT_type(*$C$DW$50)
     450              $C$DW$T$4       .dwtag  DW_TAG_base_type
     451                      .dwattr $C$DW$T$4, DW_AT_encoding(DW_ATE_boolean)
     452                      .dwattr $C$DW$T$4, DW_AT_name("bool")
     453                      .dwattr $C$DW$T$4, DW_AT_byte_size(0x01)
     454              $C$DW$T$5       .dwtag  DW_TAG_base_type
     455                      .dwattr $C$DW$T$5, DW_AT_encoding(DW_ATE_signed_char)
     456                      .dwattr $C$DW$T$5, DW_AT_name("signed char")
     457                      .dwattr $C$DW$T$5, DW_AT_byte_size(0x01)
     458              $C$DW$T$6       .dwtag  DW_TAG_base_type
     459                      .dwattr $C$DW$T$6, DW_AT_encoding(DW_ATE_unsigned_char)
     460                      .dwattr $C$DW$T$6, DW_AT_name("unsigned char")
     461                      .dwattr $C$DW$T$6, DW_AT_byte_size(0x01)
     462              $C$DW$T$26      .dwtag  DW_TAG_typedef, DW_AT_name("UCHAR")
     463                      .dwattr $C$DW$T$26, DW_AT_type(*$C$DW$T$6)
     464                      .dwattr $C$DW$T$26, DW_AT_language(DW_LANG_C)
     465              $C$DW$51        .dwtag  DW_TAG_TI_far_type
     466                      .dwattr $C$DW$51, DW_AT_type(*$C$DW$T$26)
     467              $C$DW$T$31      .dwtag  DW_TAG_const_type
     468                      .dwattr $C$DW$T$31, DW_AT_type(*$C$DW$51)
     469              $C$DW$T$27      .dwtag  DW_TAG_pointer_type
     470                      .dwattr $C$DW$T$27, DW_AT_type(*$C$DW$T$26)
     471                      .dwattr $C$DW$T$27, DW_AT_address_class(0x16)
     472              $C$DW$52        .dwtag  DW_TAG_TI_far_type
     473                      .dwattr $C$DW$52, DW_AT_type(*$C$DW$T$27)
     474              $C$DW$T$32      .dwtag  DW_TAG_const_type
     475                      .dwattr $C$DW$T$32, DW_AT_type(*$C$DW$52)
     476              $C$DW$T$7       .dwtag  DW_TAG_base_type
     477                      .dwattr $C$DW$T$7, DW_AT_encoding(DW_ATE_signed_char)
     478                      .dwattr $C$DW$T$7, DW_AT_name("wchar_t")
     479                      .dwattr $C$DW$T$7, DW_AT_byte_size(0x01)
     480              $C$DW$T$8       .dwtag  DW_TAG_base_type
     481                      .dwattr $C$DW$T$8, DW_AT_encoding(DW_ATE_signed)
     482                      .dwattr $C$DW$T$8, DW_AT_name("short")
     483                      .dwattr $C$DW$T$8, DW_AT_byte_size(0x01)
     484              $C$DW$T$9       .dwtag  DW_TAG_base_type
     485                      .dwattr $C$DW$T$9, DW_AT_encoding(DW_ATE_unsigned)
     486                      .dwattr $C$DW$T$9, DW_AT_name("unsigned short")
     487                      .dwattr $C$DW$T$9, DW_AT_byte_size(0x01)
TMS320C2000 Assembler PC v6.2.5 Tue Aug 15 11:38:39 2017

Tools Copyright (c) 1996-2014 Texas Instruments Incorporated
C:\Users\wmj\AppData\Local\Temp\6882410                              PAGE   10

     488              $C$DW$T$28      .dwtag  DW_TAG_typedef, DW_AT_name("uint16_t")
     489                      .dwattr $C$DW$T$28, DW_AT_type(*$C$DW$T$9)
     490                      .dwattr $C$DW$T$28, DW_AT_language(DW_LANG_C)
     491              $C$DW$T$29      .dwtag  DW_TAG_typedef, DW_AT_name("USHORT")
     492                      .dwattr $C$DW$T$29, DW_AT_type(*$C$DW$T$28)
     493                      .dwattr $C$DW$T$29, DW_AT_language(DW_LANG_C)
     494              $C$DW$53        .dwtag  DW_TAG_TI_far_type
     495                      .dwattr $C$DW$53, DW_AT_type(*$C$DW$T$29)
     496              $C$DW$T$34      .dwtag  DW_TAG_const_type
     497                      .dwattr $C$DW$T$34, DW_AT_type(*$C$DW$53)
     498              $C$DW$T$10      .dwtag  DW_TAG_base_type
     499                      .dwattr $C$DW$T$10, DW_AT_encoding(DW_ATE_signed)
     500                      .dwattr $C$DW$T$10, DW_AT_name("int")
     501                      .dwattr $C$DW$T$10, DW_AT_byte_size(0x01)
     502              $C$DW$T$11      .dwtag  DW_TAG_base_type
     503                      .dwattr $C$DW$T$11, DW_AT_encoding(DW_ATE_unsigned)
     504                      .dwattr $C$DW$T$11, DW_AT_name("unsigned int")
     505                      .dwattr $C$DW$T$11, DW_AT_byte_size(0x01)
     506              $C$DW$T$12      .dwtag  DW_TAG_base_type
     507                      .dwattr $C$DW$T$12, DW_AT_encoding(DW_ATE_signed)
     508                      .dwattr $C$DW$T$12, DW_AT_name("long")
     509                      .dwattr $C$DW$T$12, DW_AT_byte_size(0x02)
     510              $C$DW$T$13      .dwtag  DW_TAG_base_type
     511                      .dwattr $C$DW$T$13, DW_AT_encoding(DW_ATE_unsigned)
     512                      .dwattr $C$DW$T$13, DW_AT_name("unsigned long")
     513                      .dwattr $C$DW$T$13, DW_AT_byte_size(0x02)
     514              $C$DW$T$14      .dwtag  DW_TAG_base_type
     515                      .dwattr $C$DW$T$14, DW_AT_encoding(DW_ATE_signed)
     516                      .dwattr $C$DW$T$14, DW_AT_name("long long")
     517                      .dwattr $C$DW$T$14, DW_AT_byte_size(0x04)
     518              $C$DW$T$15      .dwtag  DW_TAG_base_type
     519                      .dwattr $C$DW$T$15, DW_AT_encoding(DW_ATE_unsigned)
     520                      .dwattr $C$DW$T$15, DW_AT_name("unsigned long long")
     521                      .dwattr $C$DW$T$15, DW_AT_byte_size(0x04)
     522              $C$DW$T$16      .dwtag  DW_TAG_base_type
     523                      .dwattr $C$DW$T$16, DW_AT_encoding(DW_ATE_float)
     524                      .dwattr $C$DW$T$16, DW_AT_name("float")
     525                      .dwattr $C$DW$T$16, DW_AT_byte_size(0x02)
     526              $C$DW$T$17      .dwtag  DW_TAG_base_type
     527                      .dwattr $C$DW$T$17, DW_AT_encoding(DW_ATE_float)
     528                      .dwattr $C$DW$T$17, DW_AT_name("double")
     529                      .dwattr $C$DW$T$17, DW_AT_byte_size(0x02)
     530              $C$DW$T$18      .dwtag  DW_TAG_base_type
     531                      .dwattr $C$DW$T$18, DW_AT_encoding(DW_ATE_float)
     532                      .dwattr $C$DW$T$18, DW_AT_name("long double")
     533                      .dwattr $C$DW$T$18, DW_AT_byte_size(0x04)
     534                      .dwattr $C$DW$CU, DW_AT_language(DW_LANG_C)
     535              
     536              ;***************************************************************
     537              ;* DWARF CIE ENTRIES                                           *
     538              ;***************************************************************
     539              
     540              $C$DW$CIE       .dwcie 78
     541                      .dwcfi  cfa_register, 20
     542                      .dwcfi  cfa_offset, 0
TMS320C2000 Assembler PC v6.2.5 Tue Aug 15 11:38:39 2017

Tools Copyright (c) 1996-2014 Texas Instruments Incorporated
C:\Users\wmj\AppData\Local\Temp\6882410                              PAGE   11

     543                      .dwcfi  undefined, 0
     544                      .dwcfi  undefined, 1
     545                      .dwcfi  undefined, 2
     546                      .dwcfi  undefined, 3
     547                      .dwcfi  undefined, 20
     548                      .dwcfi  undefined, 21
     549                      .dwcfi  undefined, 22
     550                      .dwcfi  undefined, 23
     551                      .dwcfi  undefined, 24
     552                      .dwcfi  undefined, 25
     553                      .dwcfi  undefined, 26
     554                      .dwcfi  same_value, 28
     555                      .dwcfi  undefined, 29
     556                      .dwcfi  undefined, 30
     557                      .dwcfi  undefined, 31
     558                      .dwcfi  undefined, 32
     559                      .dwcfi  undefined, 33
     560                      .dwcfi  undefined, 34
     561                      .dwcfi  undefined, 35
     562                      .dwcfi  undefined, 36
     563                      .dwcfi  undefined, 37
     564                      .dwcfi  undefined, 38
     565                      .dwcfi  undefined, 75
     566                      .dwcfi  undefined, 76
     567                      .dwcfi  undefined, 77
     568                      .dwcfi  undefined, 4
     569                      .dwcfi  same_value, 6
     570                      .dwcfi  same_value, 8
     571                      .dwcfi  same_value, 10
     572                      .dwcfi  undefined, 12
     573                      .dwcfi  undefined, 14
     574                      .dwcfi  undefined, 16
     575                      .dwcfi  undefined, 17
     576                      .dwcfi  undefined, 18
     577                      .dwcfi  undefined, 19
     578                      .dwcfi  undefined, 5
     579                      .dwcfi  same_value, 7
     580                      .dwcfi  same_value, 9
     581                      .dwcfi  same_value, 11
     582                      .dwcfi  undefined, 13
     583                      .dwcfi  undefined, 15
     584                      .dwcfi  undefined, 78
     585                      .dwendentry
     586              
     587              ;***************************************************************
     588              ;* DWARF REGISTER MAP                                          *
     589              ;***************************************************************
     590              
     591              $C$DW$54        .dwtag  DW_TAG_TI_assign_register, DW_AT_name("AL")
     592                      .dwattr $C$DW$54, DW_AT_location[DW_OP_reg0]
     593              $C$DW$55        .dwtag  DW_TAG_TI_assign_register, DW_AT_name("AH")
     594                      .dwattr $C$DW$55, DW_AT_location[DW_OP_reg1]
     595              $C$DW$56        .dwtag  DW_TAG_TI_assign_register, DW_AT_name("PL")
     596                      .dwattr $C$DW$56, DW_AT_location[DW_OP_reg2]
     597              $C$DW$57        .dwtag  DW_TAG_TI_assign_register, DW_AT_name("PH")
TMS320C2000 Assembler PC v6.2.5 Tue Aug 15 11:38:39 2017

Tools Copyright (c) 1996-2014 Texas Instruments Incorporated
C:\Users\wmj\AppData\Local\Temp\6882410                              PAGE   12

     598                      .dwattr $C$DW$57, DW_AT_location[DW_OP_reg3]
     599              $C$DW$58        .dwtag  DW_TAG_TI_assign_register, DW_AT_name("SP")
     600                      .dwattr $C$DW$58, DW_AT_location[DW_OP_reg20]
     601              $C$DW$59        .dwtag  DW_TAG_TI_assign_register, DW_AT_name("XT")
     602                      .dwattr $C$DW$59, DW_AT_location[DW_OP_reg21]
     603              $C$DW$60        .dwtag  DW_TAG_TI_assign_register, DW_AT_name("T")
     604                      .dwattr $C$DW$60, DW_AT_location[DW_OP_reg22]
     605              $C$DW$61        .dwtag  DW_TAG_TI_assign_register, DW_AT_name("ST0")
     606                      .dwattr $C$DW$61, DW_AT_location[DW_OP_reg23]
     607              $C$DW$62        .dwtag  DW_TAG_TI_assign_register, DW_AT_name("ST1")
     608                      .dwattr $C$DW$62, DW_AT_location[DW_OP_reg24]
     609              $C$DW$63        .dwtag  DW_TAG_TI_assign_register, DW_AT_name("PC")
     610                      .dwattr $C$DW$63, DW_AT_location[DW_OP_reg25]
     611              $C$DW$64        .dwtag  DW_TAG_TI_assign_register, DW_AT_name("RPC")
     612                      .dwattr $C$DW$64, DW_AT_location[DW_OP_reg26]
     613              $C$DW$65        .dwtag  DW_TAG_TI_assign_register, DW_AT_name("FP")
     614                      .dwattr $C$DW$65, DW_AT_location[DW_OP_reg28]
     615              $C$DW$66        .dwtag  DW_TAG_TI_assign_register, DW_AT_name("DP")
     616                      .dwattr $C$DW$66, DW_AT_location[DW_OP_reg29]
     617              $C$DW$67        .dwtag  DW_TAG_TI_assign_register, DW_AT_name("SXM")
     618                      .dwattr $C$DW$67, DW_AT_location[DW_OP_reg30]
     619              $C$DW$68        .dwtag  DW_TAG_TI_assign_register, DW_AT_name("PM")
     620                      .dwattr $C$DW$68, DW_AT_location[DW_OP_reg31]
     621              $C$DW$69        .dwtag  DW_TAG_TI_assign_register, DW_AT_name("OVM")
     622                      .dwattr $C$DW$69, DW_AT_location[DW_OP_regx 0x20]
     623              $C$DW$70        .dwtag  DW_TAG_TI_assign_register, DW_AT_name("PAGE0")
     624                      .dwattr $C$DW$70, DW_AT_location[DW_OP_regx 0x21]
     625              $C$DW$71        .dwtag  DW_TAG_TI_assign_register, DW_AT_name("AMODE")
     626                      .dwattr $C$DW$71, DW_AT_location[DW_OP_regx 0x22]
     627              $C$DW$72        .dwtag  DW_TAG_TI_assign_register, DW_AT_name("INTM")
     628                      .dwattr $C$DW$72, DW_AT_location[DW_OP_regx 0x23]
     629              $C$DW$73        .dwtag  DW_TAG_TI_assign_register, DW_AT_name("IFR")
     630                      .dwattr $C$DW$73, DW_AT_location[DW_OP_regx 0x24]
     631              $C$DW$74        .dwtag  DW_TAG_TI_assign_register, DW_AT_name("IER")
     632                      .dwattr $C$DW$74, DW_AT_location[DW_OP_regx 0x25]
     633              $C$DW$75        .dwtag  DW_TAG_TI_assign_register, DW_AT_name("V")
     634                      .dwattr $C$DW$75, DW_AT_location[DW_OP_regx 0x26]
     635              $C$DW$76        .dwtag  DW_TAG_TI_assign_register, DW_AT_name("PSEUDOH")
     636                      .dwattr $C$DW$76, DW_AT_location[DW_OP_regx 0x4c]
     637              $C$DW$77        .dwtag  DW_TAG_TI_assign_register, DW_AT_name("VOL")
     638                      .dwattr $C$DW$77, DW_AT_location[DW_OP_regx 0x4d]
     639              $C$DW$78        .dwtag  DW_TAG_TI_assign_register, DW_AT_name("AR0")
     640                      .dwattr $C$DW$78, DW_AT_location[DW_OP_reg4]
     641              $C$DW$79        .dwtag  DW_TAG_TI_assign_register, DW_AT_name("AR1")
     642                      .dwattr $C$DW$79, DW_AT_location[DW_OP_reg6]
     643              $C$DW$80        .dwtag  DW_TAG_TI_assign_register, DW_AT_name("AR2")
     644                      .dwattr $C$DW$80, DW_AT_location[DW_OP_reg8]
     645              $C$DW$81        .dwtag  DW_TAG_TI_assign_register, DW_AT_name("AR3")
     646                      .dwattr $C$DW$81, DW_AT_location[DW_OP_reg10]
     647              $C$DW$82        .dwtag  DW_TAG_TI_assign_register, DW_AT_name("AR4")
     648                      .dwattr $C$DW$82, DW_AT_location[DW_OP_reg12]
     649              $C$DW$83        .dwtag  DW_TAG_TI_assign_register, DW_AT_name("AR5")
     650                      .dwattr $C$DW$83, DW_AT_location[DW_OP_reg14]
     651              $C$DW$84        .dwtag  DW_TAG_TI_assign_register, DW_AT_name("AR6")
     652                      .dwattr $C$DW$84, DW_AT_location[DW_OP_reg16]
TMS320C2000 Assembler PC v6.2.5 Tue Aug 15 11:38:39 2017

Tools Copyright (c) 1996-2014 Texas Instruments Incorporated
C:\Users\wmj\AppData\Local\Temp\6882410                              PAGE   13

     653              $C$DW$85        .dwtag  DW_TAG_TI_assign_register, DW_AT_name("XAR6")
     654                      .dwattr $C$DW$85, DW_AT_location[DW_OP_reg17]
     655              $C$DW$86        .dwtag  DW_TAG_TI_assign_register, DW_AT_name("AR7")
     656                      .dwattr $C$DW$86, DW_AT_location[DW_OP_reg18]
     657              $C$DW$87        .dwtag  DW_TAG_TI_assign_register, DW_AT_name("XAR7")
     658                      .dwattr $C$DW$87, DW_AT_location[DW_OP_reg19]
     659              $C$DW$88        .dwtag  DW_TAG_TI_assign_register, DW_AT_name("XAR0")
     660                      .dwattr $C$DW$88, DW_AT_location[DW_OP_reg5]
     661              $C$DW$89        .dwtag  DW_TAG_TI_assign_register, DW_AT_name("XAR1")
     662                      .dwattr $C$DW$89, DW_AT_location[DW_OP_reg7]
     663              $C$DW$90        .dwtag  DW_TAG_TI_assign_register, DW_AT_name("XAR2")
     664                      .dwattr $C$DW$90, DW_AT_location[DW_OP_reg9]
     665              $C$DW$91        .dwtag  DW_TAG_TI_assign_register, DW_AT_name("XAR3")
     666                      .dwattr $C$DW$91, DW_AT_location[DW_OP_reg11]
     667              $C$DW$92        .dwtag  DW_TAG_TI_assign_register, DW_AT_name("XAR4")
     668                      .dwattr $C$DW$92, DW_AT_location[DW_OP_reg13]
     669              $C$DW$93        .dwtag  DW_TAG_TI_assign_register, DW_AT_name("XAR5")
     670                      .dwattr $C$DW$93, DW_AT_location[DW_OP_reg15]
     671              $C$DW$94        .dwtag  DW_TAG_TI_assign_register, DW_AT_name("CIE_RETA")
     672                      .dwattr $C$DW$94, DW_AT_location[DW_OP_regx 0x4e]
     673                      .dwendtag $C$DW$CU
     674              

No Assembly Errors, No Assembly Warnings
