TMS320C2000 Assembler PC v6.2.5 Tue Aug 15 11:38:40 2017

Tools Copyright (c) 1996-2014 Texas Instruments Incorporated
C:\Users\wmj\AppData\Local\Temp\7534410                              PAGE    1

       1              ;***************************************************************
       2              ;* TMS320C2000 C/C++ Codegen                         PC v6.2.5 *
       3              ;* Date/Time created: Tue Aug 15 11:38:40 2017                 *
       4              ;***************************************************************
       5                      .compiler_opts --float_support=softlib --hll_source=on --mem_model:code=flat --mem_model:data=large -
       6        0002  FP      .set    XAR2
       7              
       8              $C$DW$CU        .dwtag  DW_TAG_compile_unit
       9                      .dwattr $C$DW$CU, DW_AT_name("D:/FOC_27/sw/drivers/drvic/FreeModbus/port/portevent.c")
      10                      .dwattr $C$DW$CU, DW_AT_producer("TMS320C2000 C/C++ Codegen PC v6.2.5 Copyright (c) 1996-2014 Texas I
      11                      .dwattr $C$DW$CU, DW_AT_TI_version(0x01)
      12                      .dwattr $C$DW$CU, DW_AT_comp_dir("D:\FOC_27\sw\solutions\instaspin_foc\boards\hvkit_rev1p1\f28x\f2802
      13 00000000       _eQueuedEvent:  .usect  ".ebss",1,1,0
      14              $C$DW$1 .dwtag  DW_TAG_variable, DW_AT_name("eQueuedEvent")
      15                      .dwattr $C$DW$1, DW_AT_TI_symbol_name("_eQueuedEvent")
      16                      .dwattr $C$DW$1, DW_AT_type(*$C$DW$T$22)
      17                      .dwattr $C$DW$1, DW_AT_location[DW_OP_addr _eQueuedEvent]
      18 00000001       _xEventInQueue: .usect  ".ebss",1,1,0
      19              $C$DW$2 .dwtag  DW_TAG_variable, DW_AT_name("xEventInQueue")
      20                      .dwattr $C$DW$2, DW_AT_TI_symbol_name("_xEventInQueue")
      21                      .dwattr $C$DW$2, DW_AT_type(*$C$DW$T$27)
      22                      .dwattr $C$DW$2, DW_AT_location[DW_OP_addr _xEventInQueue]
      23              ;       C:\ti\ccsv6\tools\compiler\c2000_6.2.5\bin\opt2000.exe C:\\Users\\wmj\\AppData\\Local\\Temp\\753442 C
      24              ;       C:\ti\ccsv6\tools\compiler\c2000_6.2.5\bin\ac2000.exe -@C:\\Users\\wmj\\AppData\\Local\\Temp\\7534416
      25 00000000               .sect   ".text"
      26                      .clink
      27                      .global _xMBPortEventPost
      28              
      29              $C$DW$3 .dwtag  DW_TAG_subprogram, DW_AT_name("xMBPortEventPost")
      30                      .dwattr $C$DW$3, DW_AT_low_pc(_xMBPortEventPost)
      31                      .dwattr $C$DW$3, DW_AT_high_pc(0x00)
      32                      .dwattr $C$DW$3, DW_AT_TI_symbol_name("_xMBPortEventPost")
      33                      .dwattr $C$DW$3, DW_AT_external
      34                      .dwattr $C$DW$3, DW_AT_type(*$C$DW$T$27)
      35                      .dwattr $C$DW$3, DW_AT_TI_begin_file("D:/FOC_27/sw/drivers/drvic/FreeModbus/port/portevent.c")
      36                      .dwattr $C$DW$3, DW_AT_TI_begin_line(0x27)
      37                      .dwattr $C$DW$3, DW_AT_TI_begin_column(0x01)
      38                      .dwattr $C$DW$3, DW_AT_TI_max_frame_size(-2)
      39                      .dwpsn  file "D:/FOC_27/sw/drivers/drvic/FreeModbus/port/portevent.c",line 40,column 1,is_stmt,addres
      40              
      41                      .dwfde $C$DW$CIE, _xMBPortEventPost
      42              $C$DW$4 .dwtag  DW_TAG_formal_parameter, DW_AT_name("eEvent")
      43                      .dwattr $C$DW$4, DW_AT_TI_symbol_name("_eEvent")
      44                      .dwattr $C$DW$4, DW_AT_type(*$C$DW$T$22)
      45                      .dwattr $C$DW$4, DW_AT_location[DW_OP_reg0]
      46              
      47              ;***************************************************************
      48              ;* FNAME: _xMBPortEventPost             FR SIZE:   0           *
      49              ;*                                                             *
      50              ;* FUNCTION ENVIRONMENT                                        *
      51              ;*                                                             *
      52              ;* FUNCTION PROPERTIES                                         *
      53              ;*                            0 Parameter,  0 Auto,  0 SOE     *
      54              ;***************************************************************
      55              
TMS320C2000 Assembler PC v6.2.5 Tue Aug 15 11:38:40 2017

Tools Copyright (c) 1996-2014 Texas Instruments Incorporated
C:\Users\wmj\AppData\Local\Temp\7534410                              PAGE    2

      56              _xMBPortEventPost:
      57              ;* AL    assigned to _eEvent
      58              $C$DW$5 .dwtag  DW_TAG_variable, DW_AT_name("eEvent")
      59                      .dwattr $C$DW$5, DW_AT_TI_symbol_name("_eEvent")
      60                      .dwattr $C$DW$5, DW_AT_type(*$C$DW$T$25)
      61                      .dwattr $C$DW$5, DW_AT_location[DW_OP_reg0]
      62                      .dwcfi  cfa_offset, -2
      63                      .dwcfi  save_reg_to_mem, 26, 0
      64                      .dwcfi  save_reg_to_reg, 78, 26
      65 00000000 761F-         MOVW      DP,#_xEventInQueue    ; [CPU_U] 
         00000001 0000 
      66                      .dwpsn  file "D:/FOC_27/sw/drivers/drvic/FreeModbus/port/portevent.c",line 42,column 5,is_stmt
      67 00000002 9600-         MOV       @_eQueuedEvent,AL     ; [CPU_] |42| 
      68                      .dwpsn  file "D:/FOC_27/sw/drivers/drvic/FreeModbus/port/portevent.c",line 43,column 5,is_stmt
      69 00000003 9A01          MOVB      AL,#1                 ; [CPU_] |43| 
      70                      .dwpsn  file "D:/FOC_27/sw/drivers/drvic/FreeModbus/port/portevent.c",line 41,column 5,is_stmt
      71 00000004 56BF-         MOVB      @_xEventInQueue,#1,UNC ; [CPU_] |41| 
         00000005 0101 
      72              $C$DW$6 .dwtag  DW_TAG_TI_branch
      73                      .dwattr $C$DW$6, DW_AT_low_pc(0x00)
      74                      .dwattr $C$DW$6, DW_AT_TI_return
      75 00000006 0006          LRETR     ; [CPU_] 
      76                      ; return occurs ; [] 
      77                      .dwattr $C$DW$3, DW_AT_TI_end_file("D:/FOC_27/sw/drivers/drvic/FreeModbus/port/portevent.c")
      78                      .dwattr $C$DW$3, DW_AT_TI_end_line(0x2c)
      79                      .dwattr $C$DW$3, DW_AT_TI_end_column(0x01)
      80                      .dwendentry
      81                      .dwendtag $C$DW$3
      82              
      83 00000007               .sect   ".text"
      84                      .clink
      85                      .global _xMBPortEventInit
      86              
      87              $C$DW$7 .dwtag  DW_TAG_subprogram, DW_AT_name("xMBPortEventInit")
      88                      .dwattr $C$DW$7, DW_AT_low_pc(_xMBPortEventInit)
      89                      .dwattr $C$DW$7, DW_AT_high_pc(0x00)
      90                      .dwattr $C$DW$7, DW_AT_TI_symbol_name("_xMBPortEventInit")
      91                      .dwattr $C$DW$7, DW_AT_external
      92                      .dwattr $C$DW$7, DW_AT_type(*$C$DW$T$27)
      93                      .dwattr $C$DW$7, DW_AT_TI_begin_file("D:/FOC_27/sw/drivers/drvic/FreeModbus/port/portevent.c")
      94                      .dwattr $C$DW$7, DW_AT_TI_begin_line(0x20)
      95                      .dwattr $C$DW$7, DW_AT_TI_begin_column(0x01)
      96                      .dwattr $C$DW$7, DW_AT_TI_max_frame_size(-2)
      97                      .dwpsn  file "D:/FOC_27/sw/drivers/drvic/FreeModbus/port/portevent.c",line 33,column 1,is_stmt,addres
      98              
      99                      .dwfde $C$DW$CIE, _xMBPortEventInit
     100              
     101              ;***************************************************************
     102              ;* FNAME: _xMBPortEventInit             FR SIZE:   0           *
     103              ;*                                                             *
     104              ;* FUNCTION ENVIRONMENT                                        *
     105              ;*                                                             *
     106              ;* FUNCTION PROPERTIES                                         *
     107              ;*                            0 Parameter,  0 Auto,  0 SOE     *
     108              ;***************************************************************
TMS320C2000 Assembler PC v6.2.5 Tue Aug 15 11:38:40 2017

Tools Copyright (c) 1996-2014 Texas Instruments Incorporated
C:\Users\wmj\AppData\Local\Temp\7534410                              PAGE    3

     109              
     110 00000007       _xMBPortEventInit:
     111                      .dwcfi  cfa_offset, -2
     112                      .dwcfi  save_reg_to_mem, 26, 0
     113                      .dwcfi  save_reg_to_reg, 78, 26
     114                      .dwpsn  file "D:/FOC_27/sw/drivers/drvic/FreeModbus/port/portevent.c",line 35,column 5,is_stmt
     115 00000007 9A01          MOVB      AL,#1                 ; [CPU_] |35| 
     116 00000008 761F-         MOVW      DP,#_xEventInQueue    ; [CPU_U] 
         00000009 0000 
     117                      .dwpsn  file "D:/FOC_27/sw/drivers/drvic/FreeModbus/port/portevent.c",line 34,column 5,is_stmt
     118 0000000a 2B01-         MOV       @_xEventInQueue,#0    ; [CPU_] |34| 
     119              $C$DW$8 .dwtag  DW_TAG_TI_branch
     120                      .dwattr $C$DW$8, DW_AT_low_pc(0x00)
     121                      .dwattr $C$DW$8, DW_AT_TI_return
     122 0000000b 0006          LRETR     ; [CPU_] 
     123                      ; return occurs ; [] 
     124                      .dwattr $C$DW$7, DW_AT_TI_end_file("D:/FOC_27/sw/drivers/drvic/FreeModbus/port/portevent.c")
     125                      .dwattr $C$DW$7, DW_AT_TI_end_line(0x24)
     126                      .dwattr $C$DW$7, DW_AT_TI_end_column(0x01)
     127                      .dwendentry
     128                      .dwendtag $C$DW$7
     129              
     130 0000000c               .sect   ".text"
     131                      .clink
     132                      .global _xMBPortEventGet
     133              
     134              $C$DW$9 .dwtag  DW_TAG_subprogram, DW_AT_name("xMBPortEventGet")
     135                      .dwattr $C$DW$9, DW_AT_low_pc(_xMBPortEventGet)
     136                      .dwattr $C$DW$9, DW_AT_high_pc(0x00)
     137                      .dwattr $C$DW$9, DW_AT_TI_symbol_name("_xMBPortEventGet")
     138                      .dwattr $C$DW$9, DW_AT_external
     139                      .dwattr $C$DW$9, DW_AT_type(*$C$DW$T$27)
     140                      .dwattr $C$DW$9, DW_AT_TI_begin_file("D:/FOC_27/sw/drivers/drvic/FreeModbus/port/portevent.c")
     141                      .dwattr $C$DW$9, DW_AT_TI_begin_line(0x2f)
     142                      .dwattr $C$DW$9, DW_AT_TI_begin_column(0x01)
     143                      .dwattr $C$DW$9, DW_AT_TI_max_frame_size(-2)
     144                      .dwpsn  file "D:/FOC_27/sw/drivers/drvic/FreeModbus/port/portevent.c",line 48,column 1,is_stmt,addres
     145              
     146                      .dwfde $C$DW$CIE, _xMBPortEventGet
     147              $C$DW$10        .dwtag  DW_TAG_formal_parameter, DW_AT_name("eEvent")
     148                      .dwattr $C$DW$10, DW_AT_TI_symbol_name("_eEvent")
     149                      .dwattr $C$DW$10, DW_AT_type(*$C$DW$T$23)
     150                      .dwattr $C$DW$10, DW_AT_location[DW_OP_reg12]
     151              
     152              ;***************************************************************
     153              ;* FNAME: _xMBPortEventGet              FR SIZE:   0           *
     154              ;*                                                             *
     155              ;* FUNCTION ENVIRONMENT                                        *
     156              ;*                                                             *
     157              ;* FUNCTION PROPERTIES                                         *
     158              ;*                            0 Parameter,  0 Auto,  0 SOE     *
     159              ;***************************************************************
     160              
     161              _xMBPortEventGet:
     162              ;* AL    assigned to _xEventHappened
TMS320C2000 Assembler PC v6.2.5 Tue Aug 15 11:38:40 2017

Tools Copyright (c) 1996-2014 Texas Instruments Incorporated
C:\Users\wmj\AppData\Local\Temp\7534410                              PAGE    4

     163              $C$DW$11        .dwtag  DW_TAG_variable, DW_AT_name("xEventHappened")
     164                      .dwattr $C$DW$11, DW_AT_TI_symbol_name("_xEventHappened")
     165                      .dwattr $C$DW$11, DW_AT_type(*$C$DW$T$27)
     166                      .dwattr $C$DW$11, DW_AT_location[DW_OP_reg0]
     167              ;* AR4   assigned to _eEvent
     168              $C$DW$12        .dwtag  DW_TAG_variable, DW_AT_name("eEvent")
     169                      .dwattr $C$DW$12, DW_AT_TI_symbol_name("_eEvent")
     170                      .dwattr $C$DW$12, DW_AT_type(*$C$DW$T$24)
     171                      .dwattr $C$DW$12, DW_AT_location[DW_OP_reg12]
     172                      .dwcfi  cfa_offset, -2
     173                      .dwcfi  save_reg_to_mem, 26, 0
     174                      .dwcfi  save_reg_to_reg, 78, 26
     175 0000000c 761F-         MOVW      DP,#_xEventInQueue    ; [CPU_U] 
         0000000d 0000 
     176                      .dwpsn  file "D:/FOC_27/sw/drivers/drvic/FreeModbus/port/portevent.c",line 51,column 5,is_stmt
     177 0000000e 9201-         MOV       AL,@_xEventInQueue    ; [CPU_] |51| 
     178 0000000f ED03          BF        $C$L1,NEQ             ; [CPU_] |51| 
     179                      ; branchcc occurs ; [] |51| 
     180                      .dwpsn  file "D:/FOC_27/sw/drivers/drvic/FreeModbus/port/portevent.c",line 49,column 36,is_stmt
     181 00000010 9A00          MOVB      AL,#0                 ; [CPU_] |49| 
     182              $C$DW$13        .dwtag  DW_TAG_TI_branch
     183                      .dwattr $C$DW$13, DW_AT_low_pc(0x00)
     184                      .dwattr $C$DW$13, DW_AT_TI_return
     185 00000011 0006          LRETR     ; [CPU_] 
     186                      ; return occurs ; [] 
     187 00000012       $C$L1:    
     188                      .dwpsn  file "D:/FOC_27/sw/drivers/drvic/FreeModbus/port/portevent.c",line 53,column 9,is_stmt
     189 00000012 9200-         MOV       AL,@_eQueuedEvent     ; [CPU_] |53| 
     190 00000013 96C4          MOV       *+XAR4[0],AL          ; [CPU_] |53| 
     191                      .dwpsn  file "D:/FOC_27/sw/drivers/drvic/FreeModbus/port/portevent.c",line 55,column 9,is_stmt
     192 00000014 9A01          MOVB      AL,#1                 ; [CPU_] |55| 
     193                      .dwpsn  file "D:/FOC_27/sw/drivers/drvic/FreeModbus/port/portevent.c",line 54,column 9,is_stmt
     194 00000015 2B01-         MOV       @_xEventInQueue,#0    ; [CPU_] |54| 
     195              $C$DW$14        .dwtag  DW_TAG_TI_branch
     196                      .dwattr $C$DW$14, DW_AT_low_pc(0x00)
     197                      .dwattr $C$DW$14, DW_AT_TI_return
     198 00000016 0006          LRETR     ; [CPU_] 
     199                      ; return occurs ; [] 
     200                      .dwattr $C$DW$9, DW_AT_TI_end_file("D:/FOC_27/sw/drivers/drvic/FreeModbus/port/portevent.c")
     201                      .dwattr $C$DW$9, DW_AT_TI_end_line(0x3a)
     202                      .dwattr $C$DW$9, DW_AT_TI_end_column(0x01)
     203                      .dwendentry
     204                      .dwendtag $C$DW$9
     205              
     206              
     207              ;***************************************************************
     208              ;* TYPE INFORMATION                                            *
     209              ;***************************************************************
     210              
     211              $C$DW$T$19      .dwtag  DW_TAG_enumeration_type
     212                      .dwattr $C$DW$T$19, DW_AT_byte_size(0x01)
     213              $C$DW$15        .dwtag  DW_TAG_enumerator, DW_AT_name("EV_READY"), DW_AT_const_value(0x00)
     214              $C$DW$16        .dwtag  DW_TAG_enumerator, DW_AT_name("EV_FRAME_RECEIVED"), DW_AT_const_value(0x01)
     215              $C$DW$17        .dwtag  DW_TAG_enumerator, DW_AT_name("EV_EXECUTE"), DW_AT_const_value(0x02)
     216              $C$DW$18        .dwtag  DW_TAG_enumerator, DW_AT_name("EV_FRAME_SENT"), DW_AT_const_value(0x03)
TMS320C2000 Assembler PC v6.2.5 Tue Aug 15 11:38:40 2017

Tools Copyright (c) 1996-2014 Texas Instruments Incorporated
C:\Users\wmj\AppData\Local\Temp\7534410                              PAGE    5

     217                      .dwendtag $C$DW$T$19
     218              
     219              $C$DW$T$22      .dwtag  DW_TAG_typedef, DW_AT_name("eMBEventType")
     220                      .dwattr $C$DW$T$22, DW_AT_type(*$C$DW$T$19)
     221                      .dwattr $C$DW$T$22, DW_AT_language(DW_LANG_C)
     222              $C$DW$T$23      .dwtag  DW_TAG_pointer_type
     223                      .dwattr $C$DW$T$23, DW_AT_type(*$C$DW$T$22)
     224                      .dwattr $C$DW$T$23, DW_AT_address_class(0x16)
     225              $C$DW$19        .dwtag  DW_TAG_TI_far_type
     226                      .dwattr $C$DW$19, DW_AT_type(*$C$DW$T$23)
     227              $C$DW$T$24      .dwtag  DW_TAG_const_type
     228                      .dwattr $C$DW$T$24, DW_AT_type(*$C$DW$19)
     229              $C$DW$20        .dwtag  DW_TAG_TI_far_type
     230                      .dwattr $C$DW$20, DW_AT_type(*$C$DW$T$22)
     231              $C$DW$T$25      .dwtag  DW_TAG_const_type
     232                      .dwattr $C$DW$T$25, DW_AT_type(*$C$DW$20)
     233              $C$DW$T$4       .dwtag  DW_TAG_base_type
     234                      .dwattr $C$DW$T$4, DW_AT_encoding(DW_ATE_boolean)
     235                      .dwattr $C$DW$T$4, DW_AT_name("bool")
     236                      .dwattr $C$DW$T$4, DW_AT_byte_size(0x01)
     237              $C$DW$T$5       .dwtag  DW_TAG_base_type
     238                      .dwattr $C$DW$T$5, DW_AT_encoding(DW_ATE_signed_char)
     239                      .dwattr $C$DW$T$5, DW_AT_name("signed char")
     240                      .dwattr $C$DW$T$5, DW_AT_byte_size(0x01)
     241              $C$DW$T$6       .dwtag  DW_TAG_base_type
     242                      .dwattr $C$DW$T$6, DW_AT_encoding(DW_ATE_unsigned_char)
     243                      .dwattr $C$DW$T$6, DW_AT_name("unsigned char")
     244                      .dwattr $C$DW$T$6, DW_AT_byte_size(0x01)
     245              $C$DW$T$26      .dwtag  DW_TAG_typedef, DW_AT_name("_Bool")
     246                      .dwattr $C$DW$T$26, DW_AT_type(*$C$DW$T$6)
     247                      .dwattr $C$DW$T$26, DW_AT_language(DW_LANG_C)
     248              $C$DW$T$27      .dwtag  DW_TAG_typedef, DW_AT_name("BOOL")
     249                      .dwattr $C$DW$T$27, DW_AT_type(*$C$DW$T$26)
     250                      .dwattr $C$DW$T$27, DW_AT_language(DW_LANG_C)
     251              $C$DW$T$7       .dwtag  DW_TAG_base_type
     252                      .dwattr $C$DW$T$7, DW_AT_encoding(DW_ATE_signed_char)
     253                      .dwattr $C$DW$T$7, DW_AT_name("wchar_t")
     254                      .dwattr $C$DW$T$7, DW_AT_byte_size(0x01)
     255              $C$DW$T$8       .dwtag  DW_TAG_base_type
     256                      .dwattr $C$DW$T$8, DW_AT_encoding(DW_ATE_signed)
     257                      .dwattr $C$DW$T$8, DW_AT_name("short")
     258                      .dwattr $C$DW$T$8, DW_AT_byte_size(0x01)
     259              $C$DW$T$9       .dwtag  DW_TAG_base_type
     260                      .dwattr $C$DW$T$9, DW_AT_encoding(DW_ATE_unsigned)
     261                      .dwattr $C$DW$T$9, DW_AT_name("unsigned short")
     262                      .dwattr $C$DW$T$9, DW_AT_byte_size(0x01)
     263              $C$DW$T$10      .dwtag  DW_TAG_base_type
     264                      .dwattr $C$DW$T$10, DW_AT_encoding(DW_ATE_signed)
     265                      .dwattr $C$DW$T$10, DW_AT_name("int")
     266                      .dwattr $C$DW$T$10, DW_AT_byte_size(0x01)
     267              $C$DW$T$11      .dwtag  DW_TAG_base_type
     268                      .dwattr $C$DW$T$11, DW_AT_encoding(DW_ATE_unsigned)
     269                      .dwattr $C$DW$T$11, DW_AT_name("unsigned int")
     270                      .dwattr $C$DW$T$11, DW_AT_byte_size(0x01)
     271              $C$DW$T$12      .dwtag  DW_TAG_base_type
TMS320C2000 Assembler PC v6.2.5 Tue Aug 15 11:38:40 2017

Tools Copyright (c) 1996-2014 Texas Instruments Incorporated
C:\Users\wmj\AppData\Local\Temp\7534410                              PAGE    6

     272                      .dwattr $C$DW$T$12, DW_AT_encoding(DW_ATE_signed)
     273                      .dwattr $C$DW$T$12, DW_AT_name("long")
     274                      .dwattr $C$DW$T$12, DW_AT_byte_size(0x02)
     275              $C$DW$T$13      .dwtag  DW_TAG_base_type
     276                      .dwattr $C$DW$T$13, DW_AT_encoding(DW_ATE_unsigned)
     277                      .dwattr $C$DW$T$13, DW_AT_name("unsigned long")
     278                      .dwattr $C$DW$T$13, DW_AT_byte_size(0x02)
     279              $C$DW$T$14      .dwtag  DW_TAG_base_type
     280                      .dwattr $C$DW$T$14, DW_AT_encoding(DW_ATE_signed)
     281                      .dwattr $C$DW$T$14, DW_AT_name("long long")
     282                      .dwattr $C$DW$T$14, DW_AT_byte_size(0x04)
     283              $C$DW$T$15      .dwtag  DW_TAG_base_type
     284                      .dwattr $C$DW$T$15, DW_AT_encoding(DW_ATE_unsigned)
     285                      .dwattr $C$DW$T$15, DW_AT_name("unsigned long long")
     286                      .dwattr $C$DW$T$15, DW_AT_byte_size(0x04)
     287              $C$DW$T$16      .dwtag  DW_TAG_base_type
     288                      .dwattr $C$DW$T$16, DW_AT_encoding(DW_ATE_float)
     289                      .dwattr $C$DW$T$16, DW_AT_name("float")
     290                      .dwattr $C$DW$T$16, DW_AT_byte_size(0x02)
     291              $C$DW$T$17      .dwtag  DW_TAG_base_type
     292                      .dwattr $C$DW$T$17, DW_AT_encoding(DW_ATE_float)
     293                      .dwattr $C$DW$T$17, DW_AT_name("double")
     294                      .dwattr $C$DW$T$17, DW_AT_byte_size(0x02)
     295              $C$DW$T$18      .dwtag  DW_TAG_base_type
     296                      .dwattr $C$DW$T$18, DW_AT_encoding(DW_ATE_float)
     297                      .dwattr $C$DW$T$18, DW_AT_name("long double")
     298                      .dwattr $C$DW$T$18, DW_AT_byte_size(0x04)
     299                      .dwattr $C$DW$CU, DW_AT_language(DW_LANG_C)
     300              
     301              ;***************************************************************
     302              ;* DWARF CIE ENTRIES                                           *
     303              ;***************************************************************
     304              
     305              $C$DW$CIE       .dwcie 78
     306                      .dwcfi  cfa_register, 20
     307                      .dwcfi  cfa_offset, 0
     308                      .dwcfi  undefined, 0
     309                      .dwcfi  undefined, 1
     310                      .dwcfi  undefined, 2
     311                      .dwcfi  undefined, 3
     312                      .dwcfi  undefined, 20
     313                      .dwcfi  undefined, 21
     314                      .dwcfi  undefined, 22
     315                      .dwcfi  undefined, 23
     316                      .dwcfi  undefined, 24
     317                      .dwcfi  undefined, 25
     318                      .dwcfi  undefined, 26
     319                      .dwcfi  same_value, 28
     320                      .dwcfi  undefined, 29
     321                      .dwcfi  undefined, 30
     322                      .dwcfi  undefined, 31
     323                      .dwcfi  undefined, 32
     324                      .dwcfi  undefined, 33
     325                      .dwcfi  undefined, 34
     326                      .dwcfi  undefined, 35
TMS320C2000 Assembler PC v6.2.5 Tue Aug 15 11:38:40 2017

Tools Copyright (c) 1996-2014 Texas Instruments Incorporated
C:\Users\wmj\AppData\Local\Temp\7534410                              PAGE    7

     327                      .dwcfi  undefined, 36
     328                      .dwcfi  undefined, 37
     329                      .dwcfi  undefined, 38
     330                      .dwcfi  undefined, 75
     331                      .dwcfi  undefined, 76
     332                      .dwcfi  undefined, 77
     333                      .dwcfi  undefined, 4
     334                      .dwcfi  same_value, 6
     335                      .dwcfi  same_value, 8
     336                      .dwcfi  same_value, 10
     337                      .dwcfi  undefined, 12
     338                      .dwcfi  undefined, 14
     339                      .dwcfi  undefined, 16
     340                      .dwcfi  undefined, 17
     341                      .dwcfi  undefined, 18
     342                      .dwcfi  undefined, 19
     343                      .dwcfi  undefined, 5
     344                      .dwcfi  same_value, 7
     345                      .dwcfi  same_value, 9
     346                      .dwcfi  same_value, 11
     347                      .dwcfi  undefined, 13
     348                      .dwcfi  undefined, 15
     349                      .dwcfi  undefined, 78
     350                      .dwendentry
     351              
     352              ;***************************************************************
     353              ;* DWARF REGISTER MAP                                          *
     354              ;***************************************************************
     355              
     356              $C$DW$21        .dwtag  DW_TAG_TI_assign_register, DW_AT_name("AL")
     357                      .dwattr $C$DW$21, DW_AT_location[DW_OP_reg0]
     358              $C$DW$22        .dwtag  DW_TAG_TI_assign_register, DW_AT_name("AH")
     359                      .dwattr $C$DW$22, DW_AT_location[DW_OP_reg1]
     360              $C$DW$23        .dwtag  DW_TAG_TI_assign_register, DW_AT_name("PL")
     361                      .dwattr $C$DW$23, DW_AT_location[DW_OP_reg2]
     362              $C$DW$24        .dwtag  DW_TAG_TI_assign_register, DW_AT_name("PH")
     363                      .dwattr $C$DW$24, DW_AT_location[DW_OP_reg3]
     364              $C$DW$25        .dwtag  DW_TAG_TI_assign_register, DW_AT_name("SP")
     365                      .dwattr $C$DW$25, DW_AT_location[DW_OP_reg20]
     366              $C$DW$26        .dwtag  DW_TAG_TI_assign_register, DW_AT_name("XT")
     367                      .dwattr $C$DW$26, DW_AT_location[DW_OP_reg21]
     368              $C$DW$27        .dwtag  DW_TAG_TI_assign_register, DW_AT_name("T")
     369                      .dwattr $C$DW$27, DW_AT_location[DW_OP_reg22]
     370              $C$DW$28        .dwtag  DW_TAG_TI_assign_register, DW_AT_name("ST0")
     371                      .dwattr $C$DW$28, DW_AT_location[DW_OP_reg23]
     372              $C$DW$29        .dwtag  DW_TAG_TI_assign_register, DW_AT_name("ST1")
     373                      .dwattr $C$DW$29, DW_AT_location[DW_OP_reg24]
     374              $C$DW$30        .dwtag  DW_TAG_TI_assign_register, DW_AT_name("PC")
     375                      .dwattr $C$DW$30, DW_AT_location[DW_OP_reg25]
     376              $C$DW$31        .dwtag  DW_TAG_TI_assign_register, DW_AT_name("RPC")
     377                      .dwattr $C$DW$31, DW_AT_location[DW_OP_reg26]
     378              $C$DW$32        .dwtag  DW_TAG_TI_assign_register, DW_AT_name("FP")
     379                      .dwattr $C$DW$32, DW_AT_location[DW_OP_reg28]
     380              $C$DW$33        .dwtag  DW_TAG_TI_assign_register, DW_AT_name("DP")
     381                      .dwattr $C$DW$33, DW_AT_location[DW_OP_reg29]
TMS320C2000 Assembler PC v6.2.5 Tue Aug 15 11:38:40 2017

Tools Copyright (c) 1996-2014 Texas Instruments Incorporated
C:\Users\wmj\AppData\Local\Temp\7534410                              PAGE    8

     382              $C$DW$34        .dwtag  DW_TAG_TI_assign_register, DW_AT_name("SXM")
     383                      .dwattr $C$DW$34, DW_AT_location[DW_OP_reg30]
     384              $C$DW$35        .dwtag  DW_TAG_TI_assign_register, DW_AT_name("PM")
     385                      .dwattr $C$DW$35, DW_AT_location[DW_OP_reg31]
     386              $C$DW$36        .dwtag  DW_TAG_TI_assign_register, DW_AT_name("OVM")
     387                      .dwattr $C$DW$36, DW_AT_location[DW_OP_regx 0x20]
     388              $C$DW$37        .dwtag  DW_TAG_TI_assign_register, DW_AT_name("PAGE0")
     389                      .dwattr $C$DW$37, DW_AT_location[DW_OP_regx 0x21]
     390              $C$DW$38        .dwtag  DW_TAG_TI_assign_register, DW_AT_name("AMODE")
     391                      .dwattr $C$DW$38, DW_AT_location[DW_OP_regx 0x22]
     392              $C$DW$39        .dwtag  DW_TAG_TI_assign_register, DW_AT_name("INTM")
     393                      .dwattr $C$DW$39, DW_AT_location[DW_OP_regx 0x23]
     394              $C$DW$40        .dwtag  DW_TAG_TI_assign_register, DW_AT_name("IFR")
     395                      .dwattr $C$DW$40, DW_AT_location[DW_OP_regx 0x24]
     396              $C$DW$41        .dwtag  DW_TAG_TI_assign_register, DW_AT_name("IER")
     397                      .dwattr $C$DW$41, DW_AT_location[DW_OP_regx 0x25]
     398              $C$DW$42        .dwtag  DW_TAG_TI_assign_register, DW_AT_name("V")
     399                      .dwattr $C$DW$42, DW_AT_location[DW_OP_regx 0x26]
     400              $C$DW$43        .dwtag  DW_TAG_TI_assign_register, DW_AT_name("PSEUDOH")
     401                      .dwattr $C$DW$43, DW_AT_location[DW_OP_regx 0x4c]
     402              $C$DW$44        .dwtag  DW_TAG_TI_assign_register, DW_AT_name("VOL")
     403                      .dwattr $C$DW$44, DW_AT_location[DW_OP_regx 0x4d]
     404              $C$DW$45        .dwtag  DW_TAG_TI_assign_register, DW_AT_name("AR0")
     405                      .dwattr $C$DW$45, DW_AT_location[DW_OP_reg4]
     406              $C$DW$46        .dwtag  DW_TAG_TI_assign_register, DW_AT_name("AR1")
     407                      .dwattr $C$DW$46, DW_AT_location[DW_OP_reg6]
     408              $C$DW$47        .dwtag  DW_TAG_TI_assign_register, DW_AT_name("AR2")
     409                      .dwattr $C$DW$47, DW_AT_location[DW_OP_reg8]
     410              $C$DW$48        .dwtag  DW_TAG_TI_assign_register, DW_AT_name("AR3")
     411                      .dwattr $C$DW$48, DW_AT_location[DW_OP_reg10]
     412              $C$DW$49        .dwtag  DW_TAG_TI_assign_register, DW_AT_name("AR4")
     413                      .dwattr $C$DW$49, DW_AT_location[DW_OP_reg12]
     414              $C$DW$50        .dwtag  DW_TAG_TI_assign_register, DW_AT_name("AR5")
     415                      .dwattr $C$DW$50, DW_AT_location[DW_OP_reg14]
     416              $C$DW$51        .dwtag  DW_TAG_TI_assign_register, DW_AT_name("AR6")
     417                      .dwattr $C$DW$51, DW_AT_location[DW_OP_reg16]
     418              $C$DW$52        .dwtag  DW_TAG_TI_assign_register, DW_AT_name("XAR6")
     419                      .dwattr $C$DW$52, DW_AT_location[DW_OP_reg17]
     420              $C$DW$53        .dwtag  DW_TAG_TI_assign_register, DW_AT_name("AR7")
     421                      .dwattr $C$DW$53, DW_AT_location[DW_OP_reg18]
     422              $C$DW$54        .dwtag  DW_TAG_TI_assign_register, DW_AT_name("XAR7")
     423                      .dwattr $C$DW$54, DW_AT_location[DW_OP_reg19]
     424              $C$DW$55        .dwtag  DW_TAG_TI_assign_register, DW_AT_name("XAR0")
     425                      .dwattr $C$DW$55, DW_AT_location[DW_OP_reg5]
     426              $C$DW$56        .dwtag  DW_TAG_TI_assign_register, DW_AT_name("XAR1")
     427                      .dwattr $C$DW$56, DW_AT_location[DW_OP_reg7]
     428              $C$DW$57        .dwtag  DW_TAG_TI_assign_register, DW_AT_name("XAR2")
     429                      .dwattr $C$DW$57, DW_AT_location[DW_OP_reg9]
     430              $C$DW$58        .dwtag  DW_TAG_TI_assign_register, DW_AT_name("XAR3")
     431                      .dwattr $C$DW$58, DW_AT_location[DW_OP_reg11]
     432              $C$DW$59        .dwtag  DW_TAG_TI_assign_register, DW_AT_name("XAR4")
     433                      .dwattr $C$DW$59, DW_AT_location[DW_OP_reg13]
     434              $C$DW$60        .dwtag  DW_TAG_TI_assign_register, DW_AT_name("XAR5")
     435                      .dwattr $C$DW$60, DW_AT_location[DW_OP_reg15]
     436              $C$DW$61        .dwtag  DW_TAG_TI_assign_register, DW_AT_name("CIE_RETA")
TMS320C2000 Assembler PC v6.2.5 Tue Aug 15 11:38:40 2017

Tools Copyright (c) 1996-2014 Texas Instruments Incorporated
C:\Users\wmj\AppData\Local\Temp\7534410                              PAGE    9

     437                      .dwattr $C$DW$61, DW_AT_location[DW_OP_regx 0x4e]
     438                      .dwendtag $C$DW$CU
     439              

No Assembly Errors, No Assembly Warnings
