TMS320C2000 Assembler PC v6.2.5 Tue Aug 15 11:39:07 2017

Tools Copyright (c) 1996-2014 Texas Instruments Incorporated
C:\Users\wmj\AppData\Local\Temp\7220810                              PAGE    1

       1              ;***************************************************************
       2              ;* TMS320C2000 C/C++ Codegen                         PC v6.2.5 *
       3              ;* Date/Time created: Tue Aug 15 11:39:07 2017                 *
       4              ;***************************************************************
       5                      .compiler_opts --float_support=softlib --hll_source=on --mem_model:code=flat --mem_model:data=large -
       6        0002  FP      .set    XAR2
       7              
       8              $C$DW$CU        .dwtag  DW_TAG_compile_unit
       9                      .dwattr $C$DW$CU, DW_AT_name("D:/FOC_27/sw/drivers/drvic/FreeModbus/port/porttimer.c")
      10                      .dwattr $C$DW$CU, DW_AT_producer("TMS320C2000 C/C++ Codegen PC v6.2.5 Copyright (c) 1996-2014 Texas I
      11                      .dwattr $C$DW$CU, DW_AT_TI_version(0x01)
      12                      .dwattr $C$DW$CU, DW_AT_comp_dir("D:\FOC_27\sw\solutions\instaspin_foc\boards\hvkit_rev1p1\f28x\f2802
      13              $C$DW$1 .dwtag  DW_TAG_variable, DW_AT_name("pxMBPortCBTimerExpired")
      14                      .dwattr $C$DW$1, DW_AT_TI_symbol_name("_pxMBPortCBTimerExpired")
      15                      .dwattr $C$DW$1, DW_AT_type(*$C$DW$T$26)
      16                      .dwattr $C$DW$1, DW_AT_declaration
      17                      .dwattr $C$DW$1, DW_AT_external
      18              ;       C:\ti\ccsv6\tools\compiler\c2000_6.2.5\bin\opt2000.exe C:\\Users\\wmj\\AppData\\Local\\Temp\\722082 C
      19              ;       C:\ti\ccsv6\tools\compiler\c2000_6.2.5\bin\ac2000.exe -@C:\\Users\\wmj\\AppData\\Local\\Temp\\7220816
      20 00000000               .sect   ".text"
      21                      .clink
      22                      .global _xMBPortTimersInit
      23              
      24              $C$DW$2 .dwtag  DW_TAG_subprogram, DW_AT_name("xMBPortTimersInit")
      25                      .dwattr $C$DW$2, DW_AT_low_pc(_xMBPortTimersInit)
      26                      .dwattr $C$DW$2, DW_AT_high_pc(0x00)
      27                      .dwattr $C$DW$2, DW_AT_TI_symbol_name("_xMBPortTimersInit")
      28                      .dwattr $C$DW$2, DW_AT_external
      29                      .dwattr $C$DW$2, DW_AT_type(*$C$DW$T$21)
      30                      .dwattr $C$DW$2, DW_AT_TI_begin_file("D:/FOC_27/sw/drivers/drvic/FreeModbus/port/porttimer.c")
      31                      .dwattr $C$DW$2, DW_AT_TI_begin_line(0x1f)
      32                      .dwattr $C$DW$2, DW_AT_TI_begin_column(0x01)
      33                      .dwattr $C$DW$2, DW_AT_TI_max_frame_size(-2)
      34                      .dwpsn  file "D:/FOC_27/sw/drivers/drvic/FreeModbus/port/porttimer.c",line 32,column 1,is_stmt,addres
      35              
      36                      .dwfde $C$DW$CIE, _xMBPortTimersInit
      37              $C$DW$3 .dwtag  DW_TAG_formal_parameter, DW_AT_name("usTim1Timerout50us")
      38                      .dwattr $C$DW$3, DW_AT_TI_symbol_name("_usTim1Timerout50us")
      39                      .dwattr $C$DW$3, DW_AT_type(*$C$DW$T$23)
      40                      .dwattr $C$DW$3, DW_AT_location[DW_OP_reg0]
      41              
      42              ;***************************************************************
      43              ;* FNAME: _xMBPortTimersInit            FR SIZE:   0           *
      44              ;*                                                             *
      45              ;* FUNCTION ENVIRONMENT                                        *
      46              ;*                                                             *
      47              ;* FUNCTION PROPERTIES                                         *
      48              ;*                            0 Parameter,  0 Auto,  0 SOE     *
      49              ;***************************************************************
      50              
      51 00000000       _xMBPortTimersInit:
      52                      .dwcfi  cfa_offset, -2
      53                      .dwcfi  save_reg_to_mem, 26, 0
      54                      .dwcfi  save_reg_to_reg, 78, 26
      55                      .dwpsn  file "D:/FOC_27/sw/drivers/drvic/FreeModbus/port/porttimer.c",line 43,column 5,is_stmt
TMS320C2000 Assembler PC v6.2.5 Tue Aug 15 11:39:07 2017

Tools Copyright (c) 1996-2014 Texas Instruments Incorporated
C:\Users\wmj\AppData\Local\Temp\7220810                              PAGE    2

      56 00000000 9A01          MOVB      AL,#1                 ; [CPU_] |43| 
      57              $C$DW$4 .dwtag  DW_TAG_TI_branch
      58                      .dwattr $C$DW$4, DW_AT_low_pc(0x00)
      59                      .dwattr $C$DW$4, DW_AT_TI_return
      60 00000001 0006          LRETR     ; [CPU_] 
      61                      ; return occurs ; [] 
      62                      .dwattr $C$DW$2, DW_AT_TI_end_file("D:/FOC_27/sw/drivers/drvic/FreeModbus/port/porttimer.c")
      63                      .dwattr $C$DW$2, DW_AT_TI_end_line(0x2c)
      64                      .dwattr $C$DW$2, DW_AT_TI_end_column(0x01)
      65                      .dwendentry
      66                      .dwendtag $C$DW$2
      67              
      68 00000002               .sect   ".text"
      69                      .clink
      70                      .global _vMBPortTimersEnable
      71              
      72              $C$DW$5 .dwtag  DW_TAG_subprogram, DW_AT_name("vMBPortTimersEnable")
      73                      .dwattr $C$DW$5, DW_AT_low_pc(_vMBPortTimersEnable)
      74                      .dwattr $C$DW$5, DW_AT_high_pc(0x00)
      75                      .dwattr $C$DW$5, DW_AT_TI_symbol_name("_vMBPortTimersEnable")
      76                      .dwattr $C$DW$5, DW_AT_external
      77                      .dwattr $C$DW$5, DW_AT_TI_begin_file("D:/FOC_27/sw/drivers/drvic/FreeModbus/port/porttimer.c")
      78                      .dwattr $C$DW$5, DW_AT_TI_begin_line(0x30)
      79                      .dwattr $C$DW$5, DW_AT_TI_begin_column(0x01)
      80                      .dwattr $C$DW$5, DW_AT_TI_max_frame_size(-2)
      81                      .dwpsn  file "D:/FOC_27/sw/drivers/drvic/FreeModbus/port/porttimer.c",line 49,column 1,is_stmt,addres
      82              
      83                      .dwfde $C$DW$CIE, _vMBPortTimersEnable
      84              
      85              ;***************************************************************
      86              ;* FNAME: _vMBPortTimersEnable          FR SIZE:   0           *
      87              ;*                                                             *
      88              ;* FUNCTION ENVIRONMENT                                        *
      89              ;*                                                             *
      90              ;* FUNCTION PROPERTIES                                         *
      91              ;*                            0 Parameter,  0 Auto,  0 SOE     *
      92              ;***************************************************************
      93              
      94 00000002       _vMBPortTimersEnable:
      95                      .dwcfi  cfa_offset, -2
      96                      .dwcfi  save_reg_to_mem, 26, 0
      97                      .dwcfi  save_reg_to_reg, 78, 26
      98              $C$DW$6 .dwtag  DW_TAG_TI_branch
      99                      .dwattr $C$DW$6, DW_AT_low_pc(0x00)
     100                      .dwattr $C$DW$6, DW_AT_TI_return
     101 00000002 0006          LRETR     ; [CPU_] 
     102                      ; return occurs ; [] 
     103                      .dwattr $C$DW$5, DW_AT_TI_end_file("D:/FOC_27/sw/drivers/drvic/FreeModbus/port/porttimer.c")
     104                      .dwattr $C$DW$5, DW_AT_TI_end_line(0x36)
     105                      .dwattr $C$DW$5, DW_AT_TI_end_column(0x01)
     106                      .dwendentry
     107                      .dwendtag $C$DW$5
     108              
     109 00000003               .sect   ".text"
     110                      .clink
TMS320C2000 Assembler PC v6.2.5 Tue Aug 15 11:39:07 2017

Tools Copyright (c) 1996-2014 Texas Instruments Incorporated
C:\Users\wmj\AppData\Local\Temp\7220810                              PAGE    3

     111                      .global _vMBPortTimersDisable
     112              
     113              $C$DW$7 .dwtag  DW_TAG_subprogram, DW_AT_name("vMBPortTimersDisable")
     114                      .dwattr $C$DW$7, DW_AT_low_pc(_vMBPortTimersDisable)
     115                      .dwattr $C$DW$7, DW_AT_high_pc(0x00)
     116                      .dwattr $C$DW$7, DW_AT_TI_symbol_name("_vMBPortTimersDisable")
     117                      .dwattr $C$DW$7, DW_AT_external
     118                      .dwattr $C$DW$7, DW_AT_TI_begin_file("D:/FOC_27/sw/drivers/drvic/FreeModbus/port/porttimer.c")
     119                      .dwattr $C$DW$7, DW_AT_TI_begin_line(0x39)
     120                      .dwattr $C$DW$7, DW_AT_TI_begin_column(0x01)
     121                      .dwattr $C$DW$7, DW_AT_TI_max_frame_size(-2)
     122                      .dwpsn  file "D:/FOC_27/sw/drivers/drvic/FreeModbus/port/porttimer.c",line 58,column 1,is_stmt,addres
     123              
     124                      .dwfde $C$DW$CIE, _vMBPortTimersDisable
     125              
     126              ;***************************************************************
     127              ;* FNAME: _vMBPortTimersDisable         FR SIZE:   0           *
     128              ;*                                                             *
     129              ;* FUNCTION ENVIRONMENT                                        *
     130              ;*                                                             *
     131              ;* FUNCTION PROPERTIES                                         *
     132              ;*                            0 Parameter,  0 Auto,  0 SOE     *
     133              ;***************************************************************
     134              
     135 00000003       _vMBPortTimersDisable:
     136                      .dwcfi  cfa_offset, -2
     137                      .dwcfi  save_reg_to_mem, 26, 0
     138                      .dwcfi  save_reg_to_reg, 78, 26
     139              $C$DW$8 .dwtag  DW_TAG_TI_branch
     140                      .dwattr $C$DW$8, DW_AT_low_pc(0x00)
     141                      .dwattr $C$DW$8, DW_AT_TI_return
     142 00000003 0006          LRETR     ; [CPU_] 
     143                      ; return occurs ; [] 
     144                      .dwattr $C$DW$7, DW_AT_TI_end_file("D:/FOC_27/sw/drivers/drvic/FreeModbus/port/porttimer.c")
     145                      .dwattr $C$DW$7, DW_AT_TI_end_line(0x3e)
     146                      .dwattr $C$DW$7, DW_AT_TI_end_column(0x01)
     147                      .dwendentry
     148                      .dwendtag $C$DW$7
     149              
     150 00000004               .sect   ".text"
     151                      .clink
     152                      .global _TIMERExpiredISR
     153              
     154              $C$DW$9 .dwtag  DW_TAG_subprogram, DW_AT_name("TIMERExpiredISR")
     155                      .dwattr $C$DW$9, DW_AT_low_pc(_TIMERExpiredISR)
     156                      .dwattr $C$DW$9, DW_AT_high_pc(0x00)
     157                      .dwattr $C$DW$9, DW_AT_TI_symbol_name("_TIMERExpiredISR")
     158                      .dwattr $C$DW$9, DW_AT_external
     159                      .dwattr $C$DW$9, DW_AT_TI_begin_file("D:/FOC_27/sw/drivers/drvic/FreeModbus/port/porttimer.c")
     160                      .dwattr $C$DW$9, DW_AT_TI_begin_line(0x42)
     161                      .dwattr $C$DW$9, DW_AT_TI_begin_column(0x01)
     162                      .dwattr $C$DW$9, DW_AT_TI_max_frame_size(-2)
     163                      .dwpsn  file "D:/FOC_27/sw/drivers/drvic/FreeModbus/port/porttimer.c",line 67,column 1,is_stmt,addres
     164              
     165                      .dwfde $C$DW$CIE, _TIMERExpiredISR
TMS320C2000 Assembler PC v6.2.5 Tue Aug 15 11:39:07 2017

Tools Copyright (c) 1996-2014 Texas Instruments Incorporated
C:\Users\wmj\AppData\Local\Temp\7220810                              PAGE    4

     166              
     167              ;***************************************************************
     168              ;* FNAME: _TIMERExpiredISR              FR SIZE:   0           *
     169              ;*                                                             *
     170              ;* FUNCTION ENVIRONMENT                                        *
     171              ;*                                                             *
     172              ;* FUNCTION PROPERTIES                                         *
     173              ;*                            0 Parameter,  0 Auto,  0 SOE     *
     174              ;***************************************************************
     175              
     176 00000004       _TIMERExpiredISR:
     177                      .dwcfi  cfa_offset, -2
     178                      .dwcfi  save_reg_to_mem, 26, 0
     179                      .dwcfi  save_reg_to_reg, 78, 26
     180 00000004 761F!         MOVW      DP,#_pxMBPortCBTimerExpired ; [CPU_U] 
         00000005 0000 
     181                      .dwpsn  file "D:/FOC_27/sw/drivers/drvic/FreeModbus/port/porttimer.c",line 68,column 5,is_stmt
     182 00000006 C500!         MOVL      XAR7,@_pxMBPortCBTimerExpired ; [CPU_] |68| 
     183              $C$DW$10        .dwtag  DW_TAG_TI_branch
     184                      .dwattr $C$DW$10, DW_AT_low_pc(0x00)
     185                      .dwattr $C$DW$10, DW_AT_TI_call
     186                      .dwattr $C$DW$10, DW_AT_TI_indirect
     187 00000007 3E67          LCR       *XAR7                 ; [CPU_] |68| 
     188                      ; call occurs [XAR7] ; [] |68| 
     189              $C$DW$11        .dwtag  DW_TAG_TI_branch
     190                      .dwattr $C$DW$11, DW_AT_low_pc(0x00)
     191                      .dwattr $C$DW$11, DW_AT_TI_return
     192 00000008 0006          LRETR     ; [CPU_] 
     193                      ; return occurs ; [] 
     194                      .dwattr $C$DW$9, DW_AT_TI_end_file("D:/FOC_27/sw/drivers/drvic/FreeModbus/port/porttimer.c")
     195                      .dwattr $C$DW$9, DW_AT_TI_end_line(0x45)
     196                      .dwattr $C$DW$9, DW_AT_TI_end_column(0x01)
     197                      .dwendentry
     198                      .dwendtag $C$DW$9
     199              
     200              ;**************************************************************
     201              ;* UNDEFINED EXTERNAL REFERENCES                              *
     202              ;**************************************************************
     203                      .global _pxMBPortCBTimerExpired
     204              
     205              ;***************************************************************
     206              ;* TYPE INFORMATION                                            *
     207              ;***************************************************************
     208              $C$DW$T$4       .dwtag  DW_TAG_base_type
     209                      .dwattr $C$DW$T$4, DW_AT_encoding(DW_ATE_boolean)
     210                      .dwattr $C$DW$T$4, DW_AT_name("bool")
     211                      .dwattr $C$DW$T$4, DW_AT_byte_size(0x01)
     212              $C$DW$T$5       .dwtag  DW_TAG_base_type
     213                      .dwattr $C$DW$T$5, DW_AT_encoding(DW_ATE_signed_char)
     214                      .dwattr $C$DW$T$5, DW_AT_name("signed char")
     215                      .dwattr $C$DW$T$5, DW_AT_byte_size(0x01)
     216              $C$DW$T$6       .dwtag  DW_TAG_base_type
     217                      .dwattr $C$DW$T$6, DW_AT_encoding(DW_ATE_unsigned_char)
     218                      .dwattr $C$DW$T$6, DW_AT_name("unsigned char")
     219                      .dwattr $C$DW$T$6, DW_AT_byte_size(0x01)
TMS320C2000 Assembler PC v6.2.5 Tue Aug 15 11:39:07 2017

Tools Copyright (c) 1996-2014 Texas Instruments Incorporated
C:\Users\wmj\AppData\Local\Temp\7220810                              PAGE    5

     220              $C$DW$T$20      .dwtag  DW_TAG_typedef, DW_AT_name("_Bool")
     221                      .dwattr $C$DW$T$20, DW_AT_type(*$C$DW$T$6)
     222                      .dwattr $C$DW$T$20, DW_AT_language(DW_LANG_C)
     223              $C$DW$T$21      .dwtag  DW_TAG_typedef, DW_AT_name("BOOL")
     224                      .dwattr $C$DW$T$21, DW_AT_type(*$C$DW$T$20)
     225                      .dwattr $C$DW$T$21, DW_AT_language(DW_LANG_C)
     226              
     227              $C$DW$T$25      .dwtag  DW_TAG_subroutine_type
     228                      .dwattr $C$DW$T$25, DW_AT_type(*$C$DW$T$21)
     229                      .dwattr $C$DW$T$25, DW_AT_language(DW_LANG_C)
     230              $C$DW$T$26      .dwtag  DW_TAG_pointer_type
     231                      .dwattr $C$DW$T$26, DW_AT_type(*$C$DW$T$25)
     232                      .dwattr $C$DW$T$26, DW_AT_address_class(0x16)
     233              $C$DW$T$7       .dwtag  DW_TAG_base_type
     234                      .dwattr $C$DW$T$7, DW_AT_encoding(DW_ATE_signed_char)
     235                      .dwattr $C$DW$T$7, DW_AT_name("wchar_t")
     236                      .dwattr $C$DW$T$7, DW_AT_byte_size(0x01)
     237              $C$DW$T$8       .dwtag  DW_TAG_base_type
     238                      .dwattr $C$DW$T$8, DW_AT_encoding(DW_ATE_signed)
     239                      .dwattr $C$DW$T$8, DW_AT_name("short")
     240                      .dwattr $C$DW$T$8, DW_AT_byte_size(0x01)
     241              $C$DW$T$9       .dwtag  DW_TAG_base_type
     242                      .dwattr $C$DW$T$9, DW_AT_encoding(DW_ATE_unsigned)
     243                      .dwattr $C$DW$T$9, DW_AT_name("unsigned short")
     244                      .dwattr $C$DW$T$9, DW_AT_byte_size(0x01)
     245              $C$DW$T$22      .dwtag  DW_TAG_typedef, DW_AT_name("uint16_t")
     246                      .dwattr $C$DW$T$22, DW_AT_type(*$C$DW$T$9)
     247                      .dwattr $C$DW$T$22, DW_AT_language(DW_LANG_C)
     248              $C$DW$T$23      .dwtag  DW_TAG_typedef, DW_AT_name("USHORT")
     249                      .dwattr $C$DW$T$23, DW_AT_type(*$C$DW$T$22)
     250                      .dwattr $C$DW$T$23, DW_AT_language(DW_LANG_C)
     251              $C$DW$T$10      .dwtag  DW_TAG_base_type
     252                      .dwattr $C$DW$T$10, DW_AT_encoding(DW_ATE_signed)
     253                      .dwattr $C$DW$T$10, DW_AT_name("int")
     254                      .dwattr $C$DW$T$10, DW_AT_byte_size(0x01)
     255              $C$DW$T$11      .dwtag  DW_TAG_base_type
     256                      .dwattr $C$DW$T$11, DW_AT_encoding(DW_ATE_unsigned)
     257                      .dwattr $C$DW$T$11, DW_AT_name("unsigned int")
     258                      .dwattr $C$DW$T$11, DW_AT_byte_size(0x01)
     259              $C$DW$T$12      .dwtag  DW_TAG_base_type
     260                      .dwattr $C$DW$T$12, DW_AT_encoding(DW_ATE_signed)
     261                      .dwattr $C$DW$T$12, DW_AT_name("long")
     262                      .dwattr $C$DW$T$12, DW_AT_byte_size(0x02)
     263              $C$DW$T$13      .dwtag  DW_TAG_base_type
     264                      .dwattr $C$DW$T$13, DW_AT_encoding(DW_ATE_unsigned)
     265                      .dwattr $C$DW$T$13, DW_AT_name("unsigned long")
     266                      .dwattr $C$DW$T$13, DW_AT_byte_size(0x02)
     267              $C$DW$T$14      .dwtag  DW_TAG_base_type
     268                      .dwattr $C$DW$T$14, DW_AT_encoding(DW_ATE_signed)
     269                      .dwattr $C$DW$T$14, DW_AT_name("long long")
     270                      .dwattr $C$DW$T$14, DW_AT_byte_size(0x04)
     271              $C$DW$T$15      .dwtag  DW_TAG_base_type
     272                      .dwattr $C$DW$T$15, DW_AT_encoding(DW_ATE_unsigned)
     273                      .dwattr $C$DW$T$15, DW_AT_name("unsigned long long")
     274                      .dwattr $C$DW$T$15, DW_AT_byte_size(0x04)
TMS320C2000 Assembler PC v6.2.5 Tue Aug 15 11:39:07 2017

Tools Copyright (c) 1996-2014 Texas Instruments Incorporated
C:\Users\wmj\AppData\Local\Temp\7220810                              PAGE    6

     275              $C$DW$T$16      .dwtag  DW_TAG_base_type
     276                      .dwattr $C$DW$T$16, DW_AT_encoding(DW_ATE_float)
     277                      .dwattr $C$DW$T$16, DW_AT_name("float")
     278                      .dwattr $C$DW$T$16, DW_AT_byte_size(0x02)
     279              $C$DW$T$17      .dwtag  DW_TAG_base_type
     280                      .dwattr $C$DW$T$17, DW_AT_encoding(DW_ATE_float)
     281                      .dwattr $C$DW$T$17, DW_AT_name("double")
     282                      .dwattr $C$DW$T$17, DW_AT_byte_size(0x02)
     283              $C$DW$T$18      .dwtag  DW_TAG_base_type
     284                      .dwattr $C$DW$T$18, DW_AT_encoding(DW_ATE_float)
     285                      .dwattr $C$DW$T$18, DW_AT_name("long double")
     286                      .dwattr $C$DW$T$18, DW_AT_byte_size(0x04)
     287                      .dwattr $C$DW$CU, DW_AT_language(DW_LANG_C)
     288              
     289              ;***************************************************************
     290              ;* DWARF CIE ENTRIES                                           *
     291              ;***************************************************************
     292              
     293              $C$DW$CIE       .dwcie 78
     294                      .dwcfi  cfa_register, 20
     295                      .dwcfi  cfa_offset, 0
     296                      .dwcfi  undefined, 0
     297                      .dwcfi  undefined, 1
     298                      .dwcfi  undefined, 2
     299                      .dwcfi  undefined, 3
     300                      .dwcfi  undefined, 20
     301                      .dwcfi  undefined, 21
     302                      .dwcfi  undefined, 22
     303                      .dwcfi  undefined, 23
     304                      .dwcfi  undefined, 24
     305                      .dwcfi  undefined, 25
     306                      .dwcfi  undefined, 26
     307                      .dwcfi  same_value, 28
     308                      .dwcfi  undefined, 29
     309                      .dwcfi  undefined, 30
     310                      .dwcfi  undefined, 31
     311                      .dwcfi  undefined, 32
     312                      .dwcfi  undefined, 33
     313                      .dwcfi  undefined, 34
     314                      .dwcfi  undefined, 35
     315                      .dwcfi  undefined, 36
     316                      .dwcfi  undefined, 37
     317                      .dwcfi  undefined, 38
     318                      .dwcfi  undefined, 75
     319                      .dwcfi  undefined, 76
     320                      .dwcfi  undefined, 77
     321                      .dwcfi  undefined, 4
     322                      .dwcfi  same_value, 6
     323                      .dwcfi  same_value, 8
     324                      .dwcfi  same_value, 10
     325                      .dwcfi  undefined, 12
     326                      .dwcfi  undefined, 14
     327                      .dwcfi  undefined, 16
     328                      .dwcfi  undefined, 17
     329                      .dwcfi  undefined, 18
TMS320C2000 Assembler PC v6.2.5 Tue Aug 15 11:39:07 2017

Tools Copyright (c) 1996-2014 Texas Instruments Incorporated
C:\Users\wmj\AppData\Local\Temp\7220810                              PAGE    7

     330                      .dwcfi  undefined, 19
     331                      .dwcfi  undefined, 5
     332                      .dwcfi  same_value, 7
     333                      .dwcfi  same_value, 9
     334                      .dwcfi  same_value, 11
     335                      .dwcfi  undefined, 13
     336                      .dwcfi  undefined, 15
     337                      .dwcfi  undefined, 78
     338                      .dwendentry
     339              
     340              ;***************************************************************
     341              ;* DWARF REGISTER MAP                                          *
     342              ;***************************************************************
     343              
     344              $C$DW$12        .dwtag  DW_TAG_TI_assign_register, DW_AT_name("AL")
     345                      .dwattr $C$DW$12, DW_AT_location[DW_OP_reg0]
     346              $C$DW$13        .dwtag  DW_TAG_TI_assign_register, DW_AT_name("AH")
     347                      .dwattr $C$DW$13, DW_AT_location[DW_OP_reg1]
     348              $C$DW$14        .dwtag  DW_TAG_TI_assign_register, DW_AT_name("PL")
     349                      .dwattr $C$DW$14, DW_AT_location[DW_OP_reg2]
     350              $C$DW$15        .dwtag  DW_TAG_TI_assign_register, DW_AT_name("PH")
     351                      .dwattr $C$DW$15, DW_AT_location[DW_OP_reg3]
     352              $C$DW$16        .dwtag  DW_TAG_TI_assign_register, DW_AT_name("SP")
     353                      .dwattr $C$DW$16, DW_AT_location[DW_OP_reg20]
     354              $C$DW$17        .dwtag  DW_TAG_TI_assign_register, DW_AT_name("XT")
     355                      .dwattr $C$DW$17, DW_AT_location[DW_OP_reg21]
     356              $C$DW$18        .dwtag  DW_TAG_TI_assign_register, DW_AT_name("T")
     357                      .dwattr $C$DW$18, DW_AT_location[DW_OP_reg22]
     358              $C$DW$19        .dwtag  DW_TAG_TI_assign_register, DW_AT_name("ST0")
     359                      .dwattr $C$DW$19, DW_AT_location[DW_OP_reg23]
     360              $C$DW$20        .dwtag  DW_TAG_TI_assign_register, DW_AT_name("ST1")
     361                      .dwattr $C$DW$20, DW_AT_location[DW_OP_reg24]
     362              $C$DW$21        .dwtag  DW_TAG_TI_assign_register, DW_AT_name("PC")
     363                      .dwattr $C$DW$21, DW_AT_location[DW_OP_reg25]
     364              $C$DW$22        .dwtag  DW_TAG_TI_assign_register, DW_AT_name("RPC")
     365                      .dwattr $C$DW$22, DW_AT_location[DW_OP_reg26]
     366              $C$DW$23        .dwtag  DW_TAG_TI_assign_register, DW_AT_name("FP")
     367                      .dwattr $C$DW$23, DW_AT_location[DW_OP_reg28]
     368              $C$DW$24        .dwtag  DW_TAG_TI_assign_register, DW_AT_name("DP")
     369                      .dwattr $C$DW$24, DW_AT_location[DW_OP_reg29]
     370              $C$DW$25        .dwtag  DW_TAG_TI_assign_register, DW_AT_name("SXM")
     371                      .dwattr $C$DW$25, DW_AT_location[DW_OP_reg30]
     372              $C$DW$26        .dwtag  DW_TAG_TI_assign_register, DW_AT_name("PM")
     373                      .dwattr $C$DW$26, DW_AT_location[DW_OP_reg31]
     374              $C$DW$27        .dwtag  DW_TAG_TI_assign_register, DW_AT_name("OVM")
     375                      .dwattr $C$DW$27, DW_AT_location[DW_OP_regx 0x20]
     376              $C$DW$28        .dwtag  DW_TAG_TI_assign_register, DW_AT_name("PAGE0")
     377                      .dwattr $C$DW$28, DW_AT_location[DW_OP_regx 0x21]
     378              $C$DW$29        .dwtag  DW_TAG_TI_assign_register, DW_AT_name("AMODE")
     379                      .dwattr $C$DW$29, DW_AT_location[DW_OP_regx 0x22]
     380              $C$DW$30        .dwtag  DW_TAG_TI_assign_register, DW_AT_name("INTM")
     381                      .dwattr $C$DW$30, DW_AT_location[DW_OP_regx 0x23]
     382              $C$DW$31        .dwtag  DW_TAG_TI_assign_register, DW_AT_name("IFR")
     383                      .dwattr $C$DW$31, DW_AT_location[DW_OP_regx 0x24]
     384              $C$DW$32        .dwtag  DW_TAG_TI_assign_register, DW_AT_name("IER")
TMS320C2000 Assembler PC v6.2.5 Tue Aug 15 11:39:07 2017

Tools Copyright (c) 1996-2014 Texas Instruments Incorporated
C:\Users\wmj\AppData\Local\Temp\7220810                              PAGE    8

     385                      .dwattr $C$DW$32, DW_AT_location[DW_OP_regx 0x25]
     386              $C$DW$33        .dwtag  DW_TAG_TI_assign_register, DW_AT_name("V")
     387                      .dwattr $C$DW$33, DW_AT_location[DW_OP_regx 0x26]
     388              $C$DW$34        .dwtag  DW_TAG_TI_assign_register, DW_AT_name("PSEUDOH")
     389                      .dwattr $C$DW$34, DW_AT_location[DW_OP_regx 0x4c]
     390              $C$DW$35        .dwtag  DW_TAG_TI_assign_register, DW_AT_name("VOL")
     391                      .dwattr $C$DW$35, DW_AT_location[DW_OP_regx 0x4d]
     392              $C$DW$36        .dwtag  DW_TAG_TI_assign_register, DW_AT_name("AR0")
     393                      .dwattr $C$DW$36, DW_AT_location[DW_OP_reg4]
     394              $C$DW$37        .dwtag  DW_TAG_TI_assign_register, DW_AT_name("AR1")
     395                      .dwattr $C$DW$37, DW_AT_location[DW_OP_reg6]
     396              $C$DW$38        .dwtag  DW_TAG_TI_assign_register, DW_AT_name("AR2")
     397                      .dwattr $C$DW$38, DW_AT_location[DW_OP_reg8]
     398              $C$DW$39        .dwtag  DW_TAG_TI_assign_register, DW_AT_name("AR3")
     399                      .dwattr $C$DW$39, DW_AT_location[DW_OP_reg10]
     400              $C$DW$40        .dwtag  DW_TAG_TI_assign_register, DW_AT_name("AR4")
     401                      .dwattr $C$DW$40, DW_AT_location[DW_OP_reg12]
     402              $C$DW$41        .dwtag  DW_TAG_TI_assign_register, DW_AT_name("AR5")
     403                      .dwattr $C$DW$41, DW_AT_location[DW_OP_reg14]
     404              $C$DW$42        .dwtag  DW_TAG_TI_assign_register, DW_AT_name("AR6")
     405                      .dwattr $C$DW$42, DW_AT_location[DW_OP_reg16]
     406              $C$DW$43        .dwtag  DW_TAG_TI_assign_register, DW_AT_name("XAR6")
     407                      .dwattr $C$DW$43, DW_AT_location[DW_OP_reg17]
     408              $C$DW$44        .dwtag  DW_TAG_TI_assign_register, DW_AT_name("AR7")
     409                      .dwattr $C$DW$44, DW_AT_location[DW_OP_reg18]
     410              $C$DW$45        .dwtag  DW_TAG_TI_assign_register, DW_AT_name("XAR7")
     411                      .dwattr $C$DW$45, DW_AT_location[DW_OP_reg19]
     412              $C$DW$46        .dwtag  DW_TAG_TI_assign_register, DW_AT_name("XAR0")
     413                      .dwattr $C$DW$46, DW_AT_location[DW_OP_reg5]
     414              $C$DW$47        .dwtag  DW_TAG_TI_assign_register, DW_AT_name("XAR1")
     415                      .dwattr $C$DW$47, DW_AT_location[DW_OP_reg7]
     416              $C$DW$48        .dwtag  DW_TAG_TI_assign_register, DW_AT_name("XAR2")
     417                      .dwattr $C$DW$48, DW_AT_location[DW_OP_reg9]
     418              $C$DW$49        .dwtag  DW_TAG_TI_assign_register, DW_AT_name("XAR3")
     419                      .dwattr $C$DW$49, DW_AT_location[DW_OP_reg11]
     420              $C$DW$50        .dwtag  DW_TAG_TI_assign_register, DW_AT_name("XAR4")
     421                      .dwattr $C$DW$50, DW_AT_location[DW_OP_reg13]
     422              $C$DW$51        .dwtag  DW_TAG_TI_assign_register, DW_AT_name("XAR5")
     423                      .dwattr $C$DW$51, DW_AT_location[DW_OP_reg15]
     424              $C$DW$52        .dwtag  DW_TAG_TI_assign_register, DW_AT_name("CIE_RETA")
     425                      .dwattr $C$DW$52, DW_AT_location[DW_OP_regx 0x4e]
     426                      .dwendtag $C$DW$CU
     427              

No Assembly Errors, No Assembly Warnings
