TMS320C2000 Assembler PC v6.2.5 Mon Sep 11 12:41:11 2017

Tools Copyright (c) 1996-2014 Texas Instruments Incorporated
C:\Users\wmj\AppData\Local\Temp\1076810                              PAGE    1

       1              ;***************************************************************
       2              ;* TMS320C2000 C/C++ Codegen                         PC v6.2.5 *
       3              ;* Date/Time created: Mon Sep 11 12:41:11 2017                 *
       4              ;***************************************************************
       5                      .compiler_opts --float_support=softlib --hll_source=on --mem_model:code=flat --mem_model:data=large -
       6        0002  FP      .set    XAR2
       7              
       8              $C$DW$CU        .dwtag  DW_TAG_compile_unit
       9                      .dwattr $C$DW$CU, DW_AT_name("D:/FOC_27/sw/modules/angle_gen/src/32b/angle_gen.c")
      10                      .dwattr $C$DW$CU, DW_AT_producer("TMS320C2000 C/C++ Codegen PC v6.2.5 Copyright (c) 1996-2014 Texas I
      11                      .dwattr $C$DW$CU, DW_AT_TI_version(0x01)
      12                      .dwattr $C$DW$CU, DW_AT_comp_dir("D:\FOC_27\sw\solutions\instaspin_foc\boards\hvkit_rev1p1\f28x\f2802
      13              ;       C:\ti\ccsv6\tools\compiler\c2000_6.2.5\bin\opt2000.exe C:\\Users\\wmj\\AppData\\Local\\Temp\\107682 C
      14              ;       C:\ti\ccsv6\tools\compiler\c2000_6.2.5\bin\ac2000.exe -@C:\\Users\\wmj\\AppData\\Local\\Temp\\1076816
      15 00000000               .sect   ".text"
      16                      .clink
      17                      .global _ANGLE_GEN_setParams
      18              
      19              $C$DW$1 .dwtag  DW_TAG_subprogram, DW_AT_name("ANGLE_GEN_setParams")
      20                      .dwattr $C$DW$1, DW_AT_low_pc(_ANGLE_GEN_setParams)
      21                      .dwattr $C$DW$1, DW_AT_high_pc(0x00)
      22                      .dwattr $C$DW$1, DW_AT_TI_symbol_name("_ANGLE_GEN_setParams")
      23                      .dwattr $C$DW$1, DW_AT_external
      24                      .dwattr $C$DW$1, DW_AT_TI_begin_file("D:/FOC_27/sw/modules/angle_gen/src/32b/angle_gen.c")
      25                      .dwattr $C$DW$1, DW_AT_TI_begin_line(0x44)
      26                      .dwattr $C$DW$1, DW_AT_TI_begin_column(0x0d)
      27                      .dwattr $C$DW$1, DW_AT_TI_max_frame_size(-14)
      28                      .dwpsn  file "D:/FOC_27/sw/modules/angle_gen/src/32b/angle_gen.c",line 71,column 1,is_stmt,address _A
      29              
      30                      .dwfde $C$DW$CIE, _ANGLE_GEN_setParams
      31              $C$DW$2 .dwtag  DW_TAG_formal_parameter, DW_AT_name("handle")
      32                      .dwattr $C$DW$2, DW_AT_TI_symbol_name("_handle")
      33                      .dwattr $C$DW$2, DW_AT_type(*$C$DW$T$23)
      34                      .dwattr $C$DW$2, DW_AT_location[DW_OP_reg12]
      35              $C$DW$3 .dwtag  DW_TAG_formal_parameter, DW_AT_name("iqFullScaleFreq_Hz")
      36                      .dwattr $C$DW$3, DW_AT_TI_symbol_name("_iqFullScaleFreq_Hz")
      37                      .dwattr $C$DW$3, DW_AT_type(*$C$DW$T$31)
      38                      .dwattr $C$DW$3, DW_AT_location[DW_OP_reg0]
      39              $C$DW$4 .dwtag  DW_TAG_formal_parameter, DW_AT_name("ctrlPeriod_sec")
      40                      .dwattr $C$DW$4, DW_AT_TI_symbol_name("_ctrlPeriod_sec")
      41                      .dwattr $C$DW$4, DW_AT_type(*$C$DW$T$31)
      42                      .dwattr $C$DW$4, DW_AT_location[DW_OP_breg20 -16]
      43              
      44              ;***************************************************************
      45              ;* FNAME: _ANGLE_GEN_setParams          FR SIZE:  12           *
      46              ;*                                                             *
      47              ;* FUNCTION ENVIRONMENT                                        *
      48              ;*                                                             *
      49              ;* FUNCTION PROPERTIES                                         *
      50              ;*                            2 Parameter,  8 Auto,  2 SOE     *
      51              ;***************************************************************
      52              
      53              _ANGLE_GEN_setParams:
      54              ;* AR1   assigned to _handle
      55              $C$DW$5 .dwtag  DW_TAG_variable, DW_AT_name("handle")
TMS320C2000 Assembler PC v6.2.5 Mon Sep 11 12:41:11 2017

Tools Copyright (c) 1996-2014 Texas Instruments Incorporated
C:\Users\wmj\AppData\Local\Temp\1076810                              PAGE    2

      56                      .dwattr $C$DW$5, DW_AT_TI_symbol_name("_handle")
      57                      .dwattr $C$DW$5, DW_AT_type(*$C$DW$T$24)
      58                      .dwattr $C$DW$5, DW_AT_location[DW_OP_reg6]
      59              ;* AL    assigned to _iqFullScaleFreq_Hz
      60              $C$DW$6 .dwtag  DW_TAG_variable, DW_AT_name("iqFullScaleFreq_Hz")
      61                      .dwattr $C$DW$6, DW_AT_TI_symbol_name("_iqFullScaleFreq_Hz")
      62                      .dwattr $C$DW$6, DW_AT_type(*$C$DW$T$35)
      63                      .dwattr $C$DW$6, DW_AT_location[DW_OP_reg0]
      64              ;* AR6   assigned to _ctrlPeriod_sec
      65              $C$DW$7 .dwtag  DW_TAG_variable, DW_AT_name("ctrlPeriod_sec")
      66                      .dwattr $C$DW$7, DW_AT_TI_symbol_name("_ctrlPeriod_sec")
      67                      .dwattr $C$DW$7, DW_AT_type(*$C$DW$T$35)
      68                      .dwattr $C$DW$7, DW_AT_location[DW_OP_reg16]
      69                      .dwcfi  cfa_offset, -2
      70                      .dwcfi  save_reg_to_mem, 26, 0
      71                      .dwcfi  save_reg_to_reg, 78, 26
      72 00000000 B2BD          MOVL      *SP++,XAR1            ; [CPU_] 
      73                      .dwcfi  save_reg_to_mem, 7, 2
      74                      .dwcfi  cfa_offset, -4
      75 00000001 FE0A          ADDB      SP,#10                ; [CPU_U] 
      76                      .dwcfi  cfa_offset, -14
      77 00000002 C450          MOVL      XAR6,*-SP[16]         ; [CPU_] |71| 
      78 00000003 8BA4          MOVL      XAR1,XAR4             ; [CPU_] |71| 
      79                      .dwpsn  file "D:/FOC_27/sw/modules/angle_gen/src/32b/angle_gen.c",line 74,column 3,is_stmt
      80 00000004 C242          MOVL      *-SP[2],XAR6          ; [CPU_] |74| 
      81              $C$DW$8 .dwtag  DW_TAG_TI_branch
      82                      .dwattr $C$DW$8, DW_AT_low_pc(0x00)
      83                      .dwattr $C$DW$8, DW_AT_name("FS$$MPY")
      84                      .dwattr $C$DW$8, DW_AT_TI_call
      85 00000005 7640!         LCR       #FS$$MPY              ; [CPU_] |74| 
         00000006 0000 
      86                      ; call occurs [#FS$$MPY] ; [] |74| 
      87 00000007 88AD          MOVZ      AR6,SP                ; [CPU_U] |74| 
      88 00000008 DE8A          SUBB      XAR6,#10              ; [CPU_U] |74| 
      89              $C$DW$9 .dwtag  DW_TAG_TI_branch
      90                      .dwattr $C$DW$9, DW_AT_low_pc(0x00)
      91                      .dwattr $C$DW$9, DW_AT_name("FS$$TOFD")
      92                      .dwattr $C$DW$9, DW_AT_TI_call
      93 00000009 7640!         LCR       #FS$$TOFD             ; [CPU_] |74| 
         0000000a 0000 
      94                      ; call occurs [#FS$$TOFD] ; [] |74| 
      95 0000000b 5CAD          MOVZ      AR4,SP                ; [CPU_U] |74| 
      96 0000000c 88AD          MOVZ      AR6,SP                ; [CPU_U] |74| 
      97 0000000d 8F40+         MOVL      XAR5,#$C$FL1          ; [CPU_U] |74| 
         0000000e 0000 
      98 0000000f DC8A          SUBB      XAR4,#10              ; [CPU_U] |74| 
      99 00000010 DE86          SUBB      XAR6,#6               ; [CPU_U] |74| 
     100              $C$DW$10        .dwtag  DW_TAG_TI_branch
     101                      .dwattr $C$DW$10, DW_AT_low_pc(0x00)
     102                      .dwattr $C$DW$10, DW_AT_name("FD$$MPY")
     103                      .dwattr $C$DW$10, DW_AT_TI_call
     104 00000011 7640!         LCR       #FD$$MPY              ; [CPU_] |74| 
         00000012 0000 
     105                      ; call occurs [#FD$$MPY] ; [] |74| 
     106 00000013 5CAD          MOVZ      AR4,SP                ; [CPU_U] |74| 
TMS320C2000 Assembler PC v6.2.5 Mon Sep 11 12:41:11 2017

Tools Copyright (c) 1996-2014 Texas Instruments Incorporated
C:\Users\wmj\AppData\Local\Temp\1076810                              PAGE    3

     107 00000014 DC86          SUBB      XAR4,#6               ; [CPU_U] |74| 
     108              $C$DW$11        .dwtag  DW_TAG_TI_branch
     109                      .dwattr $C$DW$11, DW_AT_low_pc(0x00)
     110                      .dwattr $C$DW$11, DW_AT_name("FD$$TOL")
     111                      .dwattr $C$DW$11, DW_AT_TI_call
     112 00000015 7640!         LCR       #FD$$TOL              ; [CPU_] |74| 
         00000016 0000 
     113                      ; call occurs [#FD$$TOL] ; [] |74| 
     114 00000017 1ED1          MOVL      *+XAR1[2],ACC         ; [CPU_] |74| 
     115 00000018 FE8A          SUBB      SP,#10                ; [CPU_U] 
     116                      .dwcfi  cfa_offset, -4
     117                      .dwpsn  file "D:/FOC_27/sw/modules/angle_gen/src/32b/angle_gen.c",line 75,column 3,is_stmt
     118 00000019 0200          MOVB      ACC,#0                ; [CPU_] |75| 
     119 0000001a 1EE1          MOVL      *+XAR1[4],ACC         ; [CPU_] |75| 
     120                      .dwpsn  file "D:/FOC_27/sw/modules/angle_gen/src/32b/angle_gen.c",line 76,column 3,is_stmt
     121 0000001b 1EF1          MOVL      *+XAR1[6],ACC         ; [CPU_] |76| 
     122 0000001c 8BBE          MOVL      XAR1,*--SP            ; [CPU_] 
     123                      .dwcfi  cfa_offset, -2
     124                      .dwcfi  restore_reg, 7
     125              $C$DW$12        .dwtag  DW_TAG_TI_branch
     126                      .dwattr $C$DW$12, DW_AT_low_pc(0x00)
     127                      .dwattr $C$DW$12, DW_AT_TI_return
     128 0000001d 0006          LRETR     ; [CPU_] 
     129                      ; return occurs ; [] 
     130                      .dwattr $C$DW$1, DW_AT_TI_end_file("D:/FOC_27/sw/modules/angle_gen/src/32b/angle_gen.c")
     131                      .dwattr $C$DW$1, DW_AT_TI_end_line(0x4f)
     132                      .dwattr $C$DW$1, DW_AT_TI_end_column(0x01)
     133                      .dwendentry
     134                      .dwendtag $C$DW$1
     135              
     136 0000001e               .sect   ".text"
     137                      .clink
     138                      .global _ANGLE_GEN_init
     139              
     140              $C$DW$13        .dwtag  DW_TAG_subprogram, DW_AT_name("ANGLE_GEN_init")
     141                      .dwattr $C$DW$13, DW_AT_low_pc(_ANGLE_GEN_init)
     142                      .dwattr $C$DW$13, DW_AT_high_pc(0x00)
     143                      .dwattr $C$DW$13, DW_AT_TI_symbol_name("_ANGLE_GEN_init")
     144                      .dwattr $C$DW$13, DW_AT_external
     145                      .dwattr $C$DW$13, DW_AT_type(*$C$DW$T$23)
     146                      .dwattr $C$DW$13, DW_AT_TI_begin_file("D:/FOC_27/sw/modules/angle_gen/src/32b/angle_gen.c")
     147                      .dwattr $C$DW$13, DW_AT_TI_begin_line(0x36)
     148                      .dwattr $C$DW$13, DW_AT_TI_begin_column(0x19)
     149                      .dwattr $C$DW$13, DW_AT_TI_max_frame_size(-2)
     150                      .dwpsn  file "D:/FOC_27/sw/modules/angle_gen/src/32b/angle_gen.c",line 55,column 1,is_stmt,address _A
     151              
     152                      .dwfde $C$DW$CIE, _ANGLE_GEN_init
     153              $C$DW$14        .dwtag  DW_TAG_formal_parameter, DW_AT_name("pMemory")
     154                      .dwattr $C$DW$14, DW_AT_TI_symbol_name("_pMemory")
     155                      .dwattr $C$DW$14, DW_AT_type(*$C$DW$T$3)
     156                      .dwattr $C$DW$14, DW_AT_location[DW_OP_reg12]
     157              $C$DW$15        .dwtag  DW_TAG_formal_parameter, DW_AT_name("numBytes")
     158                      .dwattr $C$DW$15, DW_AT_TI_symbol_name("_numBytes")
     159                      .dwattr $C$DW$15, DW_AT_type(*$C$DW$T$26)
     160                      .dwattr $C$DW$15, DW_AT_location[DW_OP_reg0]
TMS320C2000 Assembler PC v6.2.5 Mon Sep 11 12:41:11 2017

Tools Copyright (c) 1996-2014 Texas Instruments Incorporated
C:\Users\wmj\AppData\Local\Temp\1076810                              PAGE    4

     161              
     162              ;***************************************************************
     163              ;* FNAME: _ANGLE_GEN_init               FR SIZE:   0           *
     164              ;*                                                             *
     165              ;* FUNCTION ENVIRONMENT                                        *
     166              ;*                                                             *
     167              ;* FUNCTION PROPERTIES                                         *
     168              ;*                            0 Parameter,  0 Auto,  0 SOE     *
     169              ;***************************************************************
     170              
     171              _ANGLE_GEN_init:
     172              ;* AR6   assigned to _numBytes
     173              $C$DW$16        .dwtag  DW_TAG_variable, DW_AT_name("numBytes")
     174                      .dwattr $C$DW$16, DW_AT_TI_symbol_name("_numBytes")
     175                      .dwattr $C$DW$16, DW_AT_type(*$C$DW$T$26)
     176                      .dwattr $C$DW$16, DW_AT_location[DW_OP_reg16]
     177              ;* AR4   assigned to _pMemory
     178              $C$DW$17        .dwtag  DW_TAG_variable, DW_AT_name("pMemory")
     179                      .dwattr $C$DW$17, DW_AT_TI_symbol_name("_pMemory")
     180                      .dwattr $C$DW$17, DW_AT_type(*$C$DW$T$30)
     181                      .dwattr $C$DW$17, DW_AT_location[DW_OP_reg12]
     182                      .dwcfi  cfa_offset, -2
     183                      .dwcfi  save_reg_to_mem, 26, 0
     184                      .dwcfi  save_reg_to_reg, 78, 26
     185 0000001e 1EA6          MOVL      XAR6,ACC              ; [CPU_] |55| 
     186                      .dwpsn  file "D:/FOC_27/sw/modules/angle_gen/src/32b/angle_gen.c",line 59,column 5,is_stmt
     187 0000001f 0208          MOVB      ACC,#8                ; [CPU_] |59| 
     188 00000020 0FA6          CMPL      ACC,XAR6              ; [CPU_] |59| 
     189 00000021 6902          B         $C$L1,LOS             ; [CPU_] |59| 
     190                      ; branchcc occurs ; [] |59| 
     191 00000022 D400          MOVB      XAR4,#0               ; [CPU_] |59| 
     192              $C$L1:    
     193              $C$DW$18        .dwtag  DW_TAG_TI_branch
     194                      .dwattr $C$DW$18, DW_AT_low_pc(0x00)
     195                      .dwattr $C$DW$18, DW_AT_TI_return
     196 00000023 0006          LRETR     ; [CPU_] 
     197                      ; return occurs ; [] 
     198                      .dwattr $C$DW$13, DW_AT_TI_end_file("D:/FOC_27/sw/modules/angle_gen/src/32b/angle_gen.c")
     199                      .dwattr $C$DW$13, DW_AT_TI_end_line(0x41)
     200                      .dwattr $C$DW$13, DW_AT_TI_end_column(0x01)
     201                      .dwendentry
     202                      .dwendtag $C$DW$13
     203              
     204              ;***************************************************************
     205              ;* FLOATING-POINT CONSTANTS                                    *
     206              ;***************************************************************
     207 00000000               .sect   ".econst"
     208                      .align  2
     209 00000000 0000  $C$FL1: .xldouble       $strtod("0x1p+24")
         00000001 0000 
         00000002 0000 
         00000003 4170 
     210              ;**************************************************************
     211              ;* UNDEFINED EXTERNAL REFERENCES                              *
     212              ;**************************************************************
TMS320C2000 Assembler PC v6.2.5 Mon Sep 11 12:41:11 2017

Tools Copyright (c) 1996-2014 Texas Instruments Incorporated
C:\Users\wmj\AppData\Local\Temp\1076810                              PAGE    5

     213                      .global FD$$MPY
     214                      .global FS$$TOFD
     215                      .global FS$$MPY
     216                      .global FD$$TOL
     217              
     218              ;***************************************************************
     219              ;* TYPE INFORMATION                                            *
     220              ;***************************************************************
     221              
     222              $C$DW$T$20      .dwtag  DW_TAG_structure_type
     223                      .dwattr $C$DW$T$20, DW_AT_name("_ANGLE_GEN_Obj_")
     224                      .dwattr $C$DW$T$20, DW_AT_byte_size(0x08)
     225              $C$DW$19        .dwtag  DW_TAG_member
     226                      .dwattr $C$DW$19, DW_AT_type(*$C$DW$T$19)
     227                      .dwattr $C$DW$19, DW_AT_name("Freq_pu")
     228                      .dwattr $C$DW$19, DW_AT_TI_symbol_name("_Freq_pu")
     229                      .dwattr $C$DW$19, DW_AT_data_member_location[DW_OP_plus_uconst 0x0]
     230                      .dwattr $C$DW$19, DW_AT_accessibility(DW_ACCESS_public)
     231              $C$DW$20        .dwtag  DW_TAG_member
     232                      .dwattr $C$DW$20, DW_AT_type(*$C$DW$T$19)
     233                      .dwattr $C$DW$20, DW_AT_name("StepAngleMax")
     234                      .dwattr $C$DW$20, DW_AT_TI_symbol_name("_StepAngleMax")
     235                      .dwattr $C$DW$20, DW_AT_data_member_location[DW_OP_plus_uconst 0x2]
     236                      .dwattr $C$DW$20, DW_AT_accessibility(DW_ACCESS_public)
     237              $C$DW$21        .dwtag  DW_TAG_member
     238                      .dwattr $C$DW$21, DW_AT_type(*$C$DW$T$19)
     239                      .dwattr $C$DW$21, DW_AT_name("StepAngle_pu")
     240                      .dwattr $C$DW$21, DW_AT_TI_symbol_name("_StepAngle_pu")
     241                      .dwattr $C$DW$21, DW_AT_data_member_location[DW_OP_plus_uconst 0x4]
     242                      .dwattr $C$DW$21, DW_AT_accessibility(DW_ACCESS_public)
     243              $C$DW$22        .dwtag  DW_TAG_member
     244                      .dwattr $C$DW$22, DW_AT_type(*$C$DW$T$19)
     245                      .dwattr $C$DW$22, DW_AT_name("Angle_pu")
     246                      .dwattr $C$DW$22, DW_AT_TI_symbol_name("_Angle_pu")
     247                      .dwattr $C$DW$22, DW_AT_data_member_location[DW_OP_plus_uconst 0x6]
     248                      .dwattr $C$DW$22, DW_AT_accessibility(DW_ACCESS_public)
     249                      .dwendtag $C$DW$T$20
     250              
     251              $C$DW$T$21      .dwtag  DW_TAG_typedef, DW_AT_name("ANGLE_GEN_Obj")
     252                      .dwattr $C$DW$T$21, DW_AT_type(*$C$DW$T$20)
     253                      .dwattr $C$DW$T$21, DW_AT_language(DW_LANG_C)
     254              $C$DW$T$22      .dwtag  DW_TAG_pointer_type
     255                      .dwattr $C$DW$T$22, DW_AT_type(*$C$DW$T$20)
     256                      .dwattr $C$DW$T$22, DW_AT_address_class(0x16)
     257              $C$DW$T$23      .dwtag  DW_TAG_typedef, DW_AT_name("ANGLE_GEN_Handle")
     258                      .dwattr $C$DW$T$23, DW_AT_type(*$C$DW$T$22)
     259                      .dwattr $C$DW$T$23, DW_AT_language(DW_LANG_C)
     260              $C$DW$23        .dwtag  DW_TAG_TI_far_type
     261                      .dwattr $C$DW$23, DW_AT_type(*$C$DW$T$23)
     262              $C$DW$T$24      .dwtag  DW_TAG_const_type
     263                      .dwattr $C$DW$T$24, DW_AT_type(*$C$DW$23)
     264              $C$DW$T$3       .dwtag  DW_TAG_pointer_type
     265                      .dwattr $C$DW$T$3, DW_AT_address_class(0x16)
     266              $C$DW$24        .dwtag  DW_TAG_TI_far_type
     267                      .dwattr $C$DW$24, DW_AT_type(*$C$DW$T$3)
TMS320C2000 Assembler PC v6.2.5 Mon Sep 11 12:41:11 2017

Tools Copyright (c) 1996-2014 Texas Instruments Incorporated
C:\Users\wmj\AppData\Local\Temp\1076810                              PAGE    6

     268              $C$DW$T$30      .dwtag  DW_TAG_const_type
     269                      .dwattr $C$DW$T$30, DW_AT_type(*$C$DW$24)
     270              $C$DW$T$4       .dwtag  DW_TAG_base_type
     271                      .dwattr $C$DW$T$4, DW_AT_encoding(DW_ATE_boolean)
     272                      .dwattr $C$DW$T$4, DW_AT_name("bool")
     273                      .dwattr $C$DW$T$4, DW_AT_byte_size(0x01)
     274              $C$DW$T$5       .dwtag  DW_TAG_base_type
     275                      .dwattr $C$DW$T$5, DW_AT_encoding(DW_ATE_signed_char)
     276                      .dwattr $C$DW$T$5, DW_AT_name("signed char")
     277                      .dwattr $C$DW$T$5, DW_AT_byte_size(0x01)
     278              $C$DW$T$6       .dwtag  DW_TAG_base_type
     279                      .dwattr $C$DW$T$6, DW_AT_encoding(DW_ATE_unsigned_char)
     280                      .dwattr $C$DW$T$6, DW_AT_name("unsigned char")
     281                      .dwattr $C$DW$T$6, DW_AT_byte_size(0x01)
     282              $C$DW$T$7       .dwtag  DW_TAG_base_type
     283                      .dwattr $C$DW$T$7, DW_AT_encoding(DW_ATE_signed_char)
     284                      .dwattr $C$DW$T$7, DW_AT_name("wchar_t")
     285                      .dwattr $C$DW$T$7, DW_AT_byte_size(0x01)
     286              $C$DW$T$8       .dwtag  DW_TAG_base_type
     287                      .dwattr $C$DW$T$8, DW_AT_encoding(DW_ATE_signed)
     288                      .dwattr $C$DW$T$8, DW_AT_name("short")
     289                      .dwattr $C$DW$T$8, DW_AT_byte_size(0x01)
     290              $C$DW$T$9       .dwtag  DW_TAG_base_type
     291                      .dwattr $C$DW$T$9, DW_AT_encoding(DW_ATE_unsigned)
     292                      .dwattr $C$DW$T$9, DW_AT_name("unsigned short")
     293                      .dwattr $C$DW$T$9, DW_AT_byte_size(0x01)
     294              $C$DW$T$10      .dwtag  DW_TAG_base_type
     295                      .dwattr $C$DW$T$10, DW_AT_encoding(DW_ATE_signed)
     296                      .dwattr $C$DW$T$10, DW_AT_name("int")
     297                      .dwattr $C$DW$T$10, DW_AT_byte_size(0x01)
     298              $C$DW$T$11      .dwtag  DW_TAG_base_type
     299                      .dwattr $C$DW$T$11, DW_AT_encoding(DW_ATE_unsigned)
     300                      .dwattr $C$DW$T$11, DW_AT_name("unsigned int")
     301                      .dwattr $C$DW$T$11, DW_AT_byte_size(0x01)
     302              $C$DW$T$12      .dwtag  DW_TAG_base_type
     303                      .dwattr $C$DW$T$12, DW_AT_encoding(DW_ATE_signed)
     304                      .dwattr $C$DW$T$12, DW_AT_name("long")
     305                      .dwattr $C$DW$T$12, DW_AT_byte_size(0x02)
     306              $C$DW$T$19      .dwtag  DW_TAG_typedef, DW_AT_name("_iq")
     307                      .dwattr $C$DW$T$19, DW_AT_type(*$C$DW$T$12)
     308                      .dwattr $C$DW$T$19, DW_AT_language(DW_LANG_C)
     309              $C$DW$T$13      .dwtag  DW_TAG_base_type
     310                      .dwattr $C$DW$T$13, DW_AT_encoding(DW_ATE_unsigned)
     311                      .dwattr $C$DW$T$13, DW_AT_name("unsigned long")
     312                      .dwattr $C$DW$T$13, DW_AT_byte_size(0x02)
     313              $C$DW$T$25      .dwtag  DW_TAG_typedef, DW_AT_name("size_t")
     314                      .dwattr $C$DW$T$25, DW_AT_type(*$C$DW$T$13)
     315                      .dwattr $C$DW$T$25, DW_AT_language(DW_LANG_C)
     316              $C$DW$25        .dwtag  DW_TAG_TI_far_type
     317                      .dwattr $C$DW$25, DW_AT_type(*$C$DW$T$25)
     318              $C$DW$T$26      .dwtag  DW_TAG_const_type
     319                      .dwattr $C$DW$T$26, DW_AT_type(*$C$DW$25)
     320              $C$DW$T$14      .dwtag  DW_TAG_base_type
     321                      .dwattr $C$DW$T$14, DW_AT_encoding(DW_ATE_signed)
     322                      .dwattr $C$DW$T$14, DW_AT_name("long long")
TMS320C2000 Assembler PC v6.2.5 Mon Sep 11 12:41:11 2017

Tools Copyright (c) 1996-2014 Texas Instruments Incorporated
C:\Users\wmj\AppData\Local\Temp\1076810                              PAGE    7

     323                      .dwattr $C$DW$T$14, DW_AT_byte_size(0x04)
     324              $C$DW$T$15      .dwtag  DW_TAG_base_type
     325                      .dwattr $C$DW$T$15, DW_AT_encoding(DW_ATE_unsigned)
     326                      .dwattr $C$DW$T$15, DW_AT_name("unsigned long long")
     327                      .dwattr $C$DW$T$15, DW_AT_byte_size(0x04)
     328              $C$DW$T$16      .dwtag  DW_TAG_base_type
     329                      .dwattr $C$DW$T$16, DW_AT_encoding(DW_ATE_float)
     330                      .dwattr $C$DW$T$16, DW_AT_name("float")
     331                      .dwattr $C$DW$T$16, DW_AT_byte_size(0x02)
     332              $C$DW$T$31      .dwtag  DW_TAG_typedef, DW_AT_name("float_t")
     333                      .dwattr $C$DW$T$31, DW_AT_type(*$C$DW$T$16)
     334                      .dwattr $C$DW$T$31, DW_AT_language(DW_LANG_C)
     335              $C$DW$26        .dwtag  DW_TAG_TI_far_type
     336                      .dwattr $C$DW$26, DW_AT_type(*$C$DW$T$31)
     337              $C$DW$T$35      .dwtag  DW_TAG_const_type
     338                      .dwattr $C$DW$T$35, DW_AT_type(*$C$DW$26)
     339              $C$DW$T$17      .dwtag  DW_TAG_base_type
     340                      .dwattr $C$DW$T$17, DW_AT_encoding(DW_ATE_float)
     341                      .dwattr $C$DW$T$17, DW_AT_name("double")
     342                      .dwattr $C$DW$T$17, DW_AT_byte_size(0x02)
     343              $C$DW$T$18      .dwtag  DW_TAG_base_type
     344                      .dwattr $C$DW$T$18, DW_AT_encoding(DW_ATE_float)
     345                      .dwattr $C$DW$T$18, DW_AT_name("long double")
     346                      .dwattr $C$DW$T$18, DW_AT_byte_size(0x04)
     347                      .dwattr $C$DW$CU, DW_AT_language(DW_LANG_C)
     348              
     349              ;***************************************************************
     350              ;* DWARF CIE ENTRIES                                           *
     351              ;***************************************************************
     352              
     353              $C$DW$CIE       .dwcie 78
     354                      .dwcfi  cfa_register, 20
     355                      .dwcfi  cfa_offset, 0
     356                      .dwcfi  undefined, 0
     357                      .dwcfi  undefined, 1
     358                      .dwcfi  undefined, 2
     359                      .dwcfi  undefined, 3
     360                      .dwcfi  undefined, 20
     361                      .dwcfi  undefined, 21
     362                      .dwcfi  undefined, 22
     363                      .dwcfi  undefined, 23
     364                      .dwcfi  undefined, 24
     365                      .dwcfi  undefined, 25
     366                      .dwcfi  undefined, 26
     367                      .dwcfi  same_value, 28
     368                      .dwcfi  undefined, 29
     369                      .dwcfi  undefined, 30
     370                      .dwcfi  undefined, 31
     371                      .dwcfi  undefined, 32
     372                      .dwcfi  undefined, 33
     373                      .dwcfi  undefined, 34
     374                      .dwcfi  undefined, 35
     375                      .dwcfi  undefined, 36
     376                      .dwcfi  undefined, 37
     377                      .dwcfi  undefined, 38
TMS320C2000 Assembler PC v6.2.5 Mon Sep 11 12:41:11 2017

Tools Copyright (c) 1996-2014 Texas Instruments Incorporated
C:\Users\wmj\AppData\Local\Temp\1076810                              PAGE    8

     378                      .dwcfi  undefined, 75
     379                      .dwcfi  undefined, 76
     380                      .dwcfi  undefined, 77
     381                      .dwcfi  undefined, 4
     382                      .dwcfi  same_value, 6
     383                      .dwcfi  same_value, 8
     384                      .dwcfi  same_value, 10
     385                      .dwcfi  undefined, 12
     386                      .dwcfi  undefined, 14
     387                      .dwcfi  undefined, 16
     388                      .dwcfi  undefined, 17
     389                      .dwcfi  undefined, 18
     390                      .dwcfi  undefined, 19
     391                      .dwcfi  undefined, 5
     392                      .dwcfi  same_value, 7
     393                      .dwcfi  same_value, 9
     394                      .dwcfi  same_value, 11
     395                      .dwcfi  undefined, 13
     396                      .dwcfi  undefined, 15
     397                      .dwcfi  undefined, 78
     398                      .dwendentry
     399              
     400              ;***************************************************************
     401              ;* DWARF REGISTER MAP                                          *
     402              ;***************************************************************
     403              
     404              $C$DW$27        .dwtag  DW_TAG_TI_assign_register, DW_AT_name("AL")
     405                      .dwattr $C$DW$27, DW_AT_location[DW_OP_reg0]
     406              $C$DW$28        .dwtag  DW_TAG_TI_assign_register, DW_AT_name("AH")
     407                      .dwattr $C$DW$28, DW_AT_location[DW_OP_reg1]
     408              $C$DW$29        .dwtag  DW_TAG_TI_assign_register, DW_AT_name("PL")
     409                      .dwattr $C$DW$29, DW_AT_location[DW_OP_reg2]
     410              $C$DW$30        .dwtag  DW_TAG_TI_assign_register, DW_AT_name("PH")
     411                      .dwattr $C$DW$30, DW_AT_location[DW_OP_reg3]
     412              $C$DW$31        .dwtag  DW_TAG_TI_assign_register, DW_AT_name("SP")
     413                      .dwattr $C$DW$31, DW_AT_location[DW_OP_reg20]
     414              $C$DW$32        .dwtag  DW_TAG_TI_assign_register, DW_AT_name("XT")
     415                      .dwattr $C$DW$32, DW_AT_location[DW_OP_reg21]
     416              $C$DW$33        .dwtag  DW_TAG_TI_assign_register, DW_AT_name("T")
     417                      .dwattr $C$DW$33, DW_AT_location[DW_OP_reg22]
     418              $C$DW$34        .dwtag  DW_TAG_TI_assign_register, DW_AT_name("ST0")
     419                      .dwattr $C$DW$34, DW_AT_location[DW_OP_reg23]
     420              $C$DW$35        .dwtag  DW_TAG_TI_assign_register, DW_AT_name("ST1")
     421                      .dwattr $C$DW$35, DW_AT_location[DW_OP_reg24]
     422              $C$DW$36        .dwtag  DW_TAG_TI_assign_register, DW_AT_name("PC")
     423                      .dwattr $C$DW$36, DW_AT_location[DW_OP_reg25]
     424              $C$DW$37        .dwtag  DW_TAG_TI_assign_register, DW_AT_name("RPC")
     425                      .dwattr $C$DW$37, DW_AT_location[DW_OP_reg26]
     426              $C$DW$38        .dwtag  DW_TAG_TI_assign_register, DW_AT_name("FP")
     427                      .dwattr $C$DW$38, DW_AT_location[DW_OP_reg28]
     428              $C$DW$39        .dwtag  DW_TAG_TI_assign_register, DW_AT_name("DP")
     429                      .dwattr $C$DW$39, DW_AT_location[DW_OP_reg29]
     430              $C$DW$40        .dwtag  DW_TAG_TI_assign_register, DW_AT_name("SXM")
     431                      .dwattr $C$DW$40, DW_AT_location[DW_OP_reg30]
     432              $C$DW$41        .dwtag  DW_TAG_TI_assign_register, DW_AT_name("PM")
TMS320C2000 Assembler PC v6.2.5 Mon Sep 11 12:41:11 2017

Tools Copyright (c) 1996-2014 Texas Instruments Incorporated
C:\Users\wmj\AppData\Local\Temp\1076810                              PAGE    9

     433                      .dwattr $C$DW$41, DW_AT_location[DW_OP_reg31]
     434              $C$DW$42        .dwtag  DW_TAG_TI_assign_register, DW_AT_name("OVM")
     435                      .dwattr $C$DW$42, DW_AT_location[DW_OP_regx 0x20]
     436              $C$DW$43        .dwtag  DW_TAG_TI_assign_register, DW_AT_name("PAGE0")
     437                      .dwattr $C$DW$43, DW_AT_location[DW_OP_regx 0x21]
     438              $C$DW$44        .dwtag  DW_TAG_TI_assign_register, DW_AT_name("AMODE")
     439                      .dwattr $C$DW$44, DW_AT_location[DW_OP_regx 0x22]
     440              $C$DW$45        .dwtag  DW_TAG_TI_assign_register, DW_AT_name("INTM")
     441                      .dwattr $C$DW$45, DW_AT_location[DW_OP_regx 0x23]
     442              $C$DW$46        .dwtag  DW_TAG_TI_assign_register, DW_AT_name("IFR")
     443                      .dwattr $C$DW$46, DW_AT_location[DW_OP_regx 0x24]
     444              $C$DW$47        .dwtag  DW_TAG_TI_assign_register, DW_AT_name("IER")
     445                      .dwattr $C$DW$47, DW_AT_location[DW_OP_regx 0x25]
     446              $C$DW$48        .dwtag  DW_TAG_TI_assign_register, DW_AT_name("V")
     447                      .dwattr $C$DW$48, DW_AT_location[DW_OP_regx 0x26]
     448              $C$DW$49        .dwtag  DW_TAG_TI_assign_register, DW_AT_name("PSEUDOH")
     449                      .dwattr $C$DW$49, DW_AT_location[DW_OP_regx 0x4c]
     450              $C$DW$50        .dwtag  DW_TAG_TI_assign_register, DW_AT_name("VOL")
     451                      .dwattr $C$DW$50, DW_AT_location[DW_OP_regx 0x4d]
     452              $C$DW$51        .dwtag  DW_TAG_TI_assign_register, DW_AT_name("AR0")
     453                      .dwattr $C$DW$51, DW_AT_location[DW_OP_reg4]
     454              $C$DW$52        .dwtag  DW_TAG_TI_assign_register, DW_AT_name("AR1")
     455                      .dwattr $C$DW$52, DW_AT_location[DW_OP_reg6]
     456              $C$DW$53        .dwtag  DW_TAG_TI_assign_register, DW_AT_name("AR2")
     457                      .dwattr $C$DW$53, DW_AT_location[DW_OP_reg8]
     458              $C$DW$54        .dwtag  DW_TAG_TI_assign_register, DW_AT_name("AR3")
     459                      .dwattr $C$DW$54, DW_AT_location[DW_OP_reg10]
     460              $C$DW$55        .dwtag  DW_TAG_TI_assign_register, DW_AT_name("AR4")
     461                      .dwattr $C$DW$55, DW_AT_location[DW_OP_reg12]
     462              $C$DW$56        .dwtag  DW_TAG_TI_assign_register, DW_AT_name("AR5")
     463                      .dwattr $C$DW$56, DW_AT_location[DW_OP_reg14]
     464              $C$DW$57        .dwtag  DW_TAG_TI_assign_register, DW_AT_name("AR6")
     465                      .dwattr $C$DW$57, DW_AT_location[DW_OP_reg16]
     466              $C$DW$58        .dwtag  DW_TAG_TI_assign_register, DW_AT_name("XAR6")
     467                      .dwattr $C$DW$58, DW_AT_location[DW_OP_reg17]
     468              $C$DW$59        .dwtag  DW_TAG_TI_assign_register, DW_AT_name("AR7")
     469                      .dwattr $C$DW$59, DW_AT_location[DW_OP_reg18]
     470              $C$DW$60        .dwtag  DW_TAG_TI_assign_register, DW_AT_name("XAR7")
     471                      .dwattr $C$DW$60, DW_AT_location[DW_OP_reg19]
     472              $C$DW$61        .dwtag  DW_TAG_TI_assign_register, DW_AT_name("XAR0")
     473                      .dwattr $C$DW$61, DW_AT_location[DW_OP_reg5]
     474              $C$DW$62        .dwtag  DW_TAG_TI_assign_register, DW_AT_name("XAR1")
     475                      .dwattr $C$DW$62, DW_AT_location[DW_OP_reg7]
     476              $C$DW$63        .dwtag  DW_TAG_TI_assign_register, DW_AT_name("XAR2")
     477                      .dwattr $C$DW$63, DW_AT_location[DW_OP_reg9]
     478              $C$DW$64        .dwtag  DW_TAG_TI_assign_register, DW_AT_name("XAR3")
     479                      .dwattr $C$DW$64, DW_AT_location[DW_OP_reg11]
     480              $C$DW$65        .dwtag  DW_TAG_TI_assign_register, DW_AT_name("XAR4")
     481                      .dwattr $C$DW$65, DW_AT_location[DW_OP_reg13]
     482              $C$DW$66        .dwtag  DW_TAG_TI_assign_register, DW_AT_name("XAR5")
     483                      .dwattr $C$DW$66, DW_AT_location[DW_OP_reg15]
     484              $C$DW$67        .dwtag  DW_TAG_TI_assign_register, DW_AT_name("CIE_RETA")
     485                      .dwattr $C$DW$67, DW_AT_location[DW_OP_regx 0x4e]
     486                      .dwendtag $C$DW$CU
     487              
TMS320C2000 Assembler PC v6.2.5 Mon Sep 11 12:41:11 2017

Tools Copyright (c) 1996-2014 Texas Instruments Incorporated
C:\Users\wmj\AppData\Local\Temp\1076810                              PAGE   10


No Assembly Errors, No Assembly Warnings
