TMS320C2000 Assembler PC v15.12.3 Wed Nov 22 00:56:15 2017

Tools Copyright (c) 1996-2015 Texas Instruments Incorporated
C:\Users\wmj\AppData\Local\Temp\0901610                              PAGE    1

       1              ;***************************************************************
       2              ;* TMS320C2000 C/C++ Codegen                   PC v15.12.3.LTS *
       3              ;* Date/Time created: Wed Nov 22 00:56:15 2017                 *
       4              ;***************************************************************
       5                      .compiler_opts --abi=coffabi --float_support=softlib --hll_source=on --mem_model:code=flat --mem_mode
       6        0002  FP      .set    XAR2
       7              
       8              $C$DW$CU        .dwtag  DW_TAG_compile_unit
       9                      .dwattr $C$DW$CU, DW_AT_name("C:/Users/wmj/Desktop/BM1000_v1.1/sw/drivers/drvic/brake.c")
      10                      .dwattr $C$DW$CU, DW_AT_producer("TI TMS320C2000 C/C++ Codegen PC v15.12.3.LTS Copyright (c) 1996-201
      11                      .dwattr $C$DW$CU, DW_AT_TI_version(0x01)
      12                      .dwattr $C$DW$CU, DW_AT_comp_dir("C:\Users\wmj\Desktop\BM1000_v1.1\sw\solutions\instaspin_foc\boards\
      13              ;       C:\ti\ccsv6\tools\compiler\c2000_15.12.3.LTS\bin\opt2000.exe C:\\Users\\wmj\\AppData\\Local\\Temp\\09
      14              ;       C:\ti\ccsv6\tools\compiler\c2000_15.12.3.LTS\bin\ac2000.exe -@C:\\Users\\wmj\\AppData\\Local\\Temp\\0
      15 00000000               .sect   ".text"
      16                      .clink
      17                      .global _Brake_init
      18              
      19              $C$DW$1 .dwtag  DW_TAG_subprogram
      20                      .dwattr $C$DW$1, DW_AT_name("Brake_init")
      21                      .dwattr $C$DW$1, DW_AT_low_pc(_Brake_init)
      22                      .dwattr $C$DW$1, DW_AT_high_pc(0x00)
      23                      .dwattr $C$DW$1, DW_AT_TI_symbol_name("_Brake_init")
      24                      .dwattr $C$DW$1, DW_AT_external
      25                      .dwattr $C$DW$1, DW_AT_type(*$C$DW$T$26)
      26                      .dwattr $C$DW$1, DW_AT_TI_begin_file("C:/Users/wmj/Desktop/BM1000_v1.1/sw/drivers/drvic/brake.c")
      27                      .dwattr $C$DW$1, DW_AT_TI_begin_line(0x07)
      28                      .dwattr $C$DW$1, DW_AT_TI_begin_column(0x0e)
      29                      .dwattr $C$DW$1, DW_AT_TI_max_frame_size(-2)
      30                      .dwpsn  file "C:/Users/wmj/Desktop/BM1000_v1.1/sw/drivers/drvic/brake.c",line 8,column 1,is_stmt,addr
      31              
      32                      .dwfde $C$DW$CIE, _Brake_init
      33              $C$DW$2 .dwtag  DW_TAG_formal_parameter
      34                      .dwattr $C$DW$2, DW_AT_name("pMemory")
      35                      .dwattr $C$DW$2, DW_AT_TI_symbol_name("_pMemory")
      36                      .dwattr $C$DW$2, DW_AT_type(*$C$DW$T$3)
      37                      .dwattr $C$DW$2, DW_AT_location[DW_OP_reg12]
      38              
      39              $C$DW$3 .dwtag  DW_TAG_formal_parameter
      40                      .dwattr $C$DW$3, DW_AT_name("numBytes")
      41                      .dwattr $C$DW$3, DW_AT_TI_symbol_name("_numBytes")
      42                      .dwattr $C$DW$3, DW_AT_type(*$C$DW$T$28)
      43                      .dwattr $C$DW$3, DW_AT_location[DW_OP_reg0]
      44              
      45              
      46              ;***************************************************************
      47              ;* FNAME: _Brake_init                   FR SIZE:   0           *
      48              ;*                                                             *
      49              ;* FUNCTION ENVIRONMENT                                        *
      50              ;*                                                             *
      51              ;* FUNCTION PROPERTIES                                         *
      52              ;*                            0 Parameter,  0 Auto,  0 SOE     *
      53              ;***************************************************************
      54              
      55              _Brake_init:
TMS320C2000 Assembler PC v15.12.3 Wed Nov 22 00:56:15 2017

Tools Copyright (c) 1996-2015 Texas Instruments Incorporated
C:\Users\wmj\AppData\Local\Temp\0901610                              PAGE    2

      56              ;* AR6   assigned to _numBytes
      57              $C$DW$4 .dwtag  DW_TAG_variable
      58                      .dwattr $C$DW$4, DW_AT_name("numBytes")
      59                      .dwattr $C$DW$4, DW_AT_TI_symbol_name("_numBytes")
      60                      .dwattr $C$DW$4, DW_AT_type(*$C$DW$T$28)
      61                      .dwattr $C$DW$4, DW_AT_location[DW_OP_reg16]
      62              
      63                      .dwcfi  cfa_offset, -2
      64                      .dwcfi  save_reg_to_mem, 26, 0
      65 00000000 1EA6          MOVL      XAR6,ACC              ; [CPU_] |8| 
      66                      .dwpsn  file "C:/Users/wmj/Desktop/BM1000_v1.1/sw/drivers/drvic/brake.c",line 13,column 5,is_stmt,isa
      67 00000001 0208          MOVB      ACC,#8                ; [CPU_] |13| 
      68 00000002 0FA6          CMPL      ACC,XAR6              ; [CPU_] |13| 
      69 00000003 6902          B         $C$L1,LOS             ; [CPU_] |13| 
      70                      ; branchcc occurs ; [] |13| 
      71 00000004 D400          MOVB      XAR4,#0               ; [CPU_] |13| 
      72              $C$L1:    
      73              $C$DW$5 .dwtag  DW_TAG_TI_branch
      74                      .dwattr $C$DW$5, DW_AT_low_pc(0x00)
      75                      .dwattr $C$DW$5, DW_AT_TI_return
      76              
      77 00000005 0006          LRETR     ; [CPU_] 
      78                      ; return occurs ; [] 
      79                      .dwattr $C$DW$1, DW_AT_TI_end_file("C:/Users/wmj/Desktop/BM1000_v1.1/sw/drivers/drvic/brake.c")
      80                      .dwattr $C$DW$1, DW_AT_TI_end_line(0x13)
      81                      .dwattr $C$DW$1, DW_AT_TI_end_column(0x01)
      82                      .dwendentry
      83                      .dwendtag $C$DW$1
      84              
      85              
      86              ;***************************************************************
      87              ;* TYPE INFORMATION                                            *
      88              ;***************************************************************
      89              
      90              $C$DW$T$22      .dwtag  DW_TAG_structure_type
      91                      .dwattr $C$DW$T$22, DW_AT_name("_BRAKE_Obj_")
      92                      .dwattr $C$DW$T$22, DW_AT_byte_size(0x08)
      93              $C$DW$6 .dwtag  DW_TAG_member
      94                      .dwattr $C$DW$6, DW_AT_type(*$C$DW$T$19)
      95                      .dwattr $C$DW$6, DW_AT_name("angle_pu")
      96                      .dwattr $C$DW$6, DW_AT_TI_symbol_name("_angle_pu")
      97                      .dwattr $C$DW$6, DW_AT_data_member_location[DW_OP_plus_uconst 0x0]
      98                      .dwattr $C$DW$6, DW_AT_accessibility(DW_ACCESS_public)
      99              
     100              $C$DW$7 .dwtag  DW_TAG_member
     101                      .dwattr $C$DW$7, DW_AT_type(*$C$DW$T$20)
     102                      .dwattr $C$DW$7, DW_AT_name("Idq_brake")
     103                      .dwattr $C$DW$7, DW_AT_TI_symbol_name("_Idq_brake")
     104                      .dwattr $C$DW$7, DW_AT_data_member_location[DW_OP_plus_uconst 0x2]
     105                      .dwattr $C$DW$7, DW_AT_accessibility(DW_ACCESS_public)
     106              
     107              $C$DW$8 .dwtag  DW_TAG_member
     108                      .dwattr $C$DW$8, DW_AT_type(*$C$DW$T$21)
     109                      .dwattr $C$DW$8, DW_AT_name("brake_enable")
     110                      .dwattr $C$DW$8, DW_AT_TI_symbol_name("_brake_enable")
TMS320C2000 Assembler PC v15.12.3 Wed Nov 22 00:56:15 2017

Tools Copyright (c) 1996-2015 Texas Instruments Incorporated
C:\Users\wmj\AppData\Local\Temp\0901610                              PAGE    3

     111                      .dwattr $C$DW$8, DW_AT_data_member_location[DW_OP_plus_uconst 0x6]
     112                      .dwattr $C$DW$8, DW_AT_accessibility(DW_ACCESS_public)
     113              
     114                      .dwendtag $C$DW$T$22
     115              
     116              $C$DW$T$25      .dwtag  DW_TAG_pointer_type
     117                      .dwattr $C$DW$T$25, DW_AT_type(*$C$DW$T$22)
     118                      .dwattr $C$DW$T$25, DW_AT_address_class(0x20)
     119              
     120              $C$DW$T$26      .dwtag  DW_TAG_typedef
     121                      .dwattr $C$DW$T$26, DW_AT_name("BRAKE_Handle")
     122                      .dwattr $C$DW$T$26, DW_AT_type(*$C$DW$T$25)
     123                      .dwattr $C$DW$T$26, DW_AT_language(DW_LANG_C)
     124              
     125              
     126              $C$DW$T$24      .dwtag  DW_TAG_structure_type
     127                      .dwattr $C$DW$T$24, DW_AT_name("_MATH_vec2_")
     128                      .dwattr $C$DW$T$24, DW_AT_byte_size(0x04)
     129              $C$DW$9 .dwtag  DW_TAG_member
     130                      .dwattr $C$DW$9, DW_AT_type(*$C$DW$T$23)
     131                      .dwattr $C$DW$9, DW_AT_name("value")
     132                      .dwattr $C$DW$9, DW_AT_TI_symbol_name("_value")
     133                      .dwattr $C$DW$9, DW_AT_data_member_location[DW_OP_plus_uconst 0x0]
     134                      .dwattr $C$DW$9, DW_AT_accessibility(DW_ACCESS_public)
     135              
     136                      .dwendtag $C$DW$T$24
     137              
     138              $C$DW$T$20      .dwtag  DW_TAG_typedef
     139                      .dwattr $C$DW$T$20, DW_AT_name("MATH_vec2")
     140                      .dwattr $C$DW$T$20, DW_AT_type(*$C$DW$T$24)
     141                      .dwattr $C$DW$T$20, DW_AT_language(DW_LANG_C)
     142              
     143              $C$DW$T$2       .dwtag  DW_TAG_unspecified_type
     144                      .dwattr $C$DW$T$2, DW_AT_name("void")
     145              
     146              $C$DW$T$3       .dwtag  DW_TAG_pointer_type
     147                      .dwattr $C$DW$T$3, DW_AT_type(*$C$DW$T$2)
     148                      .dwattr $C$DW$T$3, DW_AT_address_class(0x20)
     149              
     150              $C$DW$T$4       .dwtag  DW_TAG_base_type
     151                      .dwattr $C$DW$T$4, DW_AT_encoding(DW_ATE_boolean)
     152                      .dwattr $C$DW$T$4, DW_AT_name("bool")
     153                      .dwattr $C$DW$T$4, DW_AT_byte_size(0x01)
     154              
     155              $C$DW$T$5       .dwtag  DW_TAG_base_type
     156                      .dwattr $C$DW$T$5, DW_AT_encoding(DW_ATE_signed_char)
     157                      .dwattr $C$DW$T$5, DW_AT_name("signed char")
     158                      .dwattr $C$DW$T$5, DW_AT_byte_size(0x01)
     159              
     160              $C$DW$T$6       .dwtag  DW_TAG_base_type
     161                      .dwattr $C$DW$T$6, DW_AT_encoding(DW_ATE_unsigned_char)
     162                      .dwattr $C$DW$T$6, DW_AT_name("unsigned char")
     163                      .dwattr $C$DW$T$6, DW_AT_byte_size(0x01)
     164              
     165              $C$DW$T$7       .dwtag  DW_TAG_base_type
TMS320C2000 Assembler PC v15.12.3 Wed Nov 22 00:56:15 2017

Tools Copyright (c) 1996-2015 Texas Instruments Incorporated
C:\Users\wmj\AppData\Local\Temp\0901610                              PAGE    4

     166                      .dwattr $C$DW$T$7, DW_AT_encoding(DW_ATE_signed_char)
     167                      .dwattr $C$DW$T$7, DW_AT_name("wchar_t")
     168                      .dwattr $C$DW$T$7, DW_AT_byte_size(0x01)
     169              
     170              $C$DW$T$8       .dwtag  DW_TAG_base_type
     171                      .dwattr $C$DW$T$8, DW_AT_encoding(DW_ATE_signed)
     172                      .dwattr $C$DW$T$8, DW_AT_name("short")
     173                      .dwattr $C$DW$T$8, DW_AT_byte_size(0x01)
     174              
     175              $C$DW$T$9       .dwtag  DW_TAG_base_type
     176                      .dwattr $C$DW$T$9, DW_AT_encoding(DW_ATE_unsigned)
     177                      .dwattr $C$DW$T$9, DW_AT_name("unsigned short")
     178                      .dwattr $C$DW$T$9, DW_AT_byte_size(0x01)
     179              
     180              $C$DW$T$10      .dwtag  DW_TAG_base_type
     181                      .dwattr $C$DW$T$10, DW_AT_encoding(DW_ATE_signed)
     182                      .dwattr $C$DW$T$10, DW_AT_name("int")
     183                      .dwattr $C$DW$T$10, DW_AT_byte_size(0x01)
     184              
     185              $C$DW$T$11      .dwtag  DW_TAG_base_type
     186                      .dwattr $C$DW$T$11, DW_AT_encoding(DW_ATE_unsigned)
     187                      .dwattr $C$DW$T$11, DW_AT_name("unsigned int")
     188                      .dwattr $C$DW$T$11, DW_AT_byte_size(0x01)
     189              
     190              $C$DW$T$12      .dwtag  DW_TAG_base_type
     191                      .dwattr $C$DW$T$12, DW_AT_encoding(DW_ATE_signed)
     192                      .dwattr $C$DW$T$12, DW_AT_name("long")
     193                      .dwattr $C$DW$T$12, DW_AT_byte_size(0x02)
     194              
     195              $C$DW$T$19      .dwtag  DW_TAG_typedef
     196                      .dwattr $C$DW$T$19, DW_AT_name("_iq")
     197                      .dwattr $C$DW$T$19, DW_AT_type(*$C$DW$T$12)
     198                      .dwattr $C$DW$T$19, DW_AT_language(DW_LANG_C)
     199              
     200              
     201              $C$DW$T$23      .dwtag  DW_TAG_array_type
     202                      .dwattr $C$DW$T$23, DW_AT_type(*$C$DW$T$19)
     203                      .dwattr $C$DW$T$23, DW_AT_language(DW_LANG_C)
     204                      .dwattr $C$DW$T$23, DW_AT_byte_size(0x04)
     205              $C$DW$10        .dwtag  DW_TAG_subrange_type
     206                      .dwattr $C$DW$10, DW_AT_upper_bound(0x01)
     207              
     208                      .dwendtag $C$DW$T$23
     209              
     210              $C$DW$T$13      .dwtag  DW_TAG_base_type
     211                      .dwattr $C$DW$T$13, DW_AT_encoding(DW_ATE_unsigned)
     212                      .dwattr $C$DW$T$13, DW_AT_name("unsigned long")
     213                      .dwattr $C$DW$T$13, DW_AT_byte_size(0x02)
     214              
     215              $C$DW$T$27      .dwtag  DW_TAG_typedef
     216                      .dwattr $C$DW$T$27, DW_AT_name("size_t")
     217                      .dwattr $C$DW$T$27, DW_AT_type(*$C$DW$T$13)
     218                      .dwattr $C$DW$T$27, DW_AT_language(DW_LANG_C)
     219              
     220              $C$DW$11        .dwtag  DW_TAG_TI_far_type
TMS320C2000 Assembler PC v15.12.3 Wed Nov 22 00:56:15 2017

Tools Copyright (c) 1996-2015 Texas Instruments Incorporated
C:\Users\wmj\AppData\Local\Temp\0901610                              PAGE    5

     221                      .dwattr $C$DW$11, DW_AT_type(*$C$DW$T$27)
     222              
     223              $C$DW$T$28      .dwtag  DW_TAG_const_type
     224                      .dwattr $C$DW$T$28, DW_AT_type(*$C$DW$11)
     225              
     226              $C$DW$T$14      .dwtag  DW_TAG_base_type
     227                      .dwattr $C$DW$T$14, DW_AT_encoding(DW_ATE_signed)
     228                      .dwattr $C$DW$T$14, DW_AT_name("long long")
     229                      .dwattr $C$DW$T$14, DW_AT_byte_size(0x04)
     230              
     231              $C$DW$T$15      .dwtag  DW_TAG_base_type
     232                      .dwattr $C$DW$T$15, DW_AT_encoding(DW_ATE_unsigned)
     233                      .dwattr $C$DW$T$15, DW_AT_name("unsigned long long")
     234                      .dwattr $C$DW$T$15, DW_AT_byte_size(0x04)
     235              
     236              $C$DW$T$16      .dwtag  DW_TAG_base_type
     237                      .dwattr $C$DW$T$16, DW_AT_encoding(DW_ATE_float)
     238                      .dwattr $C$DW$T$16, DW_AT_name("float")
     239                      .dwattr $C$DW$T$16, DW_AT_byte_size(0x02)
     240              
     241              $C$DW$T$17      .dwtag  DW_TAG_base_type
     242                      .dwattr $C$DW$T$17, DW_AT_encoding(DW_ATE_float)
     243                      .dwattr $C$DW$T$17, DW_AT_name("double")
     244                      .dwattr $C$DW$T$17, DW_AT_byte_size(0x02)
     245              
     246              $C$DW$T$18      .dwtag  DW_TAG_base_type
     247                      .dwattr $C$DW$T$18, DW_AT_encoding(DW_ATE_float)
     248                      .dwattr $C$DW$T$18, DW_AT_name("long double")
     249                      .dwattr $C$DW$T$18, DW_AT_byte_size(0x04)
     250              
     251              $C$DW$T$21      .dwtag  DW_TAG_base_type
     252                      .dwattr $C$DW$T$21, DW_AT_encoding(DW_ATE_unsigned_char)
     253                      .dwattr $C$DW$T$21, DW_AT_name("unsigned char")
     254                      .dwattr $C$DW$T$21, DW_AT_byte_size(0x01)
     255              
     256                      .dwattr $C$DW$CU, DW_AT_language(DW_LANG_C)
     257              
     258              ;***************************************************************
     259              ;* DWARF CIE ENTRIES                                           *
     260              ;***************************************************************
     261              
     262              $C$DW$CIE       .dwcie 26
     263                      .dwcfi  cfa_register, 20
     264                      .dwcfi  cfa_offset, 0
     265                      .dwcfi  undefined, 0
     266                      .dwcfi  undefined, 1
     267                      .dwcfi  undefined, 2
     268                      .dwcfi  undefined, 3
     269                      .dwcfi  undefined, 20
     270                      .dwcfi  undefined, 21
     271                      .dwcfi  undefined, 22
     272                      .dwcfi  undefined, 23
     273                      .dwcfi  undefined, 24
     274                      .dwcfi  undefined, 25
     275                      .dwcfi  undefined, 26
TMS320C2000 Assembler PC v15.12.3 Wed Nov 22 00:56:15 2017

Tools Copyright (c) 1996-2015 Texas Instruments Incorporated
C:\Users\wmj\AppData\Local\Temp\0901610                              PAGE    6

     276                      .dwcfi  same_value, 28
     277                      .dwcfi  undefined, 29
     278                      .dwcfi  undefined, 30
     279                      .dwcfi  undefined, 31
     280                      .dwcfi  undefined, 32
     281                      .dwcfi  undefined, 33
     282                      .dwcfi  undefined, 34
     283                      .dwcfi  undefined, 35
     284                      .dwcfi  undefined, 36
     285                      .dwcfi  undefined, 37
     286                      .dwcfi  undefined, 38
     287                      .dwcfi  undefined, 75
     288                      .dwcfi  undefined, 76
     289                      .dwcfi  undefined, 77
     290                      .dwcfi  undefined, 4
     291                      .dwcfi  undefined, 5
     292                      .dwcfi  same_value, 6
     293                      .dwcfi  same_value, 7
     294                      .dwcfi  same_value, 8
     295                      .dwcfi  same_value, 9
     296                      .dwcfi  same_value, 10
     297                      .dwcfi  same_value, 11
     298                      .dwcfi  undefined, 12
     299                      .dwcfi  undefined, 13
     300                      .dwcfi  undefined, 14
     301                      .dwcfi  undefined, 15
     302                      .dwcfi  undefined, 16
     303                      .dwcfi  undefined, 17
     304                      .dwcfi  undefined, 18
     305                      .dwcfi  undefined, 19
     306                      .dwendentry
     307              
     308              ;***************************************************************
     309              ;* DWARF REGISTER MAP                                          *
     310              ;***************************************************************
     311              
     312              $C$DW$12        .dwtag  DW_TAG_TI_assign_register
     313                      .dwattr $C$DW$12, DW_AT_name("AL")
     314                      .dwattr $C$DW$12, DW_AT_location[DW_OP_reg0]
     315              
     316              $C$DW$13        .dwtag  DW_TAG_TI_assign_register
     317                      .dwattr $C$DW$13, DW_AT_name("AH")
     318                      .dwattr $C$DW$13, DW_AT_location[DW_OP_reg1]
     319              
     320              $C$DW$14        .dwtag  DW_TAG_TI_assign_register
     321                      .dwattr $C$DW$14, DW_AT_name("PL")
     322                      .dwattr $C$DW$14, DW_AT_location[DW_OP_reg2]
     323              
     324              $C$DW$15        .dwtag  DW_TAG_TI_assign_register
     325                      .dwattr $C$DW$15, DW_AT_name("PH")
     326                      .dwattr $C$DW$15, DW_AT_location[DW_OP_reg3]
     327              
     328              $C$DW$16        .dwtag  DW_TAG_TI_assign_register
     329                      .dwattr $C$DW$16, DW_AT_name("SP")
     330                      .dwattr $C$DW$16, DW_AT_location[DW_OP_reg20]
TMS320C2000 Assembler PC v15.12.3 Wed Nov 22 00:56:15 2017

Tools Copyright (c) 1996-2015 Texas Instruments Incorporated
C:\Users\wmj\AppData\Local\Temp\0901610                              PAGE    7

     331              
     332              $C$DW$17        .dwtag  DW_TAG_TI_assign_register
     333                      .dwattr $C$DW$17, DW_AT_name("XT")
     334                      .dwattr $C$DW$17, DW_AT_location[DW_OP_reg21]
     335              
     336              $C$DW$18        .dwtag  DW_TAG_TI_assign_register
     337                      .dwattr $C$DW$18, DW_AT_name("T")
     338                      .dwattr $C$DW$18, DW_AT_location[DW_OP_reg22]
     339              
     340              $C$DW$19        .dwtag  DW_TAG_TI_assign_register
     341                      .dwattr $C$DW$19, DW_AT_name("ST0")
     342                      .dwattr $C$DW$19, DW_AT_location[DW_OP_reg23]
     343              
     344              $C$DW$20        .dwtag  DW_TAG_TI_assign_register
     345                      .dwattr $C$DW$20, DW_AT_name("ST1")
     346                      .dwattr $C$DW$20, DW_AT_location[DW_OP_reg24]
     347              
     348              $C$DW$21        .dwtag  DW_TAG_TI_assign_register
     349                      .dwattr $C$DW$21, DW_AT_name("PC")
     350                      .dwattr $C$DW$21, DW_AT_location[DW_OP_reg25]
     351              
     352              $C$DW$22        .dwtag  DW_TAG_TI_assign_register
     353                      .dwattr $C$DW$22, DW_AT_name("RPC")
     354                      .dwattr $C$DW$22, DW_AT_location[DW_OP_reg26]
     355              
     356              $C$DW$23        .dwtag  DW_TAG_TI_assign_register
     357                      .dwattr $C$DW$23, DW_AT_name("FP")
     358                      .dwattr $C$DW$23, DW_AT_location[DW_OP_reg28]
     359              
     360              $C$DW$24        .dwtag  DW_TAG_TI_assign_register
     361                      .dwattr $C$DW$24, DW_AT_name("DP")
     362                      .dwattr $C$DW$24, DW_AT_location[DW_OP_reg29]
     363              
     364              $C$DW$25        .dwtag  DW_TAG_TI_assign_register
     365                      .dwattr $C$DW$25, DW_AT_name("SXM")
     366                      .dwattr $C$DW$25, DW_AT_location[DW_OP_reg30]
     367              
     368              $C$DW$26        .dwtag  DW_TAG_TI_assign_register
     369                      .dwattr $C$DW$26, DW_AT_name("PM")
     370                      .dwattr $C$DW$26, DW_AT_location[DW_OP_reg31]
     371              
     372              $C$DW$27        .dwtag  DW_TAG_TI_assign_register
     373                      .dwattr $C$DW$27, DW_AT_name("OVM")
     374                      .dwattr $C$DW$27, DW_AT_location[DW_OP_regx 0x20]
     375              
     376              $C$DW$28        .dwtag  DW_TAG_TI_assign_register
     377                      .dwattr $C$DW$28, DW_AT_name("PAGE0")
     378                      .dwattr $C$DW$28, DW_AT_location[DW_OP_regx 0x21]
     379              
     380              $C$DW$29        .dwtag  DW_TAG_TI_assign_register
     381                      .dwattr $C$DW$29, DW_AT_name("AMODE")
     382                      .dwattr $C$DW$29, DW_AT_location[DW_OP_regx 0x22]
     383              
     384              $C$DW$30        .dwtag  DW_TAG_TI_assign_register
     385                      .dwattr $C$DW$30, DW_AT_name("INTM")
TMS320C2000 Assembler PC v15.12.3 Wed Nov 22 00:56:15 2017

Tools Copyright (c) 1996-2015 Texas Instruments Incorporated
C:\Users\wmj\AppData\Local\Temp\0901610                              PAGE    8

     386                      .dwattr $C$DW$30, DW_AT_location[DW_OP_regx 0x23]
     387              
     388              $C$DW$31        .dwtag  DW_TAG_TI_assign_register
     389                      .dwattr $C$DW$31, DW_AT_name("IFR")
     390                      .dwattr $C$DW$31, DW_AT_location[DW_OP_regx 0x24]
     391              
     392              $C$DW$32        .dwtag  DW_TAG_TI_assign_register
     393                      .dwattr $C$DW$32, DW_AT_name("IER")
     394                      .dwattr $C$DW$32, DW_AT_location[DW_OP_regx 0x25]
     395              
     396              $C$DW$33        .dwtag  DW_TAG_TI_assign_register
     397                      .dwattr $C$DW$33, DW_AT_name("V")
     398                      .dwattr $C$DW$33, DW_AT_location[DW_OP_regx 0x26]
     399              
     400              $C$DW$34        .dwtag  DW_TAG_TI_assign_register
     401                      .dwattr $C$DW$34, DW_AT_name("PSEUDOH")
     402                      .dwattr $C$DW$34, DW_AT_location[DW_OP_regx 0x4c]
     403              
     404              $C$DW$35        .dwtag  DW_TAG_TI_assign_register
     405                      .dwattr $C$DW$35, DW_AT_name("VOL")
     406                      .dwattr $C$DW$35, DW_AT_location[DW_OP_regx 0x4d]
     407              
     408              $C$DW$36        .dwtag  DW_TAG_TI_assign_register
     409                      .dwattr $C$DW$36, DW_AT_name("AR0")
     410                      .dwattr $C$DW$36, DW_AT_location[DW_OP_reg4]
     411              
     412              $C$DW$37        .dwtag  DW_TAG_TI_assign_register
     413                      .dwattr $C$DW$37, DW_AT_name("XAR0")
     414                      .dwattr $C$DW$37, DW_AT_location[DW_OP_reg5]
     415              
     416              $C$DW$38        .dwtag  DW_TAG_TI_assign_register
     417                      .dwattr $C$DW$38, DW_AT_name("AR1")
     418                      .dwattr $C$DW$38, DW_AT_location[DW_OP_reg6]
     419              
     420              $C$DW$39        .dwtag  DW_TAG_TI_assign_register
     421                      .dwattr $C$DW$39, DW_AT_name("XAR1")
     422                      .dwattr $C$DW$39, DW_AT_location[DW_OP_reg7]
     423              
     424              $C$DW$40        .dwtag  DW_TAG_TI_assign_register
     425                      .dwattr $C$DW$40, DW_AT_name("AR2")
     426                      .dwattr $C$DW$40, DW_AT_location[DW_OP_reg8]
     427              
     428              $C$DW$41        .dwtag  DW_TAG_TI_assign_register
     429                      .dwattr $C$DW$41, DW_AT_name("XAR2")
     430                      .dwattr $C$DW$41, DW_AT_location[DW_OP_reg9]
     431              
     432              $C$DW$42        .dwtag  DW_TAG_TI_assign_register
     433                      .dwattr $C$DW$42, DW_AT_name("AR3")
     434                      .dwattr $C$DW$42, DW_AT_location[DW_OP_reg10]
     435              
     436              $C$DW$43        .dwtag  DW_TAG_TI_assign_register
     437                      .dwattr $C$DW$43, DW_AT_name("XAR3")
     438                      .dwattr $C$DW$43, DW_AT_location[DW_OP_reg11]
     439              
     440              $C$DW$44        .dwtag  DW_TAG_TI_assign_register
TMS320C2000 Assembler PC v15.12.3 Wed Nov 22 00:56:15 2017

Tools Copyright (c) 1996-2015 Texas Instruments Incorporated
C:\Users\wmj\AppData\Local\Temp\0901610                              PAGE    9

     441                      .dwattr $C$DW$44, DW_AT_name("AR4")
     442                      .dwattr $C$DW$44, DW_AT_location[DW_OP_reg12]
     443              
     444              $C$DW$45        .dwtag  DW_TAG_TI_assign_register
     445                      .dwattr $C$DW$45, DW_AT_name("XAR4")
     446                      .dwattr $C$DW$45, DW_AT_location[DW_OP_reg13]
     447              
     448              $C$DW$46        .dwtag  DW_TAG_TI_assign_register
     449                      .dwattr $C$DW$46, DW_AT_name("AR5")
     450                      .dwattr $C$DW$46, DW_AT_location[DW_OP_reg14]
     451              
     452              $C$DW$47        .dwtag  DW_TAG_TI_assign_register
     453                      .dwattr $C$DW$47, DW_AT_name("XAR5")
     454                      .dwattr $C$DW$47, DW_AT_location[DW_OP_reg15]
     455              
     456              $C$DW$48        .dwtag  DW_TAG_TI_assign_register
     457                      .dwattr $C$DW$48, DW_AT_name("AR6")
     458                      .dwattr $C$DW$48, DW_AT_location[DW_OP_reg16]
     459              
     460              $C$DW$49        .dwtag  DW_TAG_TI_assign_register
     461                      .dwattr $C$DW$49, DW_AT_name("XAR6")
     462                      .dwattr $C$DW$49, DW_AT_location[DW_OP_reg17]
     463              
     464              $C$DW$50        .dwtag  DW_TAG_TI_assign_register
     465                      .dwattr $C$DW$50, DW_AT_name("AR7")
     466                      .dwattr $C$DW$50, DW_AT_location[DW_OP_reg18]
     467              
     468              $C$DW$51        .dwtag  DW_TAG_TI_assign_register
     469                      .dwattr $C$DW$51, DW_AT_name("XAR7")
     470                      .dwattr $C$DW$51, DW_AT_location[DW_OP_reg19]
     471              
     472                      .dwendtag $C$DW$CU
     473              

No Assembly Errors, No Assembly Warnings
