TMS320C2000 Assembler PC v15.12.3 Wed Nov 22 00:56:28 2017

Tools Copyright (c) 1996-2015 Texas Instruments Incorporated
C:\Users\wmj\AppData\Local\Temp\1606810                              PAGE    1

       1              ;***************************************************************
       2              ;* TMS320C2000 C/C++ Codegen                   PC v15.12.3.LTS *
       3              ;* Date/Time created: Wed Nov 22 00:56:28 2017                 *
       4              ;***************************************************************
       5                      .compiler_opts --abi=coffabi --float_support=softlib --hll_source=on --mem_model:code=flat --mem_mode
       6        0002  FP      .set    XAR2
       7              
       8              $C$DW$CU        .dwtag  DW_TAG_compile_unit
       9                      .dwattr $C$DW$CU, DW_AT_name("C:/Users/wmj/Desktop/BM1000_v1.1/sw/drivers/timer/src/32b/f28x/f2802x/t
      10                      .dwattr $C$DW$CU, DW_AT_producer("TI TMS320C2000 C/C++ Codegen PC v15.12.3.LTS Copyright (c) 1996-201
      11                      .dwattr $C$DW$CU, DW_AT_TI_version(0x01)
      12                      .dwattr $C$DW$CU, DW_AT_comp_dir("C:\Users\wmj\Desktop\BM1000_v1.1\sw\solutions\instaspin_foc\boards\
      13              ;       C:\ti\ccsv6\tools\compiler\c2000_15.12.3.LTS\bin\opt2000.exe C:\\Users\\wmj\\AppData\\Local\\Temp\\16
      14              ;       C:\ti\ccsv6\tools\compiler\c2000_15.12.3.LTS\bin\ac2000.exe -@C:\\Users\\wmj\\AppData\\Local\\Temp\\1
      15 00000000               .sect   ".text"
      16                      .clink
      17                      .global _TIMER_setReloadBit
      18              
      19              $C$DW$1 .dwtag  DW_TAG_subprogram
      20                      .dwattr $C$DW$1, DW_AT_name("TIMER_setReloadBit")
      21                      .dwattr $C$DW$1, DW_AT_low_pc(_TIMER_setReloadBit)
      22                      .dwattr $C$DW$1, DW_AT_high_pc(0x00)
      23                      .dwattr $C$DW$1, DW_AT_TI_symbol_name("_TIMER_setReloadBit")
      24                      .dwattr $C$DW$1, DW_AT_external
      25                      .dwattr $C$DW$1, DW_AT_TI_begin_file("C:/Users/wmj/Desktop/BM1000_v1.1/sw/drivers/timer/src/32b/f28x/
      26                      .dwattr $C$DW$1, DW_AT_TI_begin_line(0xa1)
      27                      .dwattr $C$DW$1, DW_AT_TI_begin_column(0x06)
      28                      .dwattr $C$DW$1, DW_AT_TI_max_frame_size(-2)
      29                      .dwpsn  file "C:/Users/wmj/Desktop/BM1000_v1.1/sw/drivers/timer/src/32b/f28x/f2802x/timer.c",line 162
      30              
      31                      .dwfde $C$DW$CIE, _TIMER_setReloadBit
      32              $C$DW$2 .dwtag  DW_TAG_formal_parameter
      33                      .dwattr $C$DW$2, DW_AT_name("timerHandle")
      34                      .dwattr $C$DW$2, DW_AT_TI_symbol_name("_timerHandle")
      35                      .dwattr $C$DW$2, DW_AT_type(*$C$DW$T$27)
      36                      .dwattr $C$DW$2, DW_AT_location[DW_OP_reg12]
      37              
      38              
      39              ;***************************************************************
      40              ;* FNAME: _TIMER_setReloadBit           FR SIZE:   0           *
      41              ;*                                                             *
      42              ;* FUNCTION ENVIRONMENT                                        *
      43              ;*                                                             *
      44              ;* FUNCTION PROPERTIES                                         *
      45              ;*                            0 Parameter,  0 Auto,  0 SOE     *
      46              ;***************************************************************
      47              
      48              _TIMER_setReloadBit:
      49              ;* AR4   assigned to _timerHandle
      50              $C$DW$3 .dwtag  DW_TAG_variable
      51                      .dwattr $C$DW$3, DW_AT_name("timerHandle")
      52                      .dwattr $C$DW$3, DW_AT_TI_symbol_name("_timerHandle")
      53                      .dwattr $C$DW$3, DW_AT_type(*$C$DW$T$34)
      54                      .dwattr $C$DW$3, DW_AT_location[DW_OP_reg12]
      55              
TMS320C2000 Assembler PC v15.12.3 Wed Nov 22 00:56:28 2017

Tools Copyright (c) 1996-2015 Texas Instruments Incorporated
C:\Users\wmj\AppData\Local\Temp\1606810                              PAGE    2

      56                      .dwcfi  cfa_offset, -2
      57                      .dwcfi  save_reg_to_mem, 26, 0
      58                      .dwpsn  file "C:/Users/wmj/Desktop/BM1000_v1.1/sw/drivers/timer/src/32b/f28x/f2802x/timer.c",line 165
      59 00000000 1AE4          OR        *+XAR4[4],#0x0020     ; [CPU_] |165| 
         00000001 0020 
      60              $C$DW$4 .dwtag  DW_TAG_TI_branch
      61                      .dwattr $C$DW$4, DW_AT_low_pc(0x00)
      62                      .dwattr $C$DW$4, DW_AT_TI_return
      63              
      64 00000002 0006          LRETR     ; [CPU_] 
      65                      ; return occurs ; [] 
      66                      .dwattr $C$DW$1, DW_AT_TI_end_file("C:/Users/wmj/Desktop/BM1000_v1.1/sw/drivers/timer/src/32b/f28x/f2
      67                      .dwattr $C$DW$1, DW_AT_TI_end_line(0xa8)
      68                      .dwattr $C$DW$1, DW_AT_TI_end_column(0x01)
      69                      .dwendentry
      70                      .dwendtag $C$DW$1
      71              
      72 00000003               .sect   ".text"
      73                      .clink
      74                      .global _TIMER_setPreScaler
      75              
      76              $C$DW$5 .dwtag  DW_TAG_subprogram
      77                      .dwattr $C$DW$5, DW_AT_name("TIMER_setPreScaler")
      78                      .dwattr $C$DW$5, DW_AT_low_pc(_TIMER_setPreScaler)
      79                      .dwattr $C$DW$5, DW_AT_high_pc(0x00)
      80                      .dwattr $C$DW$5, DW_AT_TI_symbol_name("_TIMER_setPreScaler")
      81                      .dwattr $C$DW$5, DW_AT_external
      82                      .dwattr $C$DW$5, DW_AT_TI_begin_file("C:/Users/wmj/Desktop/BM1000_v1.1/sw/drivers/timer/src/32b/f28x/
      83                      .dwattr $C$DW$5, DW_AT_TI_begin_line(0x94)
      84                      .dwattr $C$DW$5, DW_AT_TI_begin_column(0x06)
      85                      .dwattr $C$DW$5, DW_AT_TI_max_frame_size(-2)
      86                      .dwpsn  file "C:/Users/wmj/Desktop/BM1000_v1.1/sw/drivers/timer/src/32b/f28x/f2802x/timer.c",line 150
      87              
      88                      .dwfde $C$DW$CIE, _TIMER_setPreScaler
      89              $C$DW$6 .dwtag  DW_TAG_formal_parameter
      90                      .dwattr $C$DW$6, DW_AT_name("timerHandle")
      91                      .dwattr $C$DW$6, DW_AT_TI_symbol_name("_timerHandle")
      92                      .dwattr $C$DW$6, DW_AT_type(*$C$DW$T$27)
      93                      .dwattr $C$DW$6, DW_AT_location[DW_OP_reg12]
      94              
      95              $C$DW$7 .dwtag  DW_TAG_formal_parameter
      96                      .dwattr $C$DW$7, DW_AT_name("preScaler")
      97                      .dwattr $C$DW$7, DW_AT_TI_symbol_name("_preScaler")
      98                      .dwattr $C$DW$7, DW_AT_type(*$C$DW$T$42)
      99                      .dwattr $C$DW$7, DW_AT_location[DW_OP_reg0]
     100              
     101              
     102              ;***************************************************************
     103              ;* FNAME: _TIMER_setPreScaler           FR SIZE:   0           *
     104              ;*                                                             *
     105              ;* FUNCTION ENVIRONMENT                                        *
     106              ;*                                                             *
     107              ;* FUNCTION PROPERTIES                                         *
     108              ;*                            0 Parameter,  0 Auto,  0 SOE     *
     109              ;***************************************************************
TMS320C2000 Assembler PC v15.12.3 Wed Nov 22 00:56:28 2017

Tools Copyright (c) 1996-2015 Texas Instruments Incorporated
C:\Users\wmj\AppData\Local\Temp\1606810                              PAGE    3

     110              
     111              _TIMER_setPreScaler:
     112              ;* AR4   assigned to _timerHandle
     113              $C$DW$8 .dwtag  DW_TAG_variable
     114                      .dwattr $C$DW$8, DW_AT_name("timerHandle")
     115                      .dwattr $C$DW$8, DW_AT_TI_symbol_name("_timerHandle")
     116                      .dwattr $C$DW$8, DW_AT_type(*$C$DW$T$34)
     117                      .dwattr $C$DW$8, DW_AT_location[DW_OP_reg12]
     118              
     119              ;* AR6   assigned to _preScaler
     120              $C$DW$9 .dwtag  DW_TAG_variable
     121                      .dwattr $C$DW$9, DW_AT_name("preScaler")
     122                      .dwattr $C$DW$9, DW_AT_TI_symbol_name("_preScaler")
     123                      .dwattr $C$DW$9, DW_AT_type(*$C$DW$T$42)
     124                      .dwattr $C$DW$9, DW_AT_location[DW_OP_reg16]
     125              
     126                      .dwcfi  cfa_offset, -2
     127                      .dwcfi  save_reg_to_mem, 26, 0
     128 00000003 88A9          MOVZ      AR6,AL                ; [CPU_] |150| 
     129 00000004 2901          CLRC      SXM                   ; [CPU_] 
     130                      .dwpsn  file "C:/Users/wmj/Desktop/BM1000_v1.1/sw/drivers/timer/src/32b/f28x/f2802x/timer.c",line 155
     131 00000005 CDA6          AND       AH,AR6,#0xff00        ; [CPU_] |155| 
         00000006 FF00 
     132 00000007 5603          MOV       ACC,AH << 8           ; [CPU_] |155| 
         00000008 08A8 
     133 00000009 1EA7          MOVL      XAR7,ACC              ; [CPU_] |155| 
     134 0000000a CCA6          AND       AL,AR6,#0x00ff        ; [CPU_] |155| 
         0000000b 00FF 
     135 0000000c 88A9          MOVZ      AR6,AL                ; [CPU_] |155| 
     136 0000000d 06A7          MOVL      ACC,XAR7              ; [CPU_] |155| 
     137 0000000e AFA6          OR        ACC,AR6               ; [CPU_] |155| 
     138 0000000f 1EF4          MOVL      *+XAR4[6],ACC         ; [CPU_] |155| 
     139              $C$DW$10        .dwtag  DW_TAG_TI_branch
     140                      .dwattr $C$DW$10, DW_AT_low_pc(0x00)
     141                      .dwattr $C$DW$10, DW_AT_TI_return
     142              
     143 00000010 0006          LRETR     ; [CPU_] 
     144                      ; return occurs ; [] 
     145                      .dwattr $C$DW$5, DW_AT_TI_end_file("C:/Users/wmj/Desktop/BM1000_v1.1/sw/drivers/timer/src/32b/f28x/f2
     146                      .dwattr $C$DW$5, DW_AT_TI_end_line(0x9f)
     147                      .dwattr $C$DW$5, DW_AT_TI_end_column(0x01)
     148                      .dwendentry
     149                      .dwendtag $C$DW$5
     150              
     151 00000011               .sect   ".text"
     152                      .clink
     153                      .global _TIMER_setEmulationMode
     154              
     155              $C$DW$11        .dwtag  DW_TAG_subprogram
     156                      .dwattr $C$DW$11, DW_AT_name("TIMER_setEmulationMode")
     157                      .dwattr $C$DW$11, DW_AT_low_pc(_TIMER_setEmulationMode)
     158                      .dwattr $C$DW$11, DW_AT_high_pc(0x00)
     159                      .dwattr $C$DW$11, DW_AT_TI_symbol_name("_TIMER_setEmulationMode")
     160                      .dwattr $C$DW$11, DW_AT_external
     161                      .dwattr $C$DW$11, DW_AT_TI_begin_file("C:/Users/wmj/Desktop/BM1000_v1.1/sw/drivers/timer/src/32b/f28x
TMS320C2000 Assembler PC v15.12.3 Wed Nov 22 00:56:28 2017

Tools Copyright (c) 1996-2015 Texas Instruments Incorporated
C:\Users\wmj\AppData\Local\Temp\1606810                              PAGE    4

     162                      .dwattr $C$DW$11, DW_AT_TI_begin_line(0x84)
     163                      .dwattr $C$DW$11, DW_AT_TI_begin_column(0x06)
     164                      .dwattr $C$DW$11, DW_AT_TI_max_frame_size(-2)
     165                      .dwpsn  file "C:/Users/wmj/Desktop/BM1000_v1.1/sw/drivers/timer/src/32b/f28x/f2802x/timer.c",line 134
     166              
     167                      .dwfde $C$DW$CIE, _TIMER_setEmulationMode
     168              $C$DW$12        .dwtag  DW_TAG_formal_parameter
     169                      .dwattr $C$DW$12, DW_AT_name("timerHandle")
     170                      .dwattr $C$DW$12, DW_AT_TI_symbol_name("_timerHandle")
     171                      .dwattr $C$DW$12, DW_AT_type(*$C$DW$T$27)
     172                      .dwattr $C$DW$12, DW_AT_location[DW_OP_reg12]
     173              
     174              $C$DW$13        .dwtag  DW_TAG_formal_parameter
     175                      .dwattr $C$DW$13, DW_AT_name("mode")
     176                      .dwattr $C$DW$13, DW_AT_TI_symbol_name("_mode")
     177                      .dwattr $C$DW$13, DW_AT_type(*$C$DW$T$32)
     178                      .dwattr $C$DW$13, DW_AT_location[DW_OP_reg0]
     179              
     180              
     181              ;***************************************************************
     182              ;* FNAME: _TIMER_setEmulationMode       FR SIZE:   0           *
     183              ;*                                                             *
     184              ;* FUNCTION ENVIRONMENT                                        *
     185              ;*                                                             *
     186              ;* FUNCTION PROPERTIES                                         *
     187              ;*                            0 Parameter,  0 Auto,  0 SOE     *
     188              ;***************************************************************
     189              
     190              _TIMER_setEmulationMode:
     191              ;* AR4   assigned to _timerHandle
     192              $C$DW$14        .dwtag  DW_TAG_variable
     193                      .dwattr $C$DW$14, DW_AT_name("timerHandle")
     194                      .dwattr $C$DW$14, DW_AT_TI_symbol_name("_timerHandle")
     195                      .dwattr $C$DW$14, DW_AT_type(*$C$DW$T$34)
     196                      .dwattr $C$DW$14, DW_AT_location[DW_OP_reg12]
     197              
     198              ;* AL    assigned to _mode
     199              $C$DW$15        .dwtag  DW_TAG_variable
     200                      .dwattr $C$DW$15, DW_AT_name("mode")
     201                      .dwattr $C$DW$15, DW_AT_TI_symbol_name("_mode")
     202                      .dwattr $C$DW$15, DW_AT_type(*$C$DW$T$32)
     203                      .dwattr $C$DW$15, DW_AT_location[DW_OP_reg0]
     204              
     205                      .dwcfi  cfa_offset, -2
     206                      .dwcfi  save_reg_to_mem, 26, 0
     207                      .dwpsn  file "C:/Users/wmj/Desktop/BM1000_v1.1/sw/drivers/timer/src/32b/f28x/f2802x/timer.c",line 139
     208 00000011 18E4          AND       *+XAR4[4],#0xf3ff     ; [CPU_] |139| 
         00000012 F3FF 
     209                      .dwpsn  file "C:/Users/wmj/Desktop/BM1000_v1.1/sw/drivers/timer/src/32b/f28x/f2802x/timer.c",line 142
     210 00000013 98E4          OR        *+XAR4[4],AL          ; [CPU_] |142| 
     211              $C$DW$16        .dwtag  DW_TAG_TI_branch
     212                      .dwattr $C$DW$16, DW_AT_low_pc(0x00)
     213                      .dwattr $C$DW$16, DW_AT_TI_return
     214              
     215 00000014 0006          LRETR     ; [CPU_] 
TMS320C2000 Assembler PC v15.12.3 Wed Nov 22 00:56:28 2017

Tools Copyright (c) 1996-2015 Texas Instruments Incorporated
C:\Users\wmj\AppData\Local\Temp\1606810                              PAGE    5

     216                      ; return occurs ; [] 
     217                      .dwattr $C$DW$11, DW_AT_TI_end_file("C:/Users/wmj/Desktop/BM1000_v1.1/sw/drivers/timer/src/32b/f28x/f
     218                      .dwattr $C$DW$11, DW_AT_TI_end_line(0x91)
     219                      .dwattr $C$DW$11, DW_AT_TI_end_column(0x01)
     220                      .dwendentry
     221                      .dwendtag $C$DW$11
     222              
     223 00000015               .sect   ".text"
     224                      .clink
     225                      .global _TIMER_setDecimationFactor
     226              
     227              $C$DW$17        .dwtag  DW_TAG_subprogram
     228                      .dwattr $C$DW$17, DW_AT_name("TIMER_setDecimationFactor")
     229                      .dwattr $C$DW$17, DW_AT_low_pc(_TIMER_setDecimationFactor)
     230                      .dwattr $C$DW$17, DW_AT_high_pc(0x00)
     231                      .dwattr $C$DW$17, DW_AT_TI_symbol_name("_TIMER_setDecimationFactor")
     232                      .dwattr $C$DW$17, DW_AT_external
     233                      .dwattr $C$DW$17, DW_AT_TI_begin_file("C:/Users/wmj/Desktop/BM1000_v1.1/sw/drivers/timer/src/32b/f28x
     234                      .dwattr $C$DW$17, DW_AT_TI_begin_line(0x76)
     235                      .dwattr $C$DW$17, DW_AT_TI_begin_column(0x06)
     236                      .dwattr $C$DW$17, DW_AT_TI_max_frame_size(-2)
     237                      .dwpsn  file "C:/Users/wmj/Desktop/BM1000_v1.1/sw/drivers/timer/src/32b/f28x/f2802x/timer.c",line 120
     238              
     239                      .dwfde $C$DW$CIE, _TIMER_setDecimationFactor
     240              $C$DW$18        .dwtag  DW_TAG_formal_parameter
     241                      .dwattr $C$DW$18, DW_AT_name("timerHandle")
     242                      .dwattr $C$DW$18, DW_AT_TI_symbol_name("_timerHandle")
     243                      .dwattr $C$DW$18, DW_AT_type(*$C$DW$T$27)
     244                      .dwattr $C$DW$18, DW_AT_location[DW_OP_reg12]
     245              
     246              $C$DW$19        .dwtag  DW_TAG_formal_parameter
     247                      .dwattr $C$DW$19, DW_AT_name("decFactor")
     248                      .dwattr $C$DW$19, DW_AT_TI_symbol_name("_decFactor")
     249                      .dwattr $C$DW$19, DW_AT_type(*$C$DW$T$42)
     250                      .dwattr $C$DW$19, DW_AT_location[DW_OP_reg0]
     251              
     252              
     253              ;***************************************************************
     254              ;* FNAME: _TIMER_setDecimationFactor    FR SIZE:   0           *
     255              ;*                                                             *
     256              ;* FUNCTION ENVIRONMENT                                        *
     257              ;*                                                             *
     258              ;* FUNCTION PROPERTIES                                         *
     259              ;*                            0 Parameter,  0 Auto,  0 SOE     *
     260              ;***************************************************************
     261              
     262              _TIMER_setDecimationFactor:
     263              ;* AR4   assigned to _timerHandle
     264              $C$DW$20        .dwtag  DW_TAG_variable
     265                      .dwattr $C$DW$20, DW_AT_name("timerHandle")
     266                      .dwattr $C$DW$20, DW_AT_TI_symbol_name("_timerHandle")
     267                      .dwattr $C$DW$20, DW_AT_type(*$C$DW$T$34)
     268                      .dwattr $C$DW$20, DW_AT_location[DW_OP_reg12]
     269              
     270              ;* AR6   assigned to _decFactor
TMS320C2000 Assembler PC v15.12.3 Wed Nov 22 00:56:28 2017

Tools Copyright (c) 1996-2015 Texas Instruments Incorporated
C:\Users\wmj\AppData\Local\Temp\1606810                              PAGE    6

     271              $C$DW$21        .dwtag  DW_TAG_variable
     272                      .dwattr $C$DW$21, DW_AT_name("decFactor")
     273                      .dwattr $C$DW$21, DW_AT_TI_symbol_name("_decFactor")
     274                      .dwattr $C$DW$21, DW_AT_type(*$C$DW$T$42)
     275                      .dwattr $C$DW$21, DW_AT_location[DW_OP_reg16]
     276              
     277                      .dwcfi  cfa_offset, -2
     278                      .dwcfi  save_reg_to_mem, 26, 0
     279 00000015 88A9          MOVZ      AR6,AL                ; [CPU_] |120| 
     280 00000016 2901          CLRC      SXM                   ; [CPU_] 
     281                      .dwpsn  file "C:/Users/wmj/Desktop/BM1000_v1.1/sw/drivers/timer/src/32b/f28x/f2802x/timer.c",line 125
     282 00000017 CDA6          AND       AH,AR6,#0xff00        ; [CPU_] |125| 
         00000018 FF00 
     283 00000019 5603          MOV       ACC,AH << 8           ; [CPU_] |125| 
         0000001a 08A8 
     284 0000001b 1EA7          MOVL      XAR7,ACC              ; [CPU_] |125| 
     285 0000001c CCA6          AND       AL,AR6,#0x00ff        ; [CPU_] |125| 
         0000001d 00FF 
     286 0000001e 88A9          MOVZ      AR6,AL                ; [CPU_] |125| 
     287 0000001f 06A7          MOVL      ACC,XAR7              ; [CPU_] |125| 
     288 00000020 AFA6          OR        ACC,AR6               ; [CPU_] |125| 
     289 00000021 1EF4          MOVL      *+XAR4[6],ACC         ; [CPU_] |125| 
     290              $C$DW$22        .dwtag  DW_TAG_TI_branch
     291                      .dwattr $C$DW$22, DW_AT_low_pc(0x00)
     292                      .dwattr $C$DW$22, DW_AT_TI_return
     293              
     294 00000022 0006          LRETR     ; [CPU_] 
     295                      ; return occurs ; [] 
     296                      .dwattr $C$DW$17, DW_AT_TI_end_file("C:/Users/wmj/Desktop/BM1000_v1.1/sw/drivers/timer/src/32b/f28x/f
     297                      .dwattr $C$DW$17, DW_AT_TI_end_line(0x81)
     298                      .dwattr $C$DW$17, DW_AT_TI_end_column(0x01)
     299                      .dwendentry
     300                      .dwendtag $C$DW$17
     301              
     302 00000023               .sect   ".text"
     303                      .clink
     304                      .global _TIMER_init
     305              
     306              $C$DW$23        .dwtag  DW_TAG_subprogram
     307                      .dwattr $C$DW$23, DW_AT_name("TIMER_init")
     308                      .dwattr $C$DW$23, DW_AT_low_pc(_TIMER_init)
     309                      .dwattr $C$DW$23, DW_AT_high_pc(0x00)
     310                      .dwattr $C$DW$23, DW_AT_TI_symbol_name("_TIMER_init")
     311                      .dwattr $C$DW$23, DW_AT_external
     312                      .dwattr $C$DW$23, DW_AT_type(*$C$DW$T$27)
     313                      .dwattr $C$DW$23, DW_AT_TI_begin_file("C:/Users/wmj/Desktop/BM1000_v1.1/sw/drivers/timer/src/32b/f28x
     314                      .dwattr $C$DW$23, DW_AT_TI_begin_line(0x67)
     315                      .dwattr $C$DW$23, DW_AT_TI_begin_column(0x0e)
     316                      .dwattr $C$DW$23, DW_AT_TI_max_frame_size(-2)
     317                      .dwpsn  file "C:/Users/wmj/Desktop/BM1000_v1.1/sw/drivers/timer/src/32b/f28x/f2802x/timer.c",line 104
     318              
     319                      .dwfde $C$DW$CIE, _TIMER_init
     320              $C$DW$24        .dwtag  DW_TAG_formal_parameter
     321                      .dwattr $C$DW$24, DW_AT_name("pMemory")
     322                      .dwattr $C$DW$24, DW_AT_TI_symbol_name("_pMemory")
TMS320C2000 Assembler PC v15.12.3 Wed Nov 22 00:56:28 2017

Tools Copyright (c) 1996-2015 Texas Instruments Incorporated
C:\Users\wmj\AppData\Local\Temp\1606810                              PAGE    7

     323                      .dwattr $C$DW$24, DW_AT_type(*$C$DW$T$3)
     324                      .dwattr $C$DW$24, DW_AT_location[DW_OP_reg12]
     325              
     326              $C$DW$25        .dwtag  DW_TAG_formal_parameter
     327                      .dwattr $C$DW$25, DW_AT_name("numBytes")
     328                      .dwattr $C$DW$25, DW_AT_TI_symbol_name("_numBytes")
     329                      .dwattr $C$DW$25, DW_AT_type(*$C$DW$T$36)
     330                      .dwattr $C$DW$25, DW_AT_location[DW_OP_reg0]
     331              
     332              
     333              ;***************************************************************
     334              ;* FNAME: _TIMER_init                   FR SIZE:   0           *
     335              ;*                                                             *
     336              ;* FUNCTION ENVIRONMENT                                        *
     337              ;*                                                             *
     338              ;* FUNCTION PROPERTIES                                         *
     339              ;*                            0 Parameter,  0 Auto,  0 SOE     *
     340              ;***************************************************************
     341              
     342              _TIMER_init:
     343              ;* AR6   assigned to _numBytes
     344              $C$DW$26        .dwtag  DW_TAG_variable
     345                      .dwattr $C$DW$26, DW_AT_name("numBytes")
     346                      .dwattr $C$DW$26, DW_AT_TI_symbol_name("_numBytes")
     347                      .dwattr $C$DW$26, DW_AT_type(*$C$DW$T$36)
     348                      .dwattr $C$DW$26, DW_AT_location[DW_OP_reg16]
     349              
     350                      .dwcfi  cfa_offset, -2
     351                      .dwcfi  save_reg_to_mem, 26, 0
     352 00000023 1EA6          MOVL      XAR6,ACC              ; [CPU_] |104| 
     353                      .dwpsn  file "C:/Users/wmj/Desktop/BM1000_v1.1/sw/drivers/timer/src/32b/f28x/f2802x/timer.c",line 109
     354 00000024 0208          MOVB      ACC,#8                ; [CPU_] |109| 
     355 00000025 0FA6          CMPL      ACC,XAR6              ; [CPU_] |109| 
     356 00000026 6902          B         $C$L1,LOS             ; [CPU_] |109| 
     357                      ; branchcc occurs ; [] |109| 
     358 00000027 D400          MOVB      XAR4,#0               ; [CPU_] |109| 
     359              $C$L1:    
     360              $C$DW$27        .dwtag  DW_TAG_TI_branch
     361                      .dwattr $C$DW$27, DW_AT_low_pc(0x00)
     362                      .dwattr $C$DW$27, DW_AT_TI_return
     363              
     364 00000028 0006          LRETR     ; [CPU_] 
     365                      ; return occurs ; [] 
     366                      .dwattr $C$DW$23, DW_AT_TI_end_file("C:/Users/wmj/Desktop/BM1000_v1.1/sw/drivers/timer/src/32b/f28x/f
     367                      .dwattr $C$DW$23, DW_AT_TI_end_line(0x73)
     368                      .dwattr $C$DW$23, DW_AT_TI_end_column(0x01)
     369                      .dwendentry
     370                      .dwendtag $C$DW$23
     371              
     372 00000029               .sect   ".text"
     373                      .clink
     374                      .global _TIMER_getStatus
     375              
     376              $C$DW$28        .dwtag  DW_TAG_subprogram
     377                      .dwattr $C$DW$28, DW_AT_name("TIMER_getStatus")
TMS320C2000 Assembler PC v15.12.3 Wed Nov 22 00:56:28 2017

Tools Copyright (c) 1996-2015 Texas Instruments Incorporated
C:\Users\wmj\AppData\Local\Temp\1606810                              PAGE    8

     378                      .dwattr $C$DW$28, DW_AT_low_pc(_TIMER_getStatus)
     379                      .dwattr $C$DW$28, DW_AT_high_pc(0x00)
     380                      .dwattr $C$DW$28, DW_AT_TI_symbol_name("_TIMER_getStatus")
     381                      .dwattr $C$DW$28, DW_AT_external
     382                      .dwattr $C$DW$28, DW_AT_type(*$C$DW$T$25)
     383                      .dwattr $C$DW$28, DW_AT_TI_begin_file("C:/Users/wmj/Desktop/BM1000_v1.1/sw/drivers/timer/src/32b/f28x
     384                      .dwattr $C$DW$28, DW_AT_TI_begin_line(0x5b)
     385                      .dwattr $C$DW$28, DW_AT_TI_begin_column(0x10)
     386                      .dwattr $C$DW$28, DW_AT_TI_max_frame_size(-2)
     387                      .dwpsn  file "C:/Users/wmj/Desktop/BM1000_v1.1/sw/drivers/timer/src/32b/f28x/f2802x/timer.c",line 92,
     388              
     389                      .dwfde $C$DW$CIE, _TIMER_getStatus
     390              $C$DW$29        .dwtag  DW_TAG_formal_parameter
     391                      .dwattr $C$DW$29, DW_AT_name("timerHandle")
     392                      .dwattr $C$DW$29, DW_AT_TI_symbol_name("_timerHandle")
     393                      .dwattr $C$DW$29, DW_AT_type(*$C$DW$T$27)
     394                      .dwattr $C$DW$29, DW_AT_location[DW_OP_reg12]
     395              
     396              
     397              ;***************************************************************
     398              ;* FNAME: _TIMER_getStatus              FR SIZE:   0           *
     399              ;*                                                             *
     400              ;* FUNCTION ENVIRONMENT                                        *
     401              ;*                                                             *
     402              ;* FUNCTION PROPERTIES                                         *
     403              ;*                            0 Parameter,  0 Auto,  0 SOE     *
     404              ;***************************************************************
     405              
     406              _TIMER_getStatus:
     407              ;* AR4   assigned to _timerHandle
     408              $C$DW$30        .dwtag  DW_TAG_variable
     409                      .dwattr $C$DW$30, DW_AT_name("timerHandle")
     410                      .dwattr $C$DW$30, DW_AT_TI_symbol_name("_timerHandle")
     411                      .dwattr $C$DW$30, DW_AT_type(*$C$DW$T$34)
     412                      .dwattr $C$DW$30, DW_AT_location[DW_OP_reg12]
     413              
     414              ;* AL    assigned to _status
     415              $C$DW$31        .dwtag  DW_TAG_variable
     416                      .dwattr $C$DW$31, DW_AT_name("status")
     417                      .dwattr $C$DW$31, DW_AT_TI_symbol_name("_status")
     418                      .dwattr $C$DW$31, DW_AT_type(*$C$DW$T$25)
     419                      .dwattr $C$DW$31, DW_AT_location[DW_OP_reg0]
     420              
     421                      .dwcfi  cfa_offset, -2
     422                      .dwcfi  save_reg_to_mem, 26, 0
     423                      .dwpsn  file "C:/Users/wmj/Desktop/BM1000_v1.1/sw/drivers/timer/src/32b/f28x/f2802x/timer.c",line 97,
     424 00000029 CCE4          AND       AL,*+XAR4[4],#0x8000  ; [CPU_] |97| 
         0000002a 8000 
     425              $C$DW$32        .dwtag  DW_TAG_TI_branch
     426                      .dwattr $C$DW$32, DW_AT_low_pc(0x00)
     427                      .dwattr $C$DW$32, DW_AT_TI_return
     428              
     429 0000002b 0006          LRETR     ; [CPU_] 
     430                      ; return occurs ; [] 
     431                      .dwattr $C$DW$28, DW_AT_TI_end_file("C:/Users/wmj/Desktop/BM1000_v1.1/sw/drivers/timer/src/32b/f28x/f
TMS320C2000 Assembler PC v15.12.3 Wed Nov 22 00:56:28 2017

Tools Copyright (c) 1996-2015 Texas Instruments Incorporated
C:\Users\wmj\AppData\Local\Temp\1606810                              PAGE    9

     432                      .dwattr $C$DW$28, DW_AT_TI_end_line(0x64)
     433                      .dwattr $C$DW$28, DW_AT_TI_end_column(0x01)
     434                      .dwendentry
     435                      .dwendtag $C$DW$28
     436              
     437 0000002c               .sect   ".text"
     438                      .clink
     439                      .global _TIMER_enableInt
     440              
     441              $C$DW$33        .dwtag  DW_TAG_subprogram
     442                      .dwattr $C$DW$33, DW_AT_name("TIMER_enableInt")
     443                      .dwattr $C$DW$33, DW_AT_low_pc(_TIMER_enableInt)
     444                      .dwattr $C$DW$33, DW_AT_high_pc(0x00)
     445                      .dwattr $C$DW$33, DW_AT_TI_symbol_name("_TIMER_enableInt")
     446                      .dwattr $C$DW$33, DW_AT_external
     447                      .dwattr $C$DW$33, DW_AT_TI_begin_file("C:/Users/wmj/Desktop/BM1000_v1.1/sw/drivers/timer/src/32b/f28x
     448                      .dwattr $C$DW$33, DW_AT_TI_begin_line(0x4f)
     449                      .dwattr $C$DW$33, DW_AT_TI_begin_column(0x06)
     450                      .dwattr $C$DW$33, DW_AT_TI_max_frame_size(-2)
     451                      .dwpsn  file "C:/Users/wmj/Desktop/BM1000_v1.1/sw/drivers/timer/src/32b/f28x/f2802x/timer.c",line 80,
     452              
     453                      .dwfde $C$DW$CIE, _TIMER_enableInt
     454              $C$DW$34        .dwtag  DW_TAG_formal_parameter
     455                      .dwattr $C$DW$34, DW_AT_name("timerHandle")
     456                      .dwattr $C$DW$34, DW_AT_TI_symbol_name("_timerHandle")
     457                      .dwattr $C$DW$34, DW_AT_type(*$C$DW$T$27)
     458                      .dwattr $C$DW$34, DW_AT_location[DW_OP_reg12]
     459              
     460              
     461              ;***************************************************************
     462              ;* FNAME: _TIMER_enableInt              FR SIZE:   0           *
     463              ;*                                                             *
     464              ;* FUNCTION ENVIRONMENT                                        *
     465              ;*                                                             *
     466              ;* FUNCTION PROPERTIES                                         *
     467              ;*                            0 Parameter,  0 Auto,  0 SOE     *
     468              ;***************************************************************
     469              
     470              _TIMER_enableInt:
     471              ;* AR4   assigned to _timerHandle
     472              $C$DW$35        .dwtag  DW_TAG_variable
     473                      .dwattr $C$DW$35, DW_AT_name("timerHandle")
     474                      .dwattr $C$DW$35, DW_AT_TI_symbol_name("_timerHandle")
     475                      .dwattr $C$DW$35, DW_AT_type(*$C$DW$T$34)
     476                      .dwattr $C$DW$35, DW_AT_location[DW_OP_reg12]
     477              
     478                      .dwcfi  cfa_offset, -2
     479                      .dwcfi  save_reg_to_mem, 26, 0
     480                      .dwpsn  file "C:/Users/wmj/Desktop/BM1000_v1.1/sw/drivers/timer/src/32b/f28x/f2802x/timer.c",line 85,
     481 0000002c 1AE4          OR        *+XAR4[4],#0x4000     ; [CPU_] |85| 
         0000002d 4000 
     482              $C$DW$36        .dwtag  DW_TAG_TI_branch
     483                      .dwattr $C$DW$36, DW_AT_low_pc(0x00)
     484                      .dwattr $C$DW$36, DW_AT_TI_return
     485              
TMS320C2000 Assembler PC v15.12.3 Wed Nov 22 00:56:28 2017

Tools Copyright (c) 1996-2015 Texas Instruments Incorporated
C:\Users\wmj\AppData\Local\Temp\1606810                              PAGE   10

     486 0000002e 0006          LRETR     ; [CPU_] 
     487                      ; return occurs ; [] 
     488                      .dwattr $C$DW$33, DW_AT_TI_end_file("C:/Users/wmj/Desktop/BM1000_v1.1/sw/drivers/timer/src/32b/f28x/f
     489                      .dwattr $C$DW$33, DW_AT_TI_end_line(0x58)
     490                      .dwattr $C$DW$33, DW_AT_TI_end_column(0x01)
     491                      .dwendentry
     492                      .dwendtag $C$DW$33
     493              
     494 0000002f               .sect   ".text"
     495                      .clink
     496                      .global _TIMER_disableInt
     497              
     498              $C$DW$37        .dwtag  DW_TAG_subprogram
     499                      .dwattr $C$DW$37, DW_AT_name("TIMER_disableInt")
     500                      .dwattr $C$DW$37, DW_AT_low_pc(_TIMER_disableInt)
     501                      .dwattr $C$DW$37, DW_AT_high_pc(0x00)
     502                      .dwattr $C$DW$37, DW_AT_TI_symbol_name("_TIMER_disableInt")
     503                      .dwattr $C$DW$37, DW_AT_external
     504                      .dwattr $C$DW$37, DW_AT_TI_begin_file("C:/Users/wmj/Desktop/BM1000_v1.1/sw/drivers/timer/src/32b/f28x
     505                      .dwattr $C$DW$37, DW_AT_TI_begin_line(0x43)
     506                      .dwattr $C$DW$37, DW_AT_TI_begin_column(0x06)
     507                      .dwattr $C$DW$37, DW_AT_TI_max_frame_size(-2)
     508                      .dwpsn  file "C:/Users/wmj/Desktop/BM1000_v1.1/sw/drivers/timer/src/32b/f28x/f2802x/timer.c",line 68,
     509              
     510                      .dwfde $C$DW$CIE, _TIMER_disableInt
     511              $C$DW$38        .dwtag  DW_TAG_formal_parameter
     512                      .dwattr $C$DW$38, DW_AT_name("timerHandle")
     513                      .dwattr $C$DW$38, DW_AT_TI_symbol_name("_timerHandle")
     514                      .dwattr $C$DW$38, DW_AT_type(*$C$DW$T$27)
     515                      .dwattr $C$DW$38, DW_AT_location[DW_OP_reg12]
     516              
     517              
     518              ;***************************************************************
     519              ;* FNAME: _TIMER_disableInt             FR SIZE:   0           *
     520              ;*                                                             *
     521              ;* FUNCTION ENVIRONMENT                                        *
     522              ;*                                                             *
     523              ;* FUNCTION PROPERTIES                                         *
     524              ;*                            0 Parameter,  0 Auto,  0 SOE     *
     525              ;***************************************************************
     526              
     527              _TIMER_disableInt:
     528              ;* AR4   assigned to _timerHandle
     529              $C$DW$39        .dwtag  DW_TAG_variable
     530                      .dwattr $C$DW$39, DW_AT_name("timerHandle")
     531                      .dwattr $C$DW$39, DW_AT_TI_symbol_name("_timerHandle")
     532                      .dwattr $C$DW$39, DW_AT_type(*$C$DW$T$34)
     533                      .dwattr $C$DW$39, DW_AT_location[DW_OP_reg12]
     534              
     535                      .dwcfi  cfa_offset, -2
     536                      .dwcfi  save_reg_to_mem, 26, 0
     537                      .dwpsn  file "C:/Users/wmj/Desktop/BM1000_v1.1/sw/drivers/timer/src/32b/f28x/f2802x/timer.c",line 73,
     538 0000002f 18E4          AND       *+XAR4[4],#0xbfff     ; [CPU_] |73| 
         00000030 BFFF 
     539              $C$DW$40        .dwtag  DW_TAG_TI_branch
TMS320C2000 Assembler PC v15.12.3 Wed Nov 22 00:56:28 2017

Tools Copyright (c) 1996-2015 Texas Instruments Incorporated
C:\Users\wmj\AppData\Local\Temp\1606810                              PAGE   11

     540                      .dwattr $C$DW$40, DW_AT_low_pc(0x00)
     541                      .dwattr $C$DW$40, DW_AT_TI_return
     542              
     543 00000031 0006          LRETR     ; [CPU_] 
     544                      ; return occurs ; [] 
     545                      .dwattr $C$DW$37, DW_AT_TI_end_file("C:/Users/wmj/Desktop/BM1000_v1.1/sw/drivers/timer/src/32b/f28x/f
     546                      .dwattr $C$DW$37, DW_AT_TI_end_line(0x4c)
     547                      .dwattr $C$DW$37, DW_AT_TI_end_column(0x01)
     548                      .dwendentry
     549                      .dwendtag $C$DW$37
     550              
     551 00000032               .sect   ".text"
     552                      .clink
     553                      .global _TIMER_clearFlag
     554              
     555              $C$DW$41        .dwtag  DW_TAG_subprogram
     556                      .dwattr $C$DW$41, DW_AT_name("TIMER_clearFlag")
     557                      .dwattr $C$DW$41, DW_AT_low_pc(_TIMER_clearFlag)
     558                      .dwattr $C$DW$41, DW_AT_high_pc(0x00)
     559                      .dwattr $C$DW$41, DW_AT_TI_symbol_name("_TIMER_clearFlag")
     560                      .dwattr $C$DW$41, DW_AT_external
     561                      .dwattr $C$DW$41, DW_AT_TI_begin_file("C:/Users/wmj/Desktop/BM1000_v1.1/sw/drivers/timer/src/32b/f28x
     562                      .dwattr $C$DW$41, DW_AT_TI_begin_line(0x37)
     563                      .dwattr $C$DW$41, DW_AT_TI_begin_column(0x06)
     564                      .dwattr $C$DW$41, DW_AT_TI_max_frame_size(-2)
     565                      .dwpsn  file "C:/Users/wmj/Desktop/BM1000_v1.1/sw/drivers/timer/src/32b/f28x/f2802x/timer.c",line 56,
     566              
     567                      .dwfde $C$DW$CIE, _TIMER_clearFlag
     568              $C$DW$42        .dwtag  DW_TAG_formal_parameter
     569                      .dwattr $C$DW$42, DW_AT_name("timerHandle")
     570                      .dwattr $C$DW$42, DW_AT_TI_symbol_name("_timerHandle")
     571                      .dwattr $C$DW$42, DW_AT_type(*$C$DW$T$27)
     572                      .dwattr $C$DW$42, DW_AT_location[DW_OP_reg12]
     573              
     574              
     575              ;***************************************************************
     576              ;* FNAME: _TIMER_clearFlag              FR SIZE:   0           *
     577              ;*                                                             *
     578              ;* FUNCTION ENVIRONMENT                                        *
     579              ;*                                                             *
     580              ;* FUNCTION PROPERTIES                                         *
     581              ;*                            0 Parameter,  0 Auto,  0 SOE     *
     582              ;***************************************************************
     583              
     584              _TIMER_clearFlag:
     585              ;* AR4   assigned to _timerHandle
     586              $C$DW$43        .dwtag  DW_TAG_variable
     587                      .dwattr $C$DW$43, DW_AT_name("timerHandle")
     588                      .dwattr $C$DW$43, DW_AT_TI_symbol_name("_timerHandle")
     589                      .dwattr $C$DW$43, DW_AT_type(*$C$DW$T$34)
     590                      .dwattr $C$DW$43, DW_AT_location[DW_OP_reg12]
     591              
     592                      .dwcfi  cfa_offset, -2
     593                      .dwcfi  save_reg_to_mem, 26, 0
     594                      .dwpsn  file "C:/Users/wmj/Desktop/BM1000_v1.1/sw/drivers/timer/src/32b/f28x/f2802x/timer.c",line 61,
TMS320C2000 Assembler PC v15.12.3 Wed Nov 22 00:56:28 2017

Tools Copyright (c) 1996-2015 Texas Instruments Incorporated
C:\Users\wmj\AppData\Local\Temp\1606810                              PAGE   12

     595 00000032 1AE4          OR        *+XAR4[4],#0x8000     ; [CPU_] |61| 
         00000033 8000 
     596              $C$DW$44        .dwtag  DW_TAG_TI_branch
     597                      .dwattr $C$DW$44, DW_AT_low_pc(0x00)
     598                      .dwattr $C$DW$44, DW_AT_TI_return
     599              
     600 00000034 0006          LRETR     ; [CPU_] 
     601                      ; return occurs ; [] 
     602                      .dwattr $C$DW$41, DW_AT_TI_end_file("C:/Users/wmj/Desktop/BM1000_v1.1/sw/drivers/timer/src/32b/f28x/f
     603                      .dwattr $C$DW$41, DW_AT_TI_end_line(0x40)
     604                      .dwattr $C$DW$41, DW_AT_TI_end_column(0x01)
     605                      .dwendentry
     606                      .dwendtag $C$DW$41
     607              
     608              
     609              ;***************************************************************
     610              ;* TYPE INFORMATION                                            *
     611              ;***************************************************************
     612              
     613              $C$DW$T$24      .dwtag  DW_TAG_enumeration_type
     614                      .dwattr $C$DW$T$24, DW_AT_byte_size(0x01)
     615              $C$DW$45        .dwtag  DW_TAG_enumerator
     616                      .dwattr $C$DW$45, DW_AT_name("TIMER_Status_CntIsNotZero")
     617                      .dwattr $C$DW$45, DW_AT_const_value(0x00)
     618              
     619              $C$DW$46        .dwtag  DW_TAG_enumerator
     620                      .dwattr $C$DW$46, DW_AT_name("TIMER_Status_CntIsZero")
     621                      .dwattr $C$DW$46, DW_AT_const_value(-32768)
     622              
     623                      .dwendtag $C$DW$T$24
     624              
     625              $C$DW$T$25      .dwtag  DW_TAG_typedef
     626                      .dwattr $C$DW$T$25, DW_AT_name("TIMER_Status_e")
     627                      .dwattr $C$DW$T$25, DW_AT_type(*$C$DW$T$24)
     628                      .dwattr $C$DW$T$25, DW_AT_language(DW_LANG_C)
     629              
     630              
     631              $C$DW$T$30      .dwtag  DW_TAG_enumeration_type
     632                      .dwattr $C$DW$T$30, DW_AT_byte_size(0x01)
     633              $C$DW$47        .dwtag  DW_TAG_enumerator
     634                      .dwattr $C$DW$47, DW_AT_name("TIMER_EmulationMode_StopAfterNextDecrement")
     635                      .dwattr $C$DW$47, DW_AT_const_value(0x00)
     636              
     637              $C$DW$48        .dwtag  DW_TAG_enumerator
     638                      .dwattr $C$DW$48, DW_AT_name("TIMER_EmulationMode_StopAtZero")
     639                      .dwattr $C$DW$48, DW_AT_const_value(0x400)
     640              
     641              $C$DW$49        .dwtag  DW_TAG_enumerator
     642                      .dwattr $C$DW$49, DW_AT_name("TIMER_EmulationMode_RunFree")
     643                      .dwattr $C$DW$49, DW_AT_const_value(0x800)
     644              
     645                      .dwendtag $C$DW$T$30
     646              
     647              $C$DW$T$31      .dwtag  DW_TAG_typedef
     648                      .dwattr $C$DW$T$31, DW_AT_name("TIMER_EmulationMode_e")
TMS320C2000 Assembler PC v15.12.3 Wed Nov 22 00:56:28 2017

Tools Copyright (c) 1996-2015 Texas Instruments Incorporated
C:\Users\wmj\AppData\Local\Temp\1606810                              PAGE   13

     649                      .dwattr $C$DW$T$31, DW_AT_type(*$C$DW$T$30)
     650                      .dwattr $C$DW$T$31, DW_AT_language(DW_LANG_C)
     651              
     652              $C$DW$50        .dwtag  DW_TAG_TI_far_type
     653                      .dwattr $C$DW$50, DW_AT_type(*$C$DW$T$31)
     654              
     655              $C$DW$T$32      .dwtag  DW_TAG_const_type
     656                      .dwattr $C$DW$T$32, DW_AT_type(*$C$DW$50)
     657              
     658              
     659              $C$DW$T$23      .dwtag  DW_TAG_structure_type
     660                      .dwattr $C$DW$T$23, DW_AT_name("_TIMER_Obj_")
     661                      .dwattr $C$DW$T$23, DW_AT_byte_size(0x08)
     662              $C$DW$51        .dwtag  DW_TAG_member
     663                      .dwattr $C$DW$51, DW_AT_type(*$C$DW$T$20)
     664                      .dwattr $C$DW$51, DW_AT_name("TIM")
     665                      .dwattr $C$DW$51, DW_AT_TI_symbol_name("_TIM")
     666                      .dwattr $C$DW$51, DW_AT_data_member_location[DW_OP_plus_uconst 0x0]
     667                      .dwattr $C$DW$51, DW_AT_accessibility(DW_ACCESS_public)
     668              
     669              $C$DW$52        .dwtag  DW_TAG_member
     670                      .dwattr $C$DW$52, DW_AT_type(*$C$DW$T$20)
     671                      .dwattr $C$DW$52, DW_AT_name("PRD")
     672                      .dwattr $C$DW$52, DW_AT_TI_symbol_name("_PRD")
     673                      .dwattr $C$DW$52, DW_AT_data_member_location[DW_OP_plus_uconst 0x2]
     674                      .dwattr $C$DW$52, DW_AT_accessibility(DW_ACCESS_public)
     675              
     676              $C$DW$53        .dwtag  DW_TAG_member
     677                      .dwattr $C$DW$53, DW_AT_type(*$C$DW$T$22)
     678                      .dwattr $C$DW$53, DW_AT_name("TCR")
     679                      .dwattr $C$DW$53, DW_AT_TI_symbol_name("_TCR")
     680                      .dwattr $C$DW$53, DW_AT_data_member_location[DW_OP_plus_uconst 0x4]
     681                      .dwattr $C$DW$53, DW_AT_accessibility(DW_ACCESS_public)
     682              
     683              $C$DW$54        .dwtag  DW_TAG_member
     684                      .dwattr $C$DW$54, DW_AT_type(*$C$DW$T$22)
     685                      .dwattr $C$DW$54, DW_AT_name("resvd_1")
     686                      .dwattr $C$DW$54, DW_AT_TI_symbol_name("_resvd_1")
     687                      .dwattr $C$DW$54, DW_AT_data_member_location[DW_OP_plus_uconst 0x5]
     688                      .dwattr $C$DW$54, DW_AT_accessibility(DW_ACCESS_public)
     689              
     690              $C$DW$55        .dwtag  DW_TAG_member
     691                      .dwattr $C$DW$55, DW_AT_type(*$C$DW$T$20)
     692                      .dwattr $C$DW$55, DW_AT_name("TPR")
     693                      .dwattr $C$DW$55, DW_AT_TI_symbol_name("_TPR")
     694                      .dwattr $C$DW$55, DW_AT_data_member_location[DW_OP_plus_uconst 0x6]
     695                      .dwattr $C$DW$55, DW_AT_accessibility(DW_ACCESS_public)
     696              
     697                      .dwendtag $C$DW$T$23
     698              
     699              $C$DW$T$33      .dwtag  DW_TAG_typedef
     700                      .dwattr $C$DW$T$33, DW_AT_name("TIMER_Obj")
     701                      .dwattr $C$DW$T$33, DW_AT_type(*$C$DW$T$23)
     702                      .dwattr $C$DW$T$33, DW_AT_language(DW_LANG_C)
     703              
TMS320C2000 Assembler PC v15.12.3 Wed Nov 22 00:56:28 2017

Tools Copyright (c) 1996-2015 Texas Instruments Incorporated
C:\Users\wmj\AppData\Local\Temp\1606810                              PAGE   14

     704              $C$DW$T$26      .dwtag  DW_TAG_pointer_type
     705                      .dwattr $C$DW$T$26, DW_AT_type(*$C$DW$T$23)
     706                      .dwattr $C$DW$T$26, DW_AT_address_class(0x20)
     707              
     708              $C$DW$T$27      .dwtag  DW_TAG_typedef
     709                      .dwattr $C$DW$T$27, DW_AT_name("TIMER_Handle")
     710                      .dwattr $C$DW$T$27, DW_AT_type(*$C$DW$T$26)
     711                      .dwattr $C$DW$T$27, DW_AT_language(DW_LANG_C)
     712              
     713              $C$DW$56        .dwtag  DW_TAG_TI_far_type
     714                      .dwattr $C$DW$56, DW_AT_type(*$C$DW$T$27)
     715              
     716              $C$DW$T$34      .dwtag  DW_TAG_const_type
     717                      .dwattr $C$DW$T$34, DW_AT_type(*$C$DW$56)
     718              
     719              $C$DW$T$2       .dwtag  DW_TAG_unspecified_type
     720                      .dwattr $C$DW$T$2, DW_AT_name("void")
     721              
     722              $C$DW$T$3       .dwtag  DW_TAG_pointer_type
     723                      .dwattr $C$DW$T$3, DW_AT_type(*$C$DW$T$2)
     724                      .dwattr $C$DW$T$3, DW_AT_address_class(0x20)
     725              
     726              $C$DW$T$4       .dwtag  DW_TAG_base_type
     727                      .dwattr $C$DW$T$4, DW_AT_encoding(DW_ATE_boolean)
     728                      .dwattr $C$DW$T$4, DW_AT_name("bool")
     729                      .dwattr $C$DW$T$4, DW_AT_byte_size(0x01)
     730              
     731              $C$DW$T$5       .dwtag  DW_TAG_base_type
     732                      .dwattr $C$DW$T$5, DW_AT_encoding(DW_ATE_signed_char)
     733                      .dwattr $C$DW$T$5, DW_AT_name("signed char")
     734                      .dwattr $C$DW$T$5, DW_AT_byte_size(0x01)
     735              
     736              $C$DW$T$6       .dwtag  DW_TAG_base_type
     737                      .dwattr $C$DW$T$6, DW_AT_encoding(DW_ATE_unsigned_char)
     738                      .dwattr $C$DW$T$6, DW_AT_name("unsigned char")
     739                      .dwattr $C$DW$T$6, DW_AT_byte_size(0x01)
     740              
     741              $C$DW$T$7       .dwtag  DW_TAG_base_type
     742                      .dwattr $C$DW$T$7, DW_AT_encoding(DW_ATE_signed_char)
     743                      .dwattr $C$DW$T$7, DW_AT_name("wchar_t")
     744                      .dwattr $C$DW$T$7, DW_AT_byte_size(0x01)
     745              
     746              $C$DW$T$8       .dwtag  DW_TAG_base_type
     747                      .dwattr $C$DW$T$8, DW_AT_encoding(DW_ATE_signed)
     748                      .dwattr $C$DW$T$8, DW_AT_name("short")
     749                      .dwattr $C$DW$T$8, DW_AT_byte_size(0x01)
     750              
     751              $C$DW$T$9       .dwtag  DW_TAG_base_type
     752                      .dwattr $C$DW$T$9, DW_AT_encoding(DW_ATE_unsigned)
     753                      .dwattr $C$DW$T$9, DW_AT_name("unsigned short")
     754                      .dwattr $C$DW$T$9, DW_AT_byte_size(0x01)
     755              
     756              $C$DW$T$10      .dwtag  DW_TAG_base_type
     757                      .dwattr $C$DW$T$10, DW_AT_encoding(DW_ATE_signed)
     758                      .dwattr $C$DW$T$10, DW_AT_name("int")
TMS320C2000 Assembler PC v15.12.3 Wed Nov 22 00:56:28 2017

Tools Copyright (c) 1996-2015 Texas Instruments Incorporated
C:\Users\wmj\AppData\Local\Temp\1606810                              PAGE   15

     759                      .dwattr $C$DW$T$10, DW_AT_byte_size(0x01)
     760              
     761              $C$DW$T$11      .dwtag  DW_TAG_base_type
     762                      .dwattr $C$DW$T$11, DW_AT_encoding(DW_ATE_unsigned)
     763                      .dwattr $C$DW$T$11, DW_AT_name("unsigned int")
     764                      .dwattr $C$DW$T$11, DW_AT_byte_size(0x01)
     765              
     766              $C$DW$T$21      .dwtag  DW_TAG_typedef
     767                      .dwattr $C$DW$T$21, DW_AT_name("uint16_t")
     768                      .dwattr $C$DW$T$21, DW_AT_type(*$C$DW$T$11)
     769                      .dwattr $C$DW$T$21, DW_AT_language(DW_LANG_C)
     770              
     771              $C$DW$57        .dwtag  DW_TAG_TI_far_type
     772                      .dwattr $C$DW$57, DW_AT_type(*$C$DW$T$21)
     773              
     774              $C$DW$T$22      .dwtag  DW_TAG_volatile_type
     775                      .dwattr $C$DW$T$22, DW_AT_type(*$C$DW$57)
     776              
     777              $C$DW$58        .dwtag  DW_TAG_TI_far_type
     778                      .dwattr $C$DW$58, DW_AT_type(*$C$DW$T$21)
     779              
     780              $C$DW$T$42      .dwtag  DW_TAG_const_type
     781                      .dwattr $C$DW$T$42, DW_AT_type(*$C$DW$58)
     782              
     783              $C$DW$T$12      .dwtag  DW_TAG_base_type
     784                      .dwattr $C$DW$T$12, DW_AT_encoding(DW_ATE_signed)
     785                      .dwattr $C$DW$T$12, DW_AT_name("long")
     786                      .dwattr $C$DW$T$12, DW_AT_byte_size(0x02)
     787              
     788              $C$DW$T$13      .dwtag  DW_TAG_base_type
     789                      .dwattr $C$DW$T$13, DW_AT_encoding(DW_ATE_unsigned)
     790                      .dwattr $C$DW$T$13, DW_AT_name("unsigned long")
     791                      .dwattr $C$DW$T$13, DW_AT_byte_size(0x02)
     792              
     793              $C$DW$T$35      .dwtag  DW_TAG_typedef
     794                      .dwattr $C$DW$T$35, DW_AT_name("size_t")
     795                      .dwattr $C$DW$T$35, DW_AT_type(*$C$DW$T$13)
     796                      .dwattr $C$DW$T$35, DW_AT_language(DW_LANG_C)
     797              
     798              $C$DW$59        .dwtag  DW_TAG_TI_far_type
     799                      .dwattr $C$DW$59, DW_AT_type(*$C$DW$T$35)
     800              
     801              $C$DW$T$36      .dwtag  DW_TAG_const_type
     802                      .dwattr $C$DW$T$36, DW_AT_type(*$C$DW$59)
     803              
     804              $C$DW$T$19      .dwtag  DW_TAG_typedef
     805                      .dwattr $C$DW$T$19, DW_AT_name("uint32_t")
     806                      .dwattr $C$DW$T$19, DW_AT_type(*$C$DW$T$13)
     807                      .dwattr $C$DW$T$19, DW_AT_language(DW_LANG_C)
     808              
     809              $C$DW$60        .dwtag  DW_TAG_TI_far_type
     810                      .dwattr $C$DW$60, DW_AT_type(*$C$DW$T$19)
     811              
     812              $C$DW$T$20      .dwtag  DW_TAG_volatile_type
     813                      .dwattr $C$DW$T$20, DW_AT_type(*$C$DW$60)
TMS320C2000 Assembler PC v15.12.3 Wed Nov 22 00:56:28 2017

Tools Copyright (c) 1996-2015 Texas Instruments Incorporated
C:\Users\wmj\AppData\Local\Temp\1606810                              PAGE   16

     814              
     815              $C$DW$T$14      .dwtag  DW_TAG_base_type
     816                      .dwattr $C$DW$T$14, DW_AT_encoding(DW_ATE_signed)
     817                      .dwattr $C$DW$T$14, DW_AT_name("long long")
     818                      .dwattr $C$DW$T$14, DW_AT_byte_size(0x04)
     819              
     820              $C$DW$T$15      .dwtag  DW_TAG_base_type
     821                      .dwattr $C$DW$T$15, DW_AT_encoding(DW_ATE_unsigned)
     822                      .dwattr $C$DW$T$15, DW_AT_name("unsigned long long")
     823                      .dwattr $C$DW$T$15, DW_AT_byte_size(0x04)
     824              
     825              $C$DW$T$16      .dwtag  DW_TAG_base_type
     826                      .dwattr $C$DW$T$16, DW_AT_encoding(DW_ATE_float)
     827                      .dwattr $C$DW$T$16, DW_AT_name("float")
     828                      .dwattr $C$DW$T$16, DW_AT_byte_size(0x02)
     829              
     830              $C$DW$T$17      .dwtag  DW_TAG_base_type
     831                      .dwattr $C$DW$T$17, DW_AT_encoding(DW_ATE_float)
     832                      .dwattr $C$DW$T$17, DW_AT_name("double")
     833                      .dwattr $C$DW$T$17, DW_AT_byte_size(0x02)
     834              
     835              $C$DW$T$18      .dwtag  DW_TAG_base_type
     836                      .dwattr $C$DW$T$18, DW_AT_encoding(DW_ATE_float)
     837                      .dwattr $C$DW$T$18, DW_AT_name("long double")
     838                      .dwattr $C$DW$T$18, DW_AT_byte_size(0x04)
     839              
     840                      .dwattr $C$DW$CU, DW_AT_language(DW_LANG_C)
     841              
     842              ;***************************************************************
     843              ;* DWARF CIE ENTRIES                                           *
     844              ;***************************************************************
     845              
     846              $C$DW$CIE       .dwcie 26
     847                      .dwcfi  cfa_register, 20
     848                      .dwcfi  cfa_offset, 0
     849                      .dwcfi  undefined, 0
     850                      .dwcfi  undefined, 1
     851                      .dwcfi  undefined, 2
     852                      .dwcfi  undefined, 3
     853                      .dwcfi  undefined, 20
     854                      .dwcfi  undefined, 21
     855                      .dwcfi  undefined, 22
     856                      .dwcfi  undefined, 23
     857                      .dwcfi  undefined, 24
     858                      .dwcfi  undefined, 25
     859                      .dwcfi  undefined, 26
     860                      .dwcfi  same_value, 28
     861                      .dwcfi  undefined, 29
     862                      .dwcfi  undefined, 30
     863                      .dwcfi  undefined, 31
     864                      .dwcfi  undefined, 32
     865                      .dwcfi  undefined, 33
     866                      .dwcfi  undefined, 34
     867                      .dwcfi  undefined, 35
     868                      .dwcfi  undefined, 36
TMS320C2000 Assembler PC v15.12.3 Wed Nov 22 00:56:28 2017

Tools Copyright (c) 1996-2015 Texas Instruments Incorporated
C:\Users\wmj\AppData\Local\Temp\1606810                              PAGE   17

     869                      .dwcfi  undefined, 37
     870                      .dwcfi  undefined, 38
     871                      .dwcfi  undefined, 75
     872                      .dwcfi  undefined, 76
     873                      .dwcfi  undefined, 77
     874                      .dwcfi  undefined, 4
     875                      .dwcfi  undefined, 5
     876                      .dwcfi  same_value, 6
     877                      .dwcfi  same_value, 7
     878                      .dwcfi  same_value, 8
     879                      .dwcfi  same_value, 9
     880                      .dwcfi  same_value, 10
     881                      .dwcfi  same_value, 11
     882                      .dwcfi  undefined, 12
     883                      .dwcfi  undefined, 13
     884                      .dwcfi  undefined, 14
     885                      .dwcfi  undefined, 15
     886                      .dwcfi  undefined, 16
     887                      .dwcfi  undefined, 17
     888                      .dwcfi  undefined, 18
     889                      .dwcfi  undefined, 19
     890                      .dwendentry
     891              
     892              ;***************************************************************
     893              ;* DWARF REGISTER MAP                                          *
     894              ;***************************************************************
     895              
     896              $C$DW$61        .dwtag  DW_TAG_TI_assign_register
     897                      .dwattr $C$DW$61, DW_AT_name("AL")
     898                      .dwattr $C$DW$61, DW_AT_location[DW_OP_reg0]
     899              
     900              $C$DW$62        .dwtag  DW_TAG_TI_assign_register
     901                      .dwattr $C$DW$62, DW_AT_name("AH")
     902                      .dwattr $C$DW$62, DW_AT_location[DW_OP_reg1]
     903              
     904              $C$DW$63        .dwtag  DW_TAG_TI_assign_register
     905                      .dwattr $C$DW$63, DW_AT_name("PL")
     906                      .dwattr $C$DW$63, DW_AT_location[DW_OP_reg2]
     907              
     908              $C$DW$64        .dwtag  DW_TAG_TI_assign_register
     909                      .dwattr $C$DW$64, DW_AT_name("PH")
     910                      .dwattr $C$DW$64, DW_AT_location[DW_OP_reg3]
     911              
     912              $C$DW$65        .dwtag  DW_TAG_TI_assign_register
     913                      .dwattr $C$DW$65, DW_AT_name("SP")
     914                      .dwattr $C$DW$65, DW_AT_location[DW_OP_reg20]
     915              
     916              $C$DW$66        .dwtag  DW_TAG_TI_assign_register
     917                      .dwattr $C$DW$66, DW_AT_name("XT")
     918                      .dwattr $C$DW$66, DW_AT_location[DW_OP_reg21]
     919              
     920              $C$DW$67        .dwtag  DW_TAG_TI_assign_register
     921                      .dwattr $C$DW$67, DW_AT_name("T")
     922                      .dwattr $C$DW$67, DW_AT_location[DW_OP_reg22]
     923              
TMS320C2000 Assembler PC v15.12.3 Wed Nov 22 00:56:28 2017

Tools Copyright (c) 1996-2015 Texas Instruments Incorporated
C:\Users\wmj\AppData\Local\Temp\1606810                              PAGE   18

     924              $C$DW$68        .dwtag  DW_TAG_TI_assign_register
     925                      .dwattr $C$DW$68, DW_AT_name("ST0")
     926                      .dwattr $C$DW$68, DW_AT_location[DW_OP_reg23]
     927              
     928              $C$DW$69        .dwtag  DW_TAG_TI_assign_register
     929                      .dwattr $C$DW$69, DW_AT_name("ST1")
     930                      .dwattr $C$DW$69, DW_AT_location[DW_OP_reg24]
     931              
     932              $C$DW$70        .dwtag  DW_TAG_TI_assign_register
     933                      .dwattr $C$DW$70, DW_AT_name("PC")
     934                      .dwattr $C$DW$70, DW_AT_location[DW_OP_reg25]
     935              
     936              $C$DW$71        .dwtag  DW_TAG_TI_assign_register
     937                      .dwattr $C$DW$71, DW_AT_name("RPC")
     938                      .dwattr $C$DW$71, DW_AT_location[DW_OP_reg26]
     939              
     940              $C$DW$72        .dwtag  DW_TAG_TI_assign_register
     941                      .dwattr $C$DW$72, DW_AT_name("FP")
     942                      .dwattr $C$DW$72, DW_AT_location[DW_OP_reg28]
     943              
     944              $C$DW$73        .dwtag  DW_TAG_TI_assign_register
     945                      .dwattr $C$DW$73, DW_AT_name("DP")
     946                      .dwattr $C$DW$73, DW_AT_location[DW_OP_reg29]
     947              
     948              $C$DW$74        .dwtag  DW_TAG_TI_assign_register
     949                      .dwattr $C$DW$74, DW_AT_name("SXM")
     950                      .dwattr $C$DW$74, DW_AT_location[DW_OP_reg30]
     951              
     952              $C$DW$75        .dwtag  DW_TAG_TI_assign_register
     953                      .dwattr $C$DW$75, DW_AT_name("PM")
     954                      .dwattr $C$DW$75, DW_AT_location[DW_OP_reg31]
     955              
     956              $C$DW$76        .dwtag  DW_TAG_TI_assign_register
     957                      .dwattr $C$DW$76, DW_AT_name("OVM")
     958                      .dwattr $C$DW$76, DW_AT_location[DW_OP_regx 0x20]
     959              
     960              $C$DW$77        .dwtag  DW_TAG_TI_assign_register
     961                      .dwattr $C$DW$77, DW_AT_name("PAGE0")
     962                      .dwattr $C$DW$77, DW_AT_location[DW_OP_regx 0x21]
     963              
     964              $C$DW$78        .dwtag  DW_TAG_TI_assign_register
     965                      .dwattr $C$DW$78, DW_AT_name("AMODE")
     966                      .dwattr $C$DW$78, DW_AT_location[DW_OP_regx 0x22]
     967              
     968              $C$DW$79        .dwtag  DW_TAG_TI_assign_register
     969                      .dwattr $C$DW$79, DW_AT_name("INTM")
     970                      .dwattr $C$DW$79, DW_AT_location[DW_OP_regx 0x23]
     971              
     972              $C$DW$80        .dwtag  DW_TAG_TI_assign_register
     973                      .dwattr $C$DW$80, DW_AT_name("IFR")
     974                      .dwattr $C$DW$80, DW_AT_location[DW_OP_regx 0x24]
     975              
     976              $C$DW$81        .dwtag  DW_TAG_TI_assign_register
     977                      .dwattr $C$DW$81, DW_AT_name("IER")
     978                      .dwattr $C$DW$81, DW_AT_location[DW_OP_regx 0x25]
TMS320C2000 Assembler PC v15.12.3 Wed Nov 22 00:56:28 2017

Tools Copyright (c) 1996-2015 Texas Instruments Incorporated
C:\Users\wmj\AppData\Local\Temp\1606810                              PAGE   19

     979              
     980              $C$DW$82        .dwtag  DW_TAG_TI_assign_register
     981                      .dwattr $C$DW$82, DW_AT_name("V")
     982                      .dwattr $C$DW$82, DW_AT_location[DW_OP_regx 0x26]
     983              
     984              $C$DW$83        .dwtag  DW_TAG_TI_assign_register
     985                      .dwattr $C$DW$83, DW_AT_name("PSEUDOH")
     986                      .dwattr $C$DW$83, DW_AT_location[DW_OP_regx 0x4c]
     987              
     988              $C$DW$84        .dwtag  DW_TAG_TI_assign_register
     989                      .dwattr $C$DW$84, DW_AT_name("VOL")
     990                      .dwattr $C$DW$84, DW_AT_location[DW_OP_regx 0x4d]
     991              
     992              $C$DW$85        .dwtag  DW_TAG_TI_assign_register
     993                      .dwattr $C$DW$85, DW_AT_name("AR0")
     994                      .dwattr $C$DW$85, DW_AT_location[DW_OP_reg4]
     995              
     996              $C$DW$86        .dwtag  DW_TAG_TI_assign_register
     997                      .dwattr $C$DW$86, DW_AT_name("XAR0")
     998                      .dwattr $C$DW$86, DW_AT_location[DW_OP_reg5]
     999              
    1000              $C$DW$87        .dwtag  DW_TAG_TI_assign_register
    1001                      .dwattr $C$DW$87, DW_AT_name("AR1")
    1002                      .dwattr $C$DW$87, DW_AT_location[DW_OP_reg6]
    1003              
    1004              $C$DW$88        .dwtag  DW_TAG_TI_assign_register
    1005                      .dwattr $C$DW$88, DW_AT_name("XAR1")
    1006                      .dwattr $C$DW$88, DW_AT_location[DW_OP_reg7]
    1007              
    1008              $C$DW$89        .dwtag  DW_TAG_TI_assign_register
    1009                      .dwattr $C$DW$89, DW_AT_name("AR2")
    1010                      .dwattr $C$DW$89, DW_AT_location[DW_OP_reg8]
    1011              
    1012              $C$DW$90        .dwtag  DW_TAG_TI_assign_register
    1013                      .dwattr $C$DW$90, DW_AT_name("XAR2")
    1014                      .dwattr $C$DW$90, DW_AT_location[DW_OP_reg9]
    1015              
    1016              $C$DW$91        .dwtag  DW_TAG_TI_assign_register
    1017                      .dwattr $C$DW$91, DW_AT_name("AR3")
    1018                      .dwattr $C$DW$91, DW_AT_location[DW_OP_reg10]
    1019              
    1020              $C$DW$92        .dwtag  DW_TAG_TI_assign_register
    1021                      .dwattr $C$DW$92, DW_AT_name("XAR3")
    1022                      .dwattr $C$DW$92, DW_AT_location[DW_OP_reg11]
    1023              
    1024              $C$DW$93        .dwtag  DW_TAG_TI_assign_register
    1025                      .dwattr $C$DW$93, DW_AT_name("AR4")
    1026                      .dwattr $C$DW$93, DW_AT_location[DW_OP_reg12]
    1027              
    1028              $C$DW$94        .dwtag  DW_TAG_TI_assign_register
    1029                      .dwattr $C$DW$94, DW_AT_name("XAR4")
    1030                      .dwattr $C$DW$94, DW_AT_location[DW_OP_reg13]
    1031              
    1032              $C$DW$95        .dwtag  DW_TAG_TI_assign_register
    1033                      .dwattr $C$DW$95, DW_AT_name("AR5")
TMS320C2000 Assembler PC v15.12.3 Wed Nov 22 00:56:28 2017

Tools Copyright (c) 1996-2015 Texas Instruments Incorporated
C:\Users\wmj\AppData\Local\Temp\1606810                              PAGE   20

    1034                      .dwattr $C$DW$95, DW_AT_location[DW_OP_reg14]
    1035              
    1036              $C$DW$96        .dwtag  DW_TAG_TI_assign_register
    1037                      .dwattr $C$DW$96, DW_AT_name("XAR5")
    1038                      .dwattr $C$DW$96, DW_AT_location[DW_OP_reg15]
    1039              
    1040              $C$DW$97        .dwtag  DW_TAG_TI_assign_register
    1041                      .dwattr $C$DW$97, DW_AT_name("AR6")
    1042                      .dwattr $C$DW$97, DW_AT_location[DW_OP_reg16]
    1043              
    1044              $C$DW$98        .dwtag  DW_TAG_TI_assign_register
    1045                      .dwattr $C$DW$98, DW_AT_name("XAR6")
    1046                      .dwattr $C$DW$98, DW_AT_location[DW_OP_reg17]
    1047              
    1048              $C$DW$99        .dwtag  DW_TAG_TI_assign_register
    1049                      .dwattr $C$DW$99, DW_AT_name("AR7")
    1050                      .dwattr $C$DW$99, DW_AT_location[DW_OP_reg18]
    1051              
    1052              $C$DW$100       .dwtag  DW_TAG_TI_assign_register
    1053                      .dwattr $C$DW$100, DW_AT_name("XAR7")
    1054                      .dwattr $C$DW$100, DW_AT_location[DW_OP_reg19]
    1055              
    1056                      .dwendtag $C$DW$CU
    1057              

No Assembly Errors, No Assembly Warnings
