
**** Build of configuration Release for project proj_lab13c ****

"C:\\ti\\ccsv6\\utils\\bin\\gmake" -k all 
'Building file: C:/Users/wmj/Desktop/BM1000_v1.1/sw/drivers/cpu/src/32b/f28x/f2806x/CodeStartBranch.asm'
'Invoking: C2000 Compiler'
"C:/ti/ccsv6/tools/compiler/c2000_15.12.3.LTS/bin/cl2000" -v28 -ml -mt --cla_support=cla0 --vcu_support=vcu0 -O2 --include_path="C:/ti/ccsv6/tools/compiler/c2000_15.12.3.LTS/include" --include_path="C:/Users/wmj/Desktop/BM1000_v1.1/sw/modules/hal/boards/hvkit_rev1p1/f28x/f2806x/src" --include_path="C:/Users/wmj/Desktop/BM1000_v1.1/sw/solutions/instaspin_motion/boards/hvkit_rev1p1/f28x/f2806xM/src" --include_path="C:/Users/wmj/Desktop/BM1000_v1.1" -g --define=USE_SpinTAC --define=SOFT_FIX_ERROR --define=TMS320F28069 --define=QEP --define=FAST_ROM_V1p6 --diag_warning=225 --display_error_number --preproc_with_compile --preproc_dependency="CodeStartBranch.d"  "C:/Users/wmj/Desktop/BM1000_v1.1/sw/drivers/cpu/src/32b/f28x/f2806x/CodeStartBranch.asm"
'Finished building: C:/Users/wmj/Desktop/BM1000_v1.1/sw/drivers/cpu/src/32b/f28x/f2806x/CodeStartBranch.asm'
' '
'Building file: C:/Users/wmj/Desktop/BM1000_v1.1/sw/drivers/adc/src/32b/f28x/f2806x/adc.c'
'Invoking: C2000 Compiler'
"C:/ti/ccsv6/tools/compiler/c2000_15.12.3.LTS/bin/cl2000" -v28 -ml -mt --cla_support=cla0 --vcu_support=vcu0 -O2 --include_path="C:/ti/ccsv6/tools/compiler/c2000_15.12.3.LTS/include" --include_path="C:/Users/wmj/Desktop/BM1000_v1.1/sw/modules/hal/boards/hvkit_rev1p1/f28x/f2806x/src" --include_path="C:/Users/wmj/Desktop/BM1000_v1.1/sw/solutions/instaspin_motion/boards/hvkit_rev1p1/f28x/f2806xM/src" --include_path="C:/Users/wmj/Desktop/BM1000_v1.1" -g --define=USE_SpinTAC --define=SOFT_FIX_ERROR --define=TMS320F28069 --define=QEP --define=FAST_ROM_V1p6 --diag_warning=225 --display_error_number --preproc_with_compile --preproc_dependency="adc.d"  "C:/Users/wmj/Desktop/BM1000_v1.1/sw/drivers/adc/src/32b/f28x/f2806x/adc.c"
'Finished building: C:/Users/wmj/Desktop/BM1000_v1.1/sw/drivers/adc/src/32b/f28x/f2806x/adc.c'
' '
'Building file: C:/Users/wmj/Desktop/BM1000_v1.1/sw/drivers/drvic/brake.c'
'Invoking: C2000 Compiler'
"C:/ti/ccsv6/tools/compiler/c2000_15.12.3.LTS/bin/cl2000" -v28 -ml -mt --cla_support=cla0 --vcu_support=vcu0 -O2 --include_path="C:/ti/ccsv6/tools/compiler/c2000_15.12.3.LTS/include" --include_path="C:/Users/wmj/Desktop/BM1000_v1.1/sw/modules/hal/boards/hvkit_rev1p1/f28x/f2806x/src" --include_path="C:/Users/wmj/Desktop/BM1000_v1.1/sw/solutions/instaspin_motion/boards/hvkit_rev1p1/f28x/f2806xM/src" --include_path="C:/Users/wmj/Desktop/BM1000_v1.1" -g --define=USE_SpinTAC --define=SOFT_FIX_ERROR --define=TMS320F28069 --define=QEP --define=FAST_ROM_V1p6 --diag_warning=225 --display_error_number --preproc_with_compile --preproc_dependency="brake.d"  "C:/Users/wmj/Desktop/BM1000_v1.1/sw/drivers/drvic/brake.c"
'Finished building: C:/Users/wmj/Desktop/BM1000_v1.1/sw/drivers/drvic/brake.c'
' '
'Building file: C:/Users/wmj/Desktop/BM1000_v1.1/sw/modules/clarke/src/32b/clarke.c'
'Invoking: C2000 Compiler'
"C:/ti/ccsv6/tools/compiler/c2000_15.12.3.LTS/bin/cl2000" -v28 -ml -mt --cla_support=cla0 --vcu_support=vcu0 -O2 --include_path="C:/ti/ccsv6/tools/compiler/c2000_15.12.3.LTS/include" --include_path="C:/Users/wmj/Desktop/BM1000_v1.1/sw/modules/hal/boards/hvkit_rev1p1/f28x/f2806x/src" --include_path="C:/Users/wmj/Desktop/BM1000_v1.1/sw/solutions/instaspin_motion/boards/hvkit_rev1p1/f28x/f2806xM/src" --include_path="C:/Users/wmj/Desktop/BM1000_v1.1" -g --define=USE_SpinTAC --define=SOFT_FIX_ERROR --define=TMS320F28069 --define=QEP --define=FAST_ROM_V1p6 --diag_warning=225 --display_error_number --preproc_with_compile --preproc_dependency="clarke.d"  "C:/Users/wmj/Desktop/BM1000_v1.1/sw/modules/clarke/src/32b/clarke.c"
'Finished building: C:/Users/wmj/Desktop/BM1000_v1.1/sw/modules/clarke/src/32b/clarke.c'
' '
'Building file: C:/Users/wmj/Desktop/BM1000_v1.1/sw/drivers/clk/src/32b/f28x/f2806x/clk.c'
'Invoking: C2000 Compiler'
"C:/ti/ccsv6/tools/compiler/c2000_15.12.3.LTS/bin/cl2000" -v28 -ml -mt --cla_support=cla0 --vcu_support=vcu0 -O2 --include_path="C:/ti/ccsv6/tools/compiler/c2000_15.12.3.LTS/include" --include_path="C:/Users/wmj/Desktop/BM1000_v1.1/sw/modules/hal/boards/hvkit_rev1p1/f28x/f2806x/src" --include_path="C:/Users/wmj/Desktop/BM1000_v1.1/sw/solutions/instaspin_motion/boards/hvkit_rev1p1/f28x/f2806xM/src" --include_path="C:/Users/wmj/Desktop/BM1000_v1.1" -g --define=USE_SpinTAC --define=SOFT_FIX_ERROR --define=TMS320F28069 --define=QEP --define=FAST_ROM_V1p6 --diag_warning=225 --display_error_number --preproc_with_compile --preproc_dependency="clk.d"  "C:/Users/wmj/Desktop/BM1000_v1.1/sw/drivers/clk/src/32b/f28x/f2806x/clk.c"
'Finished building: C:/Users/wmj/Desktop/BM1000_v1.1/sw/drivers/clk/src/32b/f28x/f2806x/clk.c'
' '
'Building file: C:/Users/wmj/Desktop/BM1000_v1.1/sw/drivers/cpu/src/32b/f28x/f2806x/cpu.c'
'Invoking: C2000 Compiler'
"C:/ti/ccsv6/tools/compiler/c2000_15.12.3.LTS/bin/cl2000" -v28 -ml -mt --cla_support=cla0 --vcu_support=vcu0 -O2 --include_path="C:/ti/ccsv6/tools/compiler/c2000_15.12.3.LTS/include" --include_path="C:/Users/wmj/Desktop/BM1000_v1.1/sw/modules/hal/boards/hvkit_rev1p1/f28x/f2806x/src" --include_path="C:/Users/wmj/Desktop/BM1000_v1.1/sw/solutions/instaspin_motion/boards/hvkit_rev1p1/f28x/f2806xM/src" --include_path="C:/Users/wmj/Desktop/BM1000_v1.1" -g --define=USE_SpinTAC --define=SOFT_FIX_ERROR --define=TMS320F28069 --define=QEP --define=FAST_ROM_V1p6 --diag_warning=225 --display_error_number --preproc_with_compile --preproc_dependency="cpu.d"  "C:/Users/wmj/Desktop/BM1000_v1.1/sw/drivers/cpu/src/32b/f28x/f2806x/cpu.c"
'Finished building: C:/Users/wmj/Desktop/BM1000_v1.1/sw/drivers/cpu/src/32b/f28x/f2806x/cpu.c'
' '
'Building file: C:/Users/wmj/Desktop/BM1000_v1.1/sw/modules/ctrl/src/32b/ctrl.c'
'Invoking: C2000 Compiler'
"C:/ti/ccsv6/tools/compiler/c2000_15.12.3.LTS/bin/cl2000" -v28 -ml -mt --cla_support=cla0 --vcu_support=vcu0 -O2 --include_path="C:/ti/ccsv6/tools/compiler/c2000_15.12.3.LTS/include" --include_path="C:/Users/wmj/Desktop/BM1000_v1.1/sw/modules/hal/boards/hvkit_rev1p1/f28x/f2806x/src" --include_path="C:/Users/wmj/Desktop/BM1000_v1.1/sw/solutions/instaspin_motion/boards/hvkit_rev1p1/f28x/f2806xM/src" --include_path="C:/Users/wmj/Desktop/BM1000_v1.1" -g --define=USE_SpinTAC --define=SOFT_FIX_ERROR --define=TMS320F28069 --define=QEP --define=FAST_ROM_V1p6 --diag_warning=225 --display_error_number --preproc_with_compile --preproc_dependency="ctrl.d"  "C:/Users/wmj/Desktop/BM1000_v1.1/sw/modules/ctrl/src/32b/ctrl.c"
'Finished building: C:/Users/wmj/Desktop/BM1000_v1.1/sw/modules/ctrl/src/32b/ctrl.c'
' '
'Building file: C:/Users/wmj/Desktop/BM1000_v1.1/sw/modules/enc/src/32b/enc.c'
'Invoking: C2000 Compiler'
"C:/ti/ccsv6/tools/compiler/c2000_15.12.3.LTS/bin/cl2000" -v28 -ml -mt --cla_support=cla0 --vcu_support=vcu0 -O2 --include_path="C:/ti/ccsv6/tools/compiler/c2000_15.12.3.LTS/include" --include_path="C:/Users/wmj/Desktop/BM1000_v1.1/sw/modules/hal/boards/hvkit_rev1p1/f28x/f2806x/src" --include_path="C:/Users/wmj/Desktop/BM1000_v1.1/sw/solutions/instaspin_motion/boards/hvkit_rev1p1/f28x/f2806xM/src" --include_path="C:/Users/wmj/Desktop/BM1000_v1.1" -g --define=USE_SpinTAC --define=SOFT_FIX_ERROR --define=TMS320F28069 --define=QEP --define=FAST_ROM_V1p6 --diag_warning=225 --display_error_number --preproc_with_compile --preproc_dependency="enc.d"  "C:/Users/wmj/Desktop/BM1000_v1.1/sw/modules/enc/src/32b/enc.c"
'Finished building: C:/Users/wmj/Desktop/BM1000_v1.1/sw/modules/enc/src/32b/enc.c'
' '
'Building file: C:/Users/wmj/Desktop/BM1000_v1.1/sw/modules/filter/src/32b/filter_fo.c'
'Invoking: C2000 Compiler'
"C:/ti/ccsv6/tools/compiler/c2000_15.12.3.LTS/bin/cl2000" -v28 -ml -mt --cla_support=cla0 --vcu_support=vcu0 -O2 --include_path="C:/ti/ccsv6/tools/compiler/c2000_15.12.3.LTS/include" --include_path="C:/Users/wmj/Desktop/BM1000_v1.1/sw/modules/hal/boards/hvkit_rev1p1/f28x/f2806x/src" --include_path="C:/Users/wmj/Desktop/BM1000_v1.1/sw/solutions/instaspin_motion/boards/hvkit_rev1p1/f28x/f2806xM/src" --include_path="C:/Users/wmj/Desktop/BM1000_v1.1" -g --define=USE_SpinTAC --define=SOFT_FIX_ERROR --define=TMS320F28069 --define=QEP --define=FAST_ROM_V1p6 --diag_warning=225 --display_error_number --preproc_with_compile --preproc_dependency="filter_fo.d"  "C:/Users/wmj/Desktop/BM1000_v1.1/sw/modules/filter/src/32b/filter_fo.c"
'Finished building: C:/Users/wmj/Desktop/BM1000_v1.1/sw/modules/filter/src/32b/filter_fo.c'
' '
'Building file: C:/Users/wmj/Desktop/BM1000_v1.1/sw/drivers/flash/src/32b/f28x/f2806x/flash.c'
'Invoking: C2000 Compiler'
"C:/ti/ccsv6/tools/compiler/c2000_15.12.3.LTS/bin/cl2000" -v28 -ml -mt --cla_support=cla0 --vcu_support=vcu0 -O2 --include_path="C:/ti/ccsv6/tools/compiler/c2000_15.12.3.LTS/include" --include_path="C:/Users/wmj/Desktop/BM1000_v1.1/sw/modules/hal/boards/hvkit_rev1p1/f28x/f2806x/src" --include_path="C:/Users/wmj/Desktop/BM1000_v1.1/sw/solutions/instaspin_motion/boards/hvkit_rev1p1/f28x/f2806xM/src" --include_path="C:/Users/wmj/Desktop/BM1000_v1.1" -g --define=USE_SpinTAC --define=SOFT_FIX_ERROR --define=TMS320F28069 --define=QEP --define=FAST_ROM_V1p6 --diag_warning=225 --display_error_number --preproc_with_compile --preproc_dependency="flash.d"  "C:/Users/wmj/Desktop/BM1000_v1.1/sw/drivers/flash/src/32b/f28x/f2806x/flash.c"
'Finished building: C:/Users/wmj/Desktop/BM1000_v1.1/sw/drivers/flash/src/32b/f28x/f2806x/flash.c'
' '
'Building file: C:/Users/wmj/Desktop/BM1000_v1.1/sw/modules/flyingStart/src/32b/flyingStart.c'
'Invoking: C2000 Compiler'
"C:/ti/ccsv6/tools/compiler/c2000_15.12.3.LTS/bin/cl2000" -v28 -ml -mt --cla_support=cla0 --vcu_support=vcu0 -O2 --include_path="C:/ti/ccsv6/tools/compiler/c2000_15.12.3.LTS/include" --include_path="C:/Users/wmj/Desktop/BM1000_v1.1/sw/modules/hal/boards/hvkit_rev1p1/f28x/f2806x/src" --include_path="C:/Users/wmj/Desktop/BM1000_v1.1/sw/solutions/instaspin_motion/boards/hvkit_rev1p1/f28x/f2806xM/src" --include_path="C:/Users/wmj/Desktop/BM1000_v1.1" -g --define=USE_SpinTAC --define=SOFT_FIX_ERROR --define=TMS320F28069 --define=QEP --define=FAST_ROM_V1p6 --diag_warning=225 --display_error_number --preproc_with_compile --preproc_dependency="flyingStart.d"  "C:/Users/wmj/Desktop/BM1000_v1.1/sw/modules/flyingStart/src/32b/flyingStart.c"
'Finished building: C:/Users/wmj/Desktop/BM1000_v1.1/sw/modules/flyingStart/src/32b/flyingStart.c'
' '
'Building file: C:/Users/wmj/Desktop/BM1000_v1.1/sw/drivers/drvic/fsm.c'
'Invoking: C2000 Compiler'
"C:/ti/ccsv6/tools/compiler/c2000_15.12.3.LTS/bin/cl2000" -v28 -ml -mt --cla_support=cla0 --vcu_support=vcu0 -O2 --include_path="C:/ti/ccsv6/tools/compiler/c2000_15.12.3.LTS/include" --include_path="C:/Users/wmj/Desktop/BM1000_v1.1/sw/modules/hal/boards/hvkit_rev1p1/f28x/f2806x/src" --include_path="C:/Users/wmj/Desktop/BM1000_v1.1/sw/solutions/instaspin_motion/boards/hvkit_rev1p1/f28x/f2806xM/src" --include_path="C:/Users/wmj/Desktop/BM1000_v1.1" -g --define=USE_SpinTAC --define=SOFT_FIX_ERROR --define=TMS320F28069 --define=QEP --define=FAST_ROM_V1p6 --diag_warning=225 --display_error_number --preproc_with_compile --preproc_dependency="fsm.d"  "C:/Users/wmj/Desktop/BM1000_v1.1/sw/drivers/drvic/fsm.c"
"C:/Users/wmj/Desktop/BM1000_v1.1/sw/drivers/drvic/fsm.c", line 825: warning #179-D: function "FSM_CheckOverTorque" was declared but never referenced
'Finished building: C:/Users/wmj/Desktop/BM1000_v1.1/sw/drivers/drvic/fsm.c'
' '
'Building file: C:/Users/wmj/Desktop/BM1000_v1.1/sw/drivers/gpio/src/32b/f28x/f2806x/gpio.c'
'Invoking: C2000 Compiler'
"C:/ti/ccsv6/tools/compiler/c2000_15.12.3.LTS/bin/cl2000" -v28 -ml -mt --cla_support=cla0 --vcu_support=vcu0 -O2 --include_path="C:/ti/ccsv6/tools/compiler/c2000_15.12.3.LTS/include" --include_path="C:/Users/wmj/Desktop/BM1000_v1.1/sw/modules/hal/boards/hvkit_rev1p1/f28x/f2806x/src" --include_path="C:/Users/wmj/Desktop/BM1000_v1.1/sw/solutions/instaspin_motion/boards/hvkit_rev1p1/f28x/f2806xM/src" --include_path="C:/Users/wmj/Desktop/BM1000_v1.1" -g --define=USE_SpinTAC --define=SOFT_FIX_ERROR --define=TMS320F28069 --define=QEP --define=FAST_ROM_V1p6 --diag_warning=225 --display_error_number --preproc_with_compile --preproc_dependency="gpio.d"  "C:/Users/wmj/Desktop/BM1000_v1.1/sw/drivers/gpio/src/32b/f28x/f2806x/gpio.c"
'Finished building: C:/Users/wmj/Desktop/BM1000_v1.1/sw/drivers/gpio/src/32b/f28x/f2806x/gpio.c'
' '
'Building file: C:/Users/wmj/Desktop/BM1000_v1.1/sw/modules/hal/boards/hvkit_rev1p1/f28x/f2806x/src/hal.c'
'Invoking: C2000 Compiler'
"C:/ti/ccsv6/tools/compiler/c2000_15.12.3.LTS/bin/cl2000" -v28 -ml -mt --cla_support=cla0 --vcu_support=vcu0 -O2 --include_path="C:/ti/ccsv6/tools/compiler/c2000_15.12.3.LTS/include" --include_path="C:/Users/wmj/Desktop/BM1000_v1.1/sw/modules/hal/boards/hvkit_rev1p1/f28x/f2806x/src" --include_path="C:/Users/wmj/Desktop/BM1000_v1.1/sw/solutions/instaspin_motion/boards/hvkit_rev1p1/f28x/f2806xM/src" --include_path="C:/Users/wmj/Desktop/BM1000_v1.1" -g --define=USE_SpinTAC --define=SOFT_FIX_ERROR --define=TMS320F28069 --define=QEP --define=FAST_ROM_V1p6 --diag_warning=225 --display_error_number --preproc_with_compile --preproc_dependency="hal.d"  "C:/Users/wmj/Desktop/BM1000_v1.1/sw/modules/hal/boards/hvkit_rev1p1/f28x/f2806x/src/hal.c"
'Finished building: C:/Users/wmj/Desktop/BM1000_v1.1/sw/modules/hal/boards/hvkit_rev1p1/f28x/f2806x/src/hal.c'
' '
'Building file: C:/Users/wmj/Desktop/BM1000_v1.1/sw/modules/ipark/src/32b/ipark.c'
'Invoking: C2000 Compiler'
"C:/ti/ccsv6/tools/compiler/c2000_15.12.3.LTS/bin/cl2000" -v28 -ml -mt --cla_support=cla0 --vcu_support=vcu0 -O2 --include_path="C:/ti/ccsv6/tools/compiler/c2000_15.12.3.LTS/include" --include_path="C:/Users/wmj/Desktop/BM1000_v1.1/sw/modules/hal/boards/hvkit_rev1p1/f28x/f2806x/src" --include_path="C:/Users/wmj/Desktop/BM1000_v1.1/sw/solutions/instaspin_motion/boards/hvkit_rev1p1/f28x/f2806xM/src" --include_path="C:/Users/wmj/Desktop/BM1000_v1.1" -g --define=USE_SpinTAC --define=SOFT_FIX_ERROR --define=TMS320F28069 --define=QEP --define=FAST_ROM_V1p6 --diag_warning=225 --display_error_number --preproc_with_compile --preproc_dependency="ipark.d"  "C:/Users/wmj/Desktop/BM1000_v1.1/sw/modules/ipark/src/32b/ipark.c"
'Finished building: C:/Users/wmj/Desktop/BM1000_v1.1/sw/modules/ipark/src/32b/ipark.c'
' '
'Building file: C:/Users/wmj/Desktop/BM1000_v1.1/sw/drivers/drvic/modbus/mb.c'
'Invoking: C2000 Compiler'
"C:/ti/ccsv6/tools/compiler/c2000_15.12.3.LTS/bin/cl2000" -v28 -ml -mt --cla_support=cla0 --vcu_support=vcu0 -O2 --include_path="C:/ti/ccsv6/tools/compiler/c2000_15.12.3.LTS/include" --include_path="C:/Users/wmj/Desktop/BM1000_v1.1/sw/modules/hal/boards/hvkit_rev1p1/f28x/f2806x/src" --include_path="C:/Users/wmj/Desktop/BM1000_v1.1/sw/solutions/instaspin_motion/boards/hvkit_rev1p1/f28x/f2806xM/src" --include_path="C:/Users/wmj/Desktop/BM1000_v1.1" -g --define=USE_SpinTAC --define=SOFT_FIX_ERROR --define=TMS320F28069 --define=QEP --define=FAST_ROM_V1p6 --diag_warning=225 --display_error_number --preproc_with_compile --preproc_dependency="mb.d"  "C:/Users/wmj/Desktop/BM1000_v1.1/sw/drivers/drvic/modbus/mb.c"
'Finished building: C:/Users/wmj/Desktop/BM1000_v1.1/sw/drivers/drvic/modbus/mb.c'
' '
'Building file: C:/Users/wmj/Desktop/BM1000_v1.1/sw/drivers/drvic/motor.c'
'Invoking: C2000 Compiler'
"C:/ti/ccsv6/tools/compiler/c2000_15.12.3.LTS/bin/cl2000" -v28 -ml -mt --cla_support=cla0 --vcu_support=vcu0 -O2 --include_path="C:/ti/ccsv6/tools/compiler/c2000_15.12.3.LTS/include" --include_path="C:/Users/wmj/Desktop/BM1000_v1.1/sw/modules/hal/boards/hvkit_rev1p1/f28x/f2806x/src" --include_path="C:/Users/wmj/Desktop/BM1000_v1.1/sw/solutions/instaspin_motion/boards/hvkit_rev1p1/f28x/f2806xM/src" --include_path="C:/Users/wmj/Desktop/BM1000_v1.1" -g --define=USE_SpinTAC --define=SOFT_FIX_ERROR --define=TMS320F28069 --define=QEP --define=FAST_ROM_V1p6 --diag_warning=225 --display_error_number --preproc_with_compile --preproc_dependency="motor.d"  "C:/Users/wmj/Desktop/BM1000_v1.1/sw/drivers/drvic/motor.c"
'Finished building: C:/Users/wmj/Desktop/BM1000_v1.1/sw/drivers/drvic/motor.c'
' '
'Building file: C:/Users/wmj/Desktop/BM1000_v1.1/sw/modules/offset/src/32b/offset.c'
'Invoking: C2000 Compiler'
"C:/ti/ccsv6/tools/compiler/c2000_15.12.3.LTS/bin/cl2000" -v28 -ml -mt --cla_support=cla0 --vcu_support=vcu0 -O2 --include_path="C:/ti/ccsv6/tools/compiler/c2000_15.12.3.LTS/include" --include_path="C:/Users/wmj/Desktop/BM1000_v1.1/sw/modules/hal/boards/hvkit_rev1p1/f28x/f2806x/src" --include_path="C:/Users/wmj/Desktop/BM1000_v1.1/sw/solutions/instaspin_motion/boards/hvkit_rev1p1/f28x/f2806xM/src" --include_path="C:/Users/wmj/Desktop/BM1000_v1.1" -g --define=USE_SpinTAC --define=SOFT_FIX_ERROR --define=TMS320F28069 --define=QEP --define=FAST_ROM_V1p6 --diag_warning=225 --display_error_number --preproc_with_compile --preproc_dependency="offset.d"  "C:/Users/wmj/Desktop/BM1000_v1.1/sw/modules/offset/src/32b/offset.c"
'Finished building: C:/Users/wmj/Desktop/BM1000_v1.1/sw/modules/offset/src/32b/offset.c'
' '
'Building file: C:/Users/wmj/Desktop/BM1000_v1.1/sw/drivers/osc/src/32b/f28x/f2806x/osc.c'
'Invoking: C2000 Compiler'
"C:/ti/ccsv6/tools/compiler/c2000_15.12.3.LTS/bin/cl2000" -v28 -ml -mt --cla_support=cla0 --vcu_support=vcu0 -O2 --include_path="C:/ti/ccsv6/tools/compiler/c2000_15.12.3.LTS/include" --include_path="C:/Users/wmj/Desktop/BM1000_v1.1/sw/modules/hal/boards/hvkit_rev1p1/f28x/f2806x/src" --include_path="C:/Users/wmj/Desktop/BM1000_v1.1/sw/solutions/instaspin_motion/boards/hvkit_rev1p1/f28x/f2806xM/src" --include_path="C:/Users/wmj/Desktop/BM1000_v1.1" -g --define=USE_SpinTAC --define=SOFT_FIX_ERROR --define=TMS320F28069 --define=QEP --define=FAST_ROM_V1p6 --diag_warning=225 --display_error_number --preproc_with_compile --preproc_dependency="osc.d"  "C:/Users/wmj/Desktop/BM1000_v1.1/sw/drivers/osc/src/32b/f28x/f2806x/osc.c"
'Finished building: C:/Users/wmj/Desktop/BM1000_v1.1/sw/drivers/osc/src/32b/f28x/f2806x/osc.c'
' '
'Building file: C:/Users/wmj/Desktop/BM1000_v1.1/sw/modules/park/src/32b/park.c'
'Invoking: C2000 Compiler'
"C:/ti/ccsv6/tools/compiler/c2000_15.12.3.LTS/bin/cl2000" -v28 -ml -mt --cla_support=cla0 --vcu_support=vcu0 -O2 --include_path="C:/ti/ccsv6/tools/compiler/c2000_15.12.3.LTS/include" --include_path="C:/Users/wmj/Desktop/BM1000_v1.1/sw/modules/hal/boards/hvkit_rev1p1/f28x/f2806x/src" --include_path="C:/Users/wmj/Desktop/BM1000_v1.1/sw/solutions/instaspin_motion/boards/hvkit_rev1p1/f28x/f2806xM/src" --include_path="C:/Users/wmj/Desktop/BM1000_v1.1" -g --define=USE_SpinTAC --define=SOFT_FIX_ERROR --define=TMS320F28069 --define=QEP --define=FAST_ROM_V1p6 --diag_warning=225 --display_error_number --preproc_with_compile --preproc_dependency="park.d"  "C:/Users/wmj/Desktop/BM1000_v1.1/sw/modules/park/src/32b/park.c"
'Finished building: C:/Users/wmj/Desktop/BM1000_v1.1/sw/modules/park/src/32b/park.c'
' '
'Building file: C:/Users/wmj/Desktop/BM1000_v1.1/sw/modules/pid/src/32b/pid.c'
'Invoking: C2000 Compiler'
"C:/ti/ccsv6/tools/compiler/c2000_15.12.3.LTS/bin/cl2000" -v28 -ml -mt --cla_support=cla0 --vcu_support=vcu0 -O2 --include_path="C:/ti/ccsv6/tools/compiler/c2000_15.12.3.LTS/include" --include_path="C:/Users/wmj/Desktop/BM1000_v1.1/sw/modules/hal/boards/hvkit_rev1p1/f28x/f2806x/src" --include_path="C:/Users/wmj/Desktop/BM1000_v1.1/sw/solutions/instaspin_motion/boards/hvkit_rev1p1/f28x/f2806xM/src" --include_path="C:/Users/wmj/Desktop/BM1000_v1.1" -g --define=USE_SpinTAC --define=SOFT_FIX_ERROR --define=TMS320F28069 --define=QEP --define=FAST_ROM_V1p6 --diag_warning=225 --display_error_number --preproc_with_compile --preproc_dependency="pid.d"  "C:/Users/wmj/Desktop/BM1000_v1.1/sw/modules/pid/src/32b/pid.c"
'Finished building: C:/Users/wmj/Desktop/BM1000_v1.1/sw/modules/pid/src/32b/pid.c'
' '
'Building file: C:/Users/wmj/Desktop/BM1000_v1.1/sw/drivers/pie/src/32b/f28x/f2806x/pie.c'
'Invoking: C2000 Compiler'
"C:/ti/ccsv6/tools/compiler/c2000_15.12.3.LTS/bin/cl2000" -v28 -ml -mt --cla_support=cla0 --vcu_support=vcu0 -O2 --include_path="C:/ti/ccsv6/tools/compiler/c2000_15.12.3.LTS/include" --include_path="C:/Users/wmj/Desktop/BM1000_v1.1/sw/modules/hal/boards/hvkit_rev1p1/f28x/f2806x/src" --include_path="C:/Users/wmj/Desktop/BM1000_v1.1/sw/solutions/instaspin_motion/boards/hvkit_rev1p1/f28x/f2806xM/src" --include_path="C:/Users/wmj/Desktop/BM1000_v1.1" -g --define=USE_SpinTAC --define=SOFT_FIX_ERROR --define=TMS320F28069 --define=QEP --define=FAST_ROM_V1p6 --diag_warning=225 --display_error_number --preproc_with_compile --preproc_dependency="pie.d"  "C:/Users/wmj/Desktop/BM1000_v1.1/sw/drivers/pie/src/32b/f28x/f2806x/pie.c"
'Finished building: C:/Users/wmj/Desktop/BM1000_v1.1/sw/drivers/pie/src/32b/f28x/f2806x/pie.c'
' '
'Building file: C:/Users/wmj/Desktop/BM1000_v1.1/sw/drivers/pll/src/32b/f28x/f2806x/pll.c'
'Invoking: C2000 Compiler'
"C:/ti/ccsv6/tools/compiler/c2000_15.12.3.LTS/bin/cl2000" -v28 -ml -mt --cla_support=cla0 --vcu_support=vcu0 -O2 --include_path="C:/ti/ccsv6/tools/compiler/c2000_15.12.3.LTS/include" --include_path="C:/Users/wmj/Desktop/BM1000_v1.1/sw/modules/hal/boards/hvkit_rev1p1/f28x/f2806x/src" --include_path="C:/Users/wmj/Desktop/BM1000_v1.1/sw/solutions/instaspin_motion/boards/hvkit_rev1p1/f28x/f2806xM/src" --include_path="C:/Users/wmj/Desktop/BM1000_v1.1" -g --define=USE_SpinTAC --define=SOFT_FIX_ERROR --define=TMS320F28069 --define=QEP --define=FAST_ROM_V1p6 --diag_warning=225 --display_error_number --preproc_with_compile --preproc_dependency="pll.d"  "C:/Users/wmj/Desktop/BM1000_v1.1/sw/drivers/pll/src/32b/f28x/f2806x/pll.c"
'Finished building: C:/Users/wmj/Desktop/BM1000_v1.1/sw/drivers/pll/src/32b/f28x/f2806x/pll.c'
' '
'Building file: C:/Users/wmj/Desktop/BM1000_v1.1/sw/drivers/drvic/process_ctrl.c'
'Invoking: C2000 Compiler'
"C:/ti/ccsv6/tools/compiler/c2000_15.12.3.LTS/bin/cl2000" -v28 -ml -mt --cla_support=cla0 --vcu_support=vcu0 -O2 --include_path="C:/ti/ccsv6/tools/compiler/c2000_15.12.3.LTS/include" --include_path="C:/Users/wmj/Desktop/BM1000_v1.1/sw/modules/hal/boards/hvkit_rev1p1/f28x/f2806x/src" --include_path="C:/Users/wmj/Desktop/BM1000_v1.1/sw/solutions/instaspin_motion/boards/hvkit_rev1p1/f28x/f2806xM/src" --include_path="C:/Users/wmj/Desktop/BM1000_v1.1" -g --define=USE_SpinTAC --define=SOFT_FIX_ERROR --define=TMS320F28069 --define=QEP --define=FAST_ROM_V1p6 --diag_warning=225 --display_error_number --preproc_with_compile --preproc_dependency="process_ctrl.d"  "C:/Users/wmj/Desktop/BM1000_v1.1/sw/drivers/drvic/process_ctrl.c"
'Finished building: C:/Users/wmj/Desktop/BM1000_v1.1/sw/drivers/drvic/process_ctrl.c'
' '
'Building file: C:/Users/wmj/Desktop/BM1000_v1.1/sw/solutions/instaspin/src/proj_bm1000.c'
'Invoking: C2000 Compiler'
"C:/ti/ccsv6/tools/compiler/c2000_15.12.3.LTS/bin/cl2000" -v28 -ml -mt --cla_support=cla0 --vcu_support=vcu0 -O2 --include_path="C:/ti/ccsv6/tools/compiler/c2000_15.12.3.LTS/include" --include_path="C:/Users/wmj/Desktop/BM1000_v1.1/sw/modules/hal/boards/hvkit_rev1p1/f28x/f2806x/src" --include_path="C:/Users/wmj/Desktop/BM1000_v1.1/sw/solutions/instaspin_motion/boards/hvkit_rev1p1/f28x/f2806xM/src" --include_path="C:/Users/wmj/Desktop/BM1000_v1.1" -g --define=USE_SpinTAC --define=SOFT_FIX_ERROR --define=TMS320F28069 --define=QEP --define=FAST_ROM_V1p6 --diag_warning=225 --display_error_number --preproc_with_compile --preproc_dependency="proj_bm1000.d"  "C:/Users/wmj/Desktop/BM1000_v1.1/sw/solutions/instaspin/src/proj_bm1000.c"
'Finished building: C:/Users/wmj/Desktop/BM1000_v1.1/sw/solutions/instaspin/src/proj_bm1000.c'
' '
'Building file: C:/Users/wmj/Desktop/BM1000_v1.1/sw/drivers/pwm/src/32b/f28x/f2806x/pwm.c'
'Invoking: C2000 Compiler'
"C:/ti/ccsv6/tools/compiler/c2000_15.12.3.LTS/bin/cl2000" -v28 -ml -mt --cla_support=cla0 --vcu_support=vcu0 -O2 --include_path="C:/ti/ccsv6/tools/compiler/c2000_15.12.3.LTS/include" --include_path="C:/Users/wmj/Desktop/BM1000_v1.1/sw/modules/hal/boards/hvkit_rev1p1/f28x/f2806x/src" --include_path="C:/Users/wmj/Desktop/BM1000_v1.1/sw/solutions/instaspin_motion/boards/hvkit_rev1p1/f28x/f2806xM/src" --include_path="C:/Users/wmj/Desktop/BM1000_v1.1" -g --define=USE_SpinTAC --define=SOFT_FIX_ERROR --define=TMS320F28069 --define=QEP --define=FAST_ROM_V1p6 --diag_warning=225 --display_error_number --preproc_with_compile --preproc_dependency="pwm.d"  "C:/Users/wmj/Desktop/BM1000_v1.1/sw/drivers/pwm/src/32b/f28x/f2806x/pwm.c"
'Finished building: C:/Users/wmj/Desktop/BM1000_v1.1/sw/drivers/pwm/src/32b/f28x/f2806x/pwm.c'
' '
'Building file: C:/Users/wmj/Desktop/BM1000_v1.1/sw/drivers/pwr/src/32b/f28x/f2806x/pwr.c'
'Invoking: C2000 Compiler'
"C:/ti/ccsv6/tools/compiler/c2000_15.12.3.LTS/bin/cl2000" -v28 -ml -mt --cla_support=cla0 --vcu_support=vcu0 -O2 --include_path="C:/ti/ccsv6/tools/compiler/c2000_15.12.3.LTS/include" --include_path="C:/Users/wmj/Desktop/BM1000_v1.1/sw/modules/hal/boards/hvkit_rev1p1/f28x/f2806x/src" --include_path="C:/Users/wmj/Desktop/BM1000_v1.1/sw/solutions/instaspin_motion/boards/hvkit_rev1p1/f28x/f2806xM/src" --include_path="C:/Users/wmj/Desktop/BM1000_v1.1" -g --define=USE_SpinTAC --define=SOFT_FIX_ERROR --define=TMS320F28069 --define=QEP --define=FAST_ROM_V1p6 --diag_warning=225 --display_error_number --preproc_with_compile --preproc_dependency="pwr.d"  "C:/Users/wmj/Desktop/BM1000_v1.1/sw/drivers/pwr/src/32b/f28x/f2806x/pwr.c"
'Finished building: C:/Users/wmj/Desktop/BM1000_v1.1/sw/drivers/pwr/src/32b/f28x/f2806x/pwr.c'
' '
'Building file: C:/Users/wmj/Desktop/BM1000_v1.1/sw/drivers/qep/src/32b/f28x/f2806x/qep.c'
'Invoking: C2000 Compiler'
"C:/ti/ccsv6/tools/compiler/c2000_15.12.3.LTS/bin/cl2000" -v28 -ml -mt --cla_support=cla0 --vcu_support=vcu0 -O2 --include_path="C:/ti/ccsv6/tools/compiler/c2000_15.12.3.LTS/include" --include_path="C:/Users/wmj/Desktop/BM1000_v1.1/sw/modules/hal/boards/hvkit_rev1p1/f28x/f2806x/src" --include_path="C:/Users/wmj/Desktop/BM1000_v1.1/sw/solutions/instaspin_motion/boards/hvkit_rev1p1/f28x/f2806xM/src" --include_path="C:/Users/wmj/Desktop/BM1000_v1.1" -g --define=USE_SpinTAC --define=SOFT_FIX_ERROR --define=TMS320F28069 --define=QEP --define=FAST_ROM_V1p6 --diag_warning=225 --display_error_number --preproc_with_compile --preproc_dependency="qep.d"  "C:/Users/wmj/Desktop/BM1000_v1.1/sw/drivers/qep/src/32b/f28x/f2806x/qep.c"
'Finished building: C:/Users/wmj/Desktop/BM1000_v1.1/sw/drivers/qep/src/32b/f28x/f2806x/qep.c'
' '
'Building file: C:/Users/wmj/Desktop/BM1000_v1.1/sw/drivers/sci/src/32b/f28x/f2806x/sci.c'
'Invoking: C2000 Compiler'
"C:/ti/ccsv6/tools/compiler/c2000_15.12.3.LTS/bin/cl2000" -v28 -ml -mt --cla_support=cla0 --vcu_support=vcu0 -O2 --include_path="C:/ti/ccsv6/tools/compiler/c2000_15.12.3.LTS/include" --include_path="C:/Users/wmj/Desktop/BM1000_v1.1/sw/modules/hal/boards/hvkit_rev1p1/f28x/f2806x/src" --include_path="C:/Users/wmj/Desktop/BM1000_v1.1/sw/solutions/instaspin_motion/boards/hvkit_rev1p1/f28x/f2806xM/src" --include_path="C:/Users/wmj/Desktop/BM1000_v1.1" -g --define=USE_SpinTAC --define=SOFT_FIX_ERROR --define=TMS320F28069 --define=QEP --define=FAST_ROM_V1p6 --diag_warning=225 --display_error_number --preproc_with_compile --preproc_dependency="sci.d"  "C:/Users/wmj/Desktop/BM1000_v1.1/sw/drivers/sci/src/32b/f28x/f2806x/sci.c"
'Finished building: C:/Users/wmj/Desktop/BM1000_v1.1/sw/drivers/sci/src/32b/f28x/f2806x/sci.c'
' '
'Building file: C:/Users/wmj/Desktop/BM1000_v1.1/sw/modules/slip/src/32b/slip.c'
'Invoking: C2000 Compiler'
"C:/ti/ccsv6/tools/compiler/c2000_15.12.3.LTS/bin/cl2000" -v28 -ml -mt --cla_support=cla0 --vcu_support=vcu0 -O2 --include_path="C:/ti/ccsv6/tools/compiler/c2000_15.12.3.LTS/include" --include_path="C:/Users/wmj/Desktop/BM1000_v1.1/sw/modules/hal/boards/hvkit_rev1p1/f28x/f2806x/src" --include_path="C:/Users/wmj/Desktop/BM1000_v1.1/sw/solutions/instaspin_motion/boards/hvkit_rev1p1/f28x/f2806xM/src" --include_path="C:/Users/wmj/Desktop/BM1000_v1.1" -g --define=USE_SpinTAC --define=SOFT_FIX_ERROR --define=TMS320F28069 --define=QEP --define=FAST_ROM_V1p6 --diag_warning=225 --display_error_number --preproc_with_compile --preproc_dependency="slip.d"  "C:/Users/wmj/Desktop/BM1000_v1.1/sw/modules/slip/src/32b/slip.c"
'Finished building: C:/Users/wmj/Desktop/BM1000_v1.1/sw/modules/slip/src/32b/slip.c'
' '
'Building file: C:/Users/wmj/Desktop/BM1000_v1.1/sw/drivers/spi/src/32b/f28x/f2806x/spi.c'
'Invoking: C2000 Compiler'
"C:/ti/ccsv6/tools/compiler/c2000_15.12.3.LTS/bin/cl2000" -v28 -ml -mt --cla_support=cla0 --vcu_support=vcu0 -O2 --include_path="C:/ti/ccsv6/tools/compiler/c2000_15.12.3.LTS/include" --include_path="C:/Users/wmj/Desktop/BM1000_v1.1/sw/modules/hal/boards/hvkit_rev1p1/f28x/f2806x/src" --include_path="C:/Users/wmj/Desktop/BM1000_v1.1/sw/solutions/instaspin_motion/boards/hvkit_rev1p1/f28x/f2806xM/src" --include_path="C:/Users/wmj/Desktop/BM1000_v1.1" -g --define=USE_SpinTAC --define=SOFT_FIX_ERROR --define=TMS320F28069 --define=QEP --define=FAST_ROM_V1p6 --diag_warning=225 --display_error_number --preproc_with_compile --preproc_dependency="spi.d"  "C:/Users/wmj/Desktop/BM1000_v1.1/sw/drivers/spi/src/32b/f28x/f2806x/spi.c"
'Finished building: C:/Users/wmj/Desktop/BM1000_v1.1/sw/drivers/spi/src/32b/f28x/f2806x/spi.c'
' '
'Building file: C:/Users/wmj/Desktop/BM1000_v1.1/sw/modules/svgen/src/32b/svgen.c'
'Invoking: C2000 Compiler'
"C:/ti/ccsv6/tools/compiler/c2000_15.12.3.LTS/bin/cl2000" -v28 -ml -mt --cla_support=cla0 --vcu_support=vcu0 -O2 --include_path="C:/ti/ccsv6/tools/compiler/c2000_15.12.3.LTS/include" --include_path="C:/Users/wmj/Desktop/BM1000_v1.1/sw/modules/hal/boards/hvkit_rev1p1/f28x/f2806x/src" --include_path="C:/Users/wmj/Desktop/BM1000_v1.1/sw/solutions/instaspin_motion/boards/hvkit_rev1p1/f28x/f2806xM/src" --include_path="C:/Users/wmj/Desktop/BM1000_v1.1" -g --define=USE_SpinTAC --define=SOFT_FIX_ERROR --define=TMS320F28069 --define=QEP --define=FAST_ROM_V1p6 --diag_warning=225 --display_error_number --preproc_with_compile --preproc_dependency="svgen.d"  "C:/Users/wmj/Desktop/BM1000_v1.1/sw/modules/svgen/src/32b/svgen.c"
'Finished building: C:/Users/wmj/Desktop/BM1000_v1.1/sw/modules/svgen/src/32b/svgen.c'
' '
'Building file: C:/Users/wmj/Desktop/BM1000_v1.1/sw/drivers/timer/src/32b/f28x/f2806x/timer.c'
'Invoking: C2000 Compiler'
"C:/ti/ccsv6/tools/compiler/c2000_15.12.3.LTS/bin/cl2000" -v28 -ml -mt --cla_support=cla0 --vcu_support=vcu0 -O2 --include_path="C:/ti/ccsv6/tools/compiler/c2000_15.12.3.LTS/include" --include_path="C:/Users/wmj/Desktop/BM1000_v1.1/sw/modules/hal/boards/hvkit_rev1p1/f28x/f2806x/src" --include_path="C:/Users/wmj/Desktop/BM1000_v1.1/sw/solutions/instaspin_motion/boards/hvkit_rev1p1/f28x/f2806xM/src" --include_path="C:/Users/wmj/Desktop/BM1000_v1.1" -g --define=USE_SpinTAC --define=SOFT_FIX_ERROR --define=TMS320F28069 --define=QEP --define=FAST_ROM_V1p6 --diag_warning=225 --display_error_number --preproc_with_compile --preproc_dependency="timer.d"  "C:/Users/wmj/Desktop/BM1000_v1.1/sw/drivers/timer/src/32b/f28x/f2806x/timer.c"
'Finished building: C:/Users/wmj/Desktop/BM1000_v1.1/sw/drivers/timer/src/32b/f28x/f2806x/timer.c'
' '
'Building file: C:/Users/wmj/Desktop/BM1000_v1.1/sw/modules/traj/src/32b/traj.c'
'Invoking: C2000 Compiler'
"C:/ti/ccsv6/tools/compiler/c2000_15.12.3.LTS/bin/cl2000" -v28 -ml -mt --cla_support=cla0 --vcu_support=vcu0 -O2 --include_path="C:/ti/ccsv6/tools/compiler/c2000_15.12.3.LTS/include" --include_path="C:/Users/wmj/Desktop/BM1000_v1.1/sw/modules/hal/boards/hvkit_rev1p1/f28x/f2806x/src" --include_path="C:/Users/wmj/Desktop/BM1000_v1.1/sw/solutions/instaspin_motion/boards/hvkit_rev1p1/f28x/f2806xM/src" --include_path="C:/Users/wmj/Desktop/BM1000_v1.1" -g --define=USE_SpinTAC --define=SOFT_FIX_ERROR --define=TMS320F28069 --define=QEP --define=FAST_ROM_V1p6 --diag_warning=225 --display_error_number --preproc_with_compile --preproc_dependency="traj.d"  "C:/Users/wmj/Desktop/BM1000_v1.1/sw/modules/traj/src/32b/traj.c"
'Finished building: C:/Users/wmj/Desktop/BM1000_v1.1/sw/modules/traj/src/32b/traj.c'
' '
'Building file: C:/Users/wmj/Desktop/BM1000_v1.1/sw/modules/usDelay/src/32b/f28x/usDelay.asm'
'Invoking: C2000 Compiler'
"C:/ti/ccsv6/tools/compiler/c2000_15.12.3.LTS/bin/cl2000" -v28 -ml -mt --cla_support=cla0 --vcu_support=vcu0 -O2 --include_path="C:/ti/ccsv6/tools/compiler/c2000_15.12.3.LTS/include" --include_path="C:/Users/wmj/Desktop/BM1000_v1.1/sw/modules/hal/boards/hvkit_rev1p1/f28x/f2806x/src" --include_path="C:/Users/wmj/Desktop/BM1000_v1.1/sw/solutions/instaspin_motion/boards/hvkit_rev1p1/f28x/f2806xM/src" --include_path="C:/Users/wmj/Desktop/BM1000_v1.1" -g --define=USE_SpinTAC --define=SOFT_FIX_ERROR --define=TMS320F28069 --define=QEP --define=FAST_ROM_V1p6 --diag_warning=225 --display_error_number --preproc_with_compile --preproc_dependency="usDelay.d"  "C:/Users/wmj/Desktop/BM1000_v1.1/sw/modules/usDelay/src/32b/f28x/usDelay.asm"
'Finished building: C:/Users/wmj/Desktop/BM1000_v1.1/sw/modules/usDelay/src/32b/f28x/usDelay.asm'
' '
'Building file: C:/Users/wmj/Desktop/BM1000_v1.1/sw/modules/user/src/32b/user.c'
'Invoking: C2000 Compiler'
"C:/ti/ccsv6/tools/compiler/c2000_15.12.3.LTS/bin/cl2000" -v28 -ml -mt --cla_support=cla0 --vcu_support=vcu0 -O2 --include_path="C:/ti/ccsv6/tools/compiler/c2000_15.12.3.LTS/include" --include_path="C:/Users/wmj/Desktop/BM1000_v1.1/sw/modules/hal/boards/hvkit_rev1p1/f28x/f2806x/src" --include_path="C:/Users/wmj/Desktop/BM1000_v1.1/sw/solutions/instaspin_motion/boards/hvkit_rev1p1/f28x/f2806xM/src" --include_path="C:/Users/wmj/Desktop/BM1000_v1.1" -g --define=USE_SpinTAC --define=SOFT_FIX_ERROR --define=TMS320F28069 --define=QEP --define=FAST_ROM_V1p6 --diag_warning=225 --display_error_number --preproc_with_compile --preproc_dependency="user.d"  "C:/Users/wmj/Desktop/BM1000_v1.1/sw/modules/user/src/32b/user.c"
'Finished building: C:/Users/wmj/Desktop/BM1000_v1.1/sw/modules/user/src/32b/user.c'
' '
'Building file: C:/Users/wmj/Desktop/BM1000_v1.1/sw/drivers/wdog/src/32b/f28x/f2806x/wdog.c'
'Invoking: C2000 Compiler'
"C:/ti/ccsv6/tools/compiler/c2000_15.12.3.LTS/bin/cl2000" -v28 -ml -mt --cla_support=cla0 --vcu_support=vcu0 -O2 --include_path="C:/ti/ccsv6/tools/compiler/c2000_15.12.3.LTS/include" --include_path="C:/Users/wmj/Desktop/BM1000_v1.1/sw/modules/hal/boards/hvkit_rev1p1/f28x/f2806x/src" --include_path="C:/Users/wmj/Desktop/BM1000_v1.1/sw/solutions/instaspin_motion/boards/hvkit_rev1p1/f28x/f2806xM/src" --include_path="C:/Users/wmj/Desktop/BM1000_v1.1" -g --define=USE_SpinTAC --define=SOFT_FIX_ERROR --define=TMS320F28069 --define=QEP --define=FAST_ROM_V1p6 --diag_warning=225 --display_error_number --preproc_with_compile --preproc_dependency="wdog.d"  "C:/Users/wmj/Desktop/BM1000_v1.1/sw/drivers/wdog/src/32b/f28x/f2806x/wdog.c"
'Finished building: C:/Users/wmj/Desktop/BM1000_v1.1/sw/drivers/wdog/src/32b/f28x/f2806x/wdog.c'
' '
'Building target: proj_lab13c.out'
'Invoking: C2000 Linker'
"C:/ti/ccsv6/tools/compiler/c2000_15.12.3.LTS/bin/cl2000" -v28 -ml -mt --cla_support=cla0 --vcu_support=vcu0 -O2 -g --define=USE_SpinTAC --define=SOFT_FIX_ERROR --define=TMS320F28069 --define=QEP --define=FAST_ROM_V1p6 --diag_warning=225 --display_error_number -z -m"proj_lab13c.map" --stack_size=0x3B0 --warn_sections -i"C:/ti/ccsv6/tools/compiler/c2000_15.12.3.LTS/lib" -i"C:/ti/ccsv6/tools/compiler/c2000_15.12.3.LTS/include" --reread_libs --priority --disable_auto_rts --diag_suppress=16002 --xml_link_info="proj_lab13c_linkInfo.xml" --rom_model -o "proj_lab13c.out" "C:/Users/wmj/Desktop/BM1000_v1.1/sw/modules/fast/lib/32b/f28x/f2806x/2806xRevB_FastSpinROMSymbols.lib" "C:/Users/wmj/Desktop/BM1000_v1.1/sw/modules/fast/lib/32b/f28x/f2806x/2806xRevB_IQmath_BootROMSymbols.lib" -lrts2800_ml.lib "C:/Users/wmj/Desktop/BM1000_v1.1/sw/modules/spintac/lib/32b/SpinTAC.lib" "C:/Users/wmj/Desktop/BM1000_v1.1/sw/modules/iqmath/lib/f28x/32b/IQmath.lib" "./CodeStartBranch.obj" "./adc.obj" "./brake.obj" "./clarke.obj" "./clk.obj" "./cpu.obj" "./ctrl.obj" "./enc.obj" "./filter_fo.obj" "./flash.obj" "./flyingStart.obj" "./fsm.obj" "./gpio.obj" "./hal.obj" "./ipark.obj" "./mb.obj" "./motor.obj" "./offset.obj" "./osc.obj" "./park.obj" "./pid.obj" "./pie.obj" "./pll.obj" "./process_ctrl.obj" "./proj_bm1000.obj" "./pwm.obj" "./pwr.obj" "./qep.obj" "./sci.obj" "./slip.obj" "./spi.obj" "./svgen.obj" "./timer.obj" "./traj.obj" "./usDelay.obj" "./user.obj" "./wdog.obj" "C:/Users/wmj/Desktop/BM1000_v1.1/sw/ide/ccs/cmd/f2806x/f28069M_ram_lnk.cmd"  
<Linking>
'Finished building target: proj_lab13c.out'
' '

**** Build Finished ****
