
**** Build of configuration Flash for project proj_lab11e ****

"C:\\ti\\ccsv6\\utils\\bin\\gmake" -k all 
'Building file: D:/BM1000/sw/drivers/cpu/src/32b/f28x/f2802x/CodeStartBranch.asm'
'Invoking: C2000 Compiler'
"C:/ti/ccsv6/tools/compiler/c2000_6.2.5/bin/cl2000" -v28 -ml -mt -O2 --include_path="D:/BM1000/sw/modules/hal/boards/hvkit_rev1p1/f28x/f2802x/src/" --include_path="C:/ti/ccsv6/tools/compiler/c2000_6.2.5/include" --include_path="D:/BM1000/sw/solutions/instaspin_foc/boards/hvkit_rev1p1/f28x/f2802xF/src" --include_path="D:/BM1000" -g --define=FLASH --define=FAST_ROM_V1p7 --define=F2802xF --define=NO_CTRL --diag_warning=225 --display_error_number --asm_listing --preproc_with_compile --preproc_dependency="CodeStartBranch.d"  "D:/BM1000/sw/drivers/cpu/src/32b/f28x/f2802x/CodeStartBranch.asm"
'Finished building: D:/BM1000/sw/drivers/cpu/src/32b/f28x/f2802x/CodeStartBranch.asm'
' '
'Building file: D:/BM1000/sw/drivers/adc/src/32b/f28x/f2802x/adc.c'
'Invoking: C2000 Compiler'
"C:/ti/ccsv6/tools/compiler/c2000_6.2.5/bin/cl2000" -v28 -ml -mt -O2 --include_path="D:/BM1000/sw/modules/hal/boards/hvkit_rev1p1/f28x/f2802x/src/" --include_path="C:/ti/ccsv6/tools/compiler/c2000_6.2.5/include" --include_path="D:/BM1000/sw/solutions/instaspin_foc/boards/hvkit_rev1p1/f28x/f2802xF/src" --include_path="D:/BM1000" -g --define=FLASH --define=FAST_ROM_V1p7 --define=F2802xF --define=NO_CTRL --diag_warning=225 --display_error_number --asm_listing --preproc_with_compile --preproc_dependency="adc.d"  "D:/BM1000/sw/drivers/adc/src/32b/f28x/f2802x/adc.c"
'Finished building: D:/BM1000/sw/drivers/adc/src/32b/f28x/f2802x/adc.c'
' '
'Building file: D:/BM1000/sw/modules/clarke/src/32b/clarke.c'
'Invoking: C2000 Compiler'
"C:/ti/ccsv6/tools/compiler/c2000_6.2.5/bin/cl2000" -v28 -ml -mt -O2 --include_path="D:/BM1000/sw/modules/hal/boards/hvkit_rev1p1/f28x/f2802x/src/" --include_path="C:/ti/ccsv6/tools/compiler/c2000_6.2.5/include" --include_path="D:/BM1000/sw/solutions/instaspin_foc/boards/hvkit_rev1p1/f28x/f2802xF/src" --include_path="D:/BM1000" -g --define=FLASH --define=FAST_ROM_V1p7 --define=F2802xF --define=NO_CTRL --diag_warning=225 --display_error_number --asm_listing --preproc_with_compile --preproc_dependency="clarke.d"  "D:/BM1000/sw/modules/clarke/src/32b/clarke.c"
'Finished building: D:/BM1000/sw/modules/clarke/src/32b/clarke.c'
' '
'Building file: D:/BM1000/sw/drivers/clk/src/32b/f28x/f2802x/clk.c'
'Invoking: C2000 Compiler'
"C:/ti/ccsv6/tools/compiler/c2000_6.2.5/bin/cl2000" -v28 -ml -mt -O2 --include_path="D:/BM1000/sw/modules/hal/boards/hvkit_rev1p1/f28x/f2802x/src/" --include_path="C:/ti/ccsv6/tools/compiler/c2000_6.2.5/include" --include_path="D:/BM1000/sw/solutions/instaspin_foc/boards/hvkit_rev1p1/f28x/f2802xF/src" --include_path="D:/BM1000" -g --define=FLASH --define=FAST_ROM_V1p7 --define=F2802xF --define=NO_CTRL --diag_warning=225 --display_error_number --asm_listing --preproc_with_compile --preproc_dependency="clk.d"  "D:/BM1000/sw/drivers/clk/src/32b/f28x/f2802x/clk.c"
'Finished building: D:/BM1000/sw/drivers/clk/src/32b/f28x/f2802x/clk.c'
' '
'Building file: D:/BM1000/sw/drivers/cpu/src/32b/f28x/f2802x/cpu.c'
'Invoking: C2000 Compiler'
"C:/ti/ccsv6/tools/compiler/c2000_6.2.5/bin/cl2000" -v28 -ml -mt -O2 --include_path="D:/BM1000/sw/modules/hal/boards/hvkit_rev1p1/f28x/f2802x/src/" --include_path="C:/ti/ccsv6/tools/compiler/c2000_6.2.5/include" --include_path="D:/BM1000/sw/solutions/instaspin_foc/boards/hvkit_rev1p1/f28x/f2802xF/src" --include_path="D:/BM1000" -g --define=FLASH --define=FAST_ROM_V1p7 --define=F2802xF --define=NO_CTRL --diag_warning=225 --display_error_number --asm_listing --preproc_with_compile --preproc_dependency="cpu.d"  "D:/BM1000/sw/drivers/cpu/src/32b/f28x/f2802x/cpu.c"
'Finished building: D:/BM1000/sw/drivers/cpu/src/32b/f28x/f2802x/cpu.c'
' '
'Building file: D:/BM1000/sw/modules/cpu_time/src/32b/cpu_time.c'
'Invoking: C2000 Compiler'
"C:/ti/ccsv6/tools/compiler/c2000_6.2.5/bin/cl2000" -v28 -ml -mt -O2 --include_path="D:/BM1000/sw/modules/hal/boards/hvkit_rev1p1/f28x/f2802x/src/" --include_path="C:/ti/ccsv6/tools/compiler/c2000_6.2.5/include" --include_path="D:/BM1000/sw/solutions/instaspin_foc/boards/hvkit_rev1p1/f28x/f2802xF/src" --include_path="D:/BM1000" -g --define=FLASH --define=FAST_ROM_V1p7 --define=F2802xF --define=NO_CTRL --diag_warning=225 --display_error_number --asm_listing --preproc_with_compile --preproc_dependency="cpu_time.d"  "D:/BM1000/sw/modules/cpu_time/src/32b/cpu_time.c"
'Finished building: D:/BM1000/sw/modules/cpu_time/src/32b/cpu_time.c'
' '
'Building file: D:/BM1000/sw/modules/cpu_usage/src/32b/cpu_usage.c'
'Invoking: C2000 Compiler'
"C:/ti/ccsv6/tools/compiler/c2000_6.2.5/bin/cl2000" -v28 -ml -mt -O2 --include_path="D:/BM1000/sw/modules/hal/boards/hvkit_rev1p1/f28x/f2802x/src/" --include_path="C:/ti/ccsv6/tools/compiler/c2000_6.2.5/include" --include_path="D:/BM1000/sw/solutions/instaspin_foc/boards/hvkit_rev1p1/f28x/f2802xF/src" --include_path="D:/BM1000" -g --define=FLASH --define=FAST_ROM_V1p7 --define=F2802xF --define=NO_CTRL --diag_warning=225 --display_error_number --asm_listing --preproc_with_compile --preproc_dependency="cpu_usage.d"  "D:/BM1000/sw/modules/cpu_usage/src/32b/cpu_usage.c"
'Finished building: D:/BM1000/sw/modules/cpu_usage/src/32b/cpu_usage.c'
' '
'Building file: D:/BM1000/sw/modules/filter/src/32b/filter_fo.c'
'Invoking: C2000 Compiler'
"C:/ti/ccsv6/tools/compiler/c2000_6.2.5/bin/cl2000" -v28 -ml -mt -O2 --include_path="D:/BM1000/sw/modules/hal/boards/hvkit_rev1p1/f28x/f2802x/src/" --include_path="C:/ti/ccsv6/tools/compiler/c2000_6.2.5/include" --include_path="D:/BM1000/sw/solutions/instaspin_foc/boards/hvkit_rev1p1/f28x/f2802xF/src" --include_path="D:/BM1000" -g --define=FLASH --define=FAST_ROM_V1p7 --define=F2802xF --define=NO_CTRL --diag_warning=225 --display_error_number --asm_listing --preproc_with_compile --preproc_dependency="filter_fo.d"  "D:/BM1000/sw/modules/filter/src/32b/filter_fo.c"
'Finished building: D:/BM1000/sw/modules/filter/src/32b/filter_fo.c'
' '
'Building file: D:/BM1000/sw/drivers/flash/src/32b/f28x/f2802x/flash.c'
'Invoking: C2000 Compiler'
"C:/ti/ccsv6/tools/compiler/c2000_6.2.5/bin/cl2000" -v28 -ml -mt -O2 --include_path="D:/BM1000/sw/modules/hal/boards/hvkit_rev1p1/f28x/f2802x/src/" --include_path="C:/ti/ccsv6/tools/compiler/c2000_6.2.5/include" --include_path="D:/BM1000/sw/solutions/instaspin_foc/boards/hvkit_rev1p1/f28x/f2802xF/src" --include_path="D:/BM1000" -g --define=FLASH --define=FAST_ROM_V1p7 --define=F2802xF --define=NO_CTRL --diag_warning=225 --display_error_number --asm_listing --preproc_with_compile --preproc_dependency="flash.d"  "D:/BM1000/sw/drivers/flash/src/32b/f28x/f2802x/flash.c"
'Finished building: D:/BM1000/sw/drivers/flash/src/32b/f28x/f2802x/flash.c'
' '
'Building file: D:/BM1000/sw/modules/fw/src/32b/fw.c'
'Invoking: C2000 Compiler'
"C:/ti/ccsv6/tools/compiler/c2000_6.2.5/bin/cl2000" -v28 -ml -mt -O2 --include_path="D:/BM1000/sw/modules/hal/boards/hvkit_rev1p1/f28x/f2802x/src/" --include_path="C:/ti/ccsv6/tools/compiler/c2000_6.2.5/include" --include_path="D:/BM1000/sw/solutions/instaspin_foc/boards/hvkit_rev1p1/f28x/f2802xF/src" --include_path="D:/BM1000" -g --define=FLASH --define=FAST_ROM_V1p7 --define=F2802xF --define=NO_CTRL --diag_warning=225 --display_error_number --asm_listing --preproc_with_compile --preproc_dependency="fw.d"  "D:/BM1000/sw/modules/fw/src/32b/fw.c"
'Finished building: D:/BM1000/sw/modules/fw/src/32b/fw.c'
' '
'Building file: D:/BM1000/sw/drivers/gpio/src/32b/f28x/f2802x/gpio.c'
'Invoking: C2000 Compiler'
"C:/ti/ccsv6/tools/compiler/c2000_6.2.5/bin/cl2000" -v28 -ml -mt -O2 --include_path="D:/BM1000/sw/modules/hal/boards/hvkit_rev1p1/f28x/f2802x/src/" --include_path="C:/ti/ccsv6/tools/compiler/c2000_6.2.5/include" --include_path="D:/BM1000/sw/solutions/instaspin_foc/boards/hvkit_rev1p1/f28x/f2802xF/src" --include_path="D:/BM1000" -g --define=FLASH --define=FAST_ROM_V1p7 --define=F2802xF --define=NO_CTRL --diag_warning=225 --display_error_number --asm_listing --preproc_with_compile --preproc_dependency="gpio.d"  "D:/BM1000/sw/drivers/gpio/src/32b/f28x/f2802x/gpio.c"
'Finished building: D:/BM1000/sw/drivers/gpio/src/32b/f28x/f2802x/gpio.c'
' '
'Building file: D:/BM1000/sw/modules/hal/boards/hvkit_rev1p1/f28x/f2802x/src/hal.c'
'Invoking: C2000 Compiler'
"C:/ti/ccsv6/tools/compiler/c2000_6.2.5/bin/cl2000" -v28 -ml -mt -O2 --include_path="D:/BM1000/sw/modules/hal/boards/hvkit_rev1p1/f28x/f2802x/src/" --include_path="C:/ti/ccsv6/tools/compiler/c2000_6.2.5/include" --include_path="D:/BM1000/sw/solutions/instaspin_foc/boards/hvkit_rev1p1/f28x/f2802xF/src" --include_path="D:/BM1000" -g --define=FLASH --define=FAST_ROM_V1p7 --define=F2802xF --define=NO_CTRL --diag_warning=225 --display_error_number --asm_listing --preproc_with_compile --preproc_dependency="hal.d"  "D:/BM1000/sw/modules/hal/boards/hvkit_rev1p1/f28x/f2802x/src/hal.c"
'Finished building: D:/BM1000/sw/modules/hal/boards/hvkit_rev1p1/f28x/f2802x/src/hal.c'
' '
'Building file: D:/BM1000/sw/modules/ipark/src/32b/ipark.c'
'Invoking: C2000 Compiler'
"C:/ti/ccsv6/tools/compiler/c2000_6.2.5/bin/cl2000" -v28 -ml -mt -O2 --include_path="D:/BM1000/sw/modules/hal/boards/hvkit_rev1p1/f28x/f2802x/src/" --include_path="C:/ti/ccsv6/tools/compiler/c2000_6.2.5/include" --include_path="D:/BM1000/sw/solutions/instaspin_foc/boards/hvkit_rev1p1/f28x/f2802xF/src" --include_path="D:/BM1000" -g --define=FLASH --define=FAST_ROM_V1p7 --define=F2802xF --define=NO_CTRL --diag_warning=225 --display_error_number --asm_listing --preproc_with_compile --preproc_dependency="ipark.d"  "D:/BM1000/sw/modules/ipark/src/32b/ipark.c"
'Finished building: D:/BM1000/sw/modules/ipark/src/32b/ipark.c'
' '
'Building file: D:/BM1000/sw/modules/memCopy/src/memCopy.c'
'Invoking: C2000 Compiler'
"C:/ti/ccsv6/tools/compiler/c2000_6.2.5/bin/cl2000" -v28 -ml -mt -O2 --include_path="D:/BM1000/sw/modules/hal/boards/hvkit_rev1p1/f28x/f2802x/src/" --include_path="C:/ti/ccsv6/tools/compiler/c2000_6.2.5/include" --include_path="D:/BM1000/sw/solutions/instaspin_foc/boards/hvkit_rev1p1/f28x/f2802xF/src" --include_path="D:/BM1000" -g --define=FLASH --define=FAST_ROM_V1p7 --define=F2802xF --define=NO_CTRL --diag_warning=225 --display_error_number --asm_listing --preproc_with_compile --preproc_dependency="memCopy.d"  "D:/BM1000/sw/modules/memCopy/src/memCopy.c"
'Finished building: D:/BM1000/sw/modules/memCopy/src/memCopy.c'
' '
'Building file: D:/BM1000/sw/drivers/osc/src/32b/f28x/f2802x/osc.c'
'Invoking: C2000 Compiler'
"C:/ti/ccsv6/tools/compiler/c2000_6.2.5/bin/cl2000" -v28 -ml -mt -O2 --include_path="D:/BM1000/sw/modules/hal/boards/hvkit_rev1p1/f28x/f2802x/src/" --include_path="C:/ti/ccsv6/tools/compiler/c2000_6.2.5/include" --include_path="D:/BM1000/sw/solutions/instaspin_foc/boards/hvkit_rev1p1/f28x/f2802xF/src" --include_path="D:/BM1000" -g --define=FLASH --define=FAST_ROM_V1p7 --define=F2802xF --define=NO_CTRL --diag_warning=225 --display_error_number --asm_listing --preproc_with_compile --preproc_dependency="osc.d"  "D:/BM1000/sw/drivers/osc/src/32b/f28x/f2802x/osc.c"
'Finished building: D:/BM1000/sw/drivers/osc/src/32b/f28x/f2802x/osc.c'
' '
'Building file: D:/BM1000/sw/modules/pid/src/32b/pid.c'
'Invoking: C2000 Compiler'
"C:/ti/ccsv6/tools/compiler/c2000_6.2.5/bin/cl2000" -v28 -ml -mt -O2 --include_path="D:/BM1000/sw/modules/hal/boards/hvkit_rev1p1/f28x/f2802x/src/" --include_path="C:/ti/ccsv6/tools/compiler/c2000_6.2.5/include" --include_path="D:/BM1000/sw/solutions/instaspin_foc/boards/hvkit_rev1p1/f28x/f2802xF/src" --include_path="D:/BM1000" -g --define=FLASH --define=FAST_ROM_V1p7 --define=F2802xF --define=NO_CTRL --diag_warning=225 --display_error_number --asm_listing --preproc_with_compile --preproc_dependency="pid.d"  "D:/BM1000/sw/modules/pid/src/32b/pid.c"
'Finished building: D:/BM1000/sw/modules/pid/src/32b/pid.c'
' '
'Building file: D:/BM1000/sw/drivers/pie/src/32b/f28x/f2802x/pie.c'
'Invoking: C2000 Compiler'
"C:/ti/ccsv6/tools/compiler/c2000_6.2.5/bin/cl2000" -v28 -ml -mt -O2 --include_path="D:/BM1000/sw/modules/hal/boards/hvkit_rev1p1/f28x/f2802x/src/" --include_path="C:/ti/ccsv6/tools/compiler/c2000_6.2.5/include" --include_path="D:/BM1000/sw/solutions/instaspin_foc/boards/hvkit_rev1p1/f28x/f2802xF/src" --include_path="D:/BM1000" -g --define=FLASH --define=FAST_ROM_V1p7 --define=F2802xF --define=NO_CTRL --diag_warning=225 --display_error_number --asm_listing --preproc_with_compile --preproc_dependency="pie.d"  "D:/BM1000/sw/drivers/pie/src/32b/f28x/f2802x/pie.c"
'Finished building: D:/BM1000/sw/drivers/pie/src/32b/f28x/f2802x/pie.c'
' '
'Building file: D:/BM1000/sw/drivers/pll/src/32b/f28x/f2802x/pll.c'
'Invoking: C2000 Compiler'
"C:/ti/ccsv6/tools/compiler/c2000_6.2.5/bin/cl2000" -v28 -ml -mt -O2 --include_path="D:/BM1000/sw/modules/hal/boards/hvkit_rev1p1/f28x/f2802x/src/" --include_path="C:/ti/ccsv6/tools/compiler/c2000_6.2.5/include" --include_path="D:/BM1000/sw/solutions/instaspin_foc/boards/hvkit_rev1p1/f28x/f2802xF/src" --include_path="D:/BM1000" -g --define=FLASH --define=FAST_ROM_V1p7 --define=F2802xF --define=NO_CTRL --diag_warning=225 --display_error_number --asm_listing --preproc_with_compile --preproc_dependency="pll.d"  "D:/BM1000/sw/drivers/pll/src/32b/f28x/f2802x/pll.c"
'Finished building: D:/BM1000/sw/drivers/pll/src/32b/f28x/f2802x/pll.c'
' '
'Building file: D:/BM1000/sw/solutions/instaspin_foc/src/proj_lab11e.c'
'Invoking: C2000 Compiler'
"C:/ti/ccsv6/tools/compiler/c2000_6.2.5/bin/cl2000" -v28 -ml -mt -O2 --include_path="D:/BM1000/sw/modules/hal/boards/hvkit_rev1p1/f28x/f2802x/src/" --include_path="C:/ti/ccsv6/tools/compiler/c2000_6.2.5/include" --include_path="D:/BM1000/sw/solutions/instaspin_foc/boards/hvkit_rev1p1/f28x/f2802xF/src" --include_path="D:/BM1000" -g --define=FLASH --define=FAST_ROM_V1p7 --define=F2802xF --define=NO_CTRL --diag_warning=225 --display_error_number --asm_listing --preproc_with_compile --preproc_dependency="proj_lab11e.d"  "D:/BM1000/sw/solutions/instaspin_foc/src/proj_lab11e.c"
'Finished building: D:/BM1000/sw/solutions/instaspin_foc/src/proj_lab11e.c'
' '
'Building file: D:/BM1000/sw/drivers/pwm/src/32b/f28x/f2802x/pwm.c'
'Invoking: C2000 Compiler'
"C:/ti/ccsv6/tools/compiler/c2000_6.2.5/bin/cl2000" -v28 -ml -mt -O2 --include_path="D:/BM1000/sw/modules/hal/boards/hvkit_rev1p1/f28x/f2802x/src/" --include_path="C:/ti/ccsv6/tools/compiler/c2000_6.2.5/include" --include_path="D:/BM1000/sw/solutions/instaspin_foc/boards/hvkit_rev1p1/f28x/f2802xF/src" --include_path="D:/BM1000" -g --define=FLASH --define=FAST_ROM_V1p7 --define=F2802xF --define=NO_CTRL --diag_warning=225 --display_error_number --asm_listing --preproc_with_compile --preproc_dependency="pwm.d"  "D:/BM1000/sw/drivers/pwm/src/32b/f28x/f2802x/pwm.c"
'Finished building: D:/BM1000/sw/drivers/pwm/src/32b/f28x/f2802x/pwm.c'
' '
'Building file: D:/BM1000/sw/drivers/pwr/src/32b/f28x/f2802x/pwr.c'
'Invoking: C2000 Compiler'
"C:/ti/ccsv6/tools/compiler/c2000_6.2.5/bin/cl2000" -v28 -ml -mt -O2 --include_path="D:/BM1000/sw/modules/hal/boards/hvkit_rev1p1/f28x/f2802x/src/" --include_path="C:/ti/ccsv6/tools/compiler/c2000_6.2.5/include" --include_path="D:/BM1000/sw/solutions/instaspin_foc/boards/hvkit_rev1p1/f28x/f2802xF/src" --include_path="D:/BM1000" -g --define=FLASH --define=FAST_ROM_V1p7 --define=F2802xF --define=NO_CTRL --diag_warning=225 --display_error_number --asm_listing --preproc_with_compile --preproc_dependency="pwr.d"  "D:/BM1000/sw/drivers/pwr/src/32b/f28x/f2802x/pwr.c"
'Finished building: D:/BM1000/sw/drivers/pwr/src/32b/f28x/f2802x/pwr.c'
' '
'Building file: D:/BM1000/sw/modules/svgen/src/32b/svgen.c'
'Invoking: C2000 Compiler'
"C:/ti/ccsv6/tools/compiler/c2000_6.2.5/bin/cl2000" -v28 -ml -mt -O2 --include_path="D:/BM1000/sw/modules/hal/boards/hvkit_rev1p1/f28x/f2802x/src/" --include_path="C:/ti/ccsv6/tools/compiler/c2000_6.2.5/include" --include_path="D:/BM1000/sw/solutions/instaspin_foc/boards/hvkit_rev1p1/f28x/f2802xF/src" --include_path="D:/BM1000" -g --define=FLASH --define=FAST_ROM_V1p7 --define=F2802xF --define=NO_CTRL --diag_warning=225 --display_error_number --asm_listing --preproc_with_compile --preproc_dependency="svgen.d"  "D:/BM1000/sw/modules/svgen/src/32b/svgen.c"
'Finished building: D:/BM1000/sw/modules/svgen/src/32b/svgen.c'
' '
'Building file: D:/BM1000/sw/modules/svgen/src/32b/svgen_current.c'
'Invoking: C2000 Compiler'
"C:/ti/ccsv6/tools/compiler/c2000_6.2.5/bin/cl2000" -v28 -ml -mt -O2 --include_path="D:/BM1000/sw/modules/hal/boards/hvkit_rev1p1/f28x/f2802x/src/" --include_path="C:/ti/ccsv6/tools/compiler/c2000_6.2.5/include" --include_path="D:/BM1000/sw/solutions/instaspin_foc/boards/hvkit_rev1p1/f28x/f2802xF/src" --include_path="D:/BM1000" -g --define=FLASH --define=FAST_ROM_V1p7 --define=F2802xF --define=NO_CTRL --diag_warning=225 --display_error_number --asm_listing --preproc_with_compile --preproc_dependency="svgen_current.d"  "D:/BM1000/sw/modules/svgen/src/32b/svgen_current.c"
'Finished building: D:/BM1000/sw/modules/svgen/src/32b/svgen_current.c'
' '
'Building file: D:/BM1000/sw/drivers/timer/src/32b/f28x/f2802x/timer.c'
'Invoking: C2000 Compiler'
"C:/ti/ccsv6/tools/compiler/c2000_6.2.5/bin/cl2000" -v28 -ml -mt -O2 --include_path="D:/BM1000/sw/modules/hal/boards/hvkit_rev1p1/f28x/f2802x/src/" --include_path="C:/ti/ccsv6/tools/compiler/c2000_6.2.5/include" --include_path="D:/BM1000/sw/solutions/instaspin_foc/boards/hvkit_rev1p1/f28x/f2802xF/src" --include_path="D:/BM1000" -g --define=FLASH --define=FAST_ROM_V1p7 --define=F2802xF --define=NO_CTRL --diag_warning=225 --display_error_number --asm_listing --preproc_with_compile --preproc_dependency="timer.d"  "D:/BM1000/sw/drivers/timer/src/32b/f28x/f2802x/timer.c"
'Finished building: D:/BM1000/sw/drivers/timer/src/32b/f28x/f2802x/timer.c'
' '
'Building file: D:/BM1000/sw/modules/traj/src/32b/traj.c'
'Invoking: C2000 Compiler'
"C:/ti/ccsv6/tools/compiler/c2000_6.2.5/bin/cl2000" -v28 -ml -mt -O2 --include_path="D:/BM1000/sw/modules/hal/boards/hvkit_rev1p1/f28x/f2802x/src/" --include_path="C:/ti/ccsv6/tools/compiler/c2000_6.2.5/include" --include_path="D:/BM1000/sw/solutions/instaspin_foc/boards/hvkit_rev1p1/f28x/f2802xF/src" --include_path="D:/BM1000" -g --define=FLASH --define=FAST_ROM_V1p7 --define=F2802xF --define=NO_CTRL --diag_warning=225 --display_error_number --asm_listing --preproc_with_compile --preproc_dependency="traj.d"  "D:/BM1000/sw/modules/traj/src/32b/traj.c"
'Finished building: D:/BM1000/sw/modules/traj/src/32b/traj.c'
' '
'Building file: D:/BM1000/sw/modules/usDelay/src/32b/f28x/usDelay.asm'
'Invoking: C2000 Compiler'
"C:/ti/ccsv6/tools/compiler/c2000_6.2.5/bin/cl2000" -v28 -ml -mt -O2 --include_path="D:/BM1000/sw/modules/hal/boards/hvkit_rev1p1/f28x/f2802x/src/" --include_path="C:/ti/ccsv6/tools/compiler/c2000_6.2.5/include" --include_path="D:/BM1000/sw/solutions/instaspin_foc/boards/hvkit_rev1p1/f28x/f2802xF/src" --include_path="D:/BM1000" -g --define=FLASH --define=FAST_ROM_V1p7 --define=F2802xF --define=NO_CTRL --diag_warning=225 --display_error_number --asm_listing --preproc_with_compile --preproc_dependency="usDelay.d"  "D:/BM1000/sw/modules/usDelay/src/32b/f28x/usDelay.asm"
'Finished building: D:/BM1000/sw/modules/usDelay/src/32b/f28x/usDelay.asm'
' '
'Building file: D:/BM1000/sw/modules/user/src/32b/user.c'
'Invoking: C2000 Compiler'
"C:/ti/ccsv6/tools/compiler/c2000_6.2.5/bin/cl2000" -v28 -ml -mt -O2 --include_path="D:/BM1000/sw/modules/hal/boards/hvkit_rev1p1/f28x/f2802x/src/" --include_path="C:/ti/ccsv6/tools/compiler/c2000_6.2.5/include" --include_path="D:/BM1000/sw/solutions/instaspin_foc/boards/hvkit_rev1p1/f28x/f2802xF/src" --include_path="D:/BM1000" -g --define=FLASH --define=FAST_ROM_V1p7 --define=F2802xF --define=NO_CTRL --diag_warning=225 --display_error_number --asm_listing --preproc_with_compile --preproc_dependency="user.d"  "D:/BM1000/sw/modules/user/src/32b/user.c"
'Finished building: D:/BM1000/sw/modules/user/src/32b/user.c'
' '
'Building file: D:/BM1000/sw/drivers/wdog/src/32b/f28x/f2802x/wdog.c'
'Invoking: C2000 Compiler'
"C:/ti/ccsv6/tools/compiler/c2000_6.2.5/bin/cl2000" -v28 -ml -mt -O2 --include_path="D:/BM1000/sw/modules/hal/boards/hvkit_rev1p1/f28x/f2802x/src/" --include_path="C:/ti/ccsv6/tools/compiler/c2000_6.2.5/include" --include_path="D:/BM1000/sw/solutions/instaspin_foc/boards/hvkit_rev1p1/f28x/f2802xF/src" --include_path="D:/BM1000" -g --define=FLASH --define=FAST_ROM_V1p7 --define=F2802xF --define=NO_CTRL --diag_warning=225 --display_error_number --asm_listing --preproc_with_compile --preproc_dependency="wdog.d"  "D:/BM1000/sw/drivers/wdog/src/32b/f28x/f2802x/wdog.c"
'Finished building: D:/BM1000/sw/drivers/wdog/src/32b/f28x/f2802x/wdog.c'
' '
'Building target: proj_lab11e.out'
'Invoking: C2000 Linker'
"C:/ti/ccsv6/tools/compiler/c2000_6.2.5/bin/cl2000" -v28 -ml -mt -O2 -g --define=FLASH --define=FAST_ROM_V1p7 --define=F2802xF --define=NO_CTRL --diag_warning=225 --display_error_number --asm_listing -z -m"proj_lab11e.map" --stack_size=0x200 --warn_sections -i"C:/ti/ccsv6/tools/compiler/c2000_6.2.5/lib" -i"C:/ti/ccsv6/tools/compiler/c2000_6.2.5/include" --reread_libs --priority --disable_auto_rts --diag_suppress=16002 --xml_link_info="proj_lab11e_linkInfo.xml" --rom_model -o "proj_lab11e.out" "D:/BM1000/sw/modules/fast/lib/32b/f28x/f2802x/2802xRevB_Fast_IQ_ROMSymbols.lib" "D:/BM1000/sw/modules/fast/lib/32b/f28x/f2802x/2802xRevB_Fast_ONLY_ROMSymbols.lib" "D:/BM1000/sw/modules/fast/lib/32b/f28x/f2802x/2802xRevB_Fast_RTS_ROMSymbols.lib" -lrts2800_ml.lib "D:/BM1000/sw/modules/iqmath/lib/f28x/32b/IQmath.lib" "./CodeStartBranch.obj" "./adc.obj" "./clarke.obj" "./clk.obj" "./cpu.obj" "./cpu_time.obj" "./cpu_usage.obj" "./filter_fo.obj" "./flash.obj" "./fw.obj" "./gpio.obj" "./hal.obj" "./ipark.obj" "./memCopy.obj" "./osc.obj" "./pid.obj" "./pie.obj" "./pll.obj" "./proj_lab11e.obj" "./pwm.obj" "./pwr.obj" "./svgen.obj" "./svgen_current.obj" "./timer.obj" "./traj.obj" "./usDelay.obj" "./user.obj" "./wdog.obj" "D:/BM1000/sw/modules/fast/lib/32b/f28x/EST_getIdq_pu.lib" "D:/BM1000/sw/modules/fast/lib/32b/f28x/EST_runPowerWarp.lib" "D:/BM1000/sw/modules/fast/lib/32b/f28x/EST_setEstParams.lib" "D:/BM1000/sw/modules/fast/lib/32b/f28x/EST_setupEstIdleState.lib" "D:/BM1000/sw/ide/ccs/cmd/f2802x/F28027F.cmd"  
<Linking>

 undefined                 first referenced 
  symbol                       in file      
 ---------                 ---------------- 
 _I2C_disable              ./hal.obj        
 _I2C_enable               ./hal.obj        
 _I2C_init                 ./hal.obj        

 _I2C_setMaster            ./hal.obj        
>> Compilation failure
makefile:169: recipe for target 'proj_lab11e.out' failed
 _I2C_setSlaveAddress      ./hal.obj        
 _I2C_setupClock           ./hal.obj        
 _SCI_disable              ./hal.obj        
 _SCI_disableAutoBaudAlign ./hal.obj        
 _SCI_disableSleep         ./hal.obj        
 _SCI_disableTxWake        ./hal.obj        
 _SCI_enable               ./hal.obj        
 _SCI_enableParity         ./hal.obj        
 _SCI_enableRx             ./hal.obj        
 _SCI_enableRxInt          ./hal.obj        
 _SCI_enableTx             ./hal.obj        
 _SCI_enableTxInt          ./hal.obj        
 _SCI_init                 ./hal.obj        
 _SCI_setBaudRate          ./hal.obj        
 _SCI_setCharLength        ./hal.obj        
 _SCI_setMode              ./hal.obj        
 _SCI_setNumStopBits       ./hal.obj        
 _SCI_setParity            ./hal.obj        
 _SCI_setTxDelay           ./hal.obj        
 _SPI_enable               ./hal.obj        
 _SPI_enableTx             ./hal.obj        
 _SPI_enableTxFifo         ./hal.obj        
 _SPI_enableTxFifoEnh      ./hal.obj        
 _SPI_reset                ./hal.obj        
 _SPI_setBaudRate          ./hal.obj        
 _SPI_setCharLength        ./hal.obj        
 _SPI_setClkPolarity       ./hal.obj        
 _SPI_setMode              ./hal.obj        
 _SPI_setSuspend           ./hal.obj        
 _SPI_setTxDelay           ./hal.obj        
 _UART_RxISR               ./proj_lab11e.obj
 _UART_TxReadyISR          ./proj_lab11e.obj

error #10234-D: unresolved symbols remain
error #10010: errors encountered during linking; "proj_lab11e.out" not built
gmake: *** [proj_lab11e.out] Error 1
gmake: Target 'all' not remade because of errors.

**** Build Finished ****
